#
# There is insufficient memory for the Java Runtime Environment to continue.
# Native memory allocation (malloc) failed to allocate 1261136 bytes for Chunk::new
# Possible reasons:
#   The system is out of physical RAM or swap space
#   The process is running with CompressedOops enabled, and the Java Heap may be blocking the growth of the native heap
# Possible solutions:
#   Reduce memory load on the system
#   Increase physical memory or swap space
#   Check if swap backing store is full
#   Decrease Java heap size (-Xmx/-Xms)
#   Decrease number of Java threads
#   Decrease Java thread stack sizes (-Xss)
#   Set larger code cache with -XX:ReservedCodeCacheSize=
#   JVM is running with Unscaled Compressed Oops mode in which the Java heap is
#     placed in the first 4GB address space. The Java Heap base address is the
#     maximum limit for the native heap growth. Please use -XX:HeapBaseMinAddress
#     to set the Java Heap base and to place the Java Heap above 4GB virtual address.
# This output file may be truncated or incomplete.
#
#  Out of Memory Error (./src/hotspot/share/memory/arena.cpp:197), pid=9624, tid=2776
#
# JRE version: OpenJDK Runtime Environment Microsoft-7208460 (11.0.18+10) (build 11.0.18+10-LTS)
# Java VM: OpenJDK 64-Bit Server VM Microsoft-7208460 (11.0.18+10-LTS, mixed mode, tiered, compressed oops, g1 gc, windows-amd64)
# No core dump will be written. Minidumps are not enabled by default on client versions of Windows
#

---------------  S U M M A R Y ------------

Command Line: org.jetbrains.kotlin.cli.jvm.K2JVMCompiler @C:\Users\BUTA\Downloads\APPP-master\AwesomeProject\node_modules\react-native-screens\android\build\20230905_5769263259243553784.compiler.options

Host: 11th Gen Intel(R) Core(TM) i5-1135G7 @ 2.40GHz, 8 cores, 7G,  Windows 11 , 64 bit Build 22621 (10.0.22621.2070)
Time: Tue Sep  5 12:43:42 2023 Azerbaijan Standard Time elapsed time: 36.704108 seconds (0d 0h 0m 36s)

---------------  T H R E A D  ---------------

Current thread (0x000001c40b91b000):  JavaThread "C2 CompilerThread1" daemon [_thread_in_native, id=2776, stack(0x000000b901200000,0x000000b901300000)]


Current CompileTask:
C2:  36704 11783       4       org.jetbrains.kotlin.resolve.calls.components.ClassicTypeSystemContextForCS::contains (7 bytes)

Stack: [0x000000b901200000,0x000000b901300000]
Native frames: (J=compiled Java code, j=interpreted, Vv=VM code, C=native code)
V  [jvm.dll+0x62bf8a]
V  [jvm.dll+0x7b8fb9]
V  [jvm.dll+0x7ba6a8]
V  [jvm.dll+0x7bad83]
V  [jvm.dll+0x250248]
V  [jvm.dll+0xc260c]
V  [jvm.dll+0xc2bcc]
V  [jvm.dll+0x35e182]
V  [jvm.dll+0x32a373]
V  [jvm.dll+0x3296aa]
V  [jvm.dll+0x2093b3]
V  [jvm.dll+0x20850d]
V  [jvm.dll+0x18a4b1]
V  [jvm.dll+0x217eec]
V  [jvm.dll+0x21612b]
V  [jvm.dll+0x77bac0]
V  [jvm.dll+0x7749f4]
V  [jvm.dll+0x62adf5]
C  [ucrtbase.dll+0x29363]
C  [KERNEL32.DLL+0x126ad]
C  [ntdll.dll+0x5aa68]


---------------  P R O C E S S  ---------------

Threads class SMR info:
_java_thread_list=0x000001c4083ccf40, length=11, elements={
0x000001c4672c3800, 0x000001c40615c000, 0x000001c40615f800, 0x000001c406179000,
0x000001c40617a000, 0x000001c40617e800, 0x000001c406a80800, 0x000001c406a84000,
0x000001c406a85800, 0x000001c406c42000, 0x000001c40b91b000
}

Java Threads: ( => current thread )
  0x000001c4672c3800 JavaThread "main" [_thread_in_Java, id=9752, stack(0x000000b97fe00000,0x000000b97ff00000)]
  0x000001c40615c000 JavaThread "Reference Handler" daemon [_thread_blocked, id=12096, stack(0x000000b900500000,0x000000b900600000)]
  0x000001c40615f800 JavaThread "Finalizer" daemon [_thread_blocked, id=5552, stack(0x000000b900600000,0x000000b900700000)]
  0x000001c406179000 JavaThread "Signal Dispatcher" daemon [_thread_blocked, id=13920, stack(0x000000b900700000,0x000000b900800000)]
  0x000001c40617a000 JavaThread "Attach Listener" daemon [_thread_blocked, id=9244, stack(0x000000b900800000,0x000000b900900000)]
  0x000001c40617e800 JavaThread "Service Thread" daemon [_thread_blocked, id=3500, stack(0x000000b900900000,0x000000b900a00000)]
  0x000001c406a80800 JavaThread "C2 CompilerThread0" daemon [_thread_in_native, id=7808, stack(0x000000b900a00000,0x000000b900b00000)]
  0x000001c406a84000 JavaThread "C1 CompilerThread0" daemon [_thread_in_native, id=12060, stack(0x000000b900b00000,0x000000b900c00000)]
  0x000001c406a85800 JavaThread "Sweeper thread" daemon [_thread_blocked, id=3636, stack(0x000000b900c00000,0x000000b900d00000)]
  0x000001c406c42000 JavaThread "Common-Cleaner" daemon [_thread_blocked, id=5236, stack(0x000000b900e00000,0x000000b900f00000)]
=>0x000001c40b91b000 JavaThread "C2 CompilerThread1" daemon [_thread_in_native, id=2776, stack(0x000000b901200000,0x000000b901300000)]

Other Threads:
  0x000001c406134800 VMThread "VM Thread" [stack: 0x000000b900400000,0x000000b900500000] [id=12264]
  0x000001c406c37000 WatcherThread [stack: 0x000000b900d00000,0x000000b900e00000] [id=8732]
  0x000001c4672dd000 GCTaskThread "GC Thread#0" [stack: 0x000000b97ff00000,0x000000b980000000] [id=14680]
  0x000001c4070b9000 GCTaskThread "GC Thread#1" [stack: 0x000000b901100000,0x000000b901200000] [id=14752]
  0x000001c406f5f800 GCTaskThread "GC Thread#2" [stack: 0x000000b901400000,0x000000b901500000] [id=17344]
  0x000001c46730b000 ConcurrentGCThread "G1 Main Marker" [stack: 0x000000b900000000,0x000000b900100000] [id=11240]
  0x000001c46730d800 ConcurrentGCThread "G1 Conc#0" [stack: 0x000000b900100000,0x000000b900200000] [id=8068]
  0x000001c408102800 ConcurrentGCThread "G1 Conc#1" [stack: 0x000000b901000000,0x000000b901100000] [id=9468]
  0x000001c405f90800 ConcurrentGCThread "G1 Refine#0" [stack: 0x000000b900200000,0x000000b900300000] [id=332]
  0x000001c4085b4800 ConcurrentGCThread "G1 Refine#1" [stack: 0x000000b901300000,0x000000b901400000] [id=15492]
  0x000001c408abe000 ConcurrentGCThread "G1 Refine#2" [stack: 0x000000b901500000,0x000000b901600000] [id=14728]
  0x000001c405f93800 ConcurrentGCThread "G1 Young RemSet Sampling" [stack: 0x000000b900300000,0x000000b900400000] [id=6828]

Threads with active compile tasks:
C2 CompilerThread0    36717 11666       4       org.jetbrains.kotlin.resolve.calls.inference.components.NewTypeSubstitutor$DefaultImpls::substitute (217 bytes)
C2 CompilerThread1    36717 11783       4       org.jetbrains.kotlin.resolve.calls.components.ClassicTypeSystemContextForCS::contains (7 bytes)

VM state:not at safepoint (normal execution)

VM Mutex/Monitor currently owned by a thread: None

Heap address: 0x0000000085600000, size: 1962 MB, Compressed Oops mode: 32-bit
Narrow klass base: 0x0000000000000000, Narrow klass shift: 3
Compressed class space size: 1073741824 Address: 0x0000000100000000

Heap:
 garbage-first heap   total 152576K, used 95232K [0x0000000085600000, 0x0000000100000000)
  region size 1024K, 26 young (26624K), 7 survivors (7168K)
 Metaspace       used 69357K, capacity 70215K, committed 70436K, reserved 1112064K
  class space    used 7623K, capacity 7984K, committed 8064K, reserved 1048576K
Heap Regions: E=young(eden), S=young(survivor), O=old, HS=humongous(starts), HC=humongous(continues), CS=collection set, F=free, A=archive, TAMS=top-at-mark-start (previous, next)
|   0|0x0000000085600000, 0x0000000085700000, 0x0000000085700000|100%|HS|  |TAMS 0x0000000085700000, 0x0000000085600000| Complete 
|   1|0x0000000085700000, 0x0000000085800000, 0x0000000085800000|100%|HC|  |TAMS 0x0000000085800000, 0x0000000085700000| Complete 
|   2|0x0000000085800000, 0x0000000085900000, 0x0000000085900000|100%|HC|  |TAMS 0x0000000085900000, 0x0000000085800000| Complete 
|   3|0x0000000085900000, 0x0000000085a00000, 0x0000000085a00000|100%|HS|  |TAMS 0x0000000085a00000, 0x0000000085900000| Complete 
|   4|0x0000000085a00000, 0x0000000085b00000, 0x0000000085b00000|100%|HC|  |TAMS 0x0000000085b00000, 0x0000000085a00000| Complete 
|   5|0x0000000085b00000, 0x0000000085c00000, 0x0000000085c00000|100%|HC|  |TAMS 0x0000000085c00000, 0x0000000085b00000| Complete 
|   6|0x0000000085c00000, 0x0000000085d00000, 0x0000000085d00000|100%|HS|  |TAMS 0x0000000085d00000, 0x0000000085c00000| Complete 
|   7|0x0000000085d00000, 0x0000000085e00000, 0x0000000085e00000|100%|HC|  |TAMS 0x0000000085e00000, 0x0000000085d00000| Complete 
|   8|0x0000000085e00000, 0x0000000085f00000, 0x0000000085f00000|100%| O|  |TAMS 0x0000000085f00000, 0x0000000085e00000| Untracked 
|   9|0x0000000085f00000, 0x0000000086000000, 0x0000000086000000|100%| O|  |TAMS 0x0000000086000000, 0x0000000085f00000| Untracked 
|  10|0x0000000086000000, 0x0000000086100000, 0x0000000086100000|100%| O|  |TAMS 0x0000000086100000, 0x0000000086000000| Untracked 
|  11|0x0000000086100000, 0x0000000086200000, 0x0000000086200000|100%| O|  |TAMS 0x0000000086200000, 0x0000000086100000| Untracked 
|  12|0x0000000086200000, 0x0000000086300000, 0x0000000086300000|100%| O|  |TAMS 0x0000000086300000, 0x0000000086200000| Untracked 
|  13|0x0000000086300000, 0x0000000086400000, 0x0000000086400000|100%| O|  |TAMS 0x0000000086400000, 0x0000000086300000| Untracked 
|  14|0x0000000086400000, 0x0000000086500000, 0x0000000086500000|100%| O|  |TAMS 0x0000000086500000, 0x0000000086400000| Untracked 
|  15|0x0000000086500000, 0x0000000086600000, 0x0000000086600000|100%| O|  |TAMS 0x0000000086600000, 0x0000000086500000| Untracked 
|  16|0x0000000086600000, 0x0000000086700000, 0x0000000086700000|100%| O|  |TAMS 0x0000000086700000, 0x0000000086600000| Untracked 
|  17|0x0000000086700000, 0x0000000086800000, 0x0000000086800000|100%| O|  |TAMS 0x0000000086800000, 0x0000000086700000| Untracked 
|  18|0x0000000086800000, 0x0000000086900000, 0x0000000086900000|100%| O|  |TAMS 0x0000000086900000, 0x0000000086800000| Untracked 
|  19|0x0000000086900000, 0x0000000086a00000, 0x0000000086a00000|100%| O|  |TAMS 0x0000000086a00000, 0x0000000086900000| Untracked 
|  20|0x0000000086a00000, 0x0000000086b00000, 0x0000000086b00000|100%| O|  |TAMS 0x0000000086b00000, 0x0000000086a00000| Untracked 
|  21|0x0000000086b00000, 0x0000000086c00000, 0x0000000086c00000|100%| O|  |TAMS 0x0000000086b00000, 0x0000000086b00000| Untracked 
|  22|0x0000000086c00000, 0x0000000086d00000, 0x0000000086d00000|100%| O|  |TAMS 0x0000000086d00000, 0x0000000086c00000| Untracked 
|  23|0x0000000086d00000, 0x0000000086e00000, 0x0000000086e00000|100%| O|  |TAMS 0x0000000086e00000, 0x0000000086d00000| Untracked 
|  24|0x0000000086e00000, 0x0000000086f00000, 0x0000000086f00000|100%| O|  |TAMS 0x0000000086f00000, 0x0000000086e00000| Untracked 
|  25|0x0000000086f00000, 0x0000000087000000, 0x0000000087000000|100%| O|  |TAMS 0x0000000087000000, 0x0000000086f00000| Untracked 
|  26|0x0000000087000000, 0x0000000087100000, 0x0000000087100000|100%| O|  |TAMS 0x0000000087100000, 0x0000000087000000| Untracked 
|  27|0x0000000087100000, 0x0000000087200000, 0x0000000087200000|100%| O|  |TAMS 0x0000000087200000, 0x0000000087100000| Untracked 
|  28|0x0000000087200000, 0x0000000087300000, 0x0000000087300000|100%| O|  |TAMS 0x0000000087300000, 0x0000000087200000| Untracked 
|  29|0x0000000087300000, 0x0000000087400000, 0x0000000087400000|100%| O|  |TAMS 0x0000000087389c00, 0x0000000087300000| Untracked 
|  30|0x0000000087400000, 0x0000000087500000, 0x0000000087500000|100%| O|  |TAMS 0x0000000087400000, 0x0000000087400000| Untracked 
|  31|0x0000000087500000, 0x0000000087600000, 0x0000000087600000|100%| O|  |TAMS 0x0000000087500000, 0x0000000087500000| Untracked 
|  32|0x0000000087600000, 0x0000000087700000, 0x0000000087700000|100%| O|  |TAMS 0x0000000087600000, 0x0000000087600000| Untracked 
|  33|0x0000000087700000, 0x0000000087800000, 0x0000000087800000|100%| O|  |TAMS 0x0000000087700000, 0x0000000087700000| Untracked 
|  34|0x0000000087800000, 0x0000000087900000, 0x0000000087900000|100%| O|  |TAMS 0x0000000087800000, 0x0000000087800000| Untracked 
|  35|0x0000000087900000, 0x0000000087a00000, 0x0000000087a00000|100%| O|  |TAMS 0x0000000087900000, 0x0000000087900000| Untracked 
|  36|0x0000000087a00000, 0x0000000087b00000, 0x0000000087b00000|100%| O|  |TAMS 0x0000000087a00000, 0x0000000087a00000| Untracked 
|  37|0x0000000087b00000, 0x0000000087c00000, 0x0000000087c00000|100%| O|  |TAMS 0x0000000087b00000, 0x0000000087b00000| Untracked 
|  38|0x0000000087c00000, 0x0000000087d00000, 0x0000000087d00000|100%| O|  |TAMS 0x0000000087c00000, 0x0000000087c00000| Untracked 
|  39|0x0000000087d00000, 0x0000000087e00000, 0x0000000087e00000|100%| O|  |TAMS 0x0000000087d00000, 0x0000000087d00000| Untracked 
|  40|0x0000000087e00000, 0x0000000087f00000, 0x0000000087f00000|100%| O|  |TAMS 0x0000000087e00000, 0x0000000087e00000| Untracked 
|  41|0x0000000087f00000, 0x0000000088000000, 0x0000000088000000|100%| O|  |TAMS 0x0000000087f00000, 0x0000000087f00000| Untracked 
|  42|0x0000000088000000, 0x0000000088100000, 0x0000000088100000|100%| O|  |TAMS 0x0000000088000000, 0x0000000088000000| Untracked 
|  43|0x0000000088100000, 0x0000000088200000, 0x0000000088200000|100%| O|  |TAMS 0x0000000088100000, 0x0000000088100000| Untracked 
|  44|0x0000000088200000, 0x0000000088300000, 0x0000000088300000|100%| O|  |TAMS 0x0000000088200000, 0x0000000088200000| Untracked 
|  45|0x0000000088300000, 0x0000000088400000, 0x0000000088400000|100%| O|  |TAMS 0x0000000088300000, 0x0000000088300000| Untracked 
|  46|0x0000000088400000, 0x0000000088500000, 0x0000000088500000|100%| O|  |TAMS 0x0000000088400000, 0x0000000088400000| Untracked 
|  47|0x0000000088500000, 0x0000000088600000, 0x0000000088600000|100%| O|  |TAMS 0x0000000088500000, 0x0000000088500000| Untracked 
|  48|0x0000000088600000, 0x0000000088700000, 0x0000000088700000|100%| O|  |TAMS 0x0000000088600000, 0x0000000088600000| Untracked 
|  49|0x0000000088700000, 0x0000000088800000, 0x0000000088800000|100%| O|  |TAMS 0x0000000088700000, 0x0000000088700000| Untracked 
|  50|0x0000000088800000, 0x0000000088900000, 0x0000000088900000|100%| O|  |TAMS 0x0000000088800000, 0x0000000088800000| Untracked 
|  51|0x0000000088900000, 0x0000000088a00000, 0x0000000088a00000|100%| O|  |TAMS 0x0000000088900000, 0x0000000088900000| Untracked 
|  52|0x0000000088a00000, 0x0000000088b00000, 0x0000000088b00000|100%| O|  |TAMS 0x0000000088a00000, 0x0000000088a00000| Untracked 
|  53|0x0000000088b00000, 0x0000000088c00000, 0x0000000088c00000|100%| O|  |TAMS 0x0000000088b00000, 0x0000000088b00000| Untracked 
|  54|0x0000000088c00000, 0x0000000088d00000, 0x0000000088d00000|100%| O|  |TAMS 0x0000000088c00000, 0x0000000088c00000| Untracked 
|  55|0x0000000088d00000, 0x0000000088e00000, 0x0000000088e00000|100%| O|  |TAMS 0x0000000088d00000, 0x0000000088d00000| Untracked 
|  56|0x0000000088e00000, 0x0000000088f00000, 0x0000000088f00000|100%| O|  |TAMS 0x0000000088e00000, 0x0000000088e00000| Untracked 
|  57|0x0000000088f00000, 0x0000000089000000, 0x0000000089000000|100%| O|  |TAMS 0x0000000088f00000, 0x0000000088f00000| Untracked 
|  58|0x0000000089000000, 0x0000000089100000, 0x0000000089100000|100%| O|  |TAMS 0x0000000089000000, 0x0000000089000000| Untracked 
|  59|0x0000000089100000, 0x0000000089200000, 0x0000000089200000|100%| O|  |TAMS 0x0000000089100000, 0x0000000089100000| Untracked 
|  60|0x0000000089200000, 0x0000000089300000, 0x0000000089300000|100%| O|  |TAMS 0x0000000089200000, 0x0000000089200000| Untracked 
|  61|0x0000000089300000, 0x0000000089400000, 0x0000000089400000|100%| O|  |TAMS 0x0000000089300000, 0x0000000089300000| Untracked 
|  62|0x0000000089400000, 0x0000000089500000, 0x0000000089500000|100%| O|  |TAMS 0x0000000089400000, 0x0000000089400000| Untracked 
|  63|0x0000000089500000, 0x0000000089500000, 0x0000000089600000|  0%| F|  |TAMS 0x0000000089500000, 0x0000000089500000| Untracked 
|  64|0x0000000089600000, 0x0000000089700000, 0x0000000089700000|100%| O|  |TAMS 0x0000000089600000, 0x0000000089600000| Untracked 
|  65|0x0000000089700000, 0x0000000089800000, 0x0000000089800000|100%| O|  |TAMS 0x0000000089700000, 0x0000000089700000| Untracked 
|  66|0x0000000089800000, 0x0000000089900000, 0x0000000089900000|100%| O|  |TAMS 0x0000000089800000, 0x0000000089800000| Untracked 
|  67|0x0000000089900000, 0x0000000089a00000, 0x0000000089a00000|100%|HS|  |TAMS 0x0000000089900000, 0x0000000089900000| Complete 
|  68|0x0000000089a00000, 0x0000000089b00000, 0x0000000089b00000|100%|HC|  |TAMS 0x0000000089a00000, 0x0000000089a00000| Complete 
|  69|0x0000000089b00000, 0x0000000089b00000, 0x0000000089c00000|  0%| F|  |TAMS 0x0000000089b00000, 0x0000000089b00000| Untracked 
|  70|0x0000000089c00000, 0x0000000089c00000, 0x0000000089d00000|  0%| F|  |TAMS 0x0000000089c00000, 0x0000000089c00000| Untracked 
|  71|0x0000000089d00000, 0x0000000089d00000, 0x0000000089e00000|  0%| F|  |TAMS 0x0000000089d00000, 0x0000000089d00000| Untracked 
|  72|0x0000000089e00000, 0x0000000089e00000, 0x0000000089f00000|  0%| F|  |TAMS 0x0000000089e00000, 0x0000000089e00000| Untracked 
|  73|0x0000000089f00000, 0x0000000089f00000, 0x000000008a000000|  0%| F|  |TAMS 0x0000000089f00000, 0x0000000089f00000| Untracked 
|  74|0x000000008a000000, 0x000000008a000000, 0x000000008a100000|  0%| F|  |TAMS 0x000000008a000000, 0x000000008a000000| Untracked 
|  75|0x000000008a100000, 0x000000008a100000, 0x000000008a200000|  0%| F|  |TAMS 0x000000008a100000, 0x000000008a100000| Untracked 
|  76|0x000000008a200000, 0x000000008a200000, 0x000000008a300000|  0%| F|  |TAMS 0x000000008a200000, 0x000000008a200000| Untracked 
|  77|0x000000008a300000, 0x000000008a300000, 0x000000008a400000|  0%| F|  |TAMS 0x000000008a300000, 0x000000008a300000| Untracked 
|  78|0x000000008a400000, 0x000000008a400000, 0x000000008a500000|  0%| F|  |TAMS 0x000000008a400000, 0x000000008a400000| Untracked 
|  79|0x000000008a500000, 0x000000008a500000, 0x000000008a600000|  0%| F|  |TAMS 0x000000008a500000, 0x000000008a500000| Untracked 
|  80|0x000000008a600000, 0x000000008a600000, 0x000000008a700000|  0%| F|  |TAMS 0x000000008a600000, 0x000000008a600000| Untracked 
|  81|0x000000008a700000, 0x000000008a700000, 0x000000008a800000|  0%| F|  |TAMS 0x000000008a700000, 0x000000008a700000| Untracked 
|  82|0x000000008a800000, 0x000000008a800000, 0x000000008a900000|  0%| F|  |TAMS 0x000000008a800000, 0x000000008a800000| Untracked 
|  83|0x000000008a900000, 0x000000008a900000, 0x000000008aa00000|  0%| F|  |TAMS 0x000000008a900000, 0x000000008a900000| Untracked 
|  84|0x000000008aa00000, 0x000000008aa00000, 0x000000008ab00000|  0%| F|  |TAMS 0x000000008aa00000, 0x000000008aa00000| Untracked 
|  85|0x000000008ab00000, 0x000000008ab00000, 0x000000008ac00000|  0%| F|  |TAMS 0x000000008ab00000, 0x000000008ab00000| Untracked 
|  86|0x000000008ac00000, 0x000000008ac00000, 0x000000008ad00000|  0%| F|  |TAMS 0x000000008ac00000, 0x000000008ac00000| Untracked 
|  87|0x000000008ad00000, 0x000000008ad00000, 0x000000008ae00000|  0%| F|  |TAMS 0x000000008ad00000, 0x000000008ad00000| Untracked 
|  88|0x000000008ae00000, 0x000000008af00000, 0x000000008af00000|100%| S|CS|TAMS 0x000000008ae00000, 0x000000008ae00000| Complete 
|  89|0x000000008af00000, 0x000000008b000000, 0x000000008b000000|100%| S|CS|TAMS 0x000000008af00000, 0x000000008af00000| Complete 
|  90|0x000000008b000000, 0x000000008b000000, 0x000000008b100000|  0%| F|  |TAMS 0x000000008b000000, 0x000000008b000000| Untracked 
|  91|0x000000008b100000, 0x000000008b100000, 0x000000008b200000|  0%| F|  |TAMS 0x000000008b100000, 0x000000008b100000| Untracked 
|  92|0x000000008b200000, 0x000000008b300000, 0x000000008b300000|100%| S|CS|TAMS 0x000000008b200000, 0x000000008b200000| Complete 
|  93|0x000000008b300000, 0x000000008b400000, 0x000000008b400000|100%| S|CS|TAMS 0x000000008b300000, 0x000000008b300000| Complete 
|  94|0x000000008b400000, 0x000000008b500000, 0x000000008b500000|100%| S|CS|TAMS 0x000000008b400000, 0x000000008b400000| Complete 
|  95|0x000000008b500000, 0x000000008b600000, 0x000000008b600000|100%| S|CS|TAMS 0x000000008b500000, 0x000000008b500000| Complete 
|  96|0x000000008b600000, 0x000000008b700000, 0x000000008b700000|100%| S|CS|TAMS 0x000000008b600000, 0x000000008b600000| Complete 
|  97|0x000000008b700000, 0x000000008b700000, 0x000000008b800000|  0%| F|  |TAMS 0x000000008b700000, 0x000000008b700000| Untracked 
|  98|0x000000008b800000, 0x000000008b800000, 0x000000008b900000|  0%| F|  |TAMS 0x000000008b800000, 0x000000008b800000| Untracked 
|  99|0x000000008b900000, 0x000000008b900000, 0x000000008ba00000|  0%| F|  |TAMS 0x000000008b900000, 0x000000008b900000| Untracked 
| 100|0x000000008ba00000, 0x000000008ba00000, 0x000000008bb00000|  0%| F|  |TAMS 0x000000008ba00000, 0x000000008ba00000| Untracked 
| 101|0x000000008bb00000, 0x000000008bb00000, 0x000000008bc00000|  0%| F|  |TAMS 0x000000008bb00000, 0x000000008bb00000| Untracked 
| 102|0x000000008bc00000, 0x000000008bc00000, 0x000000008bd00000|  0%| F|  |TAMS 0x000000008bc00000, 0x000000008bc00000| Untracked 
| 103|0x000000008bd00000, 0x000000008bd00000, 0x000000008be00000|  0%| F|  |TAMS 0x000000008bd00000, 0x000000008bd00000| Untracked 
| 104|0x000000008be00000, 0x000000008be00000, 0x000000008bf00000|  0%| F|  |TAMS 0x000000008be00000, 0x000000008be00000| Untracked 
| 105|0x000000008bf00000, 0x000000008bf00000, 0x000000008c000000|  0%| F|  |TAMS 0x000000008bf00000, 0x000000008bf00000| Untracked 
| 106|0x000000008c000000, 0x000000008c000000, 0x000000008c100000|  0%| F|  |TAMS 0x000000008c000000, 0x000000008c000000| Untracked 
| 107|0x000000008c100000, 0x000000008c100000, 0x000000008c200000|  0%| F|  |TAMS 0x000000008c100000, 0x000000008c100000| Untracked 
| 108|0x000000008c200000, 0x000000008c200000, 0x000000008c300000|  0%| F|  |TAMS 0x000000008c200000, 0x000000008c200000| Untracked 
| 109|0x000000008c300000, 0x000000008c300000, 0x000000008c400000|  0%| F|  |TAMS 0x000000008c300000, 0x000000008c300000| Untracked 
| 110|0x000000008c400000, 0x000000008c400000, 0x000000008c500000|  0%| F|  |TAMS 0x000000008c400000, 0x000000008c400000| Untracked 
| 111|0x000000008c500000, 0x000000008c500000, 0x000000008c600000|  0%| F|  |TAMS 0x000000008c500000, 0x000000008c500000| Untracked 
| 112|0x000000008c600000, 0x000000008c600000, 0x000000008c700000|  0%| F|  |TAMS 0x000000008c600000, 0x000000008c600000| Untracked 
| 113|0x000000008c700000, 0x000000008c700000, 0x000000008c800000|  0%| F|  |TAMS 0x000000008c700000, 0x000000008c700000| Untracked 
| 114|0x000000008c800000, 0x000000008c800000, 0x000000008c900000|  0%| F|  |TAMS 0x000000008c800000, 0x000000008c800000| Untracked 
| 115|0x000000008c900000, 0x000000008c900000, 0x000000008ca00000|  0%| F|  |TAMS 0x000000008c900000, 0x000000008c900000| Untracked 
| 116|0x000000008ca00000, 0x000000008ca00000, 0x000000008cb00000|  0%| F|  |TAMS 0x000000008ca00000, 0x000000008ca00000| Untracked 
| 117|0x000000008cb00000, 0x000000008cb00000, 0x000000008cc00000|  0%| F|  |TAMS 0x000000008cb00000, 0x000000008cb00000| Untracked 
| 118|0x000000008cc00000, 0x000000008cc00000, 0x000000008cd00000|  0%| F|  |TAMS 0x000000008cc00000, 0x000000008cc00000| Untracked 
| 119|0x000000008cd00000, 0x000000008cd00000, 0x000000008ce00000|  0%| F|  |TAMS 0x000000008cd00000, 0x000000008cd00000| Untracked 
| 120|0x000000008ce00000, 0x000000008ce00000, 0x000000008cf00000|  0%| F|  |TAMS 0x000000008ce00000, 0x000000008ce00000| Untracked 
| 121|0x000000008cf00000, 0x000000008cf00000, 0x000000008d000000|  0%| F|  |TAMS 0x000000008cf00000, 0x000000008cf00000| Untracked 
| 122|0x000000008d000000, 0x000000008d000000, 0x000000008d100000|  0%| F|  |TAMS 0x000000008d000000, 0x000000008d000000| Untracked 
| 123|0x000000008d100000, 0x000000008d100000, 0x000000008d200000|  0%| F|  |TAMS 0x000000008d100000, 0x000000008d100000| Untracked 
| 124|0x000000008d200000, 0x000000008d200000, 0x000000008d300000|  0%| F|  |TAMS 0x000000008d200000, 0x000000008d200000| Untracked 
| 125|0x000000008d300000, 0x000000008d300000, 0x000000008d400000|  0%| F|  |TAMS 0x000000008d300000, 0x000000008d300000| Untracked 
| 126|0x000000008d400000, 0x000000008d400000, 0x000000008d500000|  0%| F|  |TAMS 0x000000008d400000, 0x000000008d400000| Untracked 
| 127|0x000000008d500000, 0x000000008d500000, 0x000000008d600000|  0%| F|  |TAMS 0x000000008d500000, 0x000000008d500000| Untracked 
| 128|0x000000008d600000, 0x000000008d600000, 0x000000008d700000|  0%| F|  |TAMS 0x000000008d600000, 0x000000008d600000| Untracked 
| 129|0x000000008d700000, 0x000000008d700000, 0x000000008d800000|  0%| F|  |TAMS 0x000000008d700000, 0x000000008d700000| Untracked 
| 130|0x000000008d800000, 0x000000008d900000, 0x000000008d900000|100%| E|  |TAMS 0x000000008d800000, 0x000000008d800000| Complete 
| 131|0x000000008d900000, 0x000000008da00000, 0x000000008da00000|100%| E|CS|TAMS 0x000000008d900000, 0x000000008d900000| Complete 
| 132|0x000000008da00000, 0x000000008db00000, 0x000000008db00000|100%| E|CS|TAMS 0x000000008da00000, 0x000000008da00000| Complete 
| 133|0x000000008db00000, 0x000000008dc00000, 0x000000008dc00000|100%| E|CS|TAMS 0x000000008db00000, 0x000000008db00000| Complete 
| 134|0x000000008dc00000, 0x000000008dd00000, 0x000000008dd00000|100%| E|CS|TAMS 0x000000008dc00000, 0x000000008dc00000| Complete 
| 135|0x000000008dd00000, 0x000000008de00000, 0x000000008de00000|100%| E|CS|TAMS 0x000000008dd00000, 0x000000008dd00000| Complete 
| 136|0x000000008de00000, 0x000000008df00000, 0x000000008df00000|100%| E|CS|TAMS 0x000000008de00000, 0x000000008de00000| Complete 
| 137|0x000000008df00000, 0x000000008e000000, 0x000000008e000000|100%| E|CS|TAMS 0x000000008df00000, 0x000000008df00000| Complete 
| 138|0x000000008e000000, 0x000000008e100000, 0x000000008e100000|100%| E|CS|TAMS 0x000000008e000000, 0x000000008e000000| Complete 
| 139|0x000000008e100000, 0x000000008e200000, 0x000000008e200000|100%| E|CS|TAMS 0x000000008e100000, 0x000000008e100000| Complete 
| 140|0x000000008e200000, 0x000000008e300000, 0x000000008e300000|100%| E|CS|TAMS 0x000000008e200000, 0x000000008e200000| Complete 
| 141|0x000000008e300000, 0x000000008e400000, 0x000000008e400000|100%| E|CS|TAMS 0x000000008e300000, 0x000000008e300000| Complete 
| 142|0x000000008e400000, 0x000000008e500000, 0x000000008e500000|100%| E|CS|TAMS 0x000000008e400000, 0x000000008e400000| Complete 
| 143|0x000000008e500000, 0x000000008e600000, 0x000000008e600000|100%| E|CS|TAMS 0x000000008e500000, 0x000000008e500000| Complete 
| 144|0x000000008e600000, 0x000000008e700000, 0x000000008e700000|100%| E|CS|TAMS 0x000000008e600000, 0x000000008e600000| Complete 
| 145|0x000000008e700000, 0x000000008e800000, 0x000000008e800000|100%| E|CS|TAMS 0x000000008e700000, 0x000000008e700000| Complete 
| 146|0x000000008e800000, 0x000000008e900000, 0x000000008e900000|100%| E|CS|TAMS 0x000000008e800000, 0x000000008e800000| Complete 
| 147|0x000000008e900000, 0x000000008ea00000, 0x000000008ea00000|100%| E|CS|TAMS 0x000000008e900000, 0x000000008e900000| Complete 
| 148|0x000000008ea00000, 0x000000008eb00000, 0x000000008eb00000|100%| E|CS|TAMS 0x000000008ea00000, 0x000000008ea00000| Complete 

Card table byte_map: [0x000001c47f140000,0x000001c47f520000] _byte_map_base: 0x000001c47ed15000

Marking Bits (Prev, Next): (CMBitMap*) 0x000001c467302a70, (CMBitMap*) 0x000001c467302a38
 Prev Bits: [0x000001c401eb0000, 0x000001c403d58000)
 Next Bits: [0x000001c400000000, 0x000001c401ea8000)

Polling page: 0x000001c465230000

Metaspace:

Usage:
  Non-class:     60.77 MB capacity,    60.29 MB (>99%) used,   371.95 KB ( <1%) free+waste,   125.25 KB ( <1%) overhead. 
      Class:      7.80 MB capacity,     7.45 MB ( 95%) used,   306.44 KB (  4%) free+waste,    53.88 KB ( <1%) overhead. 
       Both:     68.57 MB capacity,    67.73 MB ( 99%) used,   678.38 KB ( <1%) free+waste,   179.13 KB ( <1%) overhead. 

Virtual space:
  Non-class space:       62.00 MB reserved,      60.91 MB ( 98%) committed 
      Class space:        1.00 GB reserved,       7.88 MB ( <1%) committed 
             Both:        1.06 GB reserved,      68.79 MB (  6%) committed 

Chunk freelists:
   Non-Class:  13.00 KB
       Class:  16.00 KB
        Both:  29.00 KB

MaxMetaspaceSize: 17179869184.00 GB
CompressedClassSpaceSize: 1.00 GB
Initial GC threshold: 20.80 MB
Current GC threshold: 89.64 MB
CDS: off

CodeHeap 'non-profiled nmethods': size=120000Kb used=8017Kb max_used=8017Kb free=111982Kb
 bounds [0x000001c477500000, 0x000001c477ce0000, 0x000001c47ea30000]
CodeHeap 'profiled nmethods': size=120000Kb used=35090Kb max_used=35090Kb free=84909Kb
 bounds [0x000001c46ffd0000, 0x000001c472220000, 0x000001c477500000]
CodeHeap 'non-nmethods': size=5760Kb used=1318Kb max_used=1374Kb free=4441Kb
 bounds [0x000001c46fa30000, 0x000001c46fca0000, 0x000001c46ffd0000]
 total_blobs=12234 nmethods=11641 adapters=502
 compilation: enabled
              stopped_count=0, restarted_count=0
 full_count=0

Compilation events (20 events):
Event: 36.685 Thread 0x000001c406a84000 11819       3       org.jetbrains.kotlin.resolve.constants.evaluate.ConstantExpressionEvaluatorVisitor::visitQualifiedExpression (123 bytes)
Event: 36.687 Thread 0x000001c406a84000 nmethod 11819 0x000001c47220bb90 code [0x000001c47220bf20, 0x000001c47220d878]
Event: 36.690 Thread 0x000001c406a84000 11820       3       org.jetbrains.kotlin.resolve.calls.ArgumentTypeResolver::getFunctionLiteralArgumentIfAny (53 bytes)
Event: 36.691 Thread 0x000001c406a84000 nmethod 11820 0x000001c47220de90 code [0x000001c47220e0e0, 0x000001c47220ea98]
Event: 36.692 Thread 0x000001c406a84000 11821       3       javaslang.collection.HashArrayMappedTrieModule$AbstractNode$$Lambda$405/0x000000010074d840::apply (8 bytes)
Event: 36.693 Thread 0x000001c406a84000 nmethod 11821 0x000001c47220ec90 code [0x000001c47220eea0, 0x000001c47220f498]
Event: 36.693 Thread 0x000001c406a84000 11822       3       javaslang.collection.HashArrayMappedTrieModule$AbstractNode::lambda$iterator$0 (12 bytes)
Event: 36.693 Thread 0x000001c406a84000 nmethod 11822 0x000001c47220f690 code [0x000001c47220f880, 0x000001c47220fd18]
Event: 36.694 Thread 0x000001c406a84000 11823       3       org.jetbrains.kotlin.contracts.model.structure.ValuesKt::isWildcard (38 bytes)
Event: 36.695 Thread 0x000001c406a84000 nmethod 11823 0x000001c47220fe90 code [0x000001c472210100, 0x000001c472210bb8]
Event: 36.695 Thread 0x000001c406a84000 11824       3       org.jetbrains.kotlin.com.google.common.collect.AbstractMapBasedMultimap$AsMap$AsMapIterator::hasNext (10 bytes)
Event: 36.695 Thread 0x000001c406a84000 nmethod 11824 0x000001c472210f10 code [0x000001c4722110c0, 0x000001c472211288]
Event: 36.695 Thread 0x000001c406a84000 11825       3       org.jetbrains.kotlin.resolve.calls.smartcasts.DataFlowInfoImpl$Companion::access$newTypeInfoBuilder (5 bytes)
Event: 36.696 Thread 0x000001c406a84000 nmethod 11825 0x000001c472211390 code [0x000001c472211560, 0x000001c4722117d8]
Event: 36.696 Thread 0x000001c406a84000 11826       1       org.jetbrains.kotlin.contracts.model.structure.ESEqual::getFunctor (5 bytes)
Event: 36.696 Thread 0x000001c406a84000 nmethod 11826 0x000001c477cd3590 code [0x000001c477cd3740, 0x000001c477cd37f8]
Event: 36.696 Thread 0x000001c406a84000 11827       1       org.jetbrains.kotlin.contracts.model.structure.ESEqual::getLeft (5 bytes)
Event: 36.696 Thread 0x000001c406a84000 nmethod 11827 0x000001c477cd3890 code [0x000001c477cd3a40, 0x000001c477cd3af8]
Event: 36.696 Thread 0x000001c406a84000 11828       1       org.jetbrains.kotlin.contracts.model.structure.ESEqual::getRight (5 bytes)
Event: 36.696 Thread 0x000001c406a84000 nmethod 11828 0x000001c477cd3b90 code [0x000001c477cd3d40, 0x000001c477cd3df8]

GC Heap History (20 events):
Event: 2.632 GC heap before
{Heap before GC invocations=1 (full 0):
 garbage-first heap   total 126976K, used 41667K [0x0000000085600000, 0x0000000100000000)
  region size 1024K, 39 young (39936K), 3 survivors (3072K)
 Metaspace       used 21021K, capacity 21182K, committed 21248K, reserved 1069056K
  class space    used 2215K, capacity 2280K, committed 2304K, reserved 1048576K
}
Event: 2.650 GC heap after
{Heap after GC invocations=2 (full 0):
 garbage-first heap   total 126976K, used 9393K [0x0000000085600000, 0x0000000100000000)
  region size 1024K, 7 young (7168K), 7 survivors (7168K)
 Metaspace       used 21021K, capacity 21182K, committed 21248K, reserved 1069056K
  class space    used 2215K, capacity 2280K, committed 2304K, reserved 1048576K
}
Event: 5.524 GC heap before
{Heap before GC invocations=3 (full 0):
 garbage-first heap   total 126976K, used 62641K [0x0000000085600000, 0x0000000100000000)
  region size 1024K, 54 young (55296K), 7 survivors (7168K)
 Metaspace       used 32031K, capacity 32474K, committed 32892K, reserved 1077248K
  class space    used 3946K, capacity 4116K, committed 4224K, reserved 1048576K
}
Event: 5.552 GC heap after
{Heap after GC invocations=4 (full 0):
 garbage-first heap   total 126976K, used 20748K [0x0000000085600000, 0x0000000100000000)
  region size 1024K, 7 young (7168K), 7 survivors (7168K)
 Metaspace       used 32031K, capacity 32474K, committed 32892K, reserved 1077248K
  class space    used 3946K, capacity 4116K, committed 4224K, reserved 1048576K
}
Event: 7.918 GC heap before
{Heap before GC invocations=5 (full 0):
 garbage-first heap   total 126976K, used 60684K [0x0000000085600000, 0x0000000100000000)
  region size 1024K, 46 young (47104K), 7 survivors (7168K)
 Metaspace       used 40239K, capacity 40706K, committed 40828K, reserved 1085440K
  class space    used 4768K, capacity 4960K, committed 4992K, reserved 1048576K
}
Event: 7.943 GC heap after
{Heap after GC invocations=6 (full 0):
 garbage-first heap   total 126976K, used 23304K [0x0000000085600000, 0x0000000100000000)
  region size 1024K, 5 young (5120K), 5 survivors (5120K)
 Metaspace       used 40239K, capacity 40706K, committed 40828K, reserved 1085440K
  class space    used 4768K, capacity 4960K, committed 4992K, reserved 1048576K
}
Event: 14.166 GC heap before
{Heap before GC invocations=6 (full 0):
 garbage-first heap   total 126976K, used 80648K [0x0000000085600000, 0x0000000100000000)
  region size 1024K, 58 young (59392K), 5 survivors (5120K)
 Metaspace       used 49922K, capacity 50517K, committed 50556K, reserved 1093632K
  class space    used 5770K, capacity 5998K, committed 6016K, reserved 1048576K
}
Event: 14.192 GC heap after
{Heap after GC invocations=7 (full 0):
 garbage-first heap   total 152576K, used 34304K [0x0000000085600000, 0x0000000100000000)
  region size 1024K, 8 young (8192K), 8 survivors (8192K)
 Metaspace       used 49922K, capacity 50517K, committed 50556K, reserved 1093632K
  class space    used 5770K, capacity 5998K, committed 6016K, reserved 1048576K
}
Event: 16.631 GC heap before
{Heap before GC invocations=7 (full 0):
 garbage-first heap   total 152576K, used 86528K [0x0000000085600000, 0x0000000100000000)
  region size 1024K, 60 young (61440K), 8 survivors (8192K)
 Metaspace       used 54017K, capacity 54612K, committed 54820K, reserved 1097728K
  class space    used 6152K, capacity 6414K, committed 6528K, reserved 1048576K
}
Event: 16.661 GC heap after
{Heap after GC invocations=8 (full 0):
 garbage-first heap   total 152576K, used 40487K [0x0000000085600000, 0x0000000100000000)
  region size 1024K, 10 young (10240K), 10 survivors (10240K)
 Metaspace       used 54017K, capacity 54612K, committed 54820K, reserved 1097728K
  class space    used 6152K, capacity 6414K, committed 6528K, reserved 1048576K
}
Event: 21.584 GC heap before
{Heap before GC invocations=9 (full 0):
 garbage-first heap   total 152576K, used 99879K [0x0000000085600000, 0x0000000100000000)
  region size 1024K, 69 young (70656K), 10 survivors (10240K)
 Metaspace       used 60013K, capacity 60780K, committed 60836K, reserved 1103872K
  class space    used 6813K, capacity 7135K, committed 7168K, reserved 1048576K
}
Event: 21.616 GC heap after
{Heap after GC invocations=10 (full 0):
 garbage-first heap   total 152576K, used 49121K [0x0000000085600000, 0x0000000100000000)
  region size 1024K, 9 young (9216K), 9 survivors (9216K)
 Metaspace       used 60013K, capacity 60780K, committed 60836K, reserved 1103872K
  class space    used 6813K, capacity 7135K, committed 7168K, reserved 1048576K
}
Event: 25.471 GC heap before
{Heap before GC invocations=10 (full 0):
 garbage-first heap   total 152576K, used 108513K [0x0000000085600000, 0x0000000100000000)
  region size 1024K, 67 young (68608K), 9 survivors (9216K)
 Metaspace       used 61471K, capacity 62246K, committed 62372K, reserved 1103872K
  class space    used 6979K, capacity 7304K, committed 7424K, reserved 1048576K
}
Event: 25.504 GC heap after
{Heap after GC invocations=11 (full 0):
 garbage-first heap   total 152576K, used 58880K [0x0000000085600000, 0x0000000100000000)
  region size 1024K, 9 young (9216K), 9 survivors (9216K)
 Metaspace       used 61471K, capacity 62246K, committed 62372K, reserved 1103872K
  class space    used 6979K, capacity 7304K, committed 7424K, reserved 1048576K
}
Event: 27.533 GC heap before
{Heap before GC invocations=11 (full 0):
 garbage-first heap   total 152576K, used 112128K [0x0000000085600000, 0x0000000100000000)
  region size 1024K, 61 young (62464K), 9 survivors (9216K)
 Metaspace       used 62084K, capacity 62939K, committed 63140K, reserved 1105920K
  class space    used 7020K, capacity 7342K, committed 7424K, reserved 1048576K
}
Event: 27.557 GC heap after
{Heap after GC invocations=12 (full 0):
 garbage-first heap   total 152576K, used 65024K [0x0000000085600000, 0x0000000100000000)
  region size 1024K, 5 young (5120K), 5 survivors (5120K)
 Metaspace       used 62084K, capacity 62939K, committed 63140K, reserved 1105920K
  class space    used 7020K, capacity 7342K, committed 7424K, reserved 1048576K
}
Event: 30.469 GC heap before
{Heap before GC invocations=12 (full 0):
 garbage-first heap   total 152576K, used 116224K [0x0000000085600000, 0x0000000100000000)
  region size 1024K, 55 young (56320K), 5 survivors (5120K)
 Metaspace       used 65488K, capacity 66286K, committed 66468K, reserved 1107968K
  class space    used 7323K, capacity 7667K, committed 7680K, reserved 1048576K
}
Event: 30.483 GC heap after
{Heap after GC invocations=13 (full 0):
 garbage-first heap   total 152576K, used 67940K [0x0000000085600000, 0x0000000100000000)
  region size 1024K, 4 young (4096K), 4 survivors (4096K)
 Metaspace       used 65488K, capacity 66286K, committed 66468K, reserved 1107968K
  class space    used 7323K, capacity 7667K, committed 7680K, reserved 1048576K
}
Event: 34.265 GC heap before
{Heap before GC invocations=13 (full 0):
 garbage-first heap   total 152576K, used 120164K [0x0000000085600000, 0x0000000100000000)
  region size 1024K, 54 young (55296K), 4 survivors (4096K)
 Metaspace       used 68759K, capacity 69639K, committed 69924K, reserved 1112064K
  class space    used 7597K, capacity 7945K, committed 8064K, reserved 1048576K
}
Event: 34.285 GC heap after
{Heap after GC invocations=14 (full 0):
 garbage-first heap   total 152576K, used 74752K [0x0000000085600000, 0x0000000100000000)
  region size 1024K, 7 young (7168K), 7 survivors (7168K)
 Metaspace       used 68759K, capacity 69639K, committed 69924K, reserved 1112064K
  class space    used 7597K, capacity 7945K, committed 8064K, reserved 1048576K
}

Deoptimization events (20 events):
Event: 36.255 Thread 0x000001c4672c3800 Uncommon trap: trap_request=0xffffffc6 fr.pc=0x000001c477976600 relative=0x0000000000000e80
Event: 36.255 Thread 0x000001c4672c3800 Uncommon trap: reason=bimorphic_or_optimized_type_check action=maybe_recompile pc=0x000001c477976600 method=kotlin.collections.CollectionsKt___CollectionsKt.filter(Ljava/lang/Iterable;Lkotlin/jvm/functions/Function1;)Ljava/util/List; @ 51 c2
Event: 36.255 Thread 0x000001c4672c3800 DEOPT PACKING pc=0x000001c477976600 sp=0x000000b97fef5b10
Event: 36.255 Thread 0x000001c4672c3800 DEOPT UNPACKING pc=0x000001c46fa385af sp=0x000000b97fef5b00 mode 2
Event: 36.326 Thread 0x000001c4672c3800 Uncommon trap: trap_request=0xffffff6e fr.pc=0x000001c477cbc42c relative=0x000000000000662c
Event: 36.326 Thread 0x000001c4672c3800 Uncommon trap: reason=speculate_class_check action=maybe_recompile pc=0x000001c477cbc42c method=org.jetbrains.kotlin.types.checker.ClassicTypeSystemContext$DefaultImpls.asSimpleType(Lorg/jetbrains/kotlin/types/checker/ClassicTypeSystemContext;Lorg/jetbrai
Event: 36.327 Thread 0x000001c4672c3800 DEOPT PACKING pc=0x000001c477cbc42c sp=0x000000b97fef5330
Event: 36.327 Thread 0x000001c4672c3800 DEOPT UNPACKING pc=0x000001c46fa385af sp=0x000000b97fef50f0 mode 2
Event: 36.327 Thread 0x000001c4672c3800 Uncommon trap: trap_request=0xffffff6e fr.pc=0x000001c477cbc42c relative=0x000000000000662c
Event: 36.327 Thread 0x000001c4672c3800 Uncommon trap: reason=speculate_class_check action=maybe_recompile pc=0x000001c477cbc42c method=org.jetbrains.kotlin.types.checker.ClassicTypeSystemContext$DefaultImpls.asSimpleType(Lorg/jetbrains/kotlin/types/checker/ClassicTypeSystemContext;Lorg/jetbrai
Event: 36.327 Thread 0x000001c4672c3800 DEOPT PACKING pc=0x000001c477cbc42c sp=0x000000b97fef5070
Event: 36.327 Thread 0x000001c4672c3800 DEOPT UNPACKING pc=0x000001c46fa385af sp=0x000000b97fef4e30 mode 2
Event: 36.602 Thread 0x000001c4672c3800 Uncommon trap: trap_request=0xffffffde fr.pc=0x000001c4778ee578 relative=0x00000000000000b8
Event: 36.602 Thread 0x000001c4672c3800 Uncommon trap: reason=class_check action=maybe_recompile pc=0x000001c4778ee578 method=org.jetbrains.kotlin.descriptors.impl.SimpleFunctionDescriptorImpl.initialize(Lorg/jetbrains/kotlin/descriptors/ReceiverParameterDescriptor;Lorg/jetbrains/kotlin/descrip
Event: 36.602 Thread 0x000001c4672c3800 DEOPT PACKING pc=0x000001c4778ee578 sp=0x000000b97fef9ef0
Event: 36.602 Thread 0x000001c4672c3800 DEOPT UNPACKING pc=0x000001c46fa385af sp=0x000000b97fef9ed0 mode 2
Event: 36.672 Thread 0x000001c4672c3800 Uncommon trap: trap_request=0xffffff4d fr.pc=0x000001c477bbfe50 relative=0x00000000000034f0
Event: 36.672 Thread 0x000001c4672c3800 Uncommon trap: reason=unstable_if action=reinterpret pc=0x000001c477bbfe50 method=org.jetbrains.kotlin.types.TypeSubstitutor.unsafeSubstitute(Lorg/jetbrains/kotlin/types/TypeProjection;Lorg/jetbrains/kotlin/descriptors/TypeParameterDescriptor;I)Lorg/jetbr
Event: 36.672 Thread 0x000001c4672c3800 DEOPT PACKING pc=0x000001c477bbfe50 sp=0x000000b97fefa640
Event: 36.672 Thread 0x000001c4672c3800 DEOPT UNPACKING pc=0x000001c46fa385af sp=0x000000b97fefa608 mode 2

Classes redefined (0 events):
No events

Internal exceptions (20 events):
Event: 26.951 Thread 0x000001c4672c3800 Implicit null exception at 0x000001c4777b0692 to 0x000001c4777b7260
Event: 26.951 Thread 0x000001c4672c3800 Implicit null exception at 0x000001c4777b0692 to 0x000001c4777b7260
Event: 26.952 Thread 0x000001c4672c3800 Implicit null exception at 0x000001c4777a40b4 to 0x000001c4777a8830
Event: 27.693 Thread 0x000001c4672c3800 Implicit null exception at 0x000001c477561c5e to 0x000001c4775623ca
Event: 28.361 Thread 0x000001c4672c3800 Exception <a 'java/lang/NoSuchMethodError'{0x000000008d268180}: 'java.lang.Object java.lang.invoke.Invokers$Holder.linkToTargetMethod(java.lang.Object, java.lang.Object, java.lang.Object, java.lang.Object, java.lang.Object, java.lang.Object, java.lang.Object)'> (0x000000008d268180) thrown at [./src/hotspot/share/interpreter/linkResolver.cpp, line 773]
Event: 28.927 Thread 0x000001c4672c3800 Exception <a 'java/lang/NoSuchMethodError'{0x000000008c9e3480}: 'java.lang.Object java.lang.invoke.Invokers$Holder.linkToTargetMethod(java.lang.Object, java.lang.Object, java.lang.Object, int, int, java.lang.Object)'> (0x000000008c9e3480) thrown at [./src/hotspot/share/interpreter/linkResolver.cpp, line 773]
Event: 28.930 Thread 0x000001c4672c3800 Implicit null exception at 0x000001c477a56653 to 0x000001c477a5ec14
Event: 29.676 Thread 0x000001c4672c3800 Exception <a 'java/lang/NoSuchMethodError'{0x000000008c002148}: 'int java.lang.invoke.DirectMethodHandle$Holder.invokeStaticInit(java.lang.Object, int)'> (0x000000008c002148) thrown at [./src/hotspot/share/interpreter/linkResolver.cpp, line 773]
Event: 29.682 Thread 0x000001c4672c3800 Implicit null exception at 0x000001c477ad0638 to 0x000001c477ad092c
Event: 29.685 Thread 0x000001c4672c3800 Implicit null exception at 0x000001c47796cb67 to 0x000001c47796dcec
Event: 29.766 Thread 0x000001c4672c3800 Exception <a 'java/lang/NoSuchMethodError'{0x000000008bf03f88}: 'java.lang.Object java.lang.invoke.DirectMethodHandle$Holder.invokeInterface(java.lang.Object, java.lang.Object, java.lang.Object)'> (0x000000008bf03f88) thrown at [./src/hotspot/share/interpreter/linkResolver.cpp, line 773]
Event: 29.775 Thread 0x000001c4672c3800 Exception <a 'java/lang/IncompatibleClassChangeError'{0x000000008bf071b8}: Found class java.lang.Object, but interface was expected> (0x000000008bf071b8) thrown at [./src/hotspot/share/interpreter/linkResolver.cpp, line 839]
Event: 29.925 Thread 0x000001c4672c3800 Implicit null exception at 0x000001c477aef11b to 0x000001c477af095a
Event: 30.399 Thread 0x000001c4672c3800 Implicit null exception at 0x000001c477559bf5 to 0x000001c477559dbc
Event: 30.911 Thread 0x000001c4672c3800 Implicit null exception at 0x000001c47751c477 to 0x000001c47751c984
Event: 30.989 Thread 0x000001c4672c3800 Implicit null exception at 0x000001c47751e274 to 0x000001c47751e754
Event: 31.938 Thread 0x000001c4672c3800 Implicit null exception at 0x000001c477b4950c to 0x000001c477b4c23c
Event: 33.465 Thread 0x000001c4672c3800 Implicit null exception at 0x000001c4778a79dc to 0x000001c4778a88c0
Event: 34.178 Thread 0x000001c4672c3800 Implicit null exception at 0x000001c477b12f81 to 0x000001c477b13280
Event: 34.182 Thread 0x000001c4672c3800 Implicit null exception at 0x000001c4778a12f9 to 0x000001c4778a15dc

Events (20 events):
Event: 35.754 Executing VM operation: ICBufferFull
Event: 35.755 Executing VM operation: ICBufferFull done
Event: 35.983 loading class org/jetbrains/kotlin/resolve/calls/tower/MemberScopeTowerLevel$collectMembers$4
Event: 35.983 loading class org/jetbrains/kotlin/resolve/calls/tower/MemberScopeTowerLevel$collectMembers$4 done
Event: 36.119 Executing VM operation: ICBufferFull
Event: 36.119 Executing VM operation: ICBufferFull done
Event: 36.602 loading class org/jetbrains/kotlin/resolve/calls/DslMarkerUtils$FunctionTypeAnnotationsKey
Event: 36.602 loading class org/jetbrains/kotlin/resolve/calls/DslMarkerUtils$FunctionTypeAnnotationsKey done
Event: 36.619 loading class org/jetbrains/kotlin/contracts/ESReceiverWithDataFlowValue
Event: 36.619 loading class org/jetbrains/kotlin/contracts/ESReceiverWithDataFlowValue done
Event: 36.619 loading class org/jetbrains/kotlin/contracts/model/structure/ESReceiverValue
Event: 36.619 loading class org/jetbrains/kotlin/contracts/model/structure/ESReceiverValue done
Event: 36.619 loading class org/jetbrains/kotlin/contracts/model/structure/ESReceiver
Event: 36.619 loading class org/jetbrains/kotlin/contracts/model/structure/ESReceiver done
Event: 36.666 loading class org/jetbrains/kotlin/resolve/calls/util/CallUtilKt$getValueArgumentForExpression$isParenthesizedExpression$1
Event: 36.666 loading class org/jetbrains/kotlin/resolve/calls/util/CallUtilKt$getValueArgumentForExpression$isParenthesizedExpression$1 done
Event: 36.674 loading class org/jetbrains/kotlin/contracts/model/structure/ESNothingType
Event: 36.674 loading class org/jetbrains/kotlin/contracts/model/structure/ESNothingType done
Event: 36.691 Executing VM operation: ICBufferFull
Event: 36.691 Executing VM operation: ICBufferFull done


Dynamic libraries:
0x00007ff6efbd0000 - 0x00007ff6efbdd000 	C:\Program Files\Microsoft\jdk-11.0.18.10-hotspot\bin\java.exe
0x00007ffc824f0000 - 0x00007ffc82704000 	C:\WINDOWS\SYSTEM32\ntdll.dll
0x00007ffc815f0000 - 0x00007ffc816b4000 	C:\WINDOWS\System32\KERNEL32.DLL
0x00007ffc7fc90000 - 0x00007ffc80034000 	C:\WINDOWS\System32\KERNELBASE.dll
0x00007ffc800c0000 - 0x00007ffc801d1000 	C:\WINDOWS\System32\ucrtbase.dll
0x00007ffc6a2a0000 - 0x00007ffc6a2b7000 	C:\Program Files\Microsoft\jdk-11.0.18.10-hotspot\bin\jli.dll
0x00007ffc81180000 - 0x00007ffc8132a000 	C:\WINDOWS\System32\USER32.dll
0x00007ffc6a280000 - 0x00007ffc6a295000 	C:\Program Files\Microsoft\jdk-11.0.18.10-hotspot\bin\VCRUNTIME140.dll
0x00007ffc801e0000 - 0x00007ffc80206000 	C:\WINDOWS\System32\win32u.dll
0x00007ffc813a0000 - 0x00007ffc813c9000 	C:\WINDOWS\System32\GDI32.dll
0x00007ffc5b300000 - 0x00007ffc5b58f000 	C:\WINDOWS\WinSxS\amd64_microsoft.windows.common-controls_6595b64144ccf1df_6.0.22621.2070_none_2713e6537381f706\COMCTL32.dll
0x00007ffc80c40000 - 0x00007ffc80ce7000 	C:\WINDOWS\System32\msvcrt.dll
0x00007ffc7fb70000 - 0x00007ffc7fc89000 	C:\WINDOWS\System32\gdi32full.dll
0x00007ffc80210000 - 0x00007ffc802aa000 	C:\WINDOWS\System32\msvcp_win.dll
0x00007ffc813d0000 - 0x00007ffc81401000 	C:\WINDOWS\System32\IMM32.DLL
0x00007ffc28aa0000 - 0x00007ffc28b3b000 	C:\Program Files\Microsoft\jdk-11.0.18.10-hotspot\bin\msvcp140.dll
0x00007ffc27f00000 - 0x00007ffc28a92000 	C:\Program Files\Microsoft\jdk-11.0.18.10-hotspot\bin\server\jvm.dll
0x00007ffc807c0000 - 0x00007ffc80870000 	C:\WINDOWS\System32\ADVAPI32.dll
0x00007ffc81540000 - 0x00007ffc815e6000 	C:\WINDOWS\System32\sechost.dll
0x00007ffc808d0000 - 0x00007ffc809e7000 	C:\WINDOWS\System32\RPCRT4.dll
0x00007ffc824a0000 - 0x00007ffc824a8000 	C:\WINDOWS\System32\PSAPI.DLL
0x00007ffc5ebe0000 - 0x00007ffc5ebe9000 	C:\WINDOWS\SYSTEM32\WSOCK32.dll
0x00007ffc822f0000 - 0x00007ffc82361000 	C:\WINDOWS\System32\WS2_32.dll
0x00007ffc741b0000 - 0x00007ffc741e4000 	C:\WINDOWS\SYSTEM32\WINMM.dll
0x00007ffc77620000 - 0x00007ffc7762a000 	C:\WINDOWS\SYSTEM32\VERSION.dll
0x00007ffc7e880000 - 0x00007ffc7e898000 	C:\WINDOWS\SYSTEM32\kernel.appcore.dll
0x00007ffc6a270000 - 0x00007ffc6a280000 	C:\Program Files\Microsoft\jdk-11.0.18.10-hotspot\bin\verify.dll
0x00007ffc7cd10000 - 0x00007ffc7cf3e000 	C:\WINDOWS\SYSTEM32\DBGHELP.DLL
0x00007ffc803b0000 - 0x00007ffc8073a000 	C:\WINDOWS\System32\combase.dll
0x00007ffc81f40000 - 0x00007ffc82017000 	C:\WINDOWS\System32\OLEAUT32.dll
0x00007ffc67d50000 - 0x00007ffc67d82000 	C:\WINDOWS\SYSTEM32\dbgcore.DLL
0x00007ffc80040000 - 0x00007ffc800ba000 	C:\WINDOWS\System32\bcryptPrimitives.dll
0x00007ffc54810000 - 0x00007ffc54838000 	C:\Program Files\Microsoft\jdk-11.0.18.10-hotspot\bin\java.dll
0x00007ffc68d50000 - 0x00007ffc68d5a000 	C:\Program Files\Microsoft\jdk-11.0.18.10-hotspot\bin\jimage.dll
0x00007ffc54700000 - 0x00007ffc54718000 	C:\Program Files\Microsoft\jdk-11.0.18.10-hotspot\bin\zip.dll
0x00007ffc81720000 - 0x00007ffc81f36000 	C:\WINDOWS\System32\SHELL32.dll
0x00007ffc7d850000 - 0x00007ffc7e13a000 	C:\WINDOWS\SYSTEM32\windows.storage.dll
0x00007ffc7d710000 - 0x00007ffc7d84e000 	C:\WINDOWS\SYSTEM32\wintypes.dll
0x00007ffc821e0000 - 0x00007ffc822d3000 	C:\WINDOWS\System32\SHCORE.dll
0x00007ffc80870000 - 0x00007ffc808ce000 	C:\WINDOWS\System32\shlwapi.dll
0x00007ffc7f800000 - 0x00007ffc7f826000 	C:\WINDOWS\SYSTEM32\profapi.dll
0x00007ffc27e90000 - 0x00007ffc27ea9000 	C:\Program Files\Microsoft\jdk-11.0.18.10-hotspot\bin\net.dll
0x00007ffc79850000 - 0x00007ffc79987000 	C:\WINDOWS\SYSTEM32\WINHTTP.dll
0x00007ffc7ed40000 - 0x00007ffc7eda9000 	C:\WINDOWS\system32\mswsock.dll
0x00007ffc27e70000 - 0x00007ffc27e83000 	C:\Program Files\Microsoft\jdk-11.0.18.10-hotspot\bin\nio.dll

dbghelp: loaded successfully - version: 4.0.5 - missing functions: none
symbol engine: initialized successfully - sym options: 0x614 - pdb path: .;C:\Program Files\Microsoft\jdk-11.0.18.10-hotspot\bin;C:\WINDOWS\SYSTEM32;C:\WINDOWS\WinSxS\amd64_microsoft.windows.common-controls_6595b64144ccf1df_6.0.22621.2070_none_2713e6537381f706;C:\Program Files\Microsoft\jdk-11.0.18.10-hotspot\bin\server

VM Arguments:
java_command: org.jetbrains.kotlin.cli.jvm.K2JVMCompiler @C:\Users\BUTA\Downloads\APPP-master\AwesomeProject\node_modules\react-native-screens\android\build\20230905_5769263259243553784.compiler.options
java_class_path (initial): C:\Users\BUTA\.gradle\caches\modules-2\files-2.1\org.jetbrains.kotlin\kotlin-compiler-embeddable\1.6.21\97bdd5a752ce73b58ef16c17bc7f0ea2faff7a2e\kotlin-compiler-embeddable-1.6.21.jar;C:\Users\BUTA\.gradle\caches\modules-2\files-2.1\org.jetbrains.kotlin\kotlin-reflect\1.6.21\5dc3574d9b7bebfcb4ec6b10ada4aaa9e140bd0b\kotlin-reflect-1.6.21.jar;C:\Users\BUTA\.gradle\caches\modules-2\files-2.1\org.jetbrains.kotlin\kotlin-stdlib\1.6.21\11ef67f1900634fd951bad28c53ec957fabbe5b8\kotlin-stdlib-1.6.21.jar;C:\Users\BUTA\.gradle\caches\modules-2\files-2.1\org.jetbrains.kotlin\kotlin-script-runtime\1.6.21\99c6675100da5d6d5b1c5a1032f27f28008d101b\kotlin-script-runtime-1.6.21.jar;C:\Users\BUTA\.gradle\caches\modules-2\files-2.1\org.jetbrains.kotlin\kotlin-daemon-embeddable\1.6.21\46b78cf392e1c4f10854c3cadba44abb7b82250f\kotlin-daemon-embeddable-1.6.21.jar;C:\Users\BUTA\.gradle\caches\modules-2\files-2.1\org.jetbrains.intellij.deps\trove4j\1.0.20200330\3afb14d5f9ceb459d724e907a21145e8ff394f02\trove4j-1.0.20200330.jar;C:\Users\BUTA\.gradle\caches\modules-2\files-2.1\net.java.dev.jna\jna\5.6.0\330f2244e9030119ab3030fc3fededc86713d9cc\jna-5.6.0.jar;C:\Users\BUTA\.gradle\caches\modules-2\files-2.1\org.jetbrains.kotlin\kotlin-stdlib-common\1.6.21\5e5b55c26dbc80372a920aef60eb774b714559b8\kotlin-stdlib-common-1.6.21.jar;C:\Users\BUTA\.gradle\caches\modules-2\files-2.1\org.jetbrains\annotations\13.0\919f0dfe192fb4e063e7dacadee7f8bb9a2672a9\annotations-13.0.jar
Launcher Type: SUN_STANDARD

[Global flags]
     intx CICompilerCount                          = 4                                         {product} {ergonomic}
     uint ConcGCThreads                            = 2                                         {product} {ergonomic}
     uint G1ConcRefinementThreads                  = 8                                         {product} {ergonomic}
   size_t G1HeapRegionSize                         = 1048576                                   {product} {ergonomic}
    uintx GCDrainStackTargetSize                   = 64                                        {product} {ergonomic}
   size_t InitialHeapSize                          = 130023424                                 {product} {ergonomic}
   size_t MarkStackSize                            = 4194304                                   {product} {ergonomic}
   size_t MaxHeapSize                              = 2057306112                                {product} {ergonomic}
   size_t MaxNewSize                               = 1234173952                                {product} {ergonomic}
   size_t MinHeapDeltaBytes                        = 1048576                                   {product} {ergonomic}
    uintx NonNMethodCodeHeapSize                   = 5836300                                {pd product} {ergonomic}
    uintx NonProfiledCodeHeapSize                  = 122910970                              {pd product} {ergonomic}
    uintx ProfiledCodeHeapSize                     = 122910970                              {pd product} {ergonomic}
    uintx ReservedCodeCacheSize                    = 251658240                              {pd product} {ergonomic}
     bool SegmentedCodeCache                       = true                                      {product} {ergonomic}
     bool UseCompressedClassPointers               = true                                 {lp64_product} {ergonomic}
     bool UseCompressedOops                        = true                                 {lp64_product} {ergonomic}
     bool UseG1GC                                  = true                                      {product} {ergonomic}
     bool UseLargePagesIndividualAllocation        = false                                  {pd product} {ergonomic}

Logging:
Log output configuration:
 #0: stdout all=warning uptime,level,tags
 #1: stderr all=off uptime,level,tags

Environment Variables:
JAVA_HOME=C:\Program Files\Microsoft\jdk-11.0.18.10-hotspot\
CLASSPATH=C:\Users\BUTA\Downloads\APPP-master\AwesomeProject\android\\gradle\wrapper\gradle-wrapper.jar
PATH=C:\Users\BUTA\Downloads\APPP-master\AwesomeProject\node_modules\.bin;C:\Users\BUTA\Downloads\APPP-master\AwesomeProject\node_modules\.bin;C:\Users\BUTA\Downloads\APPP-master\node_modules\.bin;C:\Users\BUTA\Downloads\node_modules\.bin;C:\Users\BUTA\node_modules\.bin;C:\Users\node_modules\.bin;C:\node_modules\.bin;C:\Program Files\nodejs\node_modules\npm\node_modules\@npmcli\run-script\lib\node-gyp-bin;C:\Users\BUTA\Downloads\APPP-master\AwesomeProject\node_modules\.bin;C:\Users\BUTA\Downloads\APPP-master\AwesomeProject\node_modules\.bin;C:\Users\BUTA\Downloads\APPP-master\node_modules\.bin;C:\Users\BUTA\Downloads\node_modules\.bin;C:\Users\BUTA\node_modules\.bin;C:\Users\node_modules\.bin;C:\node_modules\.bin;C:\Program Files\nodejs\node_modules\npm\node_modules\@npmcli\run-script\lib\node-gyp-bin;C:\Program Files\Microsoft\jdk-11.0.18.10-hotspot\bin;C:\WINDOWS\system32;C:\WINDOWS;C:\WINDOWS\System32\Wbem;C:\WINDOWS\System32\WindowsPowerShell\v1.0\;C:\WINDOWS\System32\OpenSSH\;C:\ProgramData\chocolatey\bin;C:\Program Files\nodejs\;C:\Users\BUTA\AppData\Local\Android\Sdk;D:\programs\MySQL;C:\Program Files\Git\cmd;C:\Program Files\Microsoft SQL Server\150\Tools\Binn\;C:\Program Files\Microsoft SQL Server\Client SDK\ODBC\170\Tools\Binn\;C:\Program Files\dotnet\;C:\Program Files (x86)\Microsoft SQL Server\160\Tools\Binn\;C:\Program Files\Microsoft SQL Server\160\Tools\Binn\;C:\Program Files\Microsoft SQL Server\160\DTS\Binn\;C:\Program Files (x86)\Microsoft SQL Server\160\DTS\Binn\;C:\Program Files\Azure Data Studio\bin;C:\Users\BUTA\AppData\Local\Android\Sdk\platform-tools;C:\Users\BUTA\AppData\Local\Android\Sdk\tools;C:\Users\BUTA\AppData\Local\Microsoft\WindowsApps;C:\Users\BUTA\AppData\Roaming\npm;C:\Users\BUTA\AppData\Local\Programs\Microsoft VS Code\bin;
USERNAME=BUTA
LANG=en_US.UTF-8
OS=Windows_NT
PROCESSOR_IDENTIFIER=Intel64 Family 6 Model 140 Stepping 1, GenuineIntel
TMP=C:\Users\BUTA\AppData\Local\Temp
TEMP=C:\Users\BUTA\AppData\Local\Temp



---------------  S Y S T E M  ---------------

OS: Windows 11 , 64 bit Build 22621 (10.0.22621.2070)
OS uptime: 0 days 1:28 hours
Hyper-V role detected

CPU:total 8 (initial active 8) (4 cores per cpu, 2 threads per core) family 6 model 140 stepping 1 microcode 0xac, cmov, cx8, fxsr, mmx, sse, sse2, sse3, ssse3, sse4.1, sse4.2, popcnt, avx, avx2, aes, clmul, erms, 3dnowpref, lzcnt, ht, tsc, tscinvbit, bmi1, bmi2, adx, evex, sha, fma

Memory: 4k page, system-wide physical 7847M (453M free)
TotalPageFile size 18471M (AvailPageFile size 3M)
current process WorkingSet (physical memory assigned to process): 363M, peak: 366M
current process commit charge ("private bytes"): 405M, peak: 409M

vm_info: OpenJDK 64-Bit Server VM (11.0.18+10-LTS) for windows-amd64 JRE (11.0.18+10-LTS), built on Jan 18 2023 15:56:47 by "MicrosoftCorporation" with MS VC++ 15.9 (VS2017)

END.
