#
# There is insufficient memory for the Java Runtime Environment to continue.
# Native memory allocation (malloc) failed to allocate 1456176 bytes for Chunk::new
# Possible reasons:
#   The system is out of physical RAM or swap space
#   The process is running with CompressedOops enabled, and the Java Heap may be blocking the growth of the native heap
# Possible solutions:
#   Reduce memory load on the system
#   Increase physical memory or swap space
#   Check if swap backing store is full
#   Decrease Java heap size (-Xmx/-Xms)
#   Decrease number of Java threads
#   Decrease Java thread stack sizes (-Xss)
#   Set larger code cache with -XX:ReservedCodeCacheSize=
#   JVM is running with Unscaled Compressed Oops mode in which the Java heap is
#     placed in the first 4GB address space. The Java Heap base address is the
#     maximum limit for the native heap growth. Please use -XX:HeapBaseMinAddress
#     to set the Java Heap base and to place the Java Heap above 4GB virtual address.
# This output file may be truncated or incomplete.
#
#  Out of Memory Error (./src/hotspot/share/memory/arena.cpp:197), pid=6876, tid=2920
#
# JRE version: OpenJDK Runtime Environment Microsoft-7208460 (11.0.18+10) (build 11.0.18+10-LTS)
# Java VM: OpenJDK 64-Bit Server VM Microsoft-7208460 (11.0.18+10-LTS, mixed mode, tiered, compressed oops, g1 gc, windows-amd64)
# No core dump will be written. Minidumps are not enabled by default on client versions of Windows
#

---------------  S U M M A R Y ------------

Command Line: org.jetbrains.kotlin.cli.jvm.K2JVMCompiler @C:\Users\BUTA\Downloads\APPP-master\AwesomeProject\node_modules\react-native-safe-area-context\android\build\20230911_13765497315024410601.compiler.options

Host: 11th Gen Intel(R) Core(TM) i5-1135G7 @ 2.40GHz, 8 cores, 7G,  Windows 11 , 64 bit Build 22621 (10.0.22621.2070)
Time: Mon Sep 11 12:48:25 2023 Azerbaijan Standard Time elapsed time: 16.181883 seconds (0d 0h 0m 16s)

---------------  T H R E A D  ---------------

Current thread (0x00000201dd8ce000):  JavaThread "C2 CompilerThread2" daemon [_thread_in_native, id=2920, stack(0x000000d63fe00000,0x000000d63ff00000)]


Current CompileTask:
C2:  16181 9664       4       org.jetbrains.kotlin.resolve.calls.components.ClassicTypeSystemContextForCS::typeDepth (6 bytes)

Stack: [0x000000d63fe00000,0x000000d63ff00000]
Native frames: (J=compiled Java code, j=interpreted, Vv=VM code, C=native code)
V  [jvm.dll+0x62bf8a]
V  [jvm.dll+0x7b8fb9]
V  [jvm.dll+0x7ba6a8]
V  [jvm.dll+0x7bad83]
V  [jvm.dll+0x250248]
V  [jvm.dll+0xc260c]
V  [jvm.dll+0xc2bcc]
V  [jvm.dll+0x35e182]
V  [jvm.dll+0x32a373]
V  [jvm.dll+0x3296aa]
V  [jvm.dll+0x2093b3]
V  [jvm.dll+0x20850d]
V  [jvm.dll+0x18a4b1]
V  [jvm.dll+0x217eec]
V  [jvm.dll+0x21612b]
V  [jvm.dll+0x77bac0]
V  [jvm.dll+0x7749f4]
V  [jvm.dll+0x62adf5]
C  [ucrtbase.dll+0x29363]
C  [KERNEL32.DLL+0x126ad]
C  [ntdll.dll+0x5aa68]


---------------  P R O C E S S  ---------------

Threads class SMR info:
_java_thread_list=0x00000201df260ad0, length=12, elements={
0x00000201ba7a1000, 0x00000201d95ba800, 0x00000201d95b6000, 0x00000201d9f25800,
0x00000201d9f28000, 0x00000201d9f2a800, 0x00000201d9f2b800, 0x00000201d9edb800,
0x00000201d9f47000, 0x00000201da0ab000, 0x00000201e04f1800, 0x00000201dd8ce000
}

Java Threads: ( => current thread )
  0x00000201ba7a1000 JavaThread "main" [_thread_in_Java, id=7044, stack(0x000000d63ea00000,0x000000d63eb00000)]
  0x00000201d95ba800 JavaThread "Reference Handler" daemon [_thread_blocked, id=11748, stack(0x000000d63f100000,0x000000d63f200000)]
  0x00000201d95b6000 JavaThread "Finalizer" daemon [_thread_blocked, id=5252, stack(0x000000d63f200000,0x000000d63f300000)]
  0x00000201d9f25800 JavaThread "Signal Dispatcher" daemon [_thread_blocked, id=2836, stack(0x000000d63f300000,0x000000d63f400000)]
  0x00000201d9f28000 JavaThread "Attach Listener" daemon [_thread_blocked, id=14664, stack(0x000000d63f400000,0x000000d63f500000)]
  0x00000201d9f2a800 JavaThread "Service Thread" daemon [_thread_blocked, id=4160, stack(0x000000d63f500000,0x000000d63f600000)]
  0x00000201d9f2b800 JavaThread "C2 CompilerThread0" daemon [_thread_in_native, id=13468, stack(0x000000d63f600000,0x000000d63f700000)]
  0x00000201d9edb800 JavaThread "C1 CompilerThread0" daemon [_thread_blocked, id=11336, stack(0x000000d63f700000,0x000000d63f800000)]
  0x00000201d9f47000 JavaThread "Sweeper thread" daemon [_thread_blocked, id=10412, stack(0x000000d63f800000,0x000000d63f900000)]
  0x00000201da0ab000 JavaThread "Common-Cleaner" daemon [_thread_blocked, id=14204, stack(0x000000d63fa00000,0x000000d63fb00000)]
  0x00000201e04f1800 JavaThread "C2 CompilerThread1" daemon [_thread_in_native, id=2996, stack(0x000000d63fc00000,0x000000d63fd00000)]
=>0x00000201dd8ce000 JavaThread "C2 CompilerThread2" daemon [_thread_in_native, id=2920, stack(0x000000d63fe00000,0x000000d63ff00000)]

Other Threads:
  0x00000201d9584000 VMThread "VM Thread" [stack: 0x000000d63f000000,0x000000d63f100000] [id=5248]
  0x00000201da09f800 WatcherThread [stack: 0x000000d63f900000,0x000000d63fa00000] [id=10120]
  0x00000201ba7ba800 GCTaskThread "GC Thread#0" [stack: 0x000000d63eb00000,0x000000d63ec00000] [id=1936]
  0x00000201da5f9000 GCTaskThread "GC Thread#1" [stack: 0x000000d63fd00000,0x000000d63fe00000] [id=10032]
  0x00000201e0363800 GCTaskThread "GC Thread#2" [stack: 0x000000d63ff00000,0x000000d640000000] [id=11500]
  0x00000201ba7e9000 ConcurrentGCThread "G1 Main Marker" [stack: 0x000000d63ec00000,0x000000d63ed00000] [id=14944]
  0x00000201ba7eb800 ConcurrentGCThread "G1 Conc#0" [stack: 0x000000d63ed00000,0x000000d63ee00000] [id=15000]
  0x00000201daace800 ConcurrentGCThread "G1 Conc#1" [stack: 0x000000d63fb00000,0x000000d63fc00000] [id=9568]
  0x00000201ba86d800 ConcurrentGCThread "G1 Refine#0" [stack: 0x000000d63ee00000,0x000000d63ef00000] [id=4084]
  0x00000201d93e2800 ConcurrentGCThread "G1 Young RemSet Sampling" [stack: 0x000000d63ef00000,0x000000d63f000000] [id=8964]

Threads with active compile tasks:
C2 CompilerThread0    16195 9675       4       org.jetbrains.kotlin.resolve.calls.util.CallUtilKt::getResolvedCall (30 bytes)
C2 CompilerThread1    16195 9660       4       org.jetbrains.kotlin.types.checker.ClassicTypeSystemContext$DefaultImpls::typeDepth (273 bytes)
C2 CompilerThread2    16195 9664       4       org.jetbrains.kotlin.resolve.calls.components.ClassicTypeSystemContextForCS::typeDepth (6 bytes)

VM state:not at safepoint (normal execution)

VM Mutex/Monitor currently owned by a thread: None

Heap address: 0x0000000085600000, size: 1962 MB, Compressed Oops mode: 32-bit
Narrow klass base: 0x0000000000000000, Narrow klass shift: 3
Compressed class space size: 1073741824 Address: 0x0000000100000000

Heap:
 garbage-first heap   total 183296K, used 68539K [0x0000000085600000, 0x0000000100000000)
  region size 1024K, 22 young (22528K), 8 survivors (8192K)
 Metaspace       used 66661K, capacity 67567K, committed 67664K, reserved 1110016K
  class space    used 7452K, capacity 7802K, committed 7808K, reserved 1048576K
Heap Regions: E=young(eden), S=young(survivor), O=old, HS=humongous(starts), HC=humongous(continues), CS=collection set, F=free, A=archive, TAMS=top-at-mark-start (previous, next)
|   0|0x0000000085600000, 0x0000000085700000, 0x0000000085700000|100%|HS|  |TAMS 0x0000000085700000, 0x0000000085600000| Complete 
|   1|0x0000000085700000, 0x0000000085800000, 0x0000000085800000|100%|HC|  |TAMS 0x0000000085800000, 0x0000000085700000| Complete 
|   2|0x0000000085800000, 0x0000000085900000, 0x0000000085900000|100%|HC|  |TAMS 0x0000000085900000, 0x0000000085800000| Complete 
|   3|0x0000000085900000, 0x0000000085a00000, 0x0000000085a00000|100%|HS|  |TAMS 0x0000000085a00000, 0x0000000085900000| Complete 
|   4|0x0000000085a00000, 0x0000000085b00000, 0x0000000085b00000|100%|HC|  |TAMS 0x0000000085b00000, 0x0000000085a00000| Complete 
|   5|0x0000000085b00000, 0x0000000085c00000, 0x0000000085c00000|100%|HC|  |TAMS 0x0000000085c00000, 0x0000000085b00000| Complete 
|   6|0x0000000085c00000, 0x0000000085d00000, 0x0000000085d00000|100%|HS|  |TAMS 0x0000000085d00000, 0x0000000085c00000| Complete 
|   7|0x0000000085d00000, 0x0000000085e00000, 0x0000000085e00000|100%|HC|  |TAMS 0x0000000085e00000, 0x0000000085d00000| Complete 
|   8|0x0000000085e00000, 0x0000000085f00000, 0x0000000085f00000|100%| O|  |TAMS 0x0000000085f00000, 0x0000000085e00000| Untracked 
|   9|0x0000000085f00000, 0x0000000086000000, 0x0000000086000000|100%| O|  |TAMS 0x0000000086000000, 0x0000000085f00000| Untracked 
|  10|0x0000000086000000, 0x0000000086100000, 0x0000000086100000|100%| O|  |TAMS 0x0000000086100000, 0x0000000086000000| Untracked 
|  11|0x0000000086100000, 0x0000000086200000, 0x0000000086200000|100%| O|  |TAMS 0x0000000086200000, 0x0000000086100000| Untracked 
|  12|0x0000000086200000, 0x0000000086300000, 0x0000000086300000|100%| O|  |TAMS 0x0000000086300000, 0x0000000086200000| Untracked 
|  13|0x0000000086300000, 0x0000000086400000, 0x0000000086400000|100%| O|  |TAMS 0x0000000086400000, 0x0000000086300000| Untracked 
|  14|0x0000000086400000, 0x0000000086500000, 0x0000000086500000|100%| O|  |TAMS 0x0000000086500000, 0x0000000086400000| Untracked 
|  15|0x0000000086500000, 0x0000000086600000, 0x0000000086600000|100%| O|  |TAMS 0x0000000086600000, 0x0000000086500000| Untracked 
|  16|0x0000000086600000, 0x0000000086700000, 0x0000000086700000|100%| O|  |TAMS 0x0000000086700000, 0x0000000086600000| Untracked 
|  17|0x0000000086700000, 0x0000000086800000, 0x0000000086800000|100%| O|  |TAMS 0x0000000086800000, 0x0000000086700000| Untracked 
|  18|0x0000000086800000, 0x0000000086900000, 0x0000000086900000|100%| O|  |TAMS 0x0000000086900000, 0x0000000086800000| Untracked 
|  19|0x0000000086900000, 0x0000000086a00000, 0x0000000086a00000|100%| O|  |TAMS 0x0000000086a00000, 0x0000000086900000| Untracked 
|  20|0x0000000086a00000, 0x0000000086b00000, 0x0000000086b00000|100%| O|  |TAMS 0x0000000086b00000, 0x0000000086a00000| Untracked 
|  21|0x0000000086b00000, 0x0000000086c00000, 0x0000000086c00000|100%| O|  |TAMS 0x0000000086c00000, 0x0000000086b00000| Untracked 
|  22|0x0000000086c00000, 0x0000000086d00000, 0x0000000086d00000|100%| O|  |TAMS 0x0000000086d00000, 0x0000000086c00000| Untracked 
|  23|0x0000000086d00000, 0x0000000086e00000, 0x0000000086e00000|100%| O|  |TAMS 0x0000000086e00000, 0x0000000086d00000| Untracked 
|  24|0x0000000086e00000, 0x0000000086f00000, 0x0000000086f00000|100%| O|  |TAMS 0x0000000086f00000, 0x0000000086e00000| Untracked 
|  25|0x0000000086f00000, 0x0000000087000000, 0x0000000087000000|100%| O|  |TAMS 0x0000000087000000, 0x0000000086f00000| Untracked 
|  26|0x0000000087000000, 0x0000000087100000, 0x0000000087100000|100%| O|  |TAMS 0x0000000087100000, 0x0000000087000000| Untracked 
|  27|0x0000000087100000, 0x0000000087200000, 0x0000000087200000|100%| O|  |TAMS 0x0000000087200000, 0x0000000087100000| Untracked 
|  28|0x0000000087200000, 0x0000000087300000, 0x0000000087300000|100%| O|  |TAMS 0x00000000872da800, 0x0000000087200000| Untracked 
|  29|0x0000000087300000, 0x0000000087400000, 0x0000000087400000|100%| O|  |TAMS 0x0000000087300000, 0x0000000087300000| Untracked 
|  30|0x0000000087400000, 0x0000000087500000, 0x0000000087500000|100%| O|  |TAMS 0x0000000087400000, 0x0000000087400000| Untracked 
|  31|0x0000000087500000, 0x0000000087600000, 0x0000000087600000|100%| O|  |TAMS 0x0000000087500000, 0x0000000087500000| Untracked 
|  32|0x0000000087600000, 0x0000000087700000, 0x0000000087700000|100%| O|  |TAMS 0x0000000087600000, 0x0000000087600000| Untracked 
|  33|0x0000000087700000, 0x0000000087800000, 0x0000000087800000|100%| O|  |TAMS 0x0000000087700000, 0x0000000087700000| Untracked 
|  34|0x0000000087800000, 0x0000000087900000, 0x0000000087900000|100%| O|  |TAMS 0x0000000087800000, 0x0000000087800000| Untracked 
|  35|0x0000000087900000, 0x0000000087a00000, 0x0000000087a00000|100%| O|  |TAMS 0x0000000087900000, 0x0000000087900000| Untracked 
|  36|0x0000000087a00000, 0x0000000087b00000, 0x0000000087b00000|100%| O|  |TAMS 0x0000000087a00000, 0x0000000087a00000| Untracked 
|  37|0x0000000087b00000, 0x0000000087c00000, 0x0000000087c00000|100%|HS|  |TAMS 0x0000000087b00000, 0x0000000087b00000| Complete 
|  38|0x0000000087c00000, 0x0000000087d00000, 0x0000000087d00000|100%| O|  |TAMS 0x0000000087c00000, 0x0000000087c00000| Untracked 
|  39|0x0000000087d00000, 0x0000000087e00000, 0x0000000087e00000|100%| O|  |TAMS 0x0000000087d00000, 0x0000000087d00000| Untracked 
|  40|0x0000000087e00000, 0x0000000087f00000, 0x0000000087f00000|100%| O|  |TAMS 0x0000000087e00000, 0x0000000087e00000| Untracked 
|  41|0x0000000087f00000, 0x0000000088000000, 0x0000000088000000|100%| O|  |TAMS 0x0000000087f00000, 0x0000000087f00000| Untracked 
|  42|0x0000000088000000, 0x0000000088100000, 0x0000000088100000|100%| O|  |TAMS 0x0000000088000000, 0x0000000088000000| Untracked 
|  43|0x0000000088100000, 0x0000000088200000, 0x0000000088200000|100%| O|  |TAMS 0x0000000088100000, 0x0000000088100000| Untracked 
|  44|0x0000000088200000, 0x0000000088300000, 0x0000000088300000|100%| O|  |TAMS 0x0000000088200000, 0x0000000088200000| Untracked 
|  45|0x0000000088300000, 0x0000000088400000, 0x0000000088400000|100%| O|  |TAMS 0x0000000088300000, 0x0000000088300000| Untracked 
|  46|0x0000000088400000, 0x000000008846ec00, 0x0000000088500000| 43%| O|  |TAMS 0x0000000088400000, 0x0000000088400000| Untracked 
|  47|0x0000000088500000, 0x0000000088500000, 0x0000000088600000|  0%| F|  |TAMS 0x0000000088500000, 0x0000000088500000| Untracked 
|  48|0x0000000088600000, 0x0000000088600000, 0x0000000088700000|  0%| F|  |TAMS 0x0000000088600000, 0x0000000088600000| Untracked 
|  49|0x0000000088700000, 0x0000000088700000, 0x0000000088800000|  0%| F|  |TAMS 0x0000000088700000, 0x0000000088700000| Untracked 
|  50|0x0000000088800000, 0x0000000088800000, 0x0000000088900000|  0%| F|  |TAMS 0x0000000088800000, 0x0000000088800000| Untracked 
|  51|0x0000000088900000, 0x0000000088900000, 0x0000000088a00000|  0%| F|  |TAMS 0x0000000088900000, 0x0000000088900000| Untracked 
|  52|0x0000000088a00000, 0x0000000088a00000, 0x0000000088b00000|  0%| F|  |TAMS 0x0000000088a00000, 0x0000000088a00000| Untracked 
|  53|0x0000000088b00000, 0x0000000088b00000, 0x0000000088c00000|  0%| F|  |TAMS 0x0000000088b00000, 0x0000000088b00000| Untracked 
|  54|0x0000000088c00000, 0x0000000088c00000, 0x0000000088d00000|  0%| F|  |TAMS 0x0000000088c00000, 0x0000000088c00000| Untracked 
|  55|0x0000000088d00000, 0x0000000088d00000, 0x0000000088e00000|  0%| F|  |TAMS 0x0000000088d00000, 0x0000000088d00000| Untracked 
|  56|0x0000000088e00000, 0x0000000088e00000, 0x0000000088f00000|  0%| F|  |TAMS 0x0000000088e00000, 0x0000000088e00000| Untracked 
|  57|0x0000000088f00000, 0x0000000088f00000, 0x0000000089000000|  0%| F|  |TAMS 0x0000000088f00000, 0x0000000088f00000| Untracked 
|  58|0x0000000089000000, 0x0000000089000000, 0x0000000089100000|  0%| F|  |TAMS 0x0000000089000000, 0x0000000089000000| Untracked 
|  59|0x0000000089100000, 0x0000000089100000, 0x0000000089200000|  0%| F|  |TAMS 0x0000000089100000, 0x0000000089100000| Untracked 
|  60|0x0000000089200000, 0x0000000089200000, 0x0000000089300000|  0%| F|  |TAMS 0x0000000089200000, 0x0000000089200000| Untracked 
|  61|0x0000000089300000, 0x0000000089300000, 0x0000000089400000|  0%| F|  |TAMS 0x0000000089300000, 0x0000000089300000| Untracked 
|  62|0x0000000089400000, 0x0000000089400000, 0x0000000089500000|  0%| F|  |TAMS 0x0000000089400000, 0x0000000089400000| Untracked 
|  63|0x0000000089500000, 0x0000000089500000, 0x0000000089600000|  0%| F|  |TAMS 0x0000000089500000, 0x0000000089500000| Untracked 
|  64|0x0000000089600000, 0x0000000089600000, 0x0000000089700000|  0%| F|  |TAMS 0x0000000089600000, 0x0000000089600000| Untracked 
|  65|0x0000000089700000, 0x0000000089700000, 0x0000000089800000|  0%| F|  |TAMS 0x0000000089700000, 0x0000000089700000| Untracked 
|  66|0x0000000089800000, 0x0000000089800000, 0x0000000089900000|  0%| F|  |TAMS 0x0000000089800000, 0x0000000089800000| Untracked 
|  67|0x0000000089900000, 0x0000000089900000, 0x0000000089a00000|  0%| F|  |TAMS 0x0000000089900000, 0x0000000089900000| Untracked 
|  68|0x0000000089a00000, 0x0000000089a00000, 0x0000000089b00000|  0%| F|  |TAMS 0x0000000089a00000, 0x0000000089a00000| Untracked 
|  69|0x0000000089b00000, 0x0000000089b00000, 0x0000000089c00000|  0%| F|  |TAMS 0x0000000089b00000, 0x0000000089b00000| Untracked 
|  70|0x0000000089c00000, 0x0000000089c00000, 0x0000000089d00000|  0%| F|  |TAMS 0x0000000089c00000, 0x0000000089c00000| Untracked 
|  71|0x0000000089d00000, 0x0000000089d00000, 0x0000000089e00000|  0%| F|  |TAMS 0x0000000089d00000, 0x0000000089d00000| Untracked 
|  72|0x0000000089e00000, 0x0000000089e00000, 0x0000000089f00000|  0%| F|  |TAMS 0x0000000089e00000, 0x0000000089e00000| Untracked 
|  73|0x0000000089f00000, 0x0000000089f00000, 0x000000008a000000|  0%| F|  |TAMS 0x0000000089f00000, 0x0000000089f00000| Untracked 
|  74|0x000000008a000000, 0x000000008a000000, 0x000000008a100000|  0%| F|  |TAMS 0x000000008a000000, 0x000000008a000000| Untracked 
|  75|0x000000008a100000, 0x000000008a100000, 0x000000008a200000|  0%| F|  |TAMS 0x000000008a100000, 0x000000008a100000| Untracked 
|  76|0x000000008a200000, 0x000000008a200000, 0x000000008a300000|  0%| F|  |TAMS 0x000000008a200000, 0x000000008a200000| Untracked 
|  77|0x000000008a300000, 0x000000008a300000, 0x000000008a400000|  0%| F|  |TAMS 0x000000008a300000, 0x000000008a300000| Untracked 
|  78|0x000000008a400000, 0x000000008a400000, 0x000000008a500000|  0%| F|  |TAMS 0x000000008a400000, 0x000000008a400000| Untracked 
|  79|0x000000008a500000, 0x000000008a500000, 0x000000008a600000|  0%| F|  |TAMS 0x000000008a500000, 0x000000008a500000| Untracked 
|  80|0x000000008a600000, 0x000000008a600000, 0x000000008a700000|  0%| F|  |TAMS 0x000000008a600000, 0x000000008a600000| Untracked 
|  81|0x000000008a700000, 0x000000008a700000, 0x000000008a800000|  0%| F|  |TAMS 0x000000008a700000, 0x000000008a700000| Untracked 
|  82|0x000000008a800000, 0x000000008a800000, 0x000000008a900000|  0%| F|  |TAMS 0x000000008a800000, 0x000000008a800000| Untracked 
|  83|0x000000008a900000, 0x000000008a900000, 0x000000008aa00000|  0%| F|  |TAMS 0x000000008a900000, 0x000000008a900000| Untracked 
|  84|0x000000008aa00000, 0x000000008aa00000, 0x000000008ab00000|  0%| F|  |TAMS 0x000000008aa00000, 0x000000008aa00000| Untracked 
|  85|0x000000008ab00000, 0x000000008ab80000, 0x000000008ac00000| 50%| S|CS|TAMS 0x000000008ab00000, 0x000000008ab00000| Complete 
|  86|0x000000008ac00000, 0x000000008ad00000, 0x000000008ad00000|100%| S|CS|TAMS 0x000000008ac00000, 0x000000008ac00000| Complete 
|  87|0x000000008ad00000, 0x000000008ae00000, 0x000000008ae00000|100%| S|CS|TAMS 0x000000008ad00000, 0x000000008ad00000| Complete 
|  88|0x000000008ae00000, 0x000000008af00000, 0x000000008af00000|100%| S|CS|TAMS 0x000000008ae00000, 0x000000008ae00000| Complete 
|  89|0x000000008af00000, 0x000000008b000000, 0x000000008b000000|100%| S|CS|TAMS 0x000000008af00000, 0x000000008af00000| Complete 
|  90|0x000000008b000000, 0x000000008b100000, 0x000000008b100000|100%| S|CS|TAMS 0x000000008b000000, 0x000000008b000000| Complete 
|  91|0x000000008b100000, 0x000000008b200000, 0x000000008b200000|100%| S|CS|TAMS 0x000000008b100000, 0x000000008b100000| Complete 
|  92|0x000000008b200000, 0x000000008b300000, 0x000000008b300000|100%| S|CS|TAMS 0x000000008b200000, 0x000000008b200000| Complete 
|  93|0x000000008b300000, 0x000000008b300000, 0x000000008b400000|  0%| F|  |TAMS 0x000000008b300000, 0x000000008b300000| Untracked 
|  94|0x000000008b400000, 0x000000008b400000, 0x000000008b500000|  0%| F|  |TAMS 0x000000008b400000, 0x000000008b400000| Untracked 
|  95|0x000000008b500000, 0x000000008b500000, 0x000000008b600000|  0%| F|  |TAMS 0x000000008b500000, 0x000000008b500000| Untracked 
|  96|0x000000008b600000, 0x000000008b600000, 0x000000008b700000|  0%| F|  |TAMS 0x000000008b600000, 0x000000008b600000| Untracked 
|  97|0x000000008b700000, 0x000000008b700000, 0x000000008b800000|  0%| F|  |TAMS 0x000000008b700000, 0x000000008b700000| Untracked 
|  98|0x000000008b800000, 0x000000008b800000, 0x000000008b900000|  0%| F|  |TAMS 0x000000008b800000, 0x000000008b800000| Untracked 
|  99|0x000000008b900000, 0x000000008b900000, 0x000000008ba00000|  0%| F|  |TAMS 0x000000008b900000, 0x000000008b900000| Untracked 
| 100|0x000000008ba00000, 0x000000008ba00000, 0x000000008bb00000|  0%| F|  |TAMS 0x000000008ba00000, 0x000000008ba00000| Untracked 
| 101|0x000000008bb00000, 0x000000008bb00000, 0x000000008bc00000|  0%| F|  |TAMS 0x000000008bb00000, 0x000000008bb00000| Untracked 
| 102|0x000000008bc00000, 0x000000008bc00000, 0x000000008bd00000|  0%| F|  |TAMS 0x000000008bc00000, 0x000000008bc00000| Untracked 
| 103|0x000000008bd00000, 0x000000008bd00000, 0x000000008be00000|  0%| F|  |TAMS 0x000000008bd00000, 0x000000008bd00000| Untracked 
| 104|0x000000008be00000, 0x000000008be00000, 0x000000008bf00000|  0%| F|  |TAMS 0x000000008be00000, 0x000000008be00000| Untracked 
| 105|0x000000008bf00000, 0x000000008bf00000, 0x000000008c000000|  0%| F|  |TAMS 0x000000008bf00000, 0x000000008bf00000| Untracked 
| 106|0x000000008c000000, 0x000000008c000000, 0x000000008c100000|  0%| F|  |TAMS 0x000000008c000000, 0x000000008c000000| Untracked 
| 107|0x000000008c100000, 0x000000008c100000, 0x000000008c200000|  0%| F|  |TAMS 0x000000008c100000, 0x000000008c100000| Untracked 
| 108|0x000000008c200000, 0x000000008c200000, 0x000000008c300000|  0%| F|  |TAMS 0x000000008c200000, 0x000000008c200000| Untracked 
| 109|0x000000008c300000, 0x000000008c300000, 0x000000008c400000|  0%| F|  |TAMS 0x000000008c300000, 0x000000008c300000| Untracked 
| 110|0x000000008c400000, 0x000000008c400000, 0x000000008c500000|  0%| F|  |TAMS 0x000000008c400000, 0x000000008c400000| Untracked 
| 111|0x000000008c500000, 0x000000008c500000, 0x000000008c600000|  0%| F|  |TAMS 0x000000008c500000, 0x000000008c500000| Untracked 
| 112|0x000000008c600000, 0x000000008c600000, 0x000000008c700000|  0%| F|  |TAMS 0x000000008c600000, 0x000000008c600000| Untracked 
| 113|0x000000008c700000, 0x000000008c700000, 0x000000008c800000|  0%| F|  |TAMS 0x000000008c700000, 0x000000008c700000| Untracked 
| 114|0x000000008c800000, 0x000000008c800000, 0x000000008c900000|  0%| F|  |TAMS 0x000000008c800000, 0x000000008c800000| Untracked 
| 115|0x000000008c900000, 0x000000008c900000, 0x000000008ca00000|  0%| F|  |TAMS 0x000000008c900000, 0x000000008c900000| Untracked 
| 116|0x000000008ca00000, 0x000000008ca00000, 0x000000008cb00000|  0%| F|  |TAMS 0x000000008ca00000, 0x000000008ca00000| Untracked 
| 117|0x000000008cb00000, 0x000000008cb00000, 0x000000008cc00000|  0%| F|  |TAMS 0x000000008cb00000, 0x000000008cb00000| Untracked 
| 118|0x000000008cc00000, 0x000000008cc00000, 0x000000008cd00000|  0%| F|  |TAMS 0x000000008cc00000, 0x000000008cc00000| Untracked 
| 119|0x000000008cd00000, 0x000000008cd00000, 0x000000008ce00000|  0%| F|  |TAMS 0x000000008cd00000, 0x000000008cd00000| Untracked 
| 120|0x000000008ce00000, 0x000000008ce00000, 0x000000008cf00000|  0%| F|  |TAMS 0x000000008ce00000, 0x000000008ce00000| Untracked 
| 121|0x000000008cf00000, 0x000000008cf00000, 0x000000008d000000|  0%| F|  |TAMS 0x000000008cf00000, 0x000000008cf00000| Untracked 
| 122|0x000000008d000000, 0x000000008d000000, 0x000000008d100000|  0%| F|  |TAMS 0x000000008d000000, 0x000000008d000000| Untracked 
| 123|0x000000008d100000, 0x000000008d100000, 0x000000008d200000|  0%| F|  |TAMS 0x000000008d100000, 0x000000008d100000| Untracked 
| 124|0x000000008d200000, 0x000000008d200000, 0x000000008d300000|  0%| F|  |TAMS 0x000000008d200000, 0x000000008d200000| Untracked 
| 125|0x000000008d300000, 0x000000008d300000, 0x000000008d400000|  0%| F|  |TAMS 0x000000008d300000, 0x000000008d300000| Untracked 
| 126|0x000000008d400000, 0x000000008d400000, 0x000000008d500000|  0%| F|  |TAMS 0x000000008d400000, 0x000000008d400000| Untracked 
| 127|0x000000008d500000, 0x000000008d500000, 0x000000008d600000|  0%| F|  |TAMS 0x000000008d500000, 0x000000008d500000| Untracked 
| 128|0x000000008d600000, 0x000000008d600000, 0x000000008d700000|  0%| F|  |TAMS 0x000000008d600000, 0x000000008d600000| Untracked 
| 129|0x000000008d700000, 0x000000008d700000, 0x000000008d800000|  0%| F|  |TAMS 0x000000008d700000, 0x000000008d700000| Untracked 
| 130|0x000000008d800000, 0x000000008d800000, 0x000000008d900000|  0%| F|  |TAMS 0x000000008d800000, 0x000000008d800000| Untracked 
| 131|0x000000008d900000, 0x000000008d900000, 0x000000008da00000|  0%| F|  |TAMS 0x000000008d900000, 0x000000008d900000| Untracked 
| 132|0x000000008da00000, 0x000000008da00000, 0x000000008db00000|  0%| F|  |TAMS 0x000000008da00000, 0x000000008da00000| Untracked 
| 133|0x000000008db00000, 0x000000008db00000, 0x000000008dc00000|  0%| F|  |TAMS 0x000000008db00000, 0x000000008db00000| Untracked 
| 134|0x000000008dc00000, 0x000000008dc00000, 0x000000008dd00000|  0%| F|  |TAMS 0x000000008dc00000, 0x000000008dc00000| Untracked 
| 135|0x000000008dd00000, 0x000000008dd00000, 0x000000008de00000|  0%| F|  |TAMS 0x000000008dd00000, 0x000000008dd00000| Untracked 
| 136|0x000000008de00000, 0x000000008de00000, 0x000000008df00000|  0%| F|  |TAMS 0x000000008de00000, 0x000000008de00000| Untracked 
| 137|0x000000008df00000, 0x000000008df00000, 0x000000008e000000|  0%| F|  |TAMS 0x000000008df00000, 0x000000008df00000| Untracked 
| 138|0x000000008e000000, 0x000000008e000000, 0x000000008e100000|  0%| F|  |TAMS 0x000000008e000000, 0x000000008e000000| Untracked 
| 139|0x000000008e100000, 0x000000008e100000, 0x000000008e200000|  0%| F|  |TAMS 0x000000008e100000, 0x000000008e100000| Untracked 
| 140|0x000000008e200000, 0x000000008e200000, 0x000000008e300000|  0%| F|  |TAMS 0x000000008e200000, 0x000000008e200000| Untracked 
| 141|0x000000008e300000, 0x000000008e300000, 0x000000008e400000|  0%| F|  |TAMS 0x000000008e300000, 0x000000008e300000| Untracked 
| 142|0x000000008e400000, 0x000000008e400000, 0x000000008e500000|  0%| F|  |TAMS 0x000000008e400000, 0x000000008e400000| Untracked 
| 143|0x000000008e500000, 0x000000008e500000, 0x000000008e600000|  0%| F|  |TAMS 0x000000008e500000, 0x000000008e500000| Untracked 
| 144|0x000000008e600000, 0x000000008e600000, 0x000000008e700000|  0%| F|  |TAMS 0x000000008e600000, 0x000000008e600000| Untracked 
| 145|0x000000008e700000, 0x000000008e700000, 0x000000008e800000|  0%| F|  |TAMS 0x000000008e700000, 0x000000008e700000| Untracked 
| 146|0x000000008e800000, 0x000000008e800000, 0x000000008e900000|  0%| F|  |TAMS 0x000000008e800000, 0x000000008e800000| Untracked 
| 147|0x000000008e900000, 0x000000008e900000, 0x000000008ea00000|  0%| F|  |TAMS 0x000000008e900000, 0x000000008e900000| Untracked 
| 148|0x000000008ea00000, 0x000000008ea00000, 0x000000008eb00000|  0%| F|  |TAMS 0x000000008ea00000, 0x000000008ea00000| Untracked 
| 149|0x000000008eb00000, 0x000000008eb00000, 0x000000008ec00000|  0%| F|  |TAMS 0x000000008eb00000, 0x000000008eb00000| Untracked 
| 150|0x000000008ec00000, 0x000000008ec00000, 0x000000008ed00000|  0%| F|  |TAMS 0x000000008ec00000, 0x000000008ec00000| Untracked 
| 151|0x000000008ed00000, 0x000000008ed00000, 0x000000008ee00000|  0%| F|  |TAMS 0x000000008ed00000, 0x000000008ed00000| Untracked 
| 152|0x000000008ee00000, 0x000000008ee00000, 0x000000008ef00000|  0%| F|  |TAMS 0x000000008ee00000, 0x000000008ee00000| Untracked 
| 153|0x000000008ef00000, 0x000000008ef00000, 0x000000008f000000|  0%| F|  |TAMS 0x000000008ef00000, 0x000000008ef00000| Untracked 
| 154|0x000000008f000000, 0x000000008f000000, 0x000000008f100000|  0%| F|  |TAMS 0x000000008f000000, 0x000000008f000000| Untracked 
| 155|0x000000008f100000, 0x000000008f100000, 0x000000008f200000|  0%| F|  |TAMS 0x000000008f100000, 0x000000008f100000| Untracked 
| 156|0x000000008f200000, 0x000000008f200000, 0x000000008f300000|  0%| F|  |TAMS 0x000000008f200000, 0x000000008f200000| Untracked 
| 157|0x000000008f300000, 0x000000008f300000, 0x000000008f400000|  0%| F|  |TAMS 0x000000008f300000, 0x000000008f300000| Untracked 
| 158|0x000000008f400000, 0x000000008f400000, 0x000000008f500000|  0%| F|  |TAMS 0x000000008f400000, 0x000000008f400000| Untracked 
| 159|0x000000008f500000, 0x000000008f500000, 0x000000008f600000|  0%| F|  |TAMS 0x000000008f500000, 0x000000008f500000| Untracked 
| 160|0x000000008f600000, 0x000000008f600000, 0x000000008f700000|  0%| F|  |TAMS 0x000000008f600000, 0x000000008f600000| Untracked 
| 161|0x000000008f700000, 0x000000008f700000, 0x000000008f800000|  0%| F|  |TAMS 0x000000008f700000, 0x000000008f700000| Untracked 
| 162|0x000000008f800000, 0x000000008f800000, 0x000000008f900000|  0%| F|  |TAMS 0x000000008f800000, 0x000000008f800000| Untracked 
| 163|0x000000008f900000, 0x000000008f900000, 0x000000008fa00000|  0%| F|  |TAMS 0x000000008f900000, 0x000000008f900000| Untracked 
| 164|0x000000008fa00000, 0x000000008fa00000, 0x000000008fb00000|  0%| F|  |TAMS 0x000000008fa00000, 0x000000008fa00000| Untracked 
| 165|0x000000008fb00000, 0x000000008fb80800, 0x000000008fc00000| 50%| E|  |TAMS 0x000000008fb00000, 0x000000008fb00000| Complete 
| 166|0x000000008fc00000, 0x000000008fd00000, 0x000000008fd00000|100%| E|CS|TAMS 0x000000008fc00000, 0x000000008fc00000| Complete 
| 167|0x000000008fd00000, 0x000000008fe00000, 0x000000008fe00000|100%| E|CS|TAMS 0x000000008fd00000, 0x000000008fd00000| Complete 
| 168|0x000000008fe00000, 0x000000008ff00000, 0x000000008ff00000|100%| E|CS|TAMS 0x000000008fe00000, 0x000000008fe00000| Complete 
| 169|0x000000008ff00000, 0x0000000090000000, 0x0000000090000000|100%| E|CS|TAMS 0x000000008ff00000, 0x000000008ff00000| Complete 
| 170|0x0000000090000000, 0x0000000090100000, 0x0000000090100000|100%| E|CS|TAMS 0x0000000090000000, 0x0000000090000000| Complete 
| 171|0x0000000090100000, 0x0000000090200000, 0x0000000090200000|100%| E|CS|TAMS 0x0000000090100000, 0x0000000090100000| Complete 
| 172|0x0000000090200000, 0x0000000090300000, 0x0000000090300000|100%| E|CS|TAMS 0x0000000090200000, 0x0000000090200000| Complete 
| 173|0x0000000090300000, 0x0000000090400000, 0x0000000090400000|100%| E|CS|TAMS 0x0000000090300000, 0x0000000090300000| Complete 
| 174|0x0000000090400000, 0x0000000090500000, 0x0000000090500000|100%| E|CS|TAMS 0x0000000090400000, 0x0000000090400000| Complete 
| 175|0x0000000090500000, 0x0000000090600000, 0x0000000090600000|100%| E|CS|TAMS 0x0000000090500000, 0x0000000090500000| Complete 
| 176|0x0000000090600000, 0x0000000090700000, 0x0000000090700000|100%| E|CS|TAMS 0x0000000090600000, 0x0000000090600000| Complete 
| 177|0x0000000090700000, 0x0000000090800000, 0x0000000090800000|100%| E|CS|TAMS 0x0000000090700000, 0x0000000090700000| Complete 
| 178|0x0000000090800000, 0x0000000090900000, 0x0000000090900000|100%| E|CS|TAMS 0x0000000090800000, 0x0000000090800000| Complete 

Card table byte_map: [0x00000201d2630000,0x00000201d2a10000] _byte_map_base: 0x00000201d2205000

Marking Bits (Prev, Next): (CMBitMap*) 0x00000201ba7e0980, (CMBitMap*) 0x00000201ba7e0948
 Prev Bits: [0x00000201d4ca0000, 0x00000201d6b48000)
 Next Bits: [0x00000201d2df0000, 0x00000201d4c98000)

Polling page: 0x00000201b9f70000

Metaspace:

Usage:
  Non-class:     58.36 MB capacity,    57.82 MB (>99%) used,   436.41 KB ( <1%) free+waste,   119.06 KB ( <1%) overhead. 
      Class:      7.62 MB capacity,     7.28 MB ( 96%) used,   297.61 KB (  4%) free+waste,    52.19 KB ( <1%) overhead. 
       Both:     65.98 MB capacity,    65.10 MB ( 99%) used,   734.02 KB (  1%) free+waste,   171.25 KB ( <1%) overhead. 

Virtual space:
  Non-class space:       60.00 MB reserved,      58.45 MB ( 97%) committed 
      Class space:        1.00 GB reserved,       7.63 MB ( <1%) committed 
             Both:        1.06 GB reserved,      66.08 MB (  6%) committed 

Chunk freelists:
   Non-Class:  27.00 KB
       Class:  6.00 KB
        Both:  33.00 KB

MaxMetaspaceSize: 17179869184.00 GB
CompressedClassSpaceSize: 1.00 GB
Initial GC threshold: 20.80 MB
Current GC threshold: 98.88 MB
CDS: off

CodeHeap 'non-profiled nmethods': size=120000Kb used=5681Kb max_used=5681Kb free=114318Kb
 bounds [0x00000201ca9e0000, 0x00000201caf70000, 0x00000201d1f10000]
CodeHeap 'profiled nmethods': size=120000Kb used=29421Kb max_used=29421Kb free=90578Kb
 bounds [0x00000201c34b0000, 0x00000201c5170000, 0x00000201ca9e0000]
CodeHeap 'non-nmethods': size=5760Kb used=1313Kb max_used=1382Kb free=4446Kb
 bounds [0x00000201c2f10000, 0x00000201c3180000, 0x00000201c34b0000]
 total_blobs=10244 nmethods=9656 adapters=498
 compilation: enabled
              stopped_count=0, restarted_count=0
 full_count=0

Compilation events (20 events):
Event: 16.121 Thread 0x00000201d9edb800 9682       3       org.jetbrains.kotlin.resolve.calls.inference.components.TrivialConstraintTypeInferenceOracle::isNotInterestingConstraint (38 bytes)
Event: 16.122 Thread 0x00000201d9edb800 nmethod 9682 0x00000201c5157610 code [0x00000201c5157960, 0x00000201c5158b38]
Event: 16.122 Thread 0x00000201d9edb800 9684       3       kotlin.collections.CollectionsKt___CollectionsKt::take (171 bytes)
Event: 16.124 Thread 0x00000201d9edb800 nmethod 9684 0x00000201c5159190 code [0x00000201c5159600, 0x00000201c515b628]
Event: 16.124 Thread 0x00000201d9edb800 9685       3       org.jetbrains.kotlin.util.slicedMap.Slices$1::processRewrite (32 bytes)
Event: 16.125 Thread 0x00000201d9edb800 nmethod 9685 0x00000201c515c110 code [0x00000201c515c2e0, 0x00000201c515c658]
Event: 16.125 Thread 0x00000201d9edb800 9683       3       java.util.LinkedHashMap$LinkedEntrySet::size (8 bytes)
Event: 16.125 Thread 0x00000201d9edb800 nmethod 9683 0x00000201c515c790 code [0x00000201c515c940, 0x00000201c515ca58]
Event: 16.129 Thread 0x00000201d9f2b800 nmethod 9674 0x00000201caf6b090 code [0x00000201caf6b2a0, 0x00000201caf6bdb8]
Event: 16.129 Thread 0x00000201d9f2b800 9675       4       org.jetbrains.kotlin.resolve.calls.util.CallUtilKt::getResolvedCall (30 bytes)
Event: 16.142 Thread 0x00000201d9edb800 9687       3       org.jetbrains.kotlin.resolve.calls.model.ReceiverExpressionKotlinCallArgument::getReceiver (8 bytes)
Event: 16.142 Thread 0x00000201d9edb800 nmethod 9687 0x00000201c515cb10 code [0x00000201c515ccc0, 0x00000201c515cdd8]
Event: 16.144 Thread 0x00000201d9edb800 9688       3       org.jetbrains.kotlin.resolve.calls.inference.model.NewConstraintSystemImpl::isReified (23 bytes)
Event: 16.145 Thread 0x00000201d9edb800 nmethod 9688 0x00000201c515ce90 code [0x00000201c515d160, 0x00000201c515df18]
Event: 16.145 Thread 0x00000201d9edb800 9689       3       org.jetbrains.kotlin.resolve.calls.inference.components.ClassicConstraintSystemUtilContext::isReified (28 bytes)
Event: 16.145 Thread 0x00000201d9edb800 nmethod 9689 0x00000201c515e410 code [0x00000201c515e660, 0x00000201c515eef8]
Event: 16.145 Thread 0x00000201d9edb800 9690       3       org.jetbrains.kotlin.types.RangeUtilKt::getRangeOrProgressionElementType (588 bytes)
Event: 16.152 Thread 0x00000201d9edb800 nmethod 9690 0x00000201c515f190 code [0x00000201c51600c0, 0x00000201c51687d8]
Event: 16.153 Thread 0x00000201d9edb800 9691       3       org.jetbrains.kotlin.builtins.KotlinBuiltIns::getIntType (17 bytes)
Event: 16.153 Thread 0x00000201d9edb800 nmethod 9691 0x00000201c516ae10 code [0x00000201c516b020, 0x00000201c516b568]

GC Heap History (18 events):
Event: 0.833 GC heap before
{Heap before GC invocations=0 (full 0):
 garbage-first heap   total 126976K, used 27648K [0x0000000085600000, 0x0000000100000000)
  region size 1024K, 24 young (24576K), 0 survivors (0K)
 Metaspace       used 12399K, capacity 12504K, committed 12800K, reserved 1060864K
  class space    used 1150K, capacity 1207K, committed 1280K, reserved 1048576K
}
Event: 0.838 GC heap after
{Heap after GC invocations=1 (full 0):
 garbage-first heap   total 126976K, used 5859K [0x0000000085600000, 0x0000000100000000)
  region size 1024K, 3 young (3072K), 3 survivors (3072K)
 Metaspace       used 12399K, capacity 12504K, committed 12800K, reserved 1060864K
  class space    used 1150K, capacity 1207K, committed 1280K, reserved 1048576K
}
Event: 1.765 GC heap before
{Heap before GC invocations=1 (full 0):
 garbage-first heap   total 126976K, used 41699K [0x0000000085600000, 0x0000000100000000)
  region size 1024K, 39 young (39936K), 3 survivors (3072K)
 Metaspace       used 21018K, capacity 21182K, committed 21248K, reserved 1069056K
  class space    used 2215K, capacity 2280K, committed 2304K, reserved 1048576K
}
Event: 1.780 GC heap after
{Heap after GC invocations=2 (full 0):
 garbage-first heap   total 126976K, used 9216K [0x0000000085600000, 0x0000000100000000)
  region size 1024K, 6 young (6144K), 6 survivors (6144K)
 Metaspace       used 21018K, capacity 21182K, committed 21248K, reserved 1069056K
  class space    used 2215K, capacity 2280K, committed 2304K, reserved 1048576K
}
Event: 3.500 GC heap before
{Heap before GC invocations=3 (full 0):
 garbage-first heap   total 126976K, used 62464K [0x0000000085600000, 0x0000000100000000)
  region size 1024K, 53 young (54272K), 6 survivors (6144K)
 Metaspace       used 32399K, capacity 32889K, committed 33148K, reserved 1079296K
  class space    used 4024K, capacity 4214K, committed 4224K, reserved 1048576K
}
Event: 3.526 GC heap after
{Heap after GC invocations=4 (full 0):
 garbage-first heap   total 126976K, used 20350K [0x0000000085600000, 0x0000000100000000)
  region size 1024K, 7 young (7168K), 7 survivors (7168K)
 Metaspace       used 32399K, capacity 32889K, committed 33148K, reserved 1079296K
  class space    used 4024K, capacity 4214K, committed 4224K, reserved 1048576K
}
Event: 4.023 GC heap before
{Heap before GC invocations=4 (full 0):
 garbage-first heap   total 126976K, used 32638K [0x0000000085600000, 0x0000000100000000)
  region size 1024K, 20 young (20480K), 7 survivors (7168K)
 Metaspace       used 35428K, capacity 35849K, committed 36048K, reserved 1081344K
  class space    used 4341K, capacity 4538K, committed 4608K, reserved 1048576K
}
Event: 4.039 GC heap after
{Heap after GC invocations=5 (full 0):
 garbage-first heap   total 126976K, used 20279K [0x0000000085600000, 0x0000000100000000)
  region size 1024K, 2 young (2048K), 2 survivors (2048K)
 Metaspace       used 35428K, capacity 35849K, committed 36048K, reserved 1081344K
  class space    used 4341K, capacity 4538K, committed 4608K, reserved 1048576K
}
Event: 5.350 GC heap before
{Heap before GC invocations=6 (full 0):
 garbage-first heap   total 126976K, used 65335K [0x0000000085600000, 0x0000000100000000)
  region size 1024K, 46 young (47104K), 2 survivors (2048K)
 Metaspace       used 44930K, capacity 45408K, committed 45648K, reserved 1089536K
  class space    used 5283K, capacity 5477K, committed 5504K, reserved 1048576K
}
Event: 5.363 GC heap after
{Heap after GC invocations=7 (full 0):
 garbage-first heap   total 152576K, used 24157K [0x0000000085600000, 0x0000000100000000)
  region size 1024K, 6 young (6144K), 6 survivors (6144K)
 Metaspace       used 44930K, capacity 45408K, committed 45648K, reserved 1089536K
  class space    used 5283K, capacity 5477K, committed 5504K, reserved 1048576K
}
Event: 7.160 GC heap before
{Heap before GC invocations=7 (full 0):
 garbage-first heap   total 152576K, used 81501K [0x0000000085600000, 0x0000000100000000)
  region size 1024K, 59 young (60416K), 6 survivors (6144K)
 Metaspace       used 53816K, capacity 54456K, committed 54608K, reserved 1097728K
  class space    used 6392K, capacity 6660K, committed 6784K, reserved 1048576K
}
Event: 7.174 GC heap after
{Heap after GC invocations=8 (full 0):
 garbage-first heap   total 152576K, used 30082K [0x0000000085600000, 0x0000000100000000)
  region size 1024K, 4 young (4096K), 4 survivors (4096K)
 Metaspace       used 53816K, capacity 54456K, committed 54608K, reserved 1097728K
  class space    used 6392K, capacity 6660K, committed 6784K, reserved 1048576K
}
Event: 9.294 GC heap before
{Heap before GC invocations=8 (full 0):
 garbage-first heap   total 152576K, used 80258K [0x0000000085600000, 0x0000000100000000)
  region size 1024K, 54 young (55296K), 4 survivors (4096K)
 Metaspace       used 59730K, capacity 60475K, committed 60496K, reserved 1101824K
  class space    used 6972K, capacity 7290K, committed 7296K, reserved 1048576K
}
Event: 9.310 GC heap after
{Heap after GC invocations=9 (full 0):
 garbage-first heap   total 152576K, used 37738K [0x0000000085600000, 0x0000000100000000)
  region size 1024K, 8 young (8192K), 8 survivors (8192K)
 Metaspace       used 59730K, capacity 60475K, committed 60496K, reserved 1101824K
  class space    used 6972K, capacity 7290K, committed 7296K, reserved 1048576K
}
Event: 10.900 GC heap before
{Heap before GC invocations=10 (full 0):
 garbage-first heap   total 152576K, used 96106K [0x0000000085600000, 0x0000000100000000)
  region size 1024K, 65 young (66560K), 8 survivors (8192K)
 Metaspace       used 61683K, capacity 62474K, committed 62800K, reserved 1103872K
  class space    used 7137K, capacity 7465K, committed 7552K, reserved 1048576K
}
Event: 10.926 GC heap after
{Heap after GC invocations=11 (full 0):
 garbage-first heap   total 152576K, used 46543K [0x0000000085600000, 0x0000000100000000)
  region size 1024K, 9 young (9216K), 9 survivors (9216K)
 Metaspace       used 61683K, capacity 62474K, committed 62800K, reserved 1103872K
  class space    used 7137K, capacity 7465K, committed 7552K, reserved 1048576K
}
Event: 15.680 GC heap before
{Heap before GC invocations=11 (full 0):
 garbage-first heap   total 152576K, used 104911K [0x0000000085600000, 0x0000000100000000)
  region size 1024K, 65 young (66560K), 9 survivors (9216K)
 Metaspace       used 66467K, capacity 67298K, committed 67408K, reserved 1110016K
  class space    used 7444K, capacity 7800K, committed 7808K, reserved 1048576K
}
Event: 15.707 GC heap after
{Heap after GC invocations=12 (full 0):
 garbage-first heap   total 183296K, used 55227K [0x0000000085600000, 0x0000000100000000)
  region size 1024K, 8 young (8192K), 8 survivors (8192K)
 Metaspace       used 66467K, capacity 67298K, committed 67408K, reserved 1110016K
  class space    used 7444K, capacity 7800K, committed 7808K, reserved 1048576K
}

Deoptimization events (20 events):
Event: 15.657 Thread 0x00000201ba7a1000 Uncommon trap: trap_request=0xffffffde fr.pc=0x00000201caf380fc relative=0x0000000000001d1c
Event: 15.657 Thread 0x00000201ba7a1000 Uncommon trap: reason=class_check action=maybe_recompile pc=0x00000201caf380fc method=org.jetbrains.kotlin.types.KotlinTypeFactory.computeMemberScope(Lorg/jetbrains/kotlin/types/TypeConstructor;Ljava/util/List;Lorg/jetbrains/kotlin/types/checker/KotlinTyp
Event: 15.657 Thread 0x00000201ba7a1000 DEOPT PACKING pc=0x00000201caf380fc sp=0x000000d63eaf5ae0
Event: 15.658 Thread 0x00000201ba7a1000 DEOPT UNPACKING pc=0x00000201c2f185af sp=0x000000d63eaf5a38 mode 2
Event: 15.659 Thread 0x00000201ba7a1000 Uncommon trap: trap_request=0xffffffde fr.pc=0x00000201caf380fc relative=0x0000000000001d1c
Event: 15.659 Thread 0x00000201ba7a1000 Uncommon trap: reason=class_check action=maybe_recompile pc=0x00000201caf380fc method=org.jetbrains.kotlin.types.KotlinTypeFactory.computeMemberScope(Lorg/jetbrains/kotlin/types/TypeConstructor;Ljava/util/List;Lorg/jetbrains/kotlin/types/checker/KotlinTyp
Event: 15.659 Thread 0x00000201ba7a1000 DEOPT PACKING pc=0x00000201caf380fc sp=0x000000d63eaf5ae0
Event: 15.659 Thread 0x00000201ba7a1000 DEOPT UNPACKING pc=0x00000201c2f185af sp=0x000000d63eaf5a38 mode 2
Event: 15.665 Thread 0x00000201ba7a1000 DEOPT PACKING pc=0x00000201c3d580fc sp=0x000000d63eaf4a90
Event: 15.665 Thread 0x00000201ba7a1000 DEOPT UNPACKING pc=0x00000201c2f59d0e sp=0x000000d63eaf3f60 mode 0
Event: 15.667 Thread 0x00000201ba7a1000 Uncommon trap: trap_request=0xffffffde fr.pc=0x00000201caf380fc relative=0x0000000000001d1c
Event: 15.667 Thread 0x00000201ba7a1000 Uncommon trap: reason=class_check action=maybe_recompile pc=0x00000201caf380fc method=org.jetbrains.kotlin.types.KotlinTypeFactory.computeMemberScope(Lorg/jetbrains/kotlin/types/TypeConstructor;Ljava/util/List;Lorg/jetbrains/kotlin/types/checker/KotlinTyp
Event: 15.668 Thread 0x00000201ba7a1000 DEOPT PACKING pc=0x00000201caf380fc sp=0x000000d63eaf5a90
Event: 15.668 Thread 0x00000201ba7a1000 DEOPT UNPACKING pc=0x00000201c2f185af sp=0x000000d63eaf59e8 mode 2
Event: 15.763 Thread 0x00000201ba7a1000 Uncommon trap: trap_request=0xffffff4d fr.pc=0x00000201cae6f1b0 relative=0x0000000000003b10
Event: 15.764 Thread 0x00000201ba7a1000 Uncommon trap: reason=unstable_if action=reinterpret pc=0x00000201cae6f1b0 method=org.jetbrains.kotlin.types.TypeSubstitutor.unsafeSubstitute(Lorg/jetbrains/kotlin/types/TypeProjection;Lorg/jetbrains/kotlin/descriptors/TypeParameterDescriptor;I)Lorg/jetbr
Event: 15.767 Thread 0x00000201ba7a1000 DEOPT PACKING pc=0x00000201cae6f1b0 sp=0x000000d63eaf9480
Event: 15.772 Thread 0x00000201ba7a1000 DEOPT UNPACKING pc=0x00000201c2f185af sp=0x000000d63eaf9478 mode 2
Event: 16.014 Thread 0x00000201ba7a1000 DEOPT PACKING pc=0x00000201c47d3616 sp=0x000000d63eaf7830
Event: 16.014 Thread 0x00000201ba7a1000 DEOPT UNPACKING pc=0x00000201c2f59d0e sp=0x000000d63eaf6d38 mode 0

Classes redefined (0 events):
No events

Internal exceptions (20 events):
Event: 7.669 Thread 0x00000201ba7a1000 Exception <a 'java/lang/NoSuchMethodError'{0x000000008df27eb0}: 'java.lang.Object java.lang.invoke.Invokers$Holder.linkToTargetMethod(java.lang.Object, java.lang.Object, java.lang.Object, java.lang.Object, java.lang.Object, java.lang.Object, java.lang.Object, java.lang.Object)'> (0x000000008df27eb0) thrown at [./src/hotspot/share/interpreter/linkResolver.cpp, line 773]
Event: 7.890 Thread 0x00000201ba7a1000 Exception <a 'java/lang/NoSuchMethodError'{0x000000008dc22330}: 'java.lang.Object java.lang.invoke.Invokers$Holder.linkToTargetMethod(java.lang.Object, java.lang.Object, java.lang.Object, java.lang.Object, java.lang.Object, java.lang.Object)'> (0x000000008dc22330) thrown at [./src/hotspot/share/interpreter/linkResolver.cpp, line 773]
Event: 8.129 Thread 0x00000201ba7a1000 Implicit null exception at 0x00000201caa7cd75 to 0x00000201caa7cf48
Event: 8.164 Thread 0x00000201ba7a1000 Implicit null exception at 0x00000201cab149cc to 0x00000201cab14aa8
Event: 8.879 Thread 0x00000201ba7a1000 Implicit null exception at 0x00000201cabf6755 to 0x00000201cabf72b8
Event: 8.879 Thread 0x00000201ba7a1000 Implicit null exception at 0x00000201cabf482f to 0x00000201cabf485c
Event: 8.956 Thread 0x00000201ba7a1000 Exception <a 'java/lang/IncompatibleClassChangeError'{0x000000008c0a40e0}: Found class java.lang.Object, but interface was expected> (0x000000008c0a40e0) thrown at [./src/hotspot/share/interpreter/linkResolver.cpp, line 839]
Event: 9.049 Thread 0x00000201ba7a1000 Exception <a 'java/lang/NoSuchMethodError'{0x000000008beffbb8}: 'int java.lang.invoke.DirectMethodHandle$Holder.invokeInterface(java.lang.Object, java.lang.Object)'> (0x000000008beffbb8) thrown at [./src/hotspot/share/interpreter/linkResolver.cpp, line 773]
Event: 10.136 Thread 0x00000201ba7a1000 Exception <a 'java/lang/NoSuchMethodError'{0x000000008cb5f198}: 'java.lang.Object java.lang.invoke.DirectMethodHandle$Holder.invokeStatic(java.lang.Object, int, java.lang.Object, java.lang.Object)'> (0x000000008cb5f198) thrown at [./src/hotspot/share/interpreter/linkResolver.cpp, line 773]
Event: 10.137 Thread 0x00000201ba7a1000 Exception <a 'java/lang/NoSuchMethodError'{0x000000008cb66960}: 'java.lang.Object java.lang.invoke.DirectMethodHandle$Holder.invokeStatic(java.lang.Object, int, java.lang.Object)'> (0x000000008cb66960) thrown at [./src/hotspot/share/interpreter/linkResolver.cpp, line 773]
Event: 10.479 Thread 0x00000201ba7a1000 Implicit null exception at 0x00000201caa3f35e to 0x00000201caa3faca
Event: 10.479 Thread 0x00000201ba7a1000 Implicit null exception at 0x00000201caae99af to 0x00000201caae9a1d
Event: 10.529 Thread 0x00000201ba7a1000 Exception <a 'java/lang/NoSuchMethodError'{0x000000008bb7f1a8}: 'java.lang.Object java.lang.invoke.Invokers$Holder.linkToTargetMethod(java.lang.Object, java.lang.Object, java.lang.Object, int, int, java.lang.Object)'> (0x000000008bb7f1a8) thrown at [./src/hotspot/share/interpreter/linkResolver.cpp, line 773]
Event: 10.969 Thread 0x00000201ba7a1000 Implicit null exception at 0x00000201cacf13fc to 0x00000201cacf2570
Event: 11.240 Thread 0x00000201ba7a1000 Exception <a 'java/lang/NoSuchMethodError'{0x000000008e4ac288}: 'int java.lang.invoke.DirectMethodHandle$Holder.invokeStaticInit(java.lang.Object, int)'> (0x000000008e4ac288) thrown at [./src/hotspot/share/interpreter/linkResolver.cpp, line 773]
Event: 11.395 Thread 0x00000201ba7a1000 Implicit null exception at 0x00000201ca9fb777 to 0x00000201ca9fbc84
Event: 11.454 Thread 0x00000201ba7a1000 Implicit null exception at 0x00000201ca9fd574 to 0x00000201ca9fda54
Event: 11.688 Thread 0x00000201ba7a1000 Exception <a 'java/lang/NoSuchMethodError'{0x000000008db5b230}: 'java.lang.Object java.lang.invoke.DirectMethodHandle$Holder.invokeInterface(java.lang.Object, java.lang.Object, java.lang.Object)'> (0x000000008db5b230) thrown at [./src/hotspot/share/interpreter/linkResolver.cpp, line 773]
Event: 11.688 Thread 0x00000201ba7a1000 Exception <a 'java/lang/IncompatibleClassChangeError'{0x000000008db5e460}: Found class java.lang.Object, but interface was expected> (0x000000008db5e460) thrown at [./src/hotspot/share/interpreter/linkResolver.cpp, line 839]
Event: 11.709 Thread 0x00000201ba7a1000 Exception <a 'java/lang/NoSuchMethodError'{0x000000008dba2b00}: 'java.lang.Object java.lang.invoke.Invokers$Holder.linkToTargetMethod(java.lang.Object, java.lang.Object, java.lang.Object, java.lang.Object, java.lang.Object, java.lang.Object, java.lang.Object)'> (0x000000008dba2b00) thrown at [./src/hotspot/share/interpreter/linkResolver.cpp, line 773]

Events (20 events):
Event: 15.741 loading class org/jetbrains/kotlin/resolve/calls/tower/HiddenDescriptor
Event: 15.741 loading class org/jetbrains/kotlin/resolve/calls/tower/HiddenDescriptor done
Event: 15.922 loading class org/jetbrains/kotlin/resolve/calls/model/UnsafeCallError
Event: 15.922 loading class org/jetbrains/kotlin/resolve/calls/model/UnsafeCallError done
Event: 15.964 loading class org/jetbrains/kotlin/load/java/lazy/descriptors/LazyJavaClassMemberScope$nestedClasses$1$enumMemberNames$1
Event: 15.964 loading class org/jetbrains/kotlin/load/java/lazy/descriptors/LazyJavaClassMemberScope$nestedClasses$1$enumMemberNames$1 done
Event: 15.965 loading class org/jetbrains/kotlin/descriptors/impl/EnumEntrySyntheticClassDescriptor
Event: 15.965 loading class org/jetbrains/kotlin/descriptors/impl/EnumEntrySyntheticClassDescriptor done
Event: 15.967 loading class org/jetbrains/kotlin/descriptors/impl/EnumEntrySyntheticClassDescriptor$EnumEntryScope
Event: 15.967 loading class org/jetbrains/kotlin/descriptors/impl/EnumEntrySyntheticClassDescriptor$EnumEntryScope done
Event: 15.968 loading class org/jetbrains/kotlin/descriptors/impl/EnumEntrySyntheticClassDescriptor$EnumEntryScope$4
Event: 15.968 loading class org/jetbrains/kotlin/descriptors/impl/EnumEntrySyntheticClassDescriptor$EnumEntryScope$4 done
Event: 15.969 loading class org/jetbrains/kotlin/descriptors/impl/EnumEntrySyntheticClassDescriptor$EnumEntryScope$1
Event: 15.969 loading class org/jetbrains/kotlin/descriptors/impl/EnumEntrySyntheticClassDescriptor$EnumEntryScope$1 done
Event: 15.969 loading class org/jetbrains/kotlin/descriptors/impl/EnumEntrySyntheticClassDescriptor$EnumEntryScope$2
Event: 15.969 loading class org/jetbrains/kotlin/descriptors/impl/EnumEntrySyntheticClassDescriptor$EnumEntryScope$2 done
Event: 15.969 loading class org/jetbrains/kotlin/descriptors/impl/EnumEntrySyntheticClassDescriptor$EnumEntryScope$3
Event: 15.969 loading class org/jetbrains/kotlin/descriptors/impl/EnumEntrySyntheticClassDescriptor$EnumEntryScope$3 done
Event: 15.974 Executing VM operation: ICBufferFull
Event: 15.974 Executing VM operation: ICBufferFull done


Dynamic libraries:
0x00007ff762060000 - 0x00007ff76206d000 	C:\Program Files\Microsoft\jdk-11.0.18.10-hotspot\bin\java.exe
0x00007ffaeed90000 - 0x00007ffaeefa4000 	C:\WINDOWS\SYSTEM32\ntdll.dll
0x00007ffaeea90000 - 0x00007ffaeeb54000 	C:\WINDOWS\System32\KERNEL32.DLL
0x00007ffaec5c0000 - 0x00007ffaec964000 	C:\WINDOWS\System32\KERNELBASE.dll
0x00007ffaec420000 - 0x00007ffaec531000 	C:\WINDOWS\System32\ucrtbase.dll
0x00007ffac2b20000 - 0x00007ffac2b37000 	C:\Program Files\Microsoft\jdk-11.0.18.10-hotspot\bin\jli.dll
0x00007ffaee210000 - 0x00007ffaee3ba000 	C:\WINDOWS\System32\USER32.dll
0x00007ffac1c70000 - 0x00007ffac1c85000 	C:\Program Files\Microsoft\jdk-11.0.18.10-hotspot\bin\VCRUNTIME140.dll
0x00007ffacf840000 - 0x00007ffacfacf000 	C:\WINDOWS\WinSxS\amd64_microsoft.windows.common-controls_6595b64144ccf1df_6.0.22621.2070_none_2713e6537381f706\COMCTL32.dll
0x00007ffaeeca0000 - 0x00007ffaeed47000 	C:\WINDOWS\System32\msvcrt.dll
0x00007ffaec290000 - 0x00007ffaec2b6000 	C:\WINDOWS\System32\win32u.dll
0x00007ffaee130000 - 0x00007ffaee159000 	C:\WINDOWS\System32\GDI32.dll
0x00007ffaec170000 - 0x00007ffaec289000 	C:\WINDOWS\System32\gdi32full.dll
0x00007ffaec380000 - 0x00007ffaec41a000 	C:\WINDOWS\System32\msvcp_win.dll
0x00007ffaedd90000 - 0x00007ffaeddc1000 	C:\WINDOWS\System32\IMM32.DLL
0x00007ffab6f20000 - 0x00007ffab6fbb000 	C:\Program Files\Microsoft\jdk-11.0.18.10-hotspot\bin\msvcp140.dll
0x00007ffaae400000 - 0x00007ffaaef92000 	C:\Program Files\Microsoft\jdk-11.0.18.10-hotspot\bin\server\jvm.dll
0x00007ffaedfe0000 - 0x00007ffaee090000 	C:\WINDOWS\System32\ADVAPI32.dll
0x00007ffaee160000 - 0x00007ffaee206000 	C:\WINDOWS\System32\sechost.dll
0x00007ffaee840000 - 0x00007ffaee957000 	C:\WINDOWS\System32\RPCRT4.dll
0x00007ffaeec40000 - 0x00007ffaeec48000 	C:\WINDOWS\System32\PSAPI.DLL
0x00007ffae6040000 - 0x00007ffae6049000 	C:\WINDOWS\SYSTEM32\WSOCK32.dll
0x00007ffae0ec0000 - 0x00007ffae0ef4000 	C:\WINDOWS\SYSTEM32\WINMM.dll
0x00007ffaedf60000 - 0x00007ffaedfd1000 	C:\WINDOWS\System32\WS2_32.dll
0x00007ffae4c40000 - 0x00007ffae4c4a000 	C:\WINDOWS\SYSTEM32\VERSION.dll
0x00007ffaeb120000 - 0x00007ffaeb138000 	C:\WINDOWS\SYSTEM32\kernel.appcore.dll
0x00007ffad4e20000 - 0x00007ffad4e30000 	C:\Program Files\Microsoft\jdk-11.0.18.10-hotspot\bin\verify.dll
0x00007ffae9790000 - 0x00007ffae99be000 	C:\WINDOWS\SYSTEM32\DBGHELP.DLL
0x00007ffaed7f0000 - 0x00007ffaedb7a000 	C:\WINDOWS\System32\combase.dll
0x00007ffaedcb0000 - 0x00007ffaedd87000 	C:\WINDOWS\System32\OLEAUT32.dll
0x00007ffad4830000 - 0x00007ffad4862000 	C:\WINDOWS\SYSTEM32\dbgcore.DLL
0x00007ffaec540000 - 0x00007ffaec5ba000 	C:\WINDOWS\System32\bcryptPrimitives.dll
0x00007ffac1c40000 - 0x00007ffac1c68000 	C:\Program Files\Microsoft\jdk-11.0.18.10-hotspot\bin\java.dll
0x00007ffad2c50000 - 0x00007ffad2c5a000 	C:\Program Files\Microsoft\jdk-11.0.18.10-hotspot\bin\jimage.dll
0x00007ffac0b30000 - 0x00007ffac0b48000 	C:\Program Files\Microsoft\jdk-11.0.18.10-hotspot\bin\zip.dll
0x00007ffaecb50000 - 0x00007ffaed366000 	C:\WINDOWS\System32\SHELL32.dll
0x00007ffaea0f0000 - 0x00007ffaea9da000 	C:\WINDOWS\SYSTEM32\windows.storage.dll
0x00007ffae9fb0000 - 0x00007ffaea0ee000 	C:\WINDOWS\SYSTEM32\wintypes.dll
0x00007ffaede60000 - 0x00007ffaedf53000 	C:\WINDOWS\System32\SHCORE.dll
0x00007ffaee090000 - 0x00007ffaee0ee000 	C:\WINDOWS\System32\shlwapi.dll
0x00007ffaec0a0000 - 0x00007ffaec0c6000 	C:\WINDOWS\SYSTEM32\profapi.dll
0x00007ffac0b10000 - 0x00007ffac0b29000 	C:\Program Files\Microsoft\jdk-11.0.18.10-hotspot\bin\net.dll
0x00007ffae6060000 - 0x00007ffae6197000 	C:\WINDOWS\SYSTEM32\WINHTTP.dll
0x00007ffaeb5e0000 - 0x00007ffaeb649000 	C:\WINDOWS\system32\mswsock.dll
0x00007ffac0360000 - 0x00007ffac0373000 	C:\Program Files\Microsoft\jdk-11.0.18.10-hotspot\bin\nio.dll

dbghelp: loaded successfully - version: 4.0.5 - missing functions: none
symbol engine: initialized successfully - sym options: 0x614 - pdb path: .;C:\Program Files\Microsoft\jdk-11.0.18.10-hotspot\bin;C:\WINDOWS\SYSTEM32;C:\WINDOWS\WinSxS\amd64_microsoft.windows.common-controls_6595b64144ccf1df_6.0.22621.2070_none_2713e6537381f706;C:\Program Files\Microsoft\jdk-11.0.18.10-hotspot\bin\server

VM Arguments:
java_command: org.jetbrains.kotlin.cli.jvm.K2JVMCompiler @C:\Users\BUTA\Downloads\APPP-master\AwesomeProject\node_modules\react-native-safe-area-context\android\build\20230911_13765497315024410601.compiler.options
java_class_path (initial): C:\Users\BUTA\.gradle\caches\modules-2\files-2.1\org.jetbrains.kotlin\kotlin-compiler-embeddable\1.6.20\18f66cca4301c12893ebe4ef47d65c3d9d2bff9b\kotlin-compiler-embeddable-1.6.20.jar;C:\Users\BUTA\.gradle\caches\modules-2\files-2.1\org.jetbrains.kotlin\kotlin-reflect\1.6.20\669965154723f1a712e8677af0cc5470dfdab81c\kotlin-reflect-1.6.20.jar;C:\Users\BUTA\.gradle\caches\modules-2\files-2.1\org.jetbrains.kotlin\kotlin-stdlib\1.6.20\6cedc143badbb4f1c6b7f5a340b04edff1743208\kotlin-stdlib-1.6.20.jar;C:\Users\BUTA\.gradle\caches\modules-2\files-2.1\org.jetbrains.kotlin\kotlin-script-runtime\1.6.20\a115c367e0fd9c8909293b208689afca0c88a6f1\kotlin-script-runtime-1.6.20.jar;C:\Users\BUTA\.gradle\caches\modules-2\files-2.1\org.jetbrains.kotlin\kotlin-daemon-embeddable\1.6.20\d4cac343029f48f106c57f457384771165d7deb5\kotlin-daemon-embeddable-1.6.20.jar;C:\Users\BUTA\.gradle\caches\modules-2\files-2.1\org.jetbrains.intellij.deps\trove4j\1.0.20200330\3afb14d5f9ceb459d724e907a21145e8ff394f02\trove4j-1.0.20200330.jar;C:\Users\BUTA\.gradle\caches\modules-2\files-2.1\net.java.dev.jna\jna\5.6.0\330f2244e9030119ab3030fc3fededc86713d9cc\jna-5.6.0.jar;C:\Users\BUTA\.gradle\caches\modules-2\files-2.1\org.jetbrains.kotlin\kotlin-stdlib-common\1.6.20\27b4562b6713d70f458c6d7ea39aadacb8e6a92b\kotlin-stdlib-common-1.6.20.jar;C:\Users\BUTA\.gradle\caches\modules-2\files-2.1\org.jetbrains\annotations\13.0\919f0dfe192fb4e063e7dacadee7f8bb9a2672a9\annotations-13.0.jar
Launcher Type: SUN_STANDARD

[Global flags]
     intx CICompilerCount                          = 4                                         {product} {ergonomic}
     uint ConcGCThreads                            = 2                                         {product} {ergonomic}
     uint G1ConcRefinementThreads                  = 8                                         {product} {ergonomic}
   size_t G1HeapRegionSize                         = 1048576                                   {product} {ergonomic}
    uintx GCDrainStackTargetSize                   = 64                                        {product} {ergonomic}
   size_t InitialHeapSize                          = 130023424                                 {product} {ergonomic}
   size_t MarkStackSize                            = 4194304                                   {product} {ergonomic}
   size_t MaxHeapSize                              = 2057306112                                {product} {ergonomic}
   size_t MaxNewSize                               = 1234173952                                {product} {ergonomic}
   size_t MinHeapDeltaBytes                        = 1048576                                   {product} {ergonomic}
    uintx NonNMethodCodeHeapSize                   = 5836300                                {pd product} {ergonomic}
    uintx NonProfiledCodeHeapSize                  = 122910970                              {pd product} {ergonomic}
    uintx ProfiledCodeHeapSize                     = 122910970                              {pd product} {ergonomic}
    uintx ReservedCodeCacheSize                    = 251658240                              {pd product} {ergonomic}
     bool SegmentedCodeCache                       = true                                      {product} {ergonomic}
     bool UseCompressedClassPointers               = true                                 {lp64_product} {ergonomic}
     bool UseCompressedOops                        = true                                 {lp64_product} {ergonomic}
     bool UseG1GC                                  = true                                      {product} {ergonomic}
     bool UseLargePagesIndividualAllocation        = false                                  {pd product} {ergonomic}

Logging:
Log output configuration:
 #0: stdout all=warning uptime,level,tags
 #1: stderr all=off uptime,level,tags

Environment Variables:
JAVA_HOME=C:\Program Files\Microsoft\jdk-11.0.18.10-hotspot\
CLASSPATH=C:\Users\BUTA\Downloads\APPP-master\AwesomeProject\android\\gradle\wrapper\gradle-wrapper.jar
PATH=C:\Users\BUTA\Downloads\APPP-master\AwesomeProject\node_modules\.bin;C:\Users\BUTA\Downloads\APPP-master\AwesomeProject\node_modules\.bin;C:\Users\BUTA\Downloads\APPP-master\node_modules\.bin;C:\Users\BUTA\Downloads\node_modules\.bin;C:\Users\BUTA\node_modules\.bin;C:\Users\node_modules\.bin;C:\node_modules\.bin;C:\Program Files\nodejs\node_modules\npm\node_modules\@npmcli\run-script\lib\node-gyp-bin;C:\Program Files\Google\Chrome\Application;C:\Program Files (x86)\VMware\VMware Player\bin\;C:\Program Files\Microsoft\jdk-11.0.18.10-hotspot\bin;C:\WINDOWS\system32;C:\WINDOWS;C:\WINDOWS\System32\Wbem;C:\WINDOWS\System32\WindowsPowerShell\v1.0\;C:\WINDOWS\System32\OpenSSH\;C:\ProgramData\chocolatey\bin;C:\Program Files\nodejs\;C:\Users\BUTA\AppData\Local\Android\Sdk;D:\programs\MySQL;C:\Program Files\Git\cmd;C:\Program Files\Microsoft SQL Server\150\Tools\Binn\;C:\Program Files\Microsoft SQL Server\Client SDK\ODBC\170\Tools\Binn\;C:\Program Files\dotnet\;C:\Program Files (x86)\Microsoft SQL Server\160\Tools\Binn\;C:\Program Files\Microsoft SQL Server\160\Tools\Binn\;C:\Program Files\Microsoft SQL Server\160\DTS\Binn\;C:\Program Files (x86)\Microsoft SQL Server\160\DTS\Binn\;C:\Program Files\Azure Data Studio\bin;C:\Users\BUTA\AppData\Local\Android\Sdk\platform-tools;C:\Users\BUTA\AppData\Local\Android\Sdk\tools;C:\Users\BUTA\AppData\Local\Microsoft\WindowsApps;C:\Users\BUTA\AppData\Roaming\npm;C:\Users\BUTA\AppData\Local\Programs\Microsoft VS Code\bin;C:\Program Files\Oracle\VirtualBox;
USERNAME=BUTA
LANG=en_US.UTF-8
OS=Windows_NT
PROCESSOR_IDENTIFIER=Intel64 Family 6 Model 140 Stepping 1, GenuineIntel
TMP=C:\Users\BUTA\AppData\Local\Temp
TEMP=C:\Users\BUTA\AppData\Local\Temp



---------------  S Y S T E M  ---------------

OS: Windows 11 , 64 bit Build 22621 (10.0.22621.2070)
OS uptime: 0 days 1:38 hours
Hyper-V role detected

CPU:total 8 (initial active 8) (4 cores per cpu, 2 threads per core) family 6 model 140 stepping 1 microcode 0xac, cmov, cx8, fxsr, mmx, sse, sse2, sse3, ssse3, sse4.1, sse4.2, popcnt, avx, avx2, aes, clmul, erms, 3dnowpref, lzcnt, ht, tsc, tscinvbit, bmi1, bmi2, adx, evex, sha, fma

Memory: 4k page, system-wide physical 7847M (361M free)
TotalPageFile size 16984M (AvailPageFile size 5M)
current process WorkingSet (physical memory assigned to process): 337M, peak: 338M
current process commit charge ("private bytes"): 414M, peak: 417M

vm_info: OpenJDK 64-Bit Server VM (11.0.18+10-LTS) for windows-amd64 JRE (11.0.18+10-LTS), built on Jan 18 2023 15:56:47 by "MicrosoftCorporation" with MS VC++ 15.9 (VS2017)

END.
