#
# There is insufficient memory for the Java Runtime Environment to continue.
# Native memory allocation (malloc) failed to allocate 1034976 bytes for Chunk::new
# Possible reasons:
#   The system is out of physical RAM or swap space
#   The process is running with CompressedOops enabled, and the Java Heap may be blocking the growth of the native heap
# Possible solutions:
#   Reduce memory load on the system
#   Increase physical memory or swap space
#   Check if swap backing store is full
#   Decrease Java heap size (-Xmx/-Xms)
#   Decrease number of Java threads
#   Decrease Java thread stack sizes (-Xss)
#   Set larger code cache with -XX:ReservedCodeCacheSize=
#   JVM is running with Zero Based Compressed Oops mode in which the Java heap is
#     placed in the first 32GB address space. The Java Heap base address is the
#     maximum limit for the native heap growth. Please use -XX:HeapBaseMinAddress
#     to set the Java Heap base and to place the Java Heap above 32GB virtual address.
# This output file may be truncated or incomplete.
#
#  Out of Memory Error (./src/hotspot/share/memory/arena.cpp:197), pid=4156, tid=17896
#
# JRE version: OpenJDK Runtime Environment Microsoft-7208460 (11.0.18+10) (build 11.0.18+10-LTS)
# Java VM: OpenJDK 64-Bit Server VM Microsoft-7208460 (11.0.18+10-LTS, mixed mode, tiered, compressed oops, g1 gc, windows-amd64)
# No core dump will be written. Minidumps are not enabled by default on client versions of Windows
#

---------------  S U M M A R Y ------------

Command Line: --add-opens=java.base/java.util=ALL-UNNAMED --add-opens=java.base/java.lang=ALL-UNNAMED --add-opens=java.base/java.lang.invoke=ALL-UNNAMED --add-opens=java.base/java.util=ALL-UNNAMED --add-opens=java.prefs/java.util.prefs=ALL-UNNAMED --add-opens=java.prefs/java.util.prefs=ALL-UNNAMED --add-opens=java.base/java.nio.charset=ALL-UNNAMED --add-opens=java.base/java.net=ALL-UNNAMED --add-opens=java.base/java.util.concurrent.atomic=ALL-UNNAMED -Xmx4096m -Dfile.encoding=windows-1252 -Duser.country=US -Duser.language=en -Duser.variant org.gradle.launcher.daemon.bootstrap.GradleDaemon 7.5

Host: 11th Gen Intel(R) Core(TM) i5-1135G7 @ 2.40GHz, 8 cores, 7G,  Windows 11 , 64 bit Build 22621 (10.0.22621.2070)
Time: Wed Aug 16 16:38:17 2023 Azerbaijan Standard Time elapsed time: 53.864373 seconds (0d 0h 0m 53s)

---------------  T H R E A D  ---------------

Current thread (0x0000017c7f46e800):  JavaThread "C2 CompilerThread0" daemon [_thread_in_native, id=17896, stack(0x0000000b1dc00000,0x0000000b1dd00000)]


Current CompileTask:
C2:  53864 9135       4       com.sun.beans.TypeResolver::resolve (37 bytes)

Stack: [0x0000000b1dc00000,0x0000000b1dd00000]
Native frames: (J=compiled Java code, j=interpreted, Vv=VM code, C=native code)
V  [jvm.dll+0x62bf8a]
V  [jvm.dll+0x7b8fb9]
V  [jvm.dll+0x7ba6a8]
V  [jvm.dll+0x7bad83]
V  [jvm.dll+0x250248]
V  [jvm.dll+0xc260c]
V  [jvm.dll+0xc2bcc]
V  [jvm.dll+0x2c4e64]
V  [jvm.dll+0x533dcc]
V  [jvm.dll+0x208c26]
V  [jvm.dll+0x20ad9f]
V  [jvm.dll+0x2083eb]
V  [jvm.dll+0x18a4b1]
V  [jvm.dll+0x217eec]
V  [jvm.dll+0x21612b]
V  [jvm.dll+0x77bac0]
V  [jvm.dll+0x7749f4]
V  [jvm.dll+0x62adf5]
C  [ucrtbase.dll+0x29363]
C  [KERNEL32.DLL+0x126ad]
C  [ntdll.dll+0x5aa68]


---------------  P R O C E S S  ---------------

Threads class SMR info:
_java_thread_list=0x0000017c0d235e50, length=134, elements={
0x0000017c60ea4800, 0x0000017c7f411800, 0x0000017c7f41c000, 0x0000017c7f468000,
0x0000017c7f469000, 0x0000017c7f46a000, 0x0000017c7f46e800, 0x0000017c7f47d800,
0x0000017c7f4e3800, 0x0000017c7f5ea000, 0x0000017c09a01000, 0x0000017c0877b000,
0x0000017c0a1a6800, 0x0000017c09761800, 0x0000017c09ba5800, 0x0000017c08991800,
0x0000017c08992800, 0x0000017c098ea800, 0x0000017c09f49000, 0x0000017c09460000,
0x0000017c099c1800, 0x0000017c099c0800, 0x0000017c099bf000, 0x0000017c099c0000,
0x0000017c0a88f800, 0x0000017c0a88a800, 0x0000017c0a889800, 0x0000017c0a88c000,
0x0000017c0a88d000, 0x0000017c0a88b800, 0x0000017c0a88e000, 0x0000017c0a890800,
0x0000017c0a891000, 0x0000017c0a894800, 0x0000017c0a88e800, 0x0000017c0a895000,
0x0000017c0a896000, 0x0000017c0a898800, 0x0000017c0a897000, 0x0000017c0a897800,
0x0000017c0d4e0000, 0x0000017c0d4e3000, 0x0000017c0d4de800, 0x0000017c0d4df000,
0x0000017c0d4e5000, 0x0000017c0d4e1800, 0x0000017c0d4e2800, 0x0000017c0d4e6800,
0x0000017c0d4e0800, 0x0000017c0d4e7800, 0x0000017c0d4e8000, 0x0000017c0d4e5800,
0x0000017c0d4e9000, 0x0000017c0d4e9800, 0x0000017c0d4e4000, 0x0000017c0d4eb800,
0x0000017c0d4ea800, 0x0000017c0d4ec000, 0x0000017c0d4ed000, 0x0000017c0cf58800,
0x0000017c0cf5d800, 0x0000017c0cf5a000, 0x0000017c0cf5b000, 0x0000017c0cf5f000,
0x0000017c0cf5e000, 0x0000017c0cf59800, 0x0000017c0cf5c000, 0x0000017c0cf62800,
0x0000017c0cf5c800, 0x0000017c0cf60800, 0x0000017c0cf61800, 0x0000017c0cf63000,
0x0000017c0cf64000, 0x0000017c0cf67000, 0x0000017c0cf65000, 0x0000017c0cf65800,
0x0000017c0cf66800, 0x0000017c0f32e000, 0x0000017c0f32f800, 0x0000017c0f332000,
0x0000017c0f32e800, 0x0000017c0f333000, 0x0000017c0f334800, 0x0000017c0f336000,
0x0000017c0f330800, 0x0000017c0f333800, 0x0000017c0f335800, 0x0000017c0f331000,
0x0000017c0f33a000, 0x0000017c0f33c800, 0x0000017c0f33b000, 0x0000017c0f339800,
0x0000017c0f33c000, 0x0000017c0f337000, 0x0000017c0f337800, 0x0000017c0f338800,
0x0000017c08204800, 0x0000017c08205000, 0x0000017c08206000, 0x0000017c08208800,
0x0000017c08209000, 0x0000017c08206800, 0x0000017c08207800, 0x0000017c08203800,
0x0000017c0820b800, 0x0000017c0820d800, 0x0000017c0820f000, 0x0000017c0820e000,
0x0000017c0820b000, 0x0000017c0820f800, 0x0000017c0820a000, 0x0000017c08212000,
0x0000017c08210800, 0x0000017c08211800, 0x0000017c0820c800, 0x0000017c0b1a1000,
0x0000017c0b1a3800, 0x0000017c0b1a1800, 0x0000017c0b1a2800, 0x0000017c0b1a0000,
0x0000017c0b1a4000, 0x0000017c0b1a5000, 0x0000017c0b19f800, 0x0000017c0b1ab800,
0x0000017c0b1a6000, 0x0000017c0b1a8800, 0x0000017c0b1a7800, 0x0000017c0b1ac800,
0x0000017c0b1a6800, 0x0000017c0b1a9000, 0x0000017c0b1aa000, 0x0000017c0b1ad000,
0x0000017c0b1aa800, 0x0000017c7f47a000
}

Java Threads: ( => current thread )
  0x0000017c60ea4800 JavaThread "main" [_thread_blocked, id=7416, stack(0x0000000b1d000000,0x0000000b1d100000)]
  0x0000017c7f411800 JavaThread "Reference Handler" daemon [_thread_blocked, id=13984, stack(0x0000000b1d700000,0x0000000b1d800000)]
  0x0000017c7f41c000 JavaThread "Finalizer" daemon [_thread_blocked, id=15576, stack(0x0000000b1d800000,0x0000000b1d900000)]
  0x0000017c7f468000 JavaThread "Signal Dispatcher" daemon [_thread_blocked, id=2140, stack(0x0000000b1d900000,0x0000000b1da00000)]
  0x0000017c7f469000 JavaThread "Attach Listener" daemon [_thread_blocked, id=10872, stack(0x0000000b1da00000,0x0000000b1db00000)]
  0x0000017c7f46a000 JavaThread "Service Thread" daemon [_thread_blocked, id=4992, stack(0x0000000b1db00000,0x0000000b1dc00000)]
=>0x0000017c7f46e800 JavaThread "C2 CompilerThread0" daemon [_thread_in_native, id=17896, stack(0x0000000b1dc00000,0x0000000b1dd00000)]
  0x0000017c7f47d800 JavaThread "C1 CompilerThread0" daemon [_thread_blocked, id=13032, stack(0x0000000b1dd00000,0x0000000b1de00000)]
  0x0000017c7f4e3800 JavaThread "Sweeper thread" daemon [_thread_blocked, id=9380, stack(0x0000000b1de00000,0x0000000b1df00000)]
  0x0000017c7f5ea000 JavaThread "Common-Cleaner" daemon [_thread_blocked, id=4416, stack(0x0000000b1df00000,0x0000000b1e000000)]
  0x0000017c09a01000 JavaThread "Daemon health stats" [_thread_blocked, id=14384, stack(0x0000000b1e400000,0x0000000b1e500000)]
  0x0000017c0877b000 JavaThread "Incoming local TCP Connector on port 50765" [_thread_in_native, id=16116, stack(0x0000000b1e100000,0x0000000b1e200000)]
  0x0000017c0a1a6800 JavaThread "Daemon periodic checks" [_thread_blocked, id=14720, stack(0x0000000b1e300000,0x0000000b1e400000)]
  0x0000017c09761800 JavaThread "Daemon" [_thread_blocked, id=12772, stack(0x0000000b1e500000,0x0000000b1e600000)]
  0x0000017c09ba5800 JavaThread "Handler for socket connection from /127.0.0.1:50765 to /127.0.0.1:50766" [_thread_in_native, id=15512, stack(0x0000000b1e600000,0x0000000b1e700000)]
  0x0000017c08991800 JavaThread "Cancel handler" [_thread_blocked, id=15960, stack(0x0000000b1e700000,0x0000000b1e800000)]
  0x0000017c08992800 JavaThread "Daemon worker" [_thread_in_native, id=5572, stack(0x0000000b1e800000,0x0000000b1e900000)]
  0x0000017c098ea800 JavaThread "Asynchronous log dispatcher for DefaultDaemonConnection: socket connection from /127.0.0.1:50765 to /127.0.0.1:50766" [_thread_blocked, id=16712, stack(0x0000000b1e900000,0x0000000b1ea00000)]
  0x0000017c09f49000 JavaThread "Stdin handler" [_thread_blocked, id=6760, stack(0x0000000b1ea00000,0x0000000b1eb00000)]
  0x0000017c09460000 JavaThread "Daemon client event forwarder" [_thread_blocked, id=14208, stack(0x0000000b1eb00000,0x0000000b1ec00000)]
  0x0000017c099c1800 JavaThread "Cache worker for journal cache (C:\Users\BUTA\.gradle\caches\journal-1)" [_thread_blocked, id=8500, stack(0x0000000b1f200000,0x0000000b1f300000)]
  0x0000017c099c0800 JavaThread "File lock request listener" [_thread_in_native, id=6572, stack(0x0000000b1f300000,0x0000000b1f400000)]
  0x0000017c099bf000 JavaThread "Cache worker for file hash cache (C:\Users\BUTA\.gradle\caches\7.5\fileHashes)" [_thread_blocked, id=9868, stack(0x0000000b1f400000,0x0000000b1f500000)]
  0x0000017c099c0000 JavaThread "File watcher server" daemon [_thread_in_native, id=3204, stack(0x0000000b1f800000,0x0000000b1f900000)]
  0x0000017c0a88f800 JavaThread "File watcher consumer" daemon [_thread_blocked, id=8072, stack(0x0000000b1f900000,0x0000000b1fa00000)]
  0x0000017c0a88a800 JavaThread "Cache worker for checksums cache (C:\Users\BUTA\OneDrive\Desktop\isMobileApp\AwesomeProject\android\.gradle\7.5\checksums)" [_thread_blocked, id=16552, stack(0x0000000b1f600000,0x0000000b1f700000)]
  0x0000017c0a889800 JavaThread "Cache worker for cache directory md-rule (C:\Users\BUTA\.gradle\caches\7.5\md-rule)" [_thread_blocked, id=12688, stack(0x0000000b1f700000,0x0000000b1f800000)]
  0x0000017c0a88c000 JavaThread "Cache worker for file content cache (C:\Users\BUTA\.gradle\caches\7.5\fileContent)" [_thread_blocked, id=9424, stack(0x0000000b1fa00000,0x0000000b1fb00000)]
  0x0000017c0a88d000 JavaThread "Cache worker for file hash cache (C:\Users\BUTA\OneDrive\Desktop\isMobileApp\AwesomeProject\android\.gradle\7.5\fileHashes)" [_thread_blocked, id=16428, stack(0x0000000b1fc00000,0x0000000b1fd00000)]
  0x0000017c0a88b800 JavaThread "Cache worker for cache directory md-supplier (C:\Users\BUTA\.gradle\caches\7.5\md-supplier)" [_thread_blocked, id=5424, stack(0x0000000b1fd00000,0x0000000b1fe00000)]
  0x0000017c0a88e000 JavaThread "Cache worker for execution history cache (C:\Users\BUTA\.gradle\caches\7.5\executionHistory)" [_thread_blocked, id=14552, stack(0x0000000b1fe00000,0x0000000b1ff00000)]
  0x0000017c0a890800 JavaThread "jar transforms" [_thread_blocked, id=12028, stack(0x0000000b20000000,0x0000000b20100000)]
  0x0000017c0a891000 JavaThread "jar transforms Thread 2" [_thread_blocked, id=16796, stack(0x0000000b20100000,0x0000000b20200000)]
  0x0000017c0a894800 JavaThread "jar transforms Thread 3" [_thread_blocked, id=14416, stack(0x0000000b20200000,0x0000000b20300000)]
  0x0000017c0a88e800 JavaThread "jar transforms Thread 4" [_thread_blocked, id=14748, stack(0x0000000b20300000,0x0000000b20400000)]
  0x0000017c0a895000 JavaThread "Cache worker for kotlin-dsl (C:\Users\BUTA\.gradle\caches\7.5\kotlin-dsl)" [_thread_blocked, id=336, stack(0x0000000b20400000,0x0000000b20500000)]
  0x0000017c0a896000 JavaThread "jar transforms Thread 5" [_thread_blocked, id=17620, stack(0x0000000b20500000,0x0000000b20600000)]
  0x0000017c0a898800 JavaThread "jar transforms Thread 6" [_thread_blocked, id=17272, stack(0x0000000b20600000,0x0000000b20700000)]
  0x0000017c0a897000 JavaThread "Cache worker for dependencies-accessors (C:\Users\BUTA\OneDrive\Desktop\isMobileApp\AwesomeProject\android\.gradle\7.5\dependencies-accessors)" [_thread_blocked, id=7816, stack(0x0000000b20700000,0x0000000b20800000)]
  0x0000017c0a897800 JavaThread "Cache worker for Build Output Cleanup Cache (C:\Users\BUTA\OneDrive\Desktop\isMobileApp\AwesomeProject\node_modules\@react-native\gradle-plugin\.gradle\buildOutputCleanup)" [_thread_blocked, id=1392, stack(0x0000000b20800000,0x0000000b20900000)]
  0x0000017c0d4e0000 JavaThread "jar transforms Thread 7" [_thread_blocked, id=8860, stack(0x0000000b20900000,0x0000000b20a00000)]
  0x0000017c0d4e3000 JavaThread "Unconstrained build operations" [_thread_blocked, id=17836, stack(0x0000000b20a00000,0x0000000b20b00000)]
  0x0000017c0d4de800 JavaThread "Unconstrained build operations Thread 2" [_thread_blocked, id=8976, stack(0x0000000b20b00000,0x0000000b20c00000)]
  0x0000017c0d4df000 JavaThread "Unconstrained build operations Thread 3" [_thread_blocked, id=9672, stack(0x0000000b20c00000,0x0000000b20d00000)]
  0x0000017c0d4e5000 JavaThread "Unconstrained build operations Thread 4" [_thread_blocked, id=15600, stack(0x0000000b20d00000,0x0000000b20e00000)]
  0x0000017c0d4e1800 JavaThread "Unconstrained build operations Thread 5" [_thread_blocked, id=13332, stack(0x0000000b20e00000,0x0000000b20f00000)]
  0x0000017c0d4e2800 JavaThread "Unconstrained build operations Thread 6" [_thread_blocked, id=8028, stack(0x0000000b20f00000,0x0000000b21000000)]
  0x0000017c0d4e6800 JavaThread "Unconstrained build operations Thread 7" [_thread_blocked, id=7332, stack(0x0000000b21000000,0x0000000b21100000)]
  0x0000017c0d4e0800 JavaThread "Unconstrained build operations Thread 8" [_thread_blocked, id=8852, stack(0x0000000b21100000,0x0000000b21200000)]
  0x0000017c0d4e7800 JavaThread "Unconstrained build operations Thread 9" [_thread_blocked, id=9392, stack(0x0000000b21200000,0x0000000b21300000)]
  0x0000017c0d4e8000 JavaThread "Unconstrained build operations Thread 10" [_thread_blocked, id=3104, stack(0x0000000b21300000,0x0000000b21400000)]
  0x0000017c0d4e5800 JavaThread "Unconstrained build operations Thread 11" [_thread_blocked, id=17428, stack(0x0000000b21400000,0x0000000b21500000)]
  0x0000017c0d4e9000 JavaThread "Unconstrained build operations Thread 12" [_thread_blocked, id=11068, stack(0x0000000b21500000,0x0000000b21600000)]
  0x0000017c0d4e9800 JavaThread "Unconstrained build operations Thread 13" [_thread_blocked, id=6512, stack(0x0000000b21600000,0x0000000b21700000)]
  0x0000017c0d4e4000 JavaThread "Unconstrained build operations Thread 14" [_thread_blocked, id=14460, stack(0x0000000b21700000,0x0000000b21800000)]
  0x0000017c0d4eb800 JavaThread "Unconstrained build operations Thread 15" [_thread_blocked, id=16032, stack(0x0000000b21800000,0x0000000b21900000)]
  0x0000017c0d4ea800 JavaThread "Unconstrained build operations Thread 16" [_thread_blocked, id=1904, stack(0x0000000b21900000,0x0000000b21a00000)]
  0x0000017c0d4ec000 JavaThread "Unconstrained build operations Thread 17" [_thread_blocked, id=10828, stack(0x0000000b21a00000,0x0000000b21b00000)]
  0x0000017c0d4ed000 JavaThread "Unconstrained build operations Thread 18" [_thread_blocked, id=14908, stack(0x0000000b21b00000,0x0000000b21c00000)]
  0x0000017c0cf58800 JavaThread "Unconstrained build operations Thread 19" [_thread_blocked, id=7608, stack(0x0000000b21c00000,0x0000000b21d00000)]
  0x0000017c0cf5d800 JavaThread "Unconstrained build operations Thread 20" [_thread_blocked, id=3088, stack(0x0000000b21d00000,0x0000000b21e00000)]
  0x0000017c0cf5a000 JavaThread "Unconstrained build operations Thread 21" [_thread_blocked, id=5040, stack(0x0000000b21e00000,0x0000000b21f00000)]
  0x0000017c0cf5b000 JavaThread "Unconstrained build operations Thread 22" [_thread_blocked, id=12012, stack(0x0000000b21f00000,0x0000000b22000000)]
  0x0000017c0cf5f000 JavaThread "Unconstrained build operations Thread 23" [_thread_blocked, id=2216, stack(0x0000000b22000000,0x0000000b22100000)]
  0x0000017c0cf5e000 JavaThread "Unconstrained build operations Thread 24" [_thread_blocked, id=11708, stack(0x0000000b22100000,0x0000000b22200000)]
  0x0000017c0cf59800 JavaThread "Unconstrained build operations Thread 25" [_thread_blocked, id=13856, stack(0x0000000b22200000,0x0000000b22300000)]
  0x0000017c0cf5c000 JavaThread "Unconstrained build operations Thread 26" [_thread_blocked, id=18020, stack(0x0000000b22300000,0x0000000b22400000)]
  0x0000017c0cf62800 JavaThread "jar transforms Thread 8" [_thread_blocked, id=2428, stack(0x0000000b22400000,0x0000000b22500000)]
  0x0000017c0cf5c800 JavaThread "Memory manager" [_thread_blocked, id=11636, stack(0x0000000b22500000,0x0000000b22600000)]
  0x0000017c0cf60800 JavaThread "Cache worker for Build Output Cleanup Cache (C:\Users\BUTA\OneDrive\Desktop\isMobileApp\AwesomeProject\android\.gradle\buildOutputCleanup)" [_thread_blocked, id=3712, stack(0x0000000b22600000,0x0000000b22700000)]
  0x0000017c0cf61800 JavaThread "included builds" [_thread_blocked, id=15832, stack(0x0000000b22700000,0x0000000b22800000)]
  0x0000017c0cf63000 JavaThread "Execution worker" [_thread_blocked, id=9444, stack(0x0000000b22800000,0x0000000b22900000)]
  0x0000017c0cf64000 JavaThread "Execution worker Thread 2" [_thread_blocked, id=16256, stack(0x0000000b22900000,0x0000000b22a00000)]
  0x0000017c0cf67000 JavaThread "Execution worker Thread 3" [_thread_blocked, id=10212, stack(0x0000000b22a00000,0x0000000b22b00000)]
  0x0000017c0cf65000 JavaThread "Execution worker Thread 4" [_thread_blocked, id=16836, stack(0x0000000b22b00000,0x0000000b22c00000)]
  0x0000017c0cf65800 JavaThread "Execution worker Thread 5" [_thread_blocked, id=11448, stack(0x0000000b22c00000,0x0000000b22d00000)]
  0x0000017c0cf66800 JavaThread "Execution worker Thread 6" [_thread_blocked, id=4060, stack(0x0000000b22d00000,0x0000000b22e00000)]
  0x0000017c0f32e000 JavaThread "Execution worker Thread 7" [_thread_blocked, id=3900, stack(0x0000000b22e00000,0x0000000b22f00000)]
  0x0000017c0f32f800 JavaThread "Cache worker for execution history cache (C:\Users\BUTA\OneDrive\Desktop\isMobileApp\AwesomeProject\node_modules\@react-native\gradle-plugin\.gradle\7.5\executionHistory)" [_thread_blocked, id=10584, stack(0x0000000b22f00000,0x0000000b23000000)]
  0x0000017c0f332000 JavaThread "Unconstrained build operations Thread 27" [_thread_blocked, id=14144, stack(0x0000000b23000000,0x0000000b23100000)]
  0x0000017c0f32e800 JavaThread "Unconstrained build operations Thread 28" [_thread_blocked, id=3144, stack(0x0000000b23100000,0x0000000b23200000)]
  0x0000017c0f333000 JavaThread "Unconstrained build operations Thread 29" [_thread_blocked, id=7736, stack(0x0000000b23200000,0x0000000b23300000)]
  0x0000017c0f334800 JavaThread "Unconstrained build operations Thread 30" [_thread_blocked, id=11712, stack(0x0000000b23300000,0x0000000b23400000)]
  0x0000017c0f336000 JavaThread "Unconstrained build operations Thread 31" [_thread_blocked, id=4280, stack(0x0000000b23400000,0x0000000b23500000)]
  0x0000017c0f330800 JavaThread "Unconstrained build operations Thread 32" [_thread_blocked, id=12520, stack(0x0000000b23500000,0x0000000b23600000)]
  0x0000017c0f333800 JavaThread "Unconstrained build operations Thread 33" [_thread_blocked, id=11776, stack(0x0000000b23600000,0x0000000b23700000)]
  0x0000017c0f335800 JavaThread "Unconstrained build operations Thread 34" [_thread_blocked, id=11088, stack(0x0000000b23700000,0x0000000b23800000)]
  0x0000017c0f331000 JavaThread "Unconstrained build operations Thread 35" [_thread_blocked, id=14592, stack(0x0000000b23800000,0x0000000b23900000)]
  0x0000017c0f33a000 JavaThread "Unconstrained build operations Thread 36" [_thread_blocked, id=10696, stack(0x0000000b23900000,0x0000000b23a00000)]
  0x0000017c0f33c800 JavaThread "Unconstrained build operations Thread 37" [_thread_blocked, id=5128, stack(0x0000000b23a00000,0x0000000b23b00000)]
  0x0000017c0f33b000 JavaThread "Unconstrained build operations Thread 38" [_thread_blocked, id=2284, stack(0x0000000b23b00000,0x0000000b23c00000)]
  0x0000017c0f339800 JavaThread "Unconstrained build operations Thread 39" [_thread_blocked, id=6348, stack(0x0000000b23c00000,0x0000000b23d00000)]
  0x0000017c0f33c000 JavaThread "Unconstrained build operations Thread 40" [_thread_blocked, id=14216, stack(0x0000000b23d00000,0x0000000b23e00000)]
  0x0000017c0f337000 JavaThread "Unconstrained build operations Thread 41" [_thread_blocked, id=14884, stack(0x0000000b23e00000,0x0000000b23f00000)]
  0x0000017c0f337800 JavaThread "Unconstrained build operations Thread 42" [_thread_blocked, id=16676, stack(0x0000000b23f00000,0x0000000b24000000)]
  0x0000017c0f338800 JavaThread "Unconstrained build operations Thread 43" [_thread_blocked, id=6440, stack(0x0000000b24000000,0x0000000b24100000)]
  0x0000017c08204800 JavaThread "Unconstrained build operations Thread 44" [_thread_blocked, id=13820, stack(0x0000000b24100000,0x0000000b24200000)]
  0x0000017c08205000 JavaThread "Unconstrained build operations Thread 45" [_thread_blocked, id=13352, stack(0x0000000b24200000,0x0000000b24300000)]
  0x0000017c08206000 JavaThread "Unconstrained build operations Thread 46" [_thread_blocked, id=2924, stack(0x0000000b24300000,0x0000000b24400000)]
  0x0000017c08208800 JavaThread "Unconstrained build operations Thread 47" [_thread_blocked, id=4592, stack(0x0000000b24400000,0x0000000b24500000)]
  0x0000017c08209000 JavaThread "Unconstrained build operations Thread 48" [_thread_blocked, id=15472, stack(0x0000000b24500000,0x0000000b24600000)]
  0x0000017c08206800 JavaThread "Unconstrained build operations Thread 49" [_thread_blocked, id=18328, stack(0x0000000b24600000,0x0000000b24700000)]
  0x0000017c08207800 JavaThread "Unconstrained build operations Thread 50" [_thread_blocked, id=16896, stack(0x0000000b24700000,0x0000000b24800000)]
  0x0000017c08203800 JavaThread "Unconstrained build operations Thread 51" [_thread_blocked, id=11204, stack(0x0000000b24800000,0x0000000b24900000)]
  0x0000017c0820b800 JavaThread "Unconstrained build operations Thread 52" [_thread_blocked, id=1712, stack(0x0000000b24900000,0x0000000b24a00000)]
  0x0000017c0820d800 JavaThread "Unconstrained build operations Thread 53" [_thread_blocked, id=8428, stack(0x0000000b24a00000,0x0000000b24b00000)]
  0x0000017c0820f000 JavaThread "Unconstrained build operations Thread 54" [_thread_blocked, id=11316, stack(0x0000000b24b00000,0x0000000b24c00000)]
  0x0000017c0820e000 JavaThread "Unconstrained build operations Thread 55" [_thread_blocked, id=11268, stack(0x0000000b24c00000,0x0000000b24d00000)]
  0x0000017c0820b000 JavaThread "Unconstrained build operations Thread 56" [_thread_blocked, id=13536, stack(0x0000000b24d00000,0x0000000b24e00000)]
  0x0000017c0820f800 JavaThread "Unconstrained build operations Thread 57" [_thread_blocked, id=18188, stack(0x0000000b24e00000,0x0000000b24f00000)]
  0x0000017c0820a000 JavaThread "Unconstrained build operations Thread 58" [_thread_blocked, id=18140, stack(0x0000000b24f00000,0x0000000b25000000)]
  0x0000017c08212000 JavaThread "Unconstrained build operations Thread 59" [_thread_blocked, id=15156, stack(0x0000000b25000000,0x0000000b25100000)]
  0x0000017c08210800 JavaThread "Unconstrained build operations Thread 60" [_thread_blocked, id=12044, stack(0x0000000b25100000,0x0000000b25200000)]
  0x0000017c08211800 JavaThread "Unconstrained build operations Thread 61" [_thread_blocked, id=14672, stack(0x0000000b25200000,0x0000000b25300000)]
  0x0000017c0820c800 JavaThread "Unconstrained build operations Thread 62" [_thread_blocked, id=12932, stack(0x0000000b25300000,0x0000000b25400000)]
  0x0000017c0b1a1000 JavaThread "Unconstrained build operations Thread 63" [_thread_blocked, id=16584, stack(0x0000000b25400000,0x0000000b25500000)]
  0x0000017c0b1a3800 JavaThread "Unconstrained build operations Thread 64" [_thread_blocked, id=17612, stack(0x0000000b25500000,0x0000000b25600000)]
  0x0000017c0b1a1800 JavaThread "Unconstrained build operations Thread 65" [_thread_blocked, id=17504, stack(0x0000000b25600000,0x0000000b25700000)]
  0x0000017c0b1a2800 JavaThread "Unconstrained build operations Thread 66" [_thread_blocked, id=6288, stack(0x0000000b25700000,0x0000000b25800000)]
  0x0000017c0b1a0000 JavaThread "Unconstrained build operations Thread 67" [_thread_blocked, id=16280, stack(0x0000000b25800000,0x0000000b25900000)]
  0x0000017c0b1a4000 JavaThread "Unconstrained build operations Thread 68" [_thread_blocked, id=16668, stack(0x0000000b25900000,0x0000000b25a00000)]
  0x0000017c0b1a5000 JavaThread "Unconstrained build operations Thread 69" [_thread_blocked, id=12180, stack(0x0000000b25a00000,0x0000000b25b00000)]
  0x0000017c0b19f800 JavaThread "Unconstrained build operations Thread 70" [_thread_blocked, id=17696, stack(0x0000000b25b00000,0x0000000b25c00000)]
  0x0000017c0b1ab800 JavaThread "Unconstrained build operations Thread 71" [_thread_blocked, id=17636, stack(0x0000000b25c00000,0x0000000b25d00000)]
  0x0000017c0b1a6000 JavaThread "Unconstrained build operations Thread 72" [_thread_blocked, id=9412, stack(0x0000000b25d00000,0x0000000b25e00000)]
  0x0000017c0b1a8800 JavaThread "Unconstrained build operations Thread 73" [_thread_blocked, id=13148, stack(0x0000000b25e00000,0x0000000b25f00000)]
  0x0000017c0b1a7800 JavaThread "Unconstrained build operations Thread 74" [_thread_blocked, id=17668, stack(0x0000000b25f00000,0x0000000b26000000)]
  0x0000017c0b1ac800 JavaThread "Unconstrained build operations Thread 75" [_thread_blocked, id=9164, stack(0x0000000b26000000,0x0000000b26100000)]
  0x0000017c0b1a6800 JavaThread "Unconstrained build operations Thread 76" [_thread_blocked, id=13020, stack(0x0000000b26100000,0x0000000b26200000)]
  0x0000017c0b1a9000 JavaThread "Unconstrained build operations Thread 77" [_thread_blocked, id=9464, stack(0x0000000b26200000,0x0000000b26300000)]
  0x0000017c0b1aa000 JavaThread "Unconstrained build operations Thread 78" [_thread_blocked, id=9624, stack(0x0000000b26300000,0x0000000b26400000)]
  0x0000017c0b1ad000 JavaThread "Unconstrained build operations Thread 79" [_thread_blocked, id=5584, stack(0x0000000b26400000,0x0000000b26500000)]
  0x0000017c0b1aa800 JavaThread "Unconstrained build operations Thread 80" [_thread_blocked, id=14772, stack(0x0000000b26500000,0x0000000b26600000)]
  0x0000017c7f47a000 JavaThread "C2 CompilerThread1" daemon [_thread_in_native, id=304, stack(0x0000000b26600000,0x0000000b26700000)]

Other Threads:
  0x0000017c7ebe1000 VMThread "VM Thread" [stack: 0x0000000b1d600000,0x0000000b1d700000] [id=11132]
  0x0000017c7f5ed000 WatcherThread [stack: 0x0000000b1e000000,0x0000000b1e100000] [id=11756]
  0x0000017c60ebc800 GCTaskThread "GC Thread#0" [stack: 0x0000000b1d100000,0x0000000b1d200000] [id=16992]
  0x0000017c08fc0800 GCTaskThread "GC Thread#1" [stack: 0x0000000b1e200000,0x0000000b1e300000] [id=14724]
  0x0000017c08728000 GCTaskThread "GC Thread#2" [stack: 0x0000000b1ec00000,0x0000000b1ed00000] [id=13604]
  0x0000017c099f6800 GCTaskThread "GC Thread#3" [stack: 0x0000000b1ed00000,0x0000000b1ee00000] [id=18004]
  0x0000017c086ed000 GCTaskThread "GC Thread#4" [stack: 0x0000000b1ee00000,0x0000000b1ef00000] [id=9364]
  0x0000017c094d3800 GCTaskThread "GC Thread#5" [stack: 0x0000000b1ef00000,0x0000000b1f000000] [id=6352]
  0x0000017c0891c000 GCTaskThread "GC Thread#6" [stack: 0x0000000b1f000000,0x0000000b1f100000] [id=8968]
  0x0000017c090b4800 GCTaskThread "GC Thread#7" [stack: 0x0000000b1f100000,0x0000000b1f200000] [id=8372]
  0x0000017c60f1a000 ConcurrentGCThread "G1 Main Marker" [stack: 0x0000000b1d200000,0x0000000b1d300000] [id=120]
  0x0000017c60f1c000 ConcurrentGCThread "G1 Conc#0" [stack: 0x0000000b1d300000,0x0000000b1d400000] [id=17536]
  0x0000017c09cc8800 ConcurrentGCThread "G1 Conc#1" [stack: 0x0000000b1f500000,0x0000000b1f600000] [id=10912]
  0x0000017c60f6d800 ConcurrentGCThread "G1 Refine#0" [stack: 0x0000000b1d400000,0x0000000b1d500000] [id=3464]
  0x0000017c7ea3c800 ConcurrentGCThread "G1 Young RemSet Sampling" [stack: 0x0000000b1d500000,0x0000000b1d600000] [id=14740]

Threads with active compile tasks:
C2 CompilerThread0    53919 9135       4       com.sun.beans.TypeResolver::resolve (37 bytes)
C2 CompilerThread1    53919 9126   !   4       com.sun.beans.TypeResolver::resolve (261 bytes)

VM state:not at safepoint (normal execution)

VM Mutex/Monitor currently owned by a thread: None

Heap address: 0x0000000700000000, size: 4096 MB, Compressed Oops mode: Zero based, Oop shift amount: 3
Narrow klass base: 0x0000000800000000, Narrow klass shift: 0
Compressed class space size: 1073741824 Address: 0x0000000800000000

Heap:
 garbage-first heap   total 126976K, used 93804K [0x0000000700000000, 0x0000000800000000)
  region size 1024K, 19 young (19456K), 3 survivors (3072K)
 Metaspace       used 84051K, capacity 86483K, committed 86612K, reserved 1124352K
  class space    used 10829K, capacity 11830K, committed 11852K, reserved 1048576K
Heap Regions: E=young(eden), S=young(survivor), O=old, HS=humongous(starts), HC=humongous(continues), CS=collection set, F=free, A=archive, TAMS=top-at-mark-start (previous, next)
|   0|0x0000000700000000, 0x0000000700100000, 0x0000000700100000|100%| O|  |TAMS 0x0000000700100000, 0x0000000700000000| Untracked 
|   1|0x0000000700100000, 0x0000000700200000, 0x0000000700200000|100%| O|  |TAMS 0x0000000700200000, 0x0000000700100000| Untracked 
|   2|0x0000000700200000, 0x0000000700300000, 0x0000000700300000|100%| O|  |TAMS 0x0000000700300000, 0x0000000700200000| Untracked 
|   3|0x0000000700300000, 0x0000000700400000, 0x0000000700400000|100%|HS|  |TAMS 0x0000000700400000, 0x0000000700300000| Complete 
|   4|0x0000000700400000, 0x0000000700500000, 0x0000000700500000|100%|HC|  |TAMS 0x0000000700500000, 0x0000000700400000| Complete 
|   5|0x0000000700500000, 0x0000000700600000, 0x0000000700600000|100%|HC|  |TAMS 0x0000000700600000, 0x0000000700500000| Complete 
|   6|0x0000000700600000, 0x0000000700700000, 0x0000000700700000|100%| O|  |TAMS 0x0000000700700000, 0x0000000700600000| Untracked 
|   7|0x0000000700700000, 0x0000000700800000, 0x0000000700800000|100%| O|  |TAMS 0x0000000700800000, 0x0000000700700000| Untracked 
|   8|0x0000000700800000, 0x0000000700900000, 0x0000000700900000|100%| O|  |TAMS 0x0000000700900000, 0x0000000700800000| Untracked 
|   9|0x0000000700900000, 0x0000000700a00000, 0x0000000700a00000|100%| O|  |TAMS 0x0000000700a00000, 0x0000000700900000| Untracked 
|  10|0x0000000700a00000, 0x0000000700b00000, 0x0000000700b00000|100%| O|  |TAMS 0x0000000700b00000, 0x0000000700a00000| Untracked 
|  11|0x0000000700b00000, 0x0000000700c00000, 0x0000000700c00000|100%| O|  |TAMS 0x0000000700c00000, 0x0000000700b00000| Untracked 
|  12|0x0000000700c00000, 0x0000000700d00000, 0x0000000700d00000|100%| O|  |TAMS 0x0000000700d00000, 0x0000000700c00000| Untracked 
|  13|0x0000000700d00000, 0x0000000700e00000, 0x0000000700e00000|100%| O|  |TAMS 0x0000000700e00000, 0x0000000700d00000| Untracked 
|  14|0x0000000700e00000, 0x0000000700f00000, 0x0000000700f00000|100%| O|  |TAMS 0x0000000700f00000, 0x0000000700e00000| Untracked 
|  15|0x0000000700f00000, 0x0000000701000000, 0x0000000701000000|100%| O|  |TAMS 0x0000000701000000, 0x0000000700f00000| Untracked 
|  16|0x0000000701000000, 0x0000000701100000, 0x0000000701100000|100%| O|  |TAMS 0x0000000701100000, 0x0000000701000000| Untracked 
|  17|0x0000000701100000, 0x0000000701200000, 0x0000000701200000|100%| O|  |TAMS 0x0000000701200000, 0x0000000701100000| Untracked 
|  18|0x0000000701200000, 0x0000000701300000, 0x0000000701300000|100%| O|  |TAMS 0x0000000701300000, 0x0000000701200000| Untracked 
|  19|0x0000000701300000, 0x0000000701400000, 0x0000000701400000|100%| O|  |TAMS 0x0000000701400000, 0x0000000701300000| Untracked 
|  20|0x0000000701400000, 0x0000000701500000, 0x0000000701500000|100%| O|  |TAMS 0x0000000701500000, 0x0000000701400000| Untracked 
|  21|0x0000000701500000, 0x0000000701600000, 0x0000000701600000|100%| O|  |TAMS 0x0000000701600000, 0x0000000701500000| Untracked 
|  22|0x0000000701600000, 0x0000000701700000, 0x0000000701700000|100%| O|  |TAMS 0x0000000701700000, 0x0000000701600000| Untracked 
|  23|0x0000000701700000, 0x0000000701800000, 0x0000000701800000|100%| O|  |TAMS 0x0000000701800000, 0x0000000701700000| Untracked 
|  24|0x0000000701800000, 0x0000000701900000, 0x0000000701900000|100%| O|  |TAMS 0x0000000701900000, 0x0000000701800000| Untracked 
|  25|0x0000000701900000, 0x0000000701a00000, 0x0000000701a00000|100%| O|  |TAMS 0x0000000701a00000, 0x0000000701900000| Untracked 
|  26|0x0000000701a00000, 0x0000000701b00000, 0x0000000701b00000|100%| O|  |TAMS 0x0000000701b00000, 0x0000000701a00000| Untracked 
|  27|0x0000000701b00000, 0x0000000701c00000, 0x0000000701c00000|100%| O|  |TAMS 0x0000000701c00000, 0x0000000701b00000| Untracked 
|  28|0x0000000701c00000, 0x0000000701d00000, 0x0000000701d00000|100%| O|  |TAMS 0x0000000701d00000, 0x0000000701c00000| Untracked 
|  29|0x0000000701d00000, 0x0000000701e00000, 0x0000000701e00000|100%| O|  |TAMS 0x0000000701e00000, 0x0000000701d00000| Untracked 
|  30|0x0000000701e00000, 0x0000000701f00000, 0x0000000701f00000|100%|HS|  |TAMS 0x0000000701f00000, 0x0000000701e00000| Complete 
|  31|0x0000000701f00000, 0x0000000702000000, 0x0000000702000000|100%|HC|  |TAMS 0x0000000702000000, 0x0000000701f00000| Complete 
|  32|0x0000000702000000, 0x0000000702100000, 0x0000000702100000|100%|HS|  |TAMS 0x0000000702100000, 0x0000000702000000| Complete 
|  33|0x0000000702100000, 0x0000000702200000, 0x0000000702200000|100%|HC|  |TAMS 0x0000000702200000, 0x0000000702100000| Complete 
|  34|0x0000000702200000, 0x0000000702300000, 0x0000000702300000|100%|HC|  |TAMS 0x0000000702300000, 0x0000000702200000| Complete 
|  35|0x0000000702300000, 0x0000000702400000, 0x0000000702400000|100%|HC|  |TAMS 0x0000000702400000, 0x0000000702300000| Complete 
|  36|0x0000000702400000, 0x0000000702500000, 0x0000000702500000|100%| O|  |TAMS 0x0000000702500000, 0x0000000702400000| Untracked 
|  37|0x0000000702500000, 0x0000000702600000, 0x0000000702600000|100%| O|  |TAMS 0x0000000702600000, 0x0000000702500000| Untracked 
|  38|0x0000000702600000, 0x0000000702700000, 0x0000000702700000|100%| O|  |TAMS 0x0000000702700000, 0x0000000702600000| Untracked 
|  39|0x0000000702700000, 0x0000000702800000, 0x0000000702800000|100%| O|  |TAMS 0x0000000702800000, 0x0000000702700000| Untracked 
|  40|0x0000000702800000, 0x0000000702900000, 0x0000000702900000|100%| O|  |TAMS 0x0000000702900000, 0x0000000702800000| Untracked 
|  41|0x0000000702900000, 0x0000000702a00000, 0x0000000702a00000|100%| O|  |TAMS 0x0000000702a00000, 0x0000000702900000| Untracked 
|  42|0x0000000702a00000, 0x0000000702b00000, 0x0000000702b00000|100%| O|  |TAMS 0x0000000702b00000, 0x0000000702a00000| Untracked 
|  43|0x0000000702b00000, 0x0000000702c00000, 0x0000000702c00000|100%| O|  |TAMS 0x0000000702c00000, 0x0000000702b00000| Untracked 
|  44|0x0000000702c00000, 0x0000000702d00000, 0x0000000702d00000|100%| O|  |TAMS 0x0000000702d00000, 0x0000000702c00000| Untracked 
|  45|0x0000000702d00000, 0x0000000702e00000, 0x0000000702e00000|100%| O|  |TAMS 0x0000000702e00000, 0x0000000702d00000| Untracked 
|  46|0x0000000702e00000, 0x0000000702f00000, 0x0000000702f00000|100%| O|  |TAMS 0x0000000702f00000, 0x0000000702e00000| Untracked 
|  47|0x0000000702f00000, 0x0000000703000000, 0x0000000703000000|100%| O|  |TAMS 0x0000000703000000, 0x0000000702f00000| Untracked 
|  48|0x0000000703000000, 0x0000000703100000, 0x0000000703100000|100%| O|  |TAMS 0x0000000703100000, 0x0000000703000000| Untracked 
|  49|0x0000000703100000, 0x0000000703200000, 0x0000000703200000|100%| O|  |TAMS 0x0000000703200000, 0x0000000703100000| Untracked 
|  50|0x0000000703200000, 0x0000000703300000, 0x0000000703300000|100%|HS|  |TAMS 0x0000000703300000, 0x0000000703200000| Complete 
|  51|0x0000000703300000, 0x0000000703400000, 0x0000000703400000|100%|HS|  |TAMS 0x0000000703400000, 0x0000000703300000| Complete 
|  52|0x0000000703400000, 0x0000000703500000, 0x0000000703500000|100%| O|  |TAMS 0x0000000703500000, 0x0000000703400000| Untracked 
|  53|0x0000000703500000, 0x0000000703600000, 0x0000000703600000|100%| O|  |TAMS 0x0000000703600000, 0x0000000703500000| Untracked 
|  54|0x0000000703600000, 0x0000000703700000, 0x0000000703700000|100%| O|  |TAMS 0x0000000703700000, 0x0000000703600000| Untracked 
|  55|0x0000000703700000, 0x0000000703800000, 0x0000000703800000|100%| O|  |TAMS 0x0000000703800000, 0x0000000703700000| Untracked 
|  56|0x0000000703800000, 0x0000000703900000, 0x0000000703900000|100%| O|  |TAMS 0x0000000703900000, 0x0000000703800000| Untracked 
|  57|0x0000000703900000, 0x0000000703a00000, 0x0000000703a00000|100%| O|  |TAMS 0x0000000703a00000, 0x0000000703900000| Untracked 
|  58|0x0000000703a00000, 0x0000000703b00000, 0x0000000703b00000|100%| O|  |TAMS 0x0000000703b00000, 0x0000000703a00000| Untracked 
|  59|0x0000000703b00000, 0x0000000703c00000, 0x0000000703c00000|100%| O|  |TAMS 0x0000000703c00000, 0x0000000703b00000| Untracked 
|  60|0x0000000703c00000, 0x0000000703d00000, 0x0000000703d00000|100%| O|  |TAMS 0x0000000703d00000, 0x0000000703c00000| Untracked 
|  61|0x0000000703d00000, 0x0000000703e00000, 0x0000000703e00000|100%| O|  |TAMS 0x0000000703e00000, 0x0000000703d00000| Untracked 
|  62|0x0000000703e00000, 0x0000000703f00000, 0x0000000703f00000|100%| O|  |TAMS 0x0000000703f00000, 0x0000000703e00000| Untracked 
|  63|0x0000000703f00000, 0x0000000704000000, 0x0000000704000000|100%| O|  |TAMS 0x0000000704000000, 0x0000000703f00000| Untracked 
|  64|0x0000000704000000, 0x0000000704100000, 0x0000000704100000|100%| O|  |TAMS 0x0000000704100000, 0x0000000704000000| Untracked 
|  65|0x0000000704100000, 0x0000000704200000, 0x0000000704200000|100%| O|  |TAMS 0x0000000704200000, 0x0000000704100000| Untracked 
|  66|0x0000000704200000, 0x0000000704300000, 0x0000000704300000|100%| O|  |TAMS 0x0000000704300000, 0x0000000704200000| Untracked 
|  67|0x0000000704300000, 0x0000000704400000, 0x0000000704400000|100%| O|  |TAMS 0x0000000704400000, 0x0000000704300000| Untracked 
|  68|0x0000000704400000, 0x0000000704500000, 0x0000000704500000|100%| O|  |TAMS 0x0000000704500000, 0x0000000704400000| Untracked 
|  69|0x0000000704500000, 0x0000000704600000, 0x0000000704600000|100%| O|  |TAMS 0x0000000704600000, 0x0000000704500000| Untracked 
|  70|0x0000000704600000, 0x0000000704652a00, 0x0000000704700000| 32%| O|  |TAMS 0x0000000704652a00, 0x0000000704600000| Untracked 
|  71|0x0000000704700000, 0x0000000704800000, 0x0000000704800000|100%| O|  |TAMS 0x0000000704800000, 0x0000000704700000| Untracked 
|  72|0x0000000704800000, 0x0000000704900000, 0x0000000704900000|100%| O|  |TAMS 0x0000000704900000, 0x0000000704800000| Untracked 
|  73|0x0000000704900000, 0x0000000704a00000, 0x0000000704a00000|100%| O|  |TAMS 0x0000000704a00000, 0x0000000704900000| Untracked 
|  74|0x0000000704a00000, 0x0000000704b00000, 0x0000000704b00000|100%| O|  |TAMS 0x0000000704b00000, 0x0000000704a00000| Untracked 
|  75|0x0000000704b00000, 0x0000000704b00000, 0x0000000704c00000|  0%| F|  |TAMS 0x0000000704b00000, 0x0000000704b00000| Untracked 
|  76|0x0000000704c00000, 0x0000000704c00000, 0x0000000704d00000|  0%| F|  |TAMS 0x0000000704c00000, 0x0000000704c00000| Untracked 
|  77|0x0000000704d00000, 0x0000000704d00000, 0x0000000704e00000|  0%| F|  |TAMS 0x0000000704d00000, 0x0000000704d00000| Untracked 
|  78|0x0000000704e00000, 0x0000000704e00000, 0x0000000704f00000|  0%| F|  |TAMS 0x0000000704e00000, 0x0000000704e00000| Untracked 
|  79|0x0000000704f00000, 0x0000000704f00000, 0x0000000705000000|  0%| F|  |TAMS 0x0000000704f00000, 0x0000000704f00000| Untracked 
|  80|0x0000000705000000, 0x0000000705000000, 0x0000000705100000|  0%| F|  |TAMS 0x0000000705000000, 0x0000000705000000| Untracked 
|  81|0x0000000705100000, 0x0000000705100000, 0x0000000705200000|  0%| F|  |TAMS 0x0000000705100000, 0x0000000705100000| Untracked 
|  82|0x0000000705200000, 0x0000000705200000, 0x0000000705300000|  0%| F|  |TAMS 0x0000000705200000, 0x0000000705200000| Untracked 
|  83|0x0000000705300000, 0x0000000705300000, 0x0000000705400000|  0%| F|  |TAMS 0x0000000705300000, 0x0000000705300000| Untracked 
|  84|0x0000000705400000, 0x0000000705400000, 0x0000000705500000|  0%| F|  |TAMS 0x0000000705400000, 0x0000000705400000| Untracked 
|  85|0x0000000705500000, 0x0000000705500000, 0x0000000705600000|  0%| F|  |TAMS 0x0000000705500000, 0x0000000705500000| Untracked 
|  86|0x0000000705600000, 0x0000000705600000, 0x0000000705700000|  0%| F|  |TAMS 0x0000000705600000, 0x0000000705600000| Untracked 
|  87|0x0000000705700000, 0x0000000705700000, 0x0000000705800000|  0%| F|  |TAMS 0x0000000705700000, 0x0000000705700000| Untracked 
|  88|0x0000000705800000, 0x0000000705800000, 0x0000000705900000|  0%| F|  |TAMS 0x0000000705800000, 0x0000000705800000| Untracked 
|  89|0x0000000705900000, 0x0000000705900000, 0x0000000705a00000|  0%| F|  |TAMS 0x0000000705900000, 0x0000000705900000| Untracked 
|  90|0x0000000705a00000, 0x0000000705a00000, 0x0000000705b00000|  0%| F|  |TAMS 0x0000000705a00000, 0x0000000705a00000| Untracked 
|  91|0x0000000705b00000, 0x0000000705b00000, 0x0000000705c00000|  0%| F|  |TAMS 0x0000000705b00000, 0x0000000705b00000| Untracked 
|  92|0x0000000705c00000, 0x0000000705c00000, 0x0000000705d00000|  0%| F|  |TAMS 0x0000000705c00000, 0x0000000705c00000| Untracked 
|  93|0x0000000705d00000, 0x0000000705d48940, 0x0000000705e00000| 28%| S|CS|TAMS 0x0000000705d00000, 0x0000000705d00000| Complete 
|  94|0x0000000705e00000, 0x0000000705f00000, 0x0000000705f00000|100%| S|CS|TAMS 0x0000000705e00000, 0x0000000705e00000| Complete 
|  95|0x0000000705f00000, 0x0000000706000000, 0x0000000706000000|100%| S|CS|TAMS 0x0000000705f00000, 0x0000000705f00000| Complete 
|  96|0x0000000706000000, 0x0000000706000000, 0x0000000706100000|  0%| F|  |TAMS 0x0000000706000000, 0x0000000706000000| Untracked 
|  97|0x0000000706100000, 0x0000000706100000, 0x0000000706200000|  0%| F|  |TAMS 0x0000000706100000, 0x0000000706100000| Untracked 
|  98|0x0000000706200000, 0x0000000706200000, 0x0000000706300000|  0%| F|  |TAMS 0x0000000706200000, 0x0000000706200000| Untracked 
|  99|0x0000000706300000, 0x0000000706300000, 0x0000000706400000|  0%| F|  |TAMS 0x0000000706300000, 0x0000000706300000| Untracked 
| 100|0x0000000706400000, 0x0000000706400000, 0x0000000706500000|  0%| F|  |TAMS 0x0000000706400000, 0x0000000706400000| Untracked 
| 101|0x0000000706500000, 0x0000000706500000, 0x0000000706600000|  0%| F|  |TAMS 0x0000000706500000, 0x0000000706500000| Untracked 
| 102|0x0000000706600000, 0x0000000706600000, 0x0000000706700000|  0%| F|  |TAMS 0x0000000706600000, 0x0000000706600000| Untracked 
| 103|0x0000000706700000, 0x0000000706700000, 0x0000000706800000|  0%| F|  |TAMS 0x0000000706700000, 0x0000000706700000| Untracked 
| 104|0x0000000706800000, 0x0000000706800000, 0x0000000706900000|  0%| F|  |TAMS 0x0000000706800000, 0x0000000706800000| Untracked 
| 105|0x0000000706900000, 0x0000000706900000, 0x0000000706a00000|  0%| F|  |TAMS 0x0000000706900000, 0x0000000706900000| Untracked 
| 106|0x0000000706a00000, 0x0000000706a00000, 0x0000000706b00000|  0%| F|  |TAMS 0x0000000706a00000, 0x0000000706a00000| Untracked 
| 107|0x0000000706b00000, 0x0000000706b00000, 0x0000000706c00000|  0%| F|  |TAMS 0x0000000706b00000, 0x0000000706b00000| Untracked 
| 108|0x0000000706c00000, 0x0000000706c844f0, 0x0000000706d00000| 51%| E|  |TAMS 0x0000000706c00000, 0x0000000706c00000| Complete 
| 109|0x0000000706d00000, 0x0000000706e00000, 0x0000000706e00000|100%| E|CS|TAMS 0x0000000706d00000, 0x0000000706d00000| Complete 
| 110|0x0000000706e00000, 0x0000000706f00000, 0x0000000706f00000|100%| E|CS|TAMS 0x0000000706e00000, 0x0000000706e00000| Complete 
| 111|0x0000000706f00000, 0x0000000707000000, 0x0000000707000000|100%| E|CS|TAMS 0x0000000706f00000, 0x0000000706f00000| Complete 
| 112|0x0000000707000000, 0x0000000707100000, 0x0000000707100000|100%| E|CS|TAMS 0x0000000707000000, 0x0000000707000000| Complete 
| 113|0x0000000707100000, 0x0000000707200000, 0x0000000707200000|100%| E|CS|TAMS 0x0000000707100000, 0x0000000707100000| Complete 
| 114|0x0000000707200000, 0x0000000707300000, 0x0000000707300000|100%| E|CS|TAMS 0x0000000707200000, 0x0000000707200000| Complete 
| 115|0x0000000707300000, 0x0000000707400000, 0x0000000707400000|100%| E|CS|TAMS 0x0000000707300000, 0x0000000707300000| Complete 
| 116|0x0000000707400000, 0x0000000707500000, 0x0000000707500000|100%| E|CS|TAMS 0x0000000707400000, 0x0000000707400000| Complete 
| 117|0x0000000707500000, 0x0000000707600000, 0x0000000707600000|100%| E|CS|TAMS 0x0000000707500000, 0x0000000707500000| Complete 
| 118|0x0000000707600000, 0x0000000707700000, 0x0000000707700000|100%| E|CS|TAMS 0x0000000707600000, 0x0000000707600000| Complete 
| 119|0x0000000707700000, 0x0000000707800000, 0x0000000707800000|100%| E|CS|TAMS 0x0000000707700000, 0x0000000707700000| Complete 
| 120|0x0000000707800000, 0x0000000707900000, 0x0000000707900000|100%| E|CS|TAMS 0x0000000707800000, 0x0000000707800000| Complete 
| 121|0x0000000707900000, 0x0000000707a00000, 0x0000000707a00000|100%| E|CS|TAMS 0x0000000707900000, 0x0000000707900000| Complete 
| 122|0x0000000707a00000, 0x0000000707b00000, 0x0000000707b00000|100%| E|CS|TAMS 0x0000000707a00000, 0x0000000707a00000| Complete 
| 123|0x0000000707b00000, 0x0000000707c00000, 0x0000000707c00000|100%| E|CS|TAMS 0x0000000707b00000, 0x0000000707b00000| Complete 

Card table byte_map: [0x0000017c7b060000,0x0000017c7b860000] _byte_map_base: 0x0000017c77860000

Marking Bits (Prev, Next): (CMBitMap*) 0x0000017c60f08fd0, (CMBitMap*) 0x0000017c60f08f98
 Prev Bits: [0x0000017c04000000, 0x0000017c08000000)
 Next Bits: [0x0000017c00000000, 0x0000017c04000000)

Polling page: 0x0000017c60f70000

Metaspace:

Usage:
  Non-class:     72.90 MB capacity,    71.51 MB ( 98%) used,     1.15 MB (  2%) free+waste,   252.25 KB ( <1%) overhead. 
      Class:     11.55 MB capacity,    10.58 MB ( 92%) used,   880.61 KB (  7%) free+waste,   119.75 KB (  1%) overhead. 
       Both:     84.46 MB capacity,    82.08 MB ( 97%) used,     2.01 MB (  2%) free+waste,   372.00 KB ( <1%) overhead. 

Virtual space:
  Non-class space:       74.00 MB reserved,      73.01 MB ( 99%) committed 
      Class space:        1.00 GB reserved,      11.57 MB (  1%) committed 
             Both:        1.07 GB reserved,      84.58 MB (  8%) committed 

Chunk freelists:
   Non-Class:  43.00 KB
       Class:  10.00 KB
        Both:  53.00 KB

MaxMetaspaceSize: 17179869184.00 GB
CompressedClassSpaceSize: 1.00 GB
Initial GC threshold: 20.80 MB
Current GC threshold: 140.97 MB
CDS: off

CodeHeap 'non-profiled nmethods': size=120000Kb used=5203Kb max_used=5203Kb free=114797Kb
 bounds [0x0000017c728d0000, 0x0000017c72df0000, 0x0000017c79e00000]
CodeHeap 'profiled nmethods': size=120000Kb used=20554Kb max_used=20554Kb free=99445Kb
 bounds [0x0000017c6b3a0000, 0x0000017c6c7c0000, 0x0000017c728d0000]
CodeHeap 'non-nmethods': size=5760Kb used=2402Kb max_used=2483Kb free=3357Kb
 bounds [0x0000017c6ae00000, 0x0000017c6b080000, 0x0000017c6b3a0000]
 total_blobs=9981 nmethods=9068 adapters=825
 compilation: enabled
              stopped_count=0, restarted_count=0
 full_count=0

Compilation events (20 events):
Event: 53.229 Thread 0x0000017c7f47d800 9136       3       org.gradle.internal.typeconversion.NotationParserBuilder::converter (13 bytes)
Event: 53.229 Thread 0x0000017c7f47d800 nmethod 9136 0x0000017c6c7b0a10 code [0x0000017c6c7b0bc0, 0x0000017c6c7b0da8]
Event: 53.229 Thread 0x0000017c7f47d800 9137       3       org.gradle.api.internal.provider.ValueSanitizers::forType (29 bytes)
Event: 53.230 Thread 0x0000017c7f47d800 nmethod 9137 0x0000017c6c7b0e90 code [0x0000017c6c7b1060, 0x0000017c6c7b1398]
Event: 53.230 Thread 0x0000017c7f47d800 9138       1       org.gradle.internal.action.DefaultConfigurableRule::isCacheable (5 bytes)
Event: 53.230 Thread 0x0000017c7f47d800 nmethod 9138 0x0000017c72dc8910 code [0x0000017c72dc8ac0, 0x0000017c72dc8b78]
Event: 53.230 Thread 0x0000017c7f47d800 9139       3       org.gradle.internal.reflect.JavaPropertyReflectionUtil::getAnnotation (7 bytes)
Event: 53.230 Thread 0x0000017c7f47d800 nmethod 9139 0x0000017c6c7b1490 code [0x0000017c6c7b1640, 0x0000017c6c7b1748]
Event: 53.230 Thread 0x0000017c7f47d800 9140       3       groovy.lang.GroovyObjectSupport::<init> (13 bytes)
Event: 53.231 Thread 0x0000017c7f47d800 nmethod 9140 0x0000017c6c7b1810 code [0x0000017c6c7b1a20, 0x0000017c6c7b1f98]
Event: 53.231 Thread 0x0000017c7f47d800 9141       3       groovy.lang.GroovyObjectSupport::getDefaultMetaClass (8 bytes)
Event: 53.231 Thread 0x0000017c7f47d800 nmethod 9141 0x0000017c6c7b2190 code [0x0000017c6c7b2380, 0x0000017c6c7b27b8]
Event: 53.743 Thread 0x0000017c7f46e800 nmethod 9124 0x0000017c72dc8c10 code [0x0000017c72dc9400, 0x0000017c72dd4ea0]
Event: 53.743 Thread 0x0000017c7f46e800 9135       4       com.sun.beans.TypeResolver::resolve (37 bytes)
Event: 53.785 Thread 0x0000017c7f47a000 nmethod 9059% 0x0000017c72dd8f90 code [0x0000017c72dd95e0, 0x0000017c72de08d8]
Event: 53.787 Thread 0x0000017c7f47a000 9075       4       jdk.internal.loader.BuiltinClassLoader::loadClass (22 bytes)
Event: 53.788 Thread 0x0000017c7f47a000 nmethod 9075 0x0000017c72de4390 code [0x0000017c72de4540, 0x0000017c72de4678]
Event: 53.788 Thread 0x0000017c7f47a000 9127       4       java.util.Hashtable$Enumerator::hasNext (5 bytes)
Event: 53.792 Thread 0x0000017c7f47a000 nmethod 9127 0x0000017c72de4790 code [0x0000017c72de4920, 0x0000017c72de4b58]
Event: 53.793 Thread 0x0000017c7f47a000 9126   !   4       com.sun.beans.TypeResolver::resolve (261 bytes)

GC Heap History (20 events):
Event: 45.654 GC heap before
{Heap before GC invocations=16 (full 0):
 garbage-first heap   total 126976K, used 95694K [0x0000000700000000, 0x0000000800000000)
  region size 1024K, 51 young (52224K), 3 survivors (3072K)
 Metaspace       used 64719K, capacity 66693K, committed 66900K, reserved 1107968K
  class space    used 8426K, capacity 9218K, committed 9292K, reserved 1048576K
}
Event: 45.658 GC heap after
{Heap after GC invocations=17 (full 0):
 garbage-first heap   total 126976K, used 49819K [0x0000000700000000, 0x0000000800000000)
  region size 1024K, 5 young (5120K), 5 survivors (5120K)
 Metaspace       used 64719K, capacity 66693K, committed 66900K, reserved 1107968K
  class space    used 8426K, capacity 9218K, committed 9292K, reserved 1048576K
}
Event: 47.447 GC heap before
{Heap before GC invocations=17 (full 0):
 garbage-first heap   total 126976K, used 98971K [0x0000000700000000, 0x0000000800000000)
  region size 1024K, 53 young (54272K), 5 survivors (5120K)
 Metaspace       used 67881K, capacity 70003K, committed 70228K, reserved 1110016K
  class space    used 8868K, capacity 9733K, committed 9804K, reserved 1048576K
}
Event: 47.464 GC heap after
{Heap after GC invocations=18 (full 0):
 garbage-first heap   total 126976K, used 53313K [0x0000000700000000, 0x0000000800000000)
  region size 1024K, 7 young (7168K), 7 survivors (7168K)
 Metaspace       used 67881K, capacity 70003K, committed 70228K, reserved 1110016K
  class space    used 8868K, capacity 9733K, committed 9804K, reserved 1048576K
}
Event: 49.232 GC heap before
{Heap before GC invocations=18 (full 0):
 garbage-first heap   total 126976K, used 99393K [0x0000000700000000, 0x0000000800000000)
  region size 1024K, 53 young (54272K), 7 survivors (7168K)
 Metaspace       used 70928K, capacity 73033K, committed 73172K, reserved 1112064K
  class space    used 9242K, capacity 10120K, committed 10188K, reserved 1048576K
}
Event: 49.252 GC heap after
{Heap after GC invocations=19 (full 0):
 garbage-first heap   total 126976K, used 57870K [0x0000000700000000, 0x0000000800000000)
  region size 1024K, 7 young (7168K), 7 survivors (7168K)
 Metaspace       used 70928K, capacity 73033K, committed 73172K, reserved 1112064K
  class space    used 9242K, capacity 10120K, committed 10188K, reserved 1048576K
}
Event: 50.326 GC heap before
{Heap before GC invocations=19 (full 0):
 garbage-first heap   total 126976K, used 103950K [0x0000000700000000, 0x0000000800000000)
  region size 1024K, 50 young (51200K), 7 survivors (7168K)
 Metaspace       used 74628K, capacity 76837K, committed 77012K, reserved 1116160K
  class space    used 9644K, capacity 10571K, committed 10700K, reserved 1048576K
}
Event: 50.347 GC heap after
{Heap after GC invocations=20 (full 0):
 garbage-first heap   total 126976K, used 65571K [0x0000000700000000, 0x0000000800000000)
  region size 1024K, 6 young (6144K), 6 survivors (6144K)
 Metaspace       used 74628K, capacity 76837K, committed 77012K, reserved 1116160K
  class space    used 9644K, capacity 10571K, committed 10700K, reserved 1048576K
}
Event: 50.667 GC heap before
{Heap before GC invocations=20 (full 0):
 garbage-first heap   total 126976K, used 73763K [0x0000000700000000, 0x0000000800000000)
  region size 1024K, 16 young (16384K), 6 survivors (6144K)
 Metaspace       used 75627K, capacity 77808K, committed 78036K, reserved 1116160K
  class space    used 9738K, capacity 10639K, committed 10700K, reserved 1048576K
}
Event: 50.697 GC heap after
{Heap after GC invocations=21 (full 0):
 garbage-first heap   total 126976K, used 67593K [0x0000000700000000, 0x0000000800000000)
  region size 1024K, 3 young (3072K), 3 survivors (3072K)
 Metaspace       used 75627K, capacity 77808K, committed 78036K, reserved 1116160K
  class space    used 9738K, capacity 10639K, committed 10700K, reserved 1048576K
}
Event: 51.637 GC heap before
{Heap before GC invocations=22 (full 0):
 garbage-first heap   total 126976K, used 86025K [0x0000000700000000, 0x0000000800000000)
  region size 1024K, 21 young (21504K), 3 survivors (3072K)
 Metaspace       used 78490K, capacity 80743K, committed 80980K, reserved 1120256K
  class space    used 10059K, capacity 11001K, committed 11084K, reserved 1048576K
}
Event: 51.641 GC heap after
{Heap after GC invocations=23 (full 0):
 garbage-first heap   total 126976K, used 70092K [0x0000000700000000, 0x0000000800000000)
  region size 1024K, 5 young (5120K), 5 survivors (5120K)
 Metaspace       used 78490K, capacity 80743K, committed 80980K, reserved 1120256K
  class space    used 10059K, capacity 11001K, committed 11084K, reserved 1048576K
}
Event: 52.188 GC heap before
{Heap before GC invocations=24 (full 0):
 garbage-first heap   total 126976K, used 111052K [0x0000000700000000, 0x0000000800000000)
  region size 1024K, 38 young (38912K), 5 survivors (5120K)
 Metaspace       used 80454K, capacity 82700K, committed 83028K, reserved 1122304K
  class space    used 10315K, capacity 11263K, committed 11340K, reserved 1048576K
}
Event: 52.195 GC heap after
{Heap after GC invocations=25 (full 0):
 garbage-first heap   total 126976K, used 72779K [0x0000000700000000, 0x0000000800000000)
  region size 1024K, 4 young (4096K), 4 survivors (4096K)
 Metaspace       used 80454K, capacity 82700K, committed 83028K, reserved 1122304K
  class space    used 10315K, capacity 11263K, committed 11340K, reserved 1048576K
}
Event: 52.538 GC heap before
{Heap before GC invocations=25 (full 0):
 garbage-first heap   total 126976K, used 96331K [0x0000000700000000, 0x0000000800000000)
  region size 1024K, 28 young (28672K), 4 survivors (4096K)
 Metaspace       used 82509K, capacity 84881K, committed 85076K, reserved 1122304K
  class space    used 10593K, capacity 11560K, committed 11596K, reserved 1048576K
}
Event: 52.543 GC heap after
{Heap after GC invocations=26 (full 0):
 garbage-first heap   total 126976K, used 74369K [0x0000000700000000, 0x0000000800000000)
  region size 1024K, 2 young (2048K), 2 survivors (2048K)
 Metaspace       used 82509K, capacity 84881K, committed 85076K, reserved 1122304K
  class space    used 10593K, capacity 11560K, committed 11596K, reserved 1048576K
}
Event: 52.923 GC heap before
{Heap before GC invocations=27 (full 0):
 garbage-first heap   total 126976K, used 105089K [0x0000000700000000, 0x0000000800000000)
  region size 1024K, 31 young (31744K), 2 survivors (2048K)
 Metaspace       used 83818K, capacity 86127K, committed 86356K, reserved 1124352K
  class space    used 10797K, capacity 11754K, committed 11852K, reserved 1048576K
}
Event: 52.928 GC heap after
{Heap after GC invocations=28 (full 0):
 garbage-first heap   total 126976K, used 76187K [0x0000000700000000, 0x0000000800000000)
  region size 1024K, 4 young (4096K), 4 survivors (4096K)
 Metaspace       used 83818K, capacity 86127K, committed 86356K, reserved 1124352K
  class space    used 10797K, capacity 11754K, committed 11852K, reserved 1048576K
}
Event: 53.107 GC heap before
{Heap before GC invocations=28 (full 0):
 garbage-first heap   total 126976K, used 104859K [0x0000000700000000, 0x0000000800000000)
  region size 1024K, 32 young (32768K), 4 survivors (4096K)
 Metaspace       used 83980K, capacity 86339K, committed 86612K, reserved 1124352K
  class space    used 10818K, capacity 11826K, committed 11852K, reserved 1048576K
}
Event: 53.114 GC heap after
{Heap after GC invocations=29 (full 0):
 garbage-first heap   total 126976K, used 78444K [0x0000000700000000, 0x0000000800000000)
  region size 1024K, 3 young (3072K), 3 survivors (3072K)
 Metaspace       used 83980K, capacity 86339K, committed 86612K, reserved 1124352K
  class space    used 10818K, capacity 11826K, committed 11852K, reserved 1048576K
}

Deoptimization events (20 events):
Event: 52.710 Thread 0x0000017c08992800 DEOPT PACKING pc=0x0000017c72cd18e8 sp=0x0000000b1e8f80c0
Event: 52.710 Thread 0x0000017c08992800 DEOPT UNPACKING pc=0x0000017c6ae085af sp=0x0000000b1e8f8058 mode 2
Event: 52.710 Thread 0x0000017c08992800 Uncommon trap: trap_request=0xffffff4d fr.pc=0x0000017c72ccaf58 relative=0x00000000000001f8
Event: 52.710 Thread 0x0000017c08992800 Uncommon trap: reason=unstable_if action=reinterpret pc=0x0000017c72ccaf58 method=org.apache.commons.io.FilenameUtils.doNormalize(Ljava/lang/String;CZ)Ljava/lang/String; @ 321 c2
Event: 52.710 Thread 0x0000017c08992800 DEOPT PACKING pc=0x0000017c72ccaf58 sp=0x0000000b1e8f80c0
Event: 52.710 Thread 0x0000017c08992800 DEOPT UNPACKING pc=0x0000017c6ae085af sp=0x0000000b1e8f8058 mode 2
Event: 52.733 Thread 0x0000017c08992800 DEOPT PACKING pc=0x0000017c6c7252e5 sp=0x0000000b1e8f71c0
Event: 52.733 Thread 0x0000017c08992800 DEOPT UNPACKING pc=0x0000017c6ae49d0e sp=0x0000000b1e8f6718 mode 0
Event: 52.819 Thread 0x0000017c08992800 Uncommon trap: trap_request=0xffffffde fr.pc=0x0000017c72a8ba34 relative=0x0000000000000ad4
Event: 52.819 Thread 0x0000017c08992800 Uncommon trap: reason=class_check action=maybe_recompile pc=0x0000017c72a8ba34 method=java.util.WeakHashMap.eq(Ljava/lang/Object;Ljava/lang/Object;)Z @ 7 c2
Event: 52.819 Thread 0x0000017c08992800 DEOPT PACKING pc=0x0000017c72a8ba34 sp=0x0000000b1e8f6230
Event: 52.819 Thread 0x0000017c08992800 DEOPT UNPACKING pc=0x0000017c6ae085af sp=0x0000000b1e8f61a0 mode 2
Event: 52.865 Thread 0x0000017c08992800 Uncommon trap: trap_request=0xffffff4d fr.pc=0x0000017c72a7f928 relative=0x0000000000000368
Event: 52.865 Thread 0x0000017c08992800 Uncommon trap: reason=unstable_if action=reinterpret pc=0x0000017c72a7f928 method=java.util.StringJoiner.add(Ljava/lang/CharSequence;)Ljava/util/StringJoiner; @ 33 c2
Event: 52.865 Thread 0x0000017c08992800 DEOPT PACKING pc=0x0000017c72a7f928 sp=0x0000000b1e8f5330
Event: 52.865 Thread 0x0000017c08992800 DEOPT UNPACKING pc=0x0000017c6ae085af sp=0x0000000b1e8f52e0 mode 2
Event: 52.870 Thread 0x0000017c08992800 Uncommon trap: trap_request=0xffffff4d fr.pc=0x0000017c72dad0ec relative=0x00000000000006ec
Event: 52.870 Thread 0x0000017c08992800 Uncommon trap: reason=unstable_if action=reinterpret pc=0x0000017c72dad0ec method=com.sun.beans.introspect.MethodInfo$MethodOrder.compare(Ljava/lang/reflect/Method;Ljava/lang/reflect/Method;)I @ 148 c2
Event: 52.870 Thread 0x0000017c08992800 DEOPT PACKING pc=0x0000017c72dad0ec sp=0x0000000b1e8f5940
Event: 52.870 Thread 0x0000017c08992800 DEOPT UNPACKING pc=0x0000017c6ae085af sp=0x0000000b1e8f58e8 mode 2

Classes redefined (0 events):
No events

Internal exceptions (20 events):
Event: 53.174 Thread 0x0000017c08992800 Exception <a 'java/lang/ClassNotFoundException'{0x00000007074dfff8}: com/android/build/gradle/internal/dsl/BuildType$AgpDecorated_DecoratedBeanInfo> (0x00000007074dfff8) thrown at [./src/hotspot/share/classfile/systemDictionary.cpp, line 230]
Event: 53.175 Thread 0x0000017c08992800 Exception <a 'java/lang/ClassNotFoundException'{0x00000007074fd660}: com/android/build/gradle/internal/dsl/BuildType$AgpDecoratedBeanInfo> (0x00000007074fd660) thrown at [./src/hotspot/share/classfile/systemDictionary.cpp, line 230]
Event: 53.175 Thread 0x0000017c08992800 Exception <a 'java/lang/ClassNotFoundException'{0x00000007073192f0}: com/android/build/gradle/internal/dsl/BuildTypeBeanInfo> (0x00000007073192f0) thrown at [./src/hotspot/share/classfile/systemDictionary.cpp, line 230]
Event: 53.176 Thread 0x0000017c08992800 Exception <a 'java/lang/ClassNotFoundException'{0x0000000707333a78}: com/android/builder/core/AbstractBuildTypeBeanInfo> (0x0000000707333a78) thrown at [./src/hotspot/share/classfile/systemDictionary.cpp, line 230]
Event: 53.176 Thread 0x0000017c08992800 Exception <a 'java/lang/ClassNotFoundException'{0x000000070734e9c0}: com/android/builder/core/AbstractBuildTypeCustomizer> (0x000000070734e9c0) thrown at [./src/hotspot/share/classfile/systemDictionary.cpp, line 230]
Event: 53.177 Thread 0x0000017c08992800 Exception <a 'java/lang/ClassNotFoundException'{0x0000000707386610}: com/android/build/gradle/internal/dsl/BuildTypeCustomizer> (0x0000000707386610) thrown at [./src/hotspot/share/classfile/systemDictionary.cpp, line 230]
Event: 53.179 Thread 0x0000017c08992800 Exception <a 'java/lang/ClassNotFoundException'{0x000000070721c158}: com/android/build/gradle/internal/dsl/BuildType$AgpDecoratedCustomizer> (0x000000070721c158) thrown at [./src/hotspot/share/classfile/systemDictionary.cpp, line 230]
Event: 53.181 Thread 0x0000017c08992800 Exception <a 'java/lang/ClassNotFoundException'{0x000000070727b718}: com/android/build/gradle/internal/dsl/BuildType$AgpDecorated_DecoratedCustomizer> (0x000000070727b718) thrown at [./src/hotspot/share/classfile/systemDictionary.cpp, line 230]
Event: 53.201 Thread 0x0000017c08992800 Exception <a 'java/lang/ClassNotFoundException'{0x000000070716cd60}: build_7q61n0jh5dhwdp4flj2fsri94$_run_closure2$_closure7BeanInfo> (0x000000070716cd60) thrown at [./src/hotspot/share/classfile/systemDictionary.cpp, line 230]
Event: 53.202 Thread 0x0000017c08992800 Exception <a 'java/lang/ClassNotFoundException'{0x000000070717e318}: build_7q61n0jh5dhwdp4flj2fsri94$_run_closure2$_closure7Customizer> (0x000000070717e318) thrown at [./src/hotspot/share/classfile/systemDictionary.cpp, line 230]
Event: 53.213 Thread 0x0000017c08992800 Exception <a 'java/lang/ClassNotFoundException'{0x00000007070c65c0}: org/gradle/api/internal/artifacts/dependencies/DefaultExternalModuleDependency_DecoratedBeanInfo> (0x00000007070c65c0) thrown at [./src/hotspot/share/classfile/systemDictionary.cpp, line 230]
Event: 53.214 Thread 0x0000017c08992800 Exception <a 'java/lang/ClassNotFoundException'{0x0000000706f14e48}: org/gradle/api/internal/artifacts/dependencies/DefaultExternalModuleDependencyBeanInfo> (0x0000000706f14e48) thrown at [./src/hotspot/share/classfile/systemDictionary.cpp, line 230]
Event: 53.216 Thread 0x0000017c08992800 Exception <a 'java/lang/ClassNotFoundException'{0x0000000706f93170}: org/gradle/api/internal/artifacts/dependencies/AbstractExternalModuleDependencyBeanInfo> (0x0000000706f93170) thrown at [./src/hotspot/share/classfile/systemDictionary.cpp, line 230]
Event: 53.217 Thread 0x0000017c08992800 Exception <a 'java/lang/ClassNotFoundException'{0x0000000706fcf3e8}: org/gradle/api/internal/artifacts/dependencies/AbstractModuleDependencyBeanInfo> (0x0000000706fcf3e8) thrown at [./src/hotspot/share/classfile/systemDictionary.cpp, line 230]
Event: 53.218 Thread 0x0000017c08992800 Exception <a 'java/lang/ClassNotFoundException'{0x0000000706e09330}: org/gradle/api/internal/artifacts/dependencies/AbstractDependencyBeanInfo> (0x0000000706e09330) thrown at [./src/hotspot/share/classfile/systemDictionary.cpp, line 230]
Event: 53.218 Thread 0x0000017c08992800 Exception <a 'java/lang/ClassNotFoundException'{0x0000000706e44d90}: org/gradle/api/internal/artifacts/dependencies/AbstractDependencyCustomizer> (0x0000000706e44d90) thrown at [./src/hotspot/share/classfile/systemDictionary.cpp, line 230]
Event: 53.219 Thread 0x0000017c08992800 Exception <a 'java/lang/ClassNotFoundException'{0x0000000706e84858}: org/gradle/api/internal/artifacts/dependencies/AbstractModuleDependencyCustomizer> (0x0000000706e84858) thrown at [./src/hotspot/share/classfile/systemDictionary.cpp, line 230]
Event: 53.220 Thread 0x0000017c08992800 Exception <a 'java/lang/ClassNotFoundException'{0x0000000706eebf18}: org/gradle/api/internal/artifacts/dependencies/AbstractExternalModuleDependencyCustomizer> (0x0000000706eebf18) thrown at [./src/hotspot/share/classfile/systemDictionary.cpp, line 230]
Event: 53.221 Thread 0x0000017c08992800 Exception <a 'java/lang/ClassNotFoundException'{0x0000000706d4aab0}: org/gradle/api/internal/artifacts/dependencies/DefaultExternalModuleDependencyCustomizer> (0x0000000706d4aab0) thrown at [./src/hotspot/share/classfile/systemDictionary.cpp, line 230]
Event: 53.222 Thread 0x0000017c08992800 Exception <a 'java/lang/ClassNotFoundException'{0x0000000706da8eb0}: org/gradle/api/internal/artifacts/dependencies/DefaultExternalModuleDependency_DecoratedCustomizer> (0x0000000706da8eb0) thrown at [./src/hotspot/share/classfile/systemDictionary.cpp, line 230]

Events (20 events):
Event: 53.221 loading class org/gradle/api/internal/artifacts/dependencies/DefaultExternalModuleDependencyCustomizer
Event: 53.221 loading class org/gradle/api/internal/artifacts/dependencies/DefaultExternalModuleDependencyCustomizer done
Event: 53.221 loading class org/gradle/api/internal/artifacts/dependencies/DefaultExternalModuleDependencyCustomizer
Event: 53.221 loading class org/gradle/api/internal/artifacts/dependencies/DefaultExternalModuleDependencyCustomizer done
Event: 53.221 loading class org/gradle/api/internal/artifacts/dependencies/DefaultExternalModuleDependencyCustomizer
Event: 53.221 loading class org/gradle/api/internal/artifacts/dependencies/DefaultExternalModuleDependencyCustomizer done
Event: 53.222 loading class org/gradle/api/internal/artifacts/dependencies/DefaultExternalModuleDependency_DecoratedCustomizer
Event: 53.222 loading class org/gradle/api/internal/artifacts/dependencies/DefaultExternalModuleDependency_DecoratedCustomizer done
Event: 53.222 loading class org/gradle/api/internal/artifacts/dependencies/DefaultExternalModuleDependency_DecoratedCustomizer
Event: 53.222 loading class org/gradle/api/internal/artifacts/dependencies/DefaultExternalModuleDependency_DecoratedCustomizer done
Event: 53.222 loading class org/gradle/api/internal/artifacts/dependencies/DefaultExternalModuleDependency_DecoratedCustomizer
Event: 53.222 loading class org/gradle/api/internal/artifacts/dependencies/DefaultExternalModuleDependency_DecoratedCustomizer done
Event: 53.222 loading class org/gradle/api/internal/artifacts/dependencies/DefaultExternalModuleDependency_DecoratedCustomizer
Event: 53.222 loading class org/gradle/api/internal/artifacts/dependencies/DefaultExternalModuleDependency_DecoratedCustomizer done
Event: 53.224 loading class org/gradle/api/internal/artifacts/DefaultExcludeRule
Event: 53.224 loading class org/gradle/api/internal/artifacts/DefaultExcludeRule done
Event: 53.225 loading class org/codehaus/groovy/runtime/dgm$1301
Event: 53.225 loading class org/codehaus/groovy/runtime/dgm$1301 done
Event: 53.235 Executing VM operation: CGC_Operation
Event: 53.235 Executing VM operation: CGC_Operation done


Dynamic libraries:
0x00007ff73f300000 - 0x00007ff73f30d000 	C:\Program Files\Microsoft\jdk-11.0.18.10-hotspot\bin\java.exe
0x00007ff819ab0000 - 0x00007ff819cc4000 	C:\WINDOWS\SYSTEM32\ntdll.dll
0x00007ff819000000 - 0x00007ff8190c4000 	C:\WINDOWS\System32\KERNEL32.DLL
0x00007ff816f30000 - 0x00007ff8172d4000 	C:\WINDOWS\System32\KERNELBASE.dll
0x00007ff817520000 - 0x00007ff817631000 	C:\WINDOWS\System32\ucrtbase.dll
0x00007ffff80d0000 - 0x00007ffff80e7000 	C:\Program Files\Microsoft\jdk-11.0.18.10-hotspot\bin\jli.dll
0x00007ffff80b0000 - 0x00007ffff80c5000 	C:\Program Files\Microsoft\jdk-11.0.18.10-hotspot\bin\VCRUNTIME140.dll
0x00007ffff3680000 - 0x00007ffff390f000 	C:\WINDOWS\WinSxS\amd64_microsoft.windows.common-controls_6595b64144ccf1df_6.0.22621.2070_none_2713e6537381f706\COMCTL32.dll
0x00007ff818e50000 - 0x00007ff818ffa000 	C:\WINDOWS\System32\USER32.dll
0x00007ff817b00000 - 0x00007ff817ba7000 	C:\WINDOWS\System32\msvcrt.dll
0x00007ff817480000 - 0x00007ff8174a6000 	C:\WINDOWS\System32\win32u.dll
0x00007ff8190e0000 - 0x00007ff819109000 	C:\WINDOWS\System32\GDI32.dll
0x00007ff817360000 - 0x00007ff817479000 	C:\WINDOWS\System32\gdi32full.dll
0x00007ff816e90000 - 0x00007ff816f2a000 	C:\WINDOWS\System32\msvcp_win.dll
0x00007ff818990000 - 0x00007ff8189c1000 	C:\WINDOWS\System32\IMM32.DLL
0x00007fffec320000 - 0x00007fffec3bb000 	C:\Program Files\Microsoft\jdk-11.0.18.10-hotspot\bin\msvcp140.dll
0x00007fffd2ea0000 - 0x00007fffd3a32000 	C:\Program Files\Microsoft\jdk-11.0.18.10-hotspot\bin\server\jvm.dll
0x00007ff817950000 - 0x00007ff817a00000 	C:\WINDOWS\System32\ADVAPI32.dll
0x00007ff819450000 - 0x00007ff8194f6000 	C:\WINDOWS\System32\sechost.dll
0x00007ff817bd0000 - 0x00007ff817ce7000 	C:\WINDOWS\System32\RPCRT4.dll
0x00007ff818160000 - 0x00007ff818168000 	C:\WINDOWS\System32\PSAPI.DLL
0x00007ff811880000 - 0x00007ff811889000 	C:\WINDOWS\SYSTEM32\WSOCK32.dll
0x00007ff810930000 - 0x00007ff81093a000 	C:\WINDOWS\SYSTEM32\VERSION.dll
0x00007ff80b490000 - 0x00007ff80b4c4000 	C:\WINDOWS\SYSTEM32\WINMM.dll
0x00007ff8180d0000 - 0x00007ff818141000 	C:\WINDOWS\System32\WS2_32.dll
0x00007ff815e40000 - 0x00007ff815e58000 	C:\WINDOWS\SYSTEM32\kernel.appcore.dll
0x00007ff80dec0000 - 0x00007ff80ded0000 	C:\Program Files\Microsoft\jdk-11.0.18.10-hotspot\bin\verify.dll
0x00007ff814750000 - 0x00007ff81497e000 	C:\WINDOWS\SYSTEM32\DBGHELP.DLL
0x00007ff819500000 - 0x00007ff81988a000 	C:\WINDOWS\System32\combase.dll
0x00007ff819370000 - 0x00007ff819447000 	C:\WINDOWS\System32\OLEAUT32.dll
0x00007ffff8e30000 - 0x00007ffff8e62000 	C:\WINDOWS\SYSTEM32\dbgcore.DLL
0x00007ff8172e0000 - 0x00007ff81735a000 	C:\WINDOWS\System32\bcryptPrimitives.dll
0x00007ffff7520000 - 0x00007ffff7548000 	C:\Program Files\Microsoft\jdk-11.0.18.10-hotspot\bin\java.dll
0x00007ff8012c0000 - 0x00007ff8012ca000 	C:\Program Files\Microsoft\jdk-11.0.18.10-hotspot\bin\jimage.dll
0x00007ffff20e0000 - 0x00007ffff20f8000 	C:\Program Files\Microsoft\jdk-11.0.18.10-hotspot\bin\zip.dll
0x00007ff818170000 - 0x00007ff818986000 	C:\WINDOWS\System32\SHELL32.dll
0x00007ff814e10000 - 0x00007ff8156fa000 	C:\WINDOWS\SYSTEM32\windows.storage.dll
0x00007ff814cd0000 - 0x00007ff814e0e000 	C:\WINDOWS\SYSTEM32\wintypes.dll
0x00007ff817a00000 - 0x00007ff817af3000 	C:\WINDOWS\System32\SHCORE.dll
0x00007ff819110000 - 0x00007ff81916e000 	C:\WINDOWS\System32\shlwapi.dll
0x00007ff816dc0000 - 0x00007ff816de6000 	C:\WINDOWS\SYSTEM32\profapi.dll
0x00007fffedc60000 - 0x00007fffedc79000 	C:\Program Files\Microsoft\jdk-11.0.18.10-hotspot\bin\net.dll
0x00007ff810cc0000 - 0x00007ff810df7000 	C:\WINDOWS\SYSTEM32\WINHTTP.dll
0x00007ff816300000 - 0x00007ff816369000 	C:\WINDOWS\system32\mswsock.dll
0x00007fffedc40000 - 0x00007fffedc53000 	C:\Program Files\Microsoft\jdk-11.0.18.10-hotspot\bin\nio.dll
0x00007ffff8a90000 - 0x00007ffff8ab7000 	C:\Users\BUTA\.gradle\native\e1d6ef7f7dcc3fd88c89a11ec53ec762bb8ba0a96d01ffa2cd45eb1d1d8dd5c5\windows-amd64\native-platform.dll
0x00007fffdcc20000 - 0x00007fffdcd64000 	C:\Users\BUTA\.gradle\native\0d407fdbe67a94daf76414ababcb853783967236a71b16ec16e742cd7a986fd3\windows-amd64\native-platform-file-events.dll
0x00007ff8006e0000 - 0x00007ff8006e9000 	C:\Program Files\Microsoft\jdk-11.0.18.10-hotspot\bin\management.dll
0x00007ffffbfa0000 - 0x00007ffffbfab000 	C:\Program Files\Microsoft\jdk-11.0.18.10-hotspot\bin\management_ext.dll
0x00007ff816620000 - 0x00007ff81663b000 	C:\WINDOWS\SYSTEM32\CRYPTSP.dll
0x00007ff815e00000 - 0x00007ff815e35000 	C:\WINDOWS\system32\rsaenh.dll
0x00007ff8163a0000 - 0x00007ff8163cc000 	C:\WINDOWS\SYSTEM32\USERENV.dll
0x00007ff816740000 - 0x00007ff816768000 	C:\WINDOWS\SYSTEM32\bcrypt.dll
0x00007ff816600000 - 0x00007ff81660c000 	C:\WINDOWS\SYSTEM32\CRYPTBASE.dll
0x00007ff815960000 - 0x00007ff81598d000 	C:\WINDOWS\SYSTEM32\IPHLPAPI.DLL
0x00007ff818150000 - 0x00007ff818159000 	C:\WINDOWS\System32\NSI.dll
0x00007ff810940000 - 0x00007ff810959000 	C:\WINDOWS\SYSTEM32\dhcpcsvc6.DLL
0x00007ff80fb60000 - 0x00007ff80fb7f000 	C:\WINDOWS\SYSTEM32\dhcpcsvc.DLL
0x00007ff815990000 - 0x00007ff815a83000 	C:\WINDOWS\SYSTEM32\DNSAPI.dll

dbghelp: loaded successfully - version: 4.0.5 - missing functions: none
symbol engine: initialized successfully - sym options: 0x614 - pdb path: .;C:\Program Files\Microsoft\jdk-11.0.18.10-hotspot\bin;C:\WINDOWS\SYSTEM32;C:\WINDOWS\WinSxS\amd64_microsoft.windows.common-controls_6595b64144ccf1df_6.0.22621.2070_none_2713e6537381f706;C:\Program Files\Microsoft\jdk-11.0.18.10-hotspot\bin\server;C:\Users\BUTA\.gradle\native\e1d6ef7f7dcc3fd88c89a11ec53ec762bb8ba0a96d01ffa2cd45eb1d1d8dd5c5\windows-amd64;C:\Users\BUTA\.gradle\native\0d407fdbe67a94daf76414ababcb853783967236a71b16ec16e742cd7a986fd3\windows-amd64

VM Arguments:
jvm_args: --add-opens=java.base/java.util=ALL-UNNAMED --add-opens=java.base/java.lang=ALL-UNNAMED --add-opens=java.base/java.lang.invoke=ALL-UNNAMED --add-opens=java.base/java.util=ALL-UNNAMED --add-opens=java.prefs/java.util.prefs=ALL-UNNAMED --add-opens=java.prefs/java.util.prefs=ALL-UNNAMED --add-opens=java.base/java.nio.charset=ALL-UNNAMED --add-opens=java.base/java.net=ALL-UNNAMED --add-opens=java.base/java.util.concurrent.atomic=ALL-UNNAMED -Xmx4096m -Dfile.encoding=windows-1252 -Duser.country=US -Duser.language=en -Duser.variant 
java_command: org.gradle.launcher.daemon.bootstrap.GradleDaemon 7.5
java_class_path (initial): C:\Users\BUTA\.gradle\wrapper\dists\gradle-7.5-all\6qsw290k5lz422uaf8jf6m7co\gradle-7.5\lib\gradle-launcher-7.5.jar
Launcher Type: SUN_STANDARD

[Global flags]
     intx CICompilerCount                          = 4                                         {product} {ergonomic}
     uint ConcGCThreads                            = 2                                         {product} {ergonomic}
     uint G1ConcRefinementThreads                  = 8                                         {product} {ergonomic}
   size_t G1HeapRegionSize                         = 1048576                                   {product} {ergonomic}
    uintx GCDrainStackTargetSize                   = 64                                        {product} {ergonomic}
   size_t InitialHeapSize                          = 130023424                                 {product} {ergonomic}
   size_t MarkStackSize                            = 4194304                                   {product} {ergonomic}
   size_t MaxHeapSize                              = 4294967296                                {product} {command line}
   size_t MaxNewSize                               = 2576351232                                {product} {ergonomic}
   size_t MinHeapDeltaBytes                        = 1048576                                   {product} {ergonomic}
    uintx NonNMethodCodeHeapSize                   = 5836300                                {pd product} {ergonomic}
    uintx NonProfiledCodeHeapSize                  = 122910970                              {pd product} {ergonomic}
    uintx ProfiledCodeHeapSize                     = 122910970                              {pd product} {ergonomic}
    uintx ReservedCodeCacheSize                    = 251658240                              {pd product} {ergonomic}
     bool SegmentedCodeCache                       = true                                      {product} {ergonomic}
     bool UseCompressedClassPointers               = true                                 {lp64_product} {ergonomic}
     bool UseCompressedOops                        = true                                 {lp64_product} {ergonomic}
     bool UseG1GC                                  = true                                      {product} {ergonomic}
     bool UseLargePagesIndividualAllocation        = false                                  {pd product} {ergonomic}

Logging:
Log output configuration:
 #0: stdout all=warning uptime,level,tags
 #1: stderr all=off uptime,level,tags

Environment Variables:
JAVA_HOME=C:\Program Files\Microsoft\jdk-11.0.18.10-hotspot\
CLASSPATH=C:\Users\BUTA\OneDrive\Desktop\isMobileApp\AwesomeProject\android\\gradle\wrapper\gradle-wrapper.jar
PATH=C:\Users\BUTA\OneDrive\Desktop\isMobileApp\AwesomeProject\node_modules\.bin;C:\Users\BUTA\OneDrive\Desktop\isMobileApp\AwesomeProject\node_modules\.bin;C:\Users\BUTA\OneDrive\Desktop\isMobileApp\node_modules\.bin;C:\Users\BUTA\OneDrive\Desktop\node_modules\.bin;C:\Users\BUTA\OneDrive\node_modules\.bin;C:\Users\BUTA\node_modules\.bin;C:\Users\node_modules\.bin;C:\node_modules\.bin;C:\Program Files\nodejs\node_modules\npm\node_modules\@npmcli\run-script\lib\node-gyp-bin;C:\Users\BUTA\OneDrive\Desktop\isMobileApp\AwesomeProject\node_modules\.bin;C:\Users\BUTA\OneDrive\Desktop\isMobileApp\node_modules\.bin;C:\Users\BUTA\OneDrive\Desktop\node_modules\.bin;C:\Users\BUTA\OneDrive\node_modules\.bin;C:\Users\BUTA\node_modules\.bin;C:\Users\node_modules\.bin;C:\node_modules\.bin;C:\Program Files\nodejs\node_modules\npm\node_modules\@npmcli\run-script\lib\node-gyp-bin;C:\Program Files\Microsoft\jdk-11.0.18.10-hotspot\bin;C:\WINDOWS\system32;C:\WINDOWS;C:\WINDOWS\System32\Wbem;C:\WINDOWS\System32\WindowsPowerShell\v1.0\;C:\WINDOWS\System32\OpenSSH\;C:\ProgramData\chocolatey\bin;C:\Program Files\nodejs\;C:\Users\BUTA\AppData\Local\Android\Sdk;D:\programs\MySQL;C:\Program Files\Git\cmd;C:\Program Files\Microsoft SQL Server\150\Tools\Binn\;C:\Program Files\Microsoft SQL Server\Client SDK\ODBC\170\Tools\Binn\;C:\Program Files\dotnet\;C:\Program Files (x86)\Microsoft SQL Server\160\Tools\Binn\;C:\Program Files\Microsoft SQL Server\160\Tools\Binn\;C:\Program Files\Microsoft SQL Server\160\DTS\Binn\;C:\Program Files (x86)\Microsoft SQL Server\160\DTS\Binn\;C:\Program Files\Azure Data Studio\bin;C:\Users\BUTA\AppData\Local\Android\Sdk\platform-tools;C:\Users\BUTA\AppData\Local\Android\Sdk\tools;C:\Users\BUTA\AppData\Local\Microsoft\WindowsApps;C:\Users\BUTA\AppData\Roaming\npm;C:\Users\BUTA\AppData\Local\Programs\Microsoft VS Code\bin;
USERNAME=BUTA
LANG=en_US.UTF-8
OS=Windows_NT
PROCESSOR_IDENTIFIER=Intel64 Family 6 Model 140 Stepping 1, GenuineIntel
TMP=C:\Users\BUTA\AppData\Local\Temp
TEMP=C:\Users\BUTA\AppData\Local\Temp



---------------  S Y S T E M  ---------------

OS: Windows 11 , 64 bit Build 22621 (10.0.22621.2070)
OS uptime: 1 days 2:29 hours
Hyper-V role detected

CPU:total 8 (initial active 8) (4 cores per cpu, 2 threads per core) family 6 model 140 stepping 1 microcode 0x8a, cmov, cx8, fxsr, mmx, sse, sse2, sse3, ssse3, sse4.1, sse4.2, popcnt, avx, avx2, aes, clmul, erms, 3dnowpref, lzcnt, ht, tsc, tscinvbit, bmi1, bmi2, adx, evex, sha, fma

Memory: 4k page, system-wide physical 7847M (10M free)
TotalPageFile size 22371M (AvailPageFile size 0M)
current process WorkingSet (physical memory assigned to process): 326M, peak: 363M
current process commit charge ("private bytes"): 414M, peak: 427M

vm_info: OpenJDK 64-Bit Server VM (11.0.18+10-LTS) for windows-amd64 JRE (11.0.18+10-LTS), built on Jan 18 2023 15:56:47 by "MicrosoftCorporation" with MS VC++ 15.9 (VS2017)

END.
