#
# There is insufficient memory for the Java Runtime Environment to continue.
# Native memory allocation (malloc) failed to allocate 1782576 bytes for Chunk::new
# Possible reasons:
#   The system is out of physical RAM or swap space
#   The process is running with CompressedOops enabled, and the Java Heap may be blocking the growth of the native heap
# Possible solutions:
#   Reduce memory load on the system
#   Increase physical memory or swap space
#   Check if swap backing store is full
#   Decrease Java heap size (-Xmx/-Xms)
#   Decrease number of Java threads
#   Decrease Java thread stack sizes (-Xss)
#   Set larger code cache with -XX:ReservedCodeCacheSize=
#   JVM is running with Unscaled Compressed Oops mode in which the Java heap is
#     placed in the first 4GB address space. The Java Heap base address is the
#     maximum limit for the native heap growth. Please use -XX:HeapBaseMinAddress
#     to set the Java Heap base and to place the Java Heap above 4GB virtual address.
# This output file may be truncated or incomplete.
#
#  Out of Memory Error (./src/hotspot/share/memory/arena.cpp:197), pid=1556, tid=5584
#
# JRE version: OpenJDK Runtime Environment Microsoft-7208460 (11.0.18+10) (build 11.0.18+10-LTS)
# Java VM: OpenJDK 64-Bit Server VM Microsoft-7208460 (11.0.18+10-LTS, mixed mode, tiered, compressed oops, g1 gc, windows-amd64)
# No core dump will be written. Minidumps are not enabled by default on client versions of Windows
#

---------------  S U M M A R Y ------------

Command Line: org.jetbrains.kotlin.cli.jvm.K2JVMCompiler @C:\Users\BUTA\Downloads\APPP-master\AwesomeProject\node_modules\react-native-screens\android\build\20230905_6734343295844491355.compiler.options

Host: 11th Gen Intel(R) Core(TM) i5-1135G7 @ 2.40GHz, 8 cores, 7G,  Windows 11 , 64 bit Build 22621 (10.0.22621.2070)
Time: Tue Sep  5 12:43:42 2023 Azerbaijan Standard Time elapsed time: 36.787620 seconds (0d 0h 0m 36s)

---------------  T H R E A D  ---------------

Current thread (0x000002b8c89db000):  JavaThread "C2 CompilerThread0" daemon [_thread_in_native, id=5584, stack(0x000000fc27a00000,0x000000fc27b00000)]


Current CompileTask:
C2:  36787 11782       4       org.jetbrains.kotlin.types.KotlinType::equals (56 bytes)

Stack: [0x000000fc27a00000,0x000000fc27b00000]
Native frames: (J=compiled Java code, j=interpreted, Vv=VM code, C=native code)
V  [jvm.dll+0x62bf8a]
V  [jvm.dll+0x7b8fb9]
V  [jvm.dll+0x7ba6a8]
V  [jvm.dll+0x7bad83]
V  [jvm.dll+0x250248]
V  [jvm.dll+0xc260c]
V  [jvm.dll+0xc2bcc]
V  [jvm.dll+0x35e182]
V  [jvm.dll+0x19ede1]
V  [jvm.dll+0x209495]
V  [jvm.dll+0x20850d]
V  [jvm.dll+0x18a4b1]
V  [jvm.dll+0x217eec]
V  [jvm.dll+0x21612b]
V  [jvm.dll+0x77bac0]
V  [jvm.dll+0x7749f4]
V  [jvm.dll+0x62adf5]
C  [ucrtbase.dll+0x29363]
C  [KERNEL32.DLL+0x126ad]
C  [ntdll.dll+0x5aa68]


---------------  P R O C E S S  ---------------

Threads class SMR info:
_java_thread_list=0x000002b8ca2c06e0, length=11, elements={
0x000002b8a72c2800, 0x000002b8c805c000, 0x000002b8c805f000, 0x000002b8c8076800,
0x000002b8c89d8800, 0x000002b8c89d9800, 0x000002b8c89db000, 0x000002b8c8982800,
0x000002b8c898d800, 0x000002b8c8b63800, 0x000002b8cb8f1000
}

Java Threads: ( => current thread )
  0x000002b8a72c2800 JavaThread "main" [_thread_in_Java, id=9980, stack(0x000000fc26e00000,0x000000fc26f00000)]
  0x000002b8c805c000 JavaThread "Reference Handler" daemon [_thread_blocked, id=11912, stack(0x000000fc27500000,0x000000fc27600000)]
  0x000002b8c805f000 JavaThread "Finalizer" daemon [_thread_blocked, id=3312, stack(0x000000fc27600000,0x000000fc27700000)]
  0x000002b8c8076800 JavaThread "Signal Dispatcher" daemon [_thread_blocked, id=3712, stack(0x000000fc27700000,0x000000fc27800000)]
  0x000002b8c89d8800 JavaThread "Attach Listener" daemon [_thread_blocked, id=15944, stack(0x000000fc27800000,0x000000fc27900000)]
  0x000002b8c89d9800 JavaThread "Service Thread" daemon [_thread_blocked, id=16016, stack(0x000000fc27900000,0x000000fc27a00000)]
=>0x000002b8c89db000 JavaThread "C2 CompilerThread0" daemon [_thread_in_native, id=5584, stack(0x000000fc27a00000,0x000000fc27b00000)]
  0x000002b8c8982800 JavaThread "C1 CompilerThread0" daemon [_thread_blocked, id=5468, stack(0x000000fc27b00000,0x000000fc27c00000)]
  0x000002b8c898d800 JavaThread "Sweeper thread" daemon [_thread_blocked, id=4284, stack(0x000000fc27c00000,0x000000fc27d00000)]
  0x000002b8c8b63800 JavaThread "Common-Cleaner" daemon [_thread_blocked, id=9768, stack(0x000000fc27e00000,0x000000fc27f00000)]
  0x000002b8cb8f1000 JavaThread "C2 CompilerThread1" daemon [_thread_in_native, id=2968, stack(0x000000fc26b00000,0x000000fc26c00000)]

Other Threads:
  0x000002b8c8033800 VMThread "VM Thread" [stack: 0x000000fc27400000,0x000000fc27500000] [id=16332]
  0x000002b8c8b57000 WatcherThread [stack: 0x000000fc27d00000,0x000000fc27e00000] [id=3996]
  0x000002b8a72db800 GCTaskThread "GC Thread#0" [stack: 0x000000fc26f00000,0x000000fc27000000] [id=16072]
  0x000002b8c8f73000 GCTaskThread "GC Thread#1" [stack: 0x000000fc27f00000,0x000000fc28000000] [id=3896]
  0x000002b8cc7ff800 GCTaskThread "GC Thread#2" [stack: 0x000000fc28200000,0x000000fc28300000] [id=13916]
  0x000002b8a730a000 ConcurrentGCThread "G1 Main Marker" [stack: 0x000000fc27000000,0x000000fc27100000] [id=16312]
  0x000002b8a730c000 ConcurrentGCThread "G1 Conc#0" [stack: 0x000000fc27100000,0x000000fc27200000] [id=9044]
  0x000002b8c9ca2800 ConcurrentGCThread "G1 Conc#1" [stack: 0x000000fc28000000,0x000000fc28100000] [id=2188]
  0x000002b8c7e90800 ConcurrentGCThread "G1 Refine#0" [stack: 0x000000fc27200000,0x000000fc27300000] [id=15196]
  0x000002b8c9da5800 ConcurrentGCThread "G1 Refine#1" [stack: 0x000000fc28300000,0x000000fc28400000] [id=16664]
  0x000002b8c7e91800 ConcurrentGCThread "G1 Young RemSet Sampling" [stack: 0x000000fc27300000,0x000000fc27400000] [id=8440]

Threads with active compile tasks:
C2 CompilerThread0    36801 11782       4       org.jetbrains.kotlin.types.KotlinType::equals (56 bytes)
C2 CompilerThread1    36801 11875       4       org.jetbrains.kotlin.resolve.calls.components.ClassicTypeSystemContextForCS::contains (7 bytes)

VM state:not at safepoint (normal execution)

VM Mutex/Monitor currently owned by a thread: None

Heap address: 0x0000000085600000, size: 1962 MB, Compressed Oops mode: 32-bit
Narrow klass base: 0x0000000000000000, Narrow klass shift: 3
Compressed class space size: 1073741824 Address: 0x0000000100000000

Heap:
 garbage-first heap   total 152576K, used 116224K [0x0000000085600000, 0x0000000100000000)
  region size 1024K, 50 young (51200K), 7 survivors (7168K)
 Metaspace       used 69407K, capacity 70279K, committed 70524K, reserved 1112064K
  class space    used 7625K, capacity 7984K, committed 8060K, reserved 1048576K
Heap Regions: E=young(eden), S=young(survivor), O=old, HS=humongous(starts), HC=humongous(continues), CS=collection set, F=free, A=archive, TAMS=top-at-mark-start (previous, next)
|   0|0x0000000085600000, 0x0000000085700000, 0x0000000085700000|100%|HS|  |TAMS 0x0000000085700000, 0x0000000085600000| Complete 
|   1|0x0000000085700000, 0x0000000085800000, 0x0000000085800000|100%|HC|  |TAMS 0x0000000085800000, 0x0000000085700000| Complete 
|   2|0x0000000085800000, 0x0000000085900000, 0x0000000085900000|100%|HC|  |TAMS 0x0000000085900000, 0x0000000085800000| Complete 
|   3|0x0000000085900000, 0x0000000085a00000, 0x0000000085a00000|100%|HS|  |TAMS 0x0000000085a00000, 0x0000000085900000| Complete 
|   4|0x0000000085a00000, 0x0000000085b00000, 0x0000000085b00000|100%|HC|  |TAMS 0x0000000085b00000, 0x0000000085a00000| Complete 
|   5|0x0000000085b00000, 0x0000000085c00000, 0x0000000085c00000|100%|HC|  |TAMS 0x0000000085c00000, 0x0000000085b00000| Complete 
|   6|0x0000000085c00000, 0x0000000085d00000, 0x0000000085d00000|100%|HS|  |TAMS 0x0000000085d00000, 0x0000000085c00000| Complete 
|   7|0x0000000085d00000, 0x0000000085e00000, 0x0000000085e00000|100%|HC|  |TAMS 0x0000000085e00000, 0x0000000085d00000| Complete 
|   8|0x0000000085e00000, 0x0000000085f00000, 0x0000000085f00000|100%| O|  |TAMS 0x0000000085f00000, 0x0000000085e00000| Untracked 
|   9|0x0000000085f00000, 0x0000000086000000, 0x0000000086000000|100%| O|  |TAMS 0x0000000086000000, 0x0000000085f00000| Untracked 
|  10|0x0000000086000000, 0x0000000086100000, 0x0000000086100000|100%| O|  |TAMS 0x0000000086100000, 0x0000000086000000| Untracked 
|  11|0x0000000086100000, 0x0000000086200000, 0x0000000086200000|100%| O|  |TAMS 0x0000000086200000, 0x0000000086100000| Untracked 
|  12|0x0000000086200000, 0x0000000086300000, 0x0000000086300000|100%| O|  |TAMS 0x0000000086300000, 0x0000000086200000| Untracked 
|  13|0x0000000086300000, 0x0000000086400000, 0x0000000086400000|100%| O|  |TAMS 0x0000000086400000, 0x0000000086300000| Untracked 
|  14|0x0000000086400000, 0x0000000086500000, 0x0000000086500000|100%| O|  |TAMS 0x0000000086500000, 0x0000000086400000| Untracked 
|  15|0x0000000086500000, 0x0000000086600000, 0x0000000086600000|100%| O|  |TAMS 0x0000000086600000, 0x0000000086500000| Untracked 
|  16|0x0000000086600000, 0x0000000086700000, 0x0000000086700000|100%| O|  |TAMS 0x0000000086700000, 0x0000000086600000| Untracked 
|  17|0x0000000086700000, 0x0000000086800000, 0x0000000086800000|100%| O|  |TAMS 0x0000000086800000, 0x0000000086700000| Untracked 
|  18|0x0000000086800000, 0x0000000086900000, 0x0000000086900000|100%| O|  |TAMS 0x0000000086900000, 0x0000000086800000| Untracked 
|  19|0x0000000086900000, 0x0000000086a00000, 0x0000000086a00000|100%| O|  |TAMS 0x0000000086a00000, 0x0000000086900000| Untracked 
|  20|0x0000000086a00000, 0x0000000086b00000, 0x0000000086b00000|100%| O|  |TAMS 0x0000000086b00000, 0x0000000086a00000| Untracked 
|  21|0x0000000086b00000, 0x0000000086c00000, 0x0000000086c00000|100%| O|  |TAMS 0x0000000086c00000, 0x0000000086b00000| Untracked 
|  22|0x0000000086c00000, 0x0000000086d00000, 0x0000000086d00000|100%| O|  |TAMS 0x0000000086d00000, 0x0000000086c00000| Untracked 
|  23|0x0000000086d00000, 0x0000000086e00000, 0x0000000086e00000|100%| O|  |TAMS 0x0000000086e00000, 0x0000000086d00000| Untracked 
|  24|0x0000000086e00000, 0x0000000086f00000, 0x0000000086f00000|100%| O|  |TAMS 0x0000000086f00000, 0x0000000086e00000| Untracked 
|  25|0x0000000086f00000, 0x0000000087000000, 0x0000000087000000|100%| O|  |TAMS 0x0000000087000000, 0x0000000086f00000| Untracked 
|  26|0x0000000087000000, 0x0000000087100000, 0x0000000087100000|100%| O|  |TAMS 0x0000000087100000, 0x0000000087000000| Untracked 
|  27|0x0000000087100000, 0x0000000087200000, 0x0000000087200000|100%| O|  |TAMS 0x0000000087200000, 0x0000000087100000| Untracked 
|  28|0x0000000087200000, 0x0000000087300000, 0x0000000087300000|100%| O|  |TAMS 0x0000000087300000, 0x0000000087200000| Untracked 
|  29|0x0000000087300000, 0x0000000087400000, 0x0000000087400000|100%| O|  |TAMS 0x0000000087400000, 0x0000000087300000| Untracked 
|  30|0x0000000087400000, 0x0000000087500000, 0x0000000087500000|100%| O|  |TAMS 0x0000000087500000, 0x0000000087400000| Untracked 
|  31|0x0000000087500000, 0x0000000087600000, 0x0000000087600000|100%| O|  |TAMS 0x0000000087600000, 0x0000000087500000| Untracked 
|  32|0x0000000087600000, 0x0000000087700000, 0x0000000087700000|100%| O|  |TAMS 0x0000000087700000, 0x0000000087600000| Untracked 
|  33|0x0000000087700000, 0x0000000087800000, 0x0000000087800000|100%| O|  |TAMS 0x0000000087700000, 0x0000000087700000| Untracked 
|  34|0x0000000087800000, 0x0000000087900000, 0x0000000087900000|100%| O|  |TAMS 0x0000000087800000, 0x0000000087800000| Untracked 
|  35|0x0000000087900000, 0x0000000087a00000, 0x0000000087a00000|100%| O|  |TAMS 0x0000000087900000, 0x0000000087900000| Untracked 
|  36|0x0000000087a00000, 0x0000000087b00000, 0x0000000087b00000|100%| O|  |TAMS 0x0000000087a00000, 0x0000000087a00000| Untracked 
|  37|0x0000000087b00000, 0x0000000087c00000, 0x0000000087c00000|100%| O|  |TAMS 0x0000000087b00000, 0x0000000087b00000| Untracked 
|  38|0x0000000087c00000, 0x0000000087d00000, 0x0000000087d00000|100%| O|  |TAMS 0x0000000087c00000, 0x0000000087c00000| Untracked 
|  39|0x0000000087d00000, 0x0000000087e00000, 0x0000000087e00000|100%| O|  |TAMS 0x0000000087d00000, 0x0000000087d00000| Untracked 
|  40|0x0000000087e00000, 0x0000000087f00000, 0x0000000087f00000|100%| O|  |TAMS 0x0000000087e00000, 0x0000000087e00000| Untracked 
|  41|0x0000000087f00000, 0x0000000088000000, 0x0000000088000000|100%| O|  |TAMS 0x0000000087f00000, 0x0000000087f00000| Untracked 
|  42|0x0000000088000000, 0x0000000088100000, 0x0000000088100000|100%| O|  |TAMS 0x0000000088000000, 0x0000000088000000| Untracked 
|  43|0x0000000088100000, 0x0000000088200000, 0x0000000088200000|100%| O|  |TAMS 0x0000000088100000, 0x0000000088100000| Untracked 
|  44|0x0000000088200000, 0x0000000088300000, 0x0000000088300000|100%| O|  |TAMS 0x0000000088200000, 0x0000000088200000| Untracked 
|  45|0x0000000088300000, 0x0000000088400000, 0x0000000088400000|100%| O|  |TAMS 0x0000000088300000, 0x0000000088300000| Untracked 
|  46|0x0000000088400000, 0x0000000088500000, 0x0000000088500000|100%| O|  |TAMS 0x0000000088400000, 0x0000000088400000| Untracked 
|  47|0x0000000088500000, 0x0000000088600000, 0x0000000088600000|100%| O|  |TAMS 0x0000000088500000, 0x0000000088500000| Untracked 
|  48|0x0000000088600000, 0x0000000088700000, 0x0000000088700000|100%| O|  |TAMS 0x0000000088600000, 0x0000000088600000| Untracked 
|  49|0x0000000088700000, 0x0000000088800000, 0x0000000088800000|100%| O|  |TAMS 0x0000000088700000, 0x0000000088700000| Untracked 
|  50|0x0000000088800000, 0x0000000088900000, 0x0000000088900000|100%| O|  |TAMS 0x0000000088800000, 0x0000000088800000| Untracked 
|  51|0x0000000088900000, 0x0000000088a00000, 0x0000000088a00000|100%| O|  |TAMS 0x0000000088900000, 0x0000000088900000| Untracked 
|  52|0x0000000088a00000, 0x0000000088b00000, 0x0000000088b00000|100%| O|  |TAMS 0x0000000088a00000, 0x0000000088a00000| Untracked 
|  53|0x0000000088b00000, 0x0000000088c00000, 0x0000000088c00000|100%| O|  |TAMS 0x0000000088b00000, 0x0000000088b00000| Untracked 
|  54|0x0000000088c00000, 0x0000000088d00000, 0x0000000088d00000|100%| O|  |TAMS 0x0000000088c00000, 0x0000000088c00000| Untracked 
|  55|0x0000000088d00000, 0x0000000088e00000, 0x0000000088e00000|100%| O|  |TAMS 0x0000000088d00000, 0x0000000088d00000| Untracked 
|  56|0x0000000088e00000, 0x0000000088f00000, 0x0000000088f00000|100%| O|  |TAMS 0x0000000088e00000, 0x0000000088e00000| Untracked 
|  57|0x0000000088f00000, 0x0000000089000000, 0x0000000089000000|100%| O|  |TAMS 0x0000000088f00000, 0x0000000088f00000| Untracked 
|  58|0x0000000089000000, 0x0000000089100000, 0x0000000089100000|100%| O|  |TAMS 0x0000000089000000, 0x0000000089000000| Untracked 
|  59|0x0000000089100000, 0x0000000089200000, 0x0000000089200000|100%| O|  |TAMS 0x0000000089100000, 0x0000000089100000| Untracked 
|  60|0x0000000089200000, 0x0000000089300000, 0x0000000089300000|100%| O|  |TAMS 0x0000000089200000, 0x0000000089200000| Untracked 
|  61|0x0000000089300000, 0x0000000089400000, 0x0000000089400000|100%| O|  |TAMS 0x0000000089300000, 0x0000000089300000| Untracked 
|  62|0x0000000089400000, 0x0000000089480000, 0x0000000089500000| 50%| O|  |TAMS 0x0000000089400000, 0x0000000089400000| Untracked 
|  63|0x0000000089500000, 0x0000000089600000, 0x0000000089600000|100%|HS|  |TAMS 0x0000000089500000, 0x0000000089500000| Complete 
|  64|0x0000000089600000, 0x0000000089700000, 0x0000000089700000|100%|HC|  |TAMS 0x0000000089600000, 0x0000000089600000| Complete 
|  65|0x0000000089700000, 0x0000000089700000, 0x0000000089800000|  0%| F|  |TAMS 0x0000000089700000, 0x0000000089700000| Untracked 
|  66|0x0000000089800000, 0x0000000089800000, 0x0000000089900000|  0%| F|  |TAMS 0x0000000089800000, 0x0000000089800000| Untracked 
|  67|0x0000000089900000, 0x0000000089900000, 0x0000000089a00000|  0%| F|  |TAMS 0x0000000089900000, 0x0000000089900000| Untracked 
|  68|0x0000000089a00000, 0x0000000089a00000, 0x0000000089b00000|  0%| F|  |TAMS 0x0000000089a00000, 0x0000000089a00000| Untracked 
|  69|0x0000000089b00000, 0x0000000089b00000, 0x0000000089c00000|  0%| F|  |TAMS 0x0000000089b00000, 0x0000000089b00000| Untracked 
|  70|0x0000000089c00000, 0x0000000089c00000, 0x0000000089d00000|  0%| F|  |TAMS 0x0000000089c00000, 0x0000000089c00000| Untracked 
|  71|0x0000000089d00000, 0x0000000089d00000, 0x0000000089e00000|  0%| F|  |TAMS 0x0000000089d00000, 0x0000000089d00000| Untracked 
|  72|0x0000000089e00000, 0x0000000089e00000, 0x0000000089f00000|  0%| F|  |TAMS 0x0000000089e00000, 0x0000000089e00000| Untracked 
|  73|0x0000000089f00000, 0x0000000089f00000, 0x000000008a000000|  0%| F|  |TAMS 0x0000000089f00000, 0x0000000089f00000| Untracked 
|  74|0x000000008a000000, 0x000000008a000000, 0x000000008a100000|  0%| F|  |TAMS 0x000000008a000000, 0x000000008a000000| Untracked 
|  75|0x000000008a100000, 0x000000008a100000, 0x000000008a200000|  0%| F|  |TAMS 0x000000008a100000, 0x000000008a100000| Untracked 
|  76|0x000000008a200000, 0x000000008a200000, 0x000000008a300000|  0%| F|  |TAMS 0x000000008a200000, 0x000000008a200000| Untracked 
|  77|0x000000008a300000, 0x000000008a300000, 0x000000008a400000|  0%| F|  |TAMS 0x000000008a300000, 0x000000008a300000| Untracked 
|  78|0x000000008a400000, 0x000000008a400000, 0x000000008a500000|  0%| F|  |TAMS 0x000000008a400000, 0x000000008a400000| Untracked 
|  79|0x000000008a500000, 0x000000008a500000, 0x000000008a600000|  0%| F|  |TAMS 0x000000008a500000, 0x000000008a500000| Untracked 
|  80|0x000000008a600000, 0x000000008a600000, 0x000000008a700000|  0%| F|  |TAMS 0x000000008a600000, 0x000000008a600000| Untracked 
|  81|0x000000008a700000, 0x000000008a700000, 0x000000008a800000|  0%| F|  |TAMS 0x000000008a700000, 0x000000008a700000| Untracked 
|  82|0x000000008a800000, 0x000000008a800000, 0x000000008a900000|  0%| F|  |TAMS 0x000000008a800000, 0x000000008a800000| Untracked 
|  83|0x000000008a900000, 0x000000008a900000, 0x000000008aa00000|  0%| F|  |TAMS 0x000000008a900000, 0x000000008a900000| Untracked 
|  84|0x000000008aa00000, 0x000000008aa00000, 0x000000008ab00000|  0%| F|  |TAMS 0x000000008aa00000, 0x000000008aa00000| Untracked 
|  85|0x000000008ab00000, 0x000000008ab00000, 0x000000008ac00000|  0%| F|  |TAMS 0x000000008ab00000, 0x000000008ab00000| Untracked 
|  86|0x000000008ac00000, 0x000000008ac00000, 0x000000008ad00000|  0%| F|  |TAMS 0x000000008ac00000, 0x000000008ac00000| Untracked 
|  87|0x000000008ad00000, 0x000000008ad00000, 0x000000008ae00000|  0%| F|  |TAMS 0x000000008ad00000, 0x000000008ad00000| Untracked 
|  88|0x000000008ae00000, 0x000000008ae00000, 0x000000008af00000|  0%| F|  |TAMS 0x000000008ae00000, 0x000000008ae00000| Untracked 
|  89|0x000000008af00000, 0x000000008af00000, 0x000000008b000000|  0%| F|  |TAMS 0x000000008af00000, 0x000000008af00000| Untracked 
|  90|0x000000008b000000, 0x000000008b000000, 0x000000008b100000|  0%| F|  |TAMS 0x000000008b000000, 0x000000008b000000| Untracked 
|  91|0x000000008b100000, 0x000000008b100000, 0x000000008b200000|  0%| F|  |TAMS 0x000000008b100000, 0x000000008b100000| Untracked 
|  92|0x000000008b200000, 0x000000008b200000, 0x000000008b300000|  0%| F|  |TAMS 0x000000008b200000, 0x000000008b200000| Untracked 
|  93|0x000000008b300000, 0x000000008b400000, 0x000000008b400000|100%| S|CS|TAMS 0x000000008b300000, 0x000000008b300000| Complete 
|  94|0x000000008b400000, 0x000000008b500000, 0x000000008b500000|100%| S|CS|TAMS 0x000000008b400000, 0x000000008b400000| Complete 
|  95|0x000000008b500000, 0x000000008b600000, 0x000000008b600000|100%| S|CS|TAMS 0x000000008b500000, 0x000000008b500000| Complete 
|  96|0x000000008b600000, 0x000000008b700000, 0x000000008b700000|100%| S|CS|TAMS 0x000000008b600000, 0x000000008b600000| Complete 
|  97|0x000000008b700000, 0x000000008b800000, 0x000000008b800000|100%| S|CS|TAMS 0x000000008b700000, 0x000000008b700000| Complete 
|  98|0x000000008b800000, 0x000000008b900000, 0x000000008b900000|100%| S|CS|TAMS 0x000000008b800000, 0x000000008b800000| Complete 
|  99|0x000000008b900000, 0x000000008ba00000, 0x000000008ba00000|100%| S|CS|TAMS 0x000000008b900000, 0x000000008b900000| Complete 
| 100|0x000000008ba00000, 0x000000008ba00000, 0x000000008bb00000|  0%| F|  |TAMS 0x000000008ba00000, 0x000000008ba00000| Untracked 
| 101|0x000000008bb00000, 0x000000008bb00000, 0x000000008bc00000|  0%| F|  |TAMS 0x000000008bb00000, 0x000000008bb00000| Untracked 
| 102|0x000000008bc00000, 0x000000008bc00000, 0x000000008bd00000|  0%| F|  |TAMS 0x000000008bc00000, 0x000000008bc00000| Untracked 
| 103|0x000000008bd00000, 0x000000008bd00000, 0x000000008be00000|  0%| F|  |TAMS 0x000000008bd00000, 0x000000008bd00000| Untracked 
| 104|0x000000008be00000, 0x000000008be00000, 0x000000008bf00000|  0%| F|  |TAMS 0x000000008be00000, 0x000000008be00000| Untracked 
| 105|0x000000008bf00000, 0x000000008bf00000, 0x000000008c000000|  0%| F|  |TAMS 0x000000008bf00000, 0x000000008bf00000| Untracked 
| 106|0x000000008c000000, 0x000000008c100000, 0x000000008c100000|100%| E|  |TAMS 0x000000008c000000, 0x000000008c000000| Complete 
| 107|0x000000008c100000, 0x000000008c200000, 0x000000008c200000|100%| E|CS|TAMS 0x000000008c100000, 0x000000008c100000| Complete 
| 108|0x000000008c200000, 0x000000008c300000, 0x000000008c300000|100%| E|CS|TAMS 0x000000008c200000, 0x000000008c200000| Complete 
| 109|0x000000008c300000, 0x000000008c400000, 0x000000008c400000|100%| E|CS|TAMS 0x000000008c300000, 0x000000008c300000| Complete 
| 110|0x000000008c400000, 0x000000008c500000, 0x000000008c500000|100%| E|CS|TAMS 0x000000008c400000, 0x000000008c400000| Complete 
| 111|0x000000008c500000, 0x000000008c600000, 0x000000008c600000|100%| E|CS|TAMS 0x000000008c500000, 0x000000008c500000| Complete 
| 112|0x000000008c600000, 0x000000008c700000, 0x000000008c700000|100%| E|CS|TAMS 0x000000008c600000, 0x000000008c600000| Complete 
| 113|0x000000008c700000, 0x000000008c800000, 0x000000008c800000|100%| E|CS|TAMS 0x000000008c700000, 0x000000008c700000| Complete 
| 114|0x000000008c800000, 0x000000008c900000, 0x000000008c900000|100%| E|CS|TAMS 0x000000008c800000, 0x000000008c800000| Complete 
| 115|0x000000008c900000, 0x000000008ca00000, 0x000000008ca00000|100%| E|CS|TAMS 0x000000008c900000, 0x000000008c900000| Complete 
| 116|0x000000008ca00000, 0x000000008cb00000, 0x000000008cb00000|100%| E|CS|TAMS 0x000000008ca00000, 0x000000008ca00000| Complete 
| 117|0x000000008cb00000, 0x000000008cc00000, 0x000000008cc00000|100%| E|CS|TAMS 0x000000008cb00000, 0x000000008cb00000| Complete 
| 118|0x000000008cc00000, 0x000000008cd00000, 0x000000008cd00000|100%| E|CS|TAMS 0x000000008cc00000, 0x000000008cc00000| Complete 
| 119|0x000000008cd00000, 0x000000008ce00000, 0x000000008ce00000|100%| E|CS|TAMS 0x000000008cd00000, 0x000000008cd00000| Complete 
| 120|0x000000008ce00000, 0x000000008cf00000, 0x000000008cf00000|100%| E|CS|TAMS 0x000000008ce00000, 0x000000008ce00000| Complete 
| 121|0x000000008cf00000, 0x000000008d000000, 0x000000008d000000|100%| E|CS|TAMS 0x000000008cf00000, 0x000000008cf00000| Complete 
| 122|0x000000008d000000, 0x000000008d100000, 0x000000008d100000|100%| E|CS|TAMS 0x000000008d000000, 0x000000008d000000| Complete 
| 123|0x000000008d100000, 0x000000008d200000, 0x000000008d200000|100%| E|CS|TAMS 0x000000008d100000, 0x000000008d100000| Complete 
| 124|0x000000008d200000, 0x000000008d300000, 0x000000008d300000|100%| E|CS|TAMS 0x000000008d200000, 0x000000008d200000| Complete 
| 125|0x000000008d300000, 0x000000008d400000, 0x000000008d400000|100%| E|CS|TAMS 0x000000008d300000, 0x000000008d300000| Complete 
| 126|0x000000008d400000, 0x000000008d500000, 0x000000008d500000|100%| E|CS|TAMS 0x000000008d400000, 0x000000008d400000| Complete 
| 127|0x000000008d500000, 0x000000008d600000, 0x000000008d600000|100%| E|CS|TAMS 0x000000008d500000, 0x000000008d500000| Complete 
| 128|0x000000008d600000, 0x000000008d700000, 0x000000008d700000|100%| E|CS|TAMS 0x000000008d600000, 0x000000008d600000| Complete 
| 129|0x000000008d700000, 0x000000008d800000, 0x000000008d800000|100%| E|CS|TAMS 0x000000008d700000, 0x000000008d700000| Complete 
| 130|0x000000008d800000, 0x000000008d900000, 0x000000008d900000|100%| E|CS|TAMS 0x000000008d800000, 0x000000008d800000| Complete 
| 131|0x000000008d900000, 0x000000008da00000, 0x000000008da00000|100%| E|CS|TAMS 0x000000008d900000, 0x000000008d900000| Complete 
| 132|0x000000008da00000, 0x000000008db00000, 0x000000008db00000|100%| E|CS|TAMS 0x000000008da00000, 0x000000008da00000| Complete 
| 133|0x000000008db00000, 0x000000008dc00000, 0x000000008dc00000|100%| E|CS|TAMS 0x000000008db00000, 0x000000008db00000| Complete 
| 134|0x000000008dc00000, 0x000000008dd00000, 0x000000008dd00000|100%| E|CS|TAMS 0x000000008dc00000, 0x000000008dc00000| Complete 
| 135|0x000000008dd00000, 0x000000008de00000, 0x000000008de00000|100%| E|CS|TAMS 0x000000008dd00000, 0x000000008dd00000| Complete 
| 136|0x000000008de00000, 0x000000008df00000, 0x000000008df00000|100%| E|CS|TAMS 0x000000008de00000, 0x000000008de00000| Complete 
| 137|0x000000008df00000, 0x000000008e000000, 0x000000008e000000|100%| E|CS|TAMS 0x000000008df00000, 0x000000008df00000| Complete 
| 138|0x000000008e000000, 0x000000008e100000, 0x000000008e100000|100%| E|CS|TAMS 0x000000008e000000, 0x000000008e000000| Complete 
| 139|0x000000008e100000, 0x000000008e200000, 0x000000008e200000|100%| E|CS|TAMS 0x000000008e100000, 0x000000008e100000| Complete 
| 140|0x000000008e200000, 0x000000008e300000, 0x000000008e300000|100%| E|CS|TAMS 0x000000008e200000, 0x000000008e200000| Complete 
| 141|0x000000008e300000, 0x000000008e400000, 0x000000008e400000|100%| E|CS|TAMS 0x000000008e300000, 0x000000008e300000| Complete 
| 142|0x000000008e400000, 0x000000008e500000, 0x000000008e500000|100%| E|CS|TAMS 0x000000008e400000, 0x000000008e400000| Complete 
| 143|0x000000008e500000, 0x000000008e600000, 0x000000008e600000|100%| E|CS|TAMS 0x000000008e500000, 0x000000008e500000| Complete 
| 144|0x000000008e600000, 0x000000008e700000, 0x000000008e700000|100%| E|CS|TAMS 0x000000008e600000, 0x000000008e600000| Complete 
| 145|0x000000008e700000, 0x000000008e800000, 0x000000008e800000|100%| E|CS|TAMS 0x000000008e700000, 0x000000008e700000| Complete 
| 146|0x000000008e800000, 0x000000008e900000, 0x000000008e900000|100%| E|CS|TAMS 0x000000008e800000, 0x000000008e800000| Complete 
| 147|0x000000008e900000, 0x000000008ea00000, 0x000000008ea00000|100%| E|CS|TAMS 0x000000008e900000, 0x000000008e900000| Complete 
| 148|0x000000008ea00000, 0x000000008eb00000, 0x000000008eb00000|100%| E|CS|TAMS 0x000000008ea00000, 0x000000008ea00000| Complete 

Card table byte_map: [0x000002b8c1060000,0x000002b8c1440000] _byte_map_base: 0x000002b8c0c35000

Marking Bits (Prev, Next): (CMBitMap*) 0x000002b8a7301810, (CMBitMap*) 0x000002b8a73017d8
 Prev Bits: [0x000002b8c36d0000, 0x000002b8c5578000)
 Next Bits: [0x000002b8c1820000, 0x000002b8c36c8000)

Polling page: 0x000002b8a7390000

Metaspace:

Usage:
  Non-class:     60.83 MB capacity,    60.33 MB (>99%) used,   387.47 KB ( <1%) free+waste,   125.31 KB ( <1%) overhead. 
      Class:      7.80 MB capacity,     7.45 MB ( 96%) used,   305.09 KB (  4%) free+waste,    53.88 KB ( <1%) overhead. 
       Both:     68.63 MB capacity,    67.78 MB ( 99%) used,   692.56 KB ( <1%) free+waste,   179.19 KB ( <1%) overhead. 

Virtual space:
  Non-class space:       62.00 MB reserved,      61.00 MB ( 98%) committed 
      Class space:        1.00 GB reserved,       7.87 MB ( <1%) committed 
             Both:        1.06 GB reserved,      68.87 MB (  6%) committed 

Chunk freelists:
   Non-Class:  41.00 KB
       Class:  16.00 KB
        Both:  57.00 KB

MaxMetaspaceSize: 17179869184.00 GB
CompressedClassSpaceSize: 1.00 GB
Initial GC threshold: 20.80 MB
Current GC threshold: 88.95 MB
CDS: off

CodeHeap 'non-profiled nmethods': size=120000Kb used=7969Kb max_used=7969Kb free=112031Kb
 bounds [0x000002b8b8cf0000, 0x000002b8b94c0000, 0x000002b8c0220000]
CodeHeap 'profiled nmethods': size=120000Kb used=35436Kb max_used=35436Kb free=84563Kb
 bounds [0x000002b8b17c0000, 0x000002b8b3a60000, 0x000002b8b8cf0000]
CodeHeap 'non-nmethods': size=5760Kb used=1315Kb max_used=1389Kb free=4444Kb
 bounds [0x000002b8b1220000, 0x000002b8b1490000, 0x000002b8b17c0000]
 total_blobs=12313 nmethods=11721 adapters=502
 compilation: enabled
              stopped_count=0, restarted_count=0
 full_count=0

Compilation events (20 events):
Event: 36.676 Thread 0x000002b8c8982800 11905       3       org.jetbrains.kotlin.resolve.scopes.receivers.ImplicitClassReceiver::getOriginal (8 bytes)
Event: 36.677 Thread 0x000002b8c8982800 nmethod 11905 0x000002b8b3a52010 code [0x000002b8b3a521c0, 0x000002b8b3a522d8]
Event: 36.677 Thread 0x000002b8c8982800 11906       3       org.jetbrains.kotlin.resolve.calls.tower.ScopeTowerProcessorsKt$createFunctionProcessor$invokeExtensionProcessor$1::invoke (9 bytes)
Event: 36.678 Thread 0x000002b8c8982800 nmethod 11906 0x000002b8b3a52390 code [0x000002b8b3a52560, 0x000002b8b3a52868]
Event: 36.685 Thread 0x000002b8c8982800 11907       3       org.jetbrains.kotlin.resolve.BodyResolver::computeDeferredType (25 bytes)
Event: 36.685 Thread 0x000002b8c8982800 nmethod 11907 0x000002b8b3a52990 code [0x000002b8b3a52ba0, 0x000002b8b3a53288]
Event: 36.693 Thread 0x000002b8c8982800 11908       3       org.jetbrains.kotlin.resolve.calls.inference.components.VariableFixationFinder::variableHasTrivialOrNonProperConstraints (145 bytes)
Event: 36.695 Thread 0x000002b8c8982800 nmethod 11908 0x000002b8b3a53490 code [0x000002b8b3a537c0, 0x000002b8b3a54b18]
Event: 36.695 Thread 0x000002b8c8982800 11909       3       org.jetbrains.kotlin.resolve.calls.inference.components.TypeVariableDependencyInformationProvider::isVariableRelatedToAnyOutputType (17 bytes)
Event: 36.695 Thread 0x000002b8c8982800 nmethod 11909 0x000002b8b3a55190 code [0x000002b8b3a553c0, 0x000002b8b3a55a28]
Event: 36.696 Thread 0x000002b8c8982800 11910       3       org.jetbrains.kotlin.resolve.calls.inference.components.VariableFixationFinder::variableHasOnlyIncorporatedConstraintsFromDeclaredUpperBound (216 bytes)
Event: 36.697 Thread 0x000002b8c8982800 nmethod 11910 0x000002b8b3a55c90 code [0x000002b8b3a56060, 0x000002b8b3a57cf8]
Event: 36.697 Thread 0x000002b8c8982800 11911       3       org.jetbrains.kotlin.resolve.calls.inference.components.VariableFixationFinder::isReified (46 bytes)
Event: 36.698 Thread 0x000002b8c8982800 nmethod 11911 0x000002b8b3a58590 code [0x000002b8b3a588c0, 0x000002b8b3a59b08]
Event: 36.699 Thread 0x000002b8c8982800 11912       3       org.jetbrains.kotlin.types.AbstractTypeApproximator::typeDepth (18 bytes)
Event: 36.699 Thread 0x000002b8c8982800 nmethod 11912 0x000002b8b3a5a190 code [0x000002b8b3a5a3c0, 0x000002b8b3a5aa08]
Event: 36.743 Thread 0x000002b8c8982800 11913       3       org.jetbrains.kotlin.builtins.functions.FunctionClassDescriptor::getUnsubstitutedMemberScope (9 bytes)
Event: 36.744 Thread 0x000002b8c8982800 nmethod 11913 0x000002b8b3a5ac90 code [0x000002b8b3a5aec0, 0x000002b8b3a5b4b8]
Event: 36.762 Thread 0x000002b8c8982800 11914       3       org.jetbrains.kotlin.resolve.constants.evaluate.ConstantExpressionEvaluatorVisitor::visitQualifiedExpression (10 bytes)
Event: 36.763 Thread 0x000002b8c8982800 nmethod 11914 0x000002b8b3a5b710 code [0x000002b8b3a5b8e0, 0x000002b8b3a5bb08]

GC Heap History (20 events):
Event: 5.386 GC heap before
{Heap before GC invocations=3 (full 0):
 garbage-first heap   total 126976K, used 61440K [0x0000000085600000, 0x0000000100000000)
  region size 1024K, 52 young (53248K), 6 survivors (6144K)
 Metaspace       used 31831K, capacity 32282K, committed 32636K, reserved 1077248K
  class space    used 3918K, capacity 4116K, committed 4220K, reserved 1048576K
}
Event: 5.424 GC heap after
{Heap after GC invocations=4 (full 0):
 garbage-first heap   total 126976K, used 20686K [0x0000000085600000, 0x0000000100000000)
  region size 1024K, 7 young (7168K), 7 survivors (7168K)
 Metaspace       used 31831K, capacity 32282K, committed 32636K, reserved 1077248K
  class space    used 3918K, capacity 4116K, committed 4220K, reserved 1048576K
}
Event: 5.698 GC heap before
{Heap before GC invocations=5 (full 0):
 garbage-first heap   total 126976K, used 25806K [0x0000000085600000, 0x0000000100000000)
  region size 1024K, 12 young (12288K), 7 survivors (7168K)
 Metaspace       used 33031K, capacity 33503K, committed 33788K, reserved 1079296K
  class space    used 4076K, capacity 4246K, committed 4348K, reserved 1048576K
}
Event: 5.715 GC heap after
{Heap after GC invocations=6 (full 0):
 garbage-first heap   total 126976K, used 21807K [0x0000000085600000, 0x0000000100000000)
  region size 1024K, 1 young (1024K), 1 survivors (1024K)
 Metaspace       used 33031K, capacity 33503K, committed 33788K, reserved 1079296K
  class space    used 4076K, capacity 4246K, committed 4348K, reserved 1048576K
}
Event: 8.459 GC heap before
{Heap before GC invocations=6 (full 0):
 garbage-first heap   total 126976K, used 62767K [0x0000000085600000, 0x0000000100000000)
  region size 1024K, 41 young (41984K), 1 survivors (1024K)
 Metaspace       used 41043K, capacity 41482K, committed 41724K, reserved 1085440K
  class space    used 4854K, capacity 5027K, committed 5116K, reserved 1048576K
}
Event: 8.470 GC heap after
{Heap after GC invocations=7 (full 0):
 garbage-first heap   total 152576K, used 23292K [0x0000000085600000, 0x0000000100000000)
  region size 1024K, 5 young (5120K), 5 survivors (5120K)
 Metaspace       used 41043K, capacity 41482K, committed 41724K, reserved 1085440K
  class space    used 4854K, capacity 5027K, committed 5116K, reserved 1048576K
}
Event: 14.284 GC heap before
{Heap before GC invocations=7 (full 0):
 garbage-first heap   total 152576K, used 78588K [0x0000000085600000, 0x0000000100000000)
  region size 1024K, 56 young (57344K), 5 survivors (5120K)
 Metaspace       used 49957K, capacity 50518K, committed 50684K, reserved 1093632K
  class space    used 5770K, capacity 5998K, committed 6140K, reserved 1048576K
}
Event: 14.305 GC heap after
{Heap after GC invocations=8 (full 0):
 garbage-first heap   total 152576K, used 33892K [0x0000000085600000, 0x0000000100000000)
  region size 1024K, 7 young (7168K), 7 survivors (7168K)
 Metaspace       used 49957K, capacity 50518K, committed 50684K, reserved 1093632K
  class space    used 5770K, capacity 5998K, committed 6140K, reserved 1048576K
}
Event: 16.541 GC heap before
{Heap before GC invocations=8 (full 0):
 garbage-first heap   total 152576K, used 82020K [0x0000000085600000, 0x0000000100000000)
  region size 1024K, 55 young (56320K), 7 survivors (7168K)
 Metaspace       used 53621K, capacity 54241K, committed 54396K, reserved 1097728K
  class space    used 6099K, capacity 6376K, committed 6524K, reserved 1048576K
}
Event: 16.571 GC heap after
{Heap after GC invocations=9 (full 0):
 garbage-first heap   total 152576K, used 38912K [0x0000000085600000, 0x0000000100000000)
  region size 1024K, 5 young (5120K), 5 survivors (5120K)
 Metaspace       used 53621K, capacity 54241K, committed 54396K, reserved 1097728K
  class space    used 6099K, capacity 6376K, committed 6524K, reserved 1048576K
}
Event: 21.120 GC heap before
{Heap before GC invocations=10 (full 0):
 garbage-first heap   total 152576K, used 93184K [0x0000000085600000, 0x0000000100000000)
  region size 1024K, 58 young (59392K), 5 survivors (5120K)
 Metaspace       used 60043K, capacity 60842K, committed 60924K, reserved 1103872K
  class space    used 6811K, capacity 7135K, committed 7164K, reserved 1048576K
}
Event: 21.144 GC heap after
{Heap after GC invocations=11 (full 0):
 garbage-first heap   total 152576K, used 47510K [0x0000000085600000, 0x0000000100000000)
  region size 1024K, 8 young (8192K), 8 survivors (8192K)
 Metaspace       used 60043K, capacity 60842K, committed 60924K, reserved 1103872K
  class space    used 6811K, capacity 7135K, committed 7164K, reserved 1048576K
}
Event: 24.705 GC heap before
{Heap before GC invocations=11 (full 0):
 garbage-first heap   total 152576K, used 100758K [0x0000000085600000, 0x0000000100000000)
  region size 1024K, 60 young (61440K), 8 survivors (8192K)
 Metaspace       used 61418K, capacity 62244K, committed 62460K, reserved 1103872K
  class space    used 6977K, capacity 7304K, committed 7420K, reserved 1048576K
}
Event: 24.736 GC heap after
{Heap after GC invocations=12 (full 0):
 garbage-first heap   total 152576K, used 56669K [0x0000000085600000, 0x0000000100000000)
  region size 1024K, 8 young (8192K), 8 survivors (8192K)
 Metaspace       used 61418K, capacity 62244K, committed 62460K, reserved 1103872K
  class space    used 6977K, capacity 7304K, committed 7420K, reserved 1048576K
}
Event: 27.287 GC heap before
{Heap before GC invocations=12 (full 0):
 garbage-first heap   total 152576K, used 105821K [0x0000000085600000, 0x0000000100000000)
  region size 1024K, 56 young (57344K), 8 survivors (8192K)
 Metaspace       used 62082K, capacity 62872K, committed 62972K, reserved 1105920K
  class space    used 7020K, capacity 7342K, committed 7420K, reserved 1048576K
}
Event: 27.313 GC heap after
{Heap after GC invocations=13 (full 0):
 garbage-first heap   total 152576K, used 64000K [0x0000000085600000, 0x0000000100000000)
  region size 1024K, 7 young (7168K), 7 survivors (7168K)
 Metaspace       used 62082K, capacity 62872K, committed 62972K, reserved 1105920K
  class space    used 7020K, capacity 7342K, committed 7420K, reserved 1048576K
}
Event: 28.412 GC heap before
{Heap before GC invocations=13 (full 0):
 garbage-first heap   total 152576K, used 111104K [0x0000000085600000, 0x0000000100000000)
  region size 1024K, 53 young (54272K), 7 survivors (7168K)
 Metaspace       used 62909K, capacity 63720K, committed 63868K, reserved 1105920K
  class space    used 7087K, capacity 7411K, committed 7548K, reserved 1048576K
}
Event: 28.429 GC heap after
{Heap after GC invocations=14 (full 0):
 garbage-first heap   total 152576K, used 65882K [0x0000000085600000, 0x0000000100000000)
  region size 1024K, 2 young (2048K), 2 survivors (2048K)
 Metaspace       used 62909K, capacity 63720K, committed 63868K, reserved 1105920K
  class space    used 7087K, capacity 7411K, committed 7548K, reserved 1048576K
}
Event: 31.673 GC heap before
{Heap before GC invocations=14 (full 0):
 garbage-first heap   total 152576K, used 115034K [0x0000000085600000, 0x0000000100000000)
  region size 1024K, 49 young (50176K), 2 survivors (2048K)
 Metaspace       used 66853K, capacity 67767K, committed 67964K, reserved 1110016K
  class space    used 7415K, capacity 7772K, committed 7804K, reserved 1048576K
}
Event: 31.690 GC heap after
{Heap after GC invocations=15 (full 0):
 garbage-first heap   total 152576K, used 71168K [0x0000000085600000, 0x0000000100000000)
  region size 1024K, 7 young (7168K), 7 survivors (7168K)
 Metaspace       used 66853K, capacity 67767K, committed 67964K, reserved 1110016K
  class space    used 7415K, capacity 7772K, committed 7804K, reserved 1048576K
}

Deoptimization events (20 events):
Event: 35.767 Thread 0x000002b8a72c2800 Uncommon trap: trap_request=0xffffffde fr.pc=0x000002b8b8e5624c relative=0x000000000000016c
Event: 35.767 Thread 0x000002b8a72c2800 Uncommon trap: reason=class_check action=maybe_recompile pc=0x000002b8b8e5624c method=org.jetbrains.kotlin.com.intellij.lexer.FlexAdapter.locateToken()V @ 29 c2
Event: 35.767 Thread 0x000002b8a72c2800 DEOPT PACKING pc=0x000002b8b8e5624c sp=0x000000fc26efbff0
Event: 35.767 Thread 0x000002b8a72c2800 DEOPT UNPACKING pc=0x000002b8b12285af sp=0x000000fc26efbfa0 mode 2
Event: 35.767 Thread 0x000002b8a72c2800 Uncommon trap: trap_request=0xffffffde fr.pc=0x000002b8b8e6d058 relative=0x0000000000000178
Event: 35.767 Thread 0x000002b8a72c2800 Uncommon trap: reason=class_check action=maybe_recompile pc=0x000002b8b8e6d058 method=org.jetbrains.kotlin.com.intellij.lexer.FlexAdapter.locateToken()V @ 29 c2
Event: 35.767 Thread 0x000002b8a72c2800 DEOPT PACKING pc=0x000002b8b8e6d058 sp=0x000000fc26efc0c0
Event: 35.767 Thread 0x000002b8a72c2800 DEOPT UNPACKING pc=0x000002b8b12285af sp=0x000000fc26efc020 mode 2
Event: 36.148 Thread 0x000002b8a72c2800 Uncommon trap: trap_request=0xffffff5c fr.pc=0x000002b8b93fe9cc relative=0x000000000000196c
Event: 36.148 Thread 0x000002b8a72c2800 Uncommon trap: reason=speculate_null_assert action=make_not_entrant pc=0x000002b8b93fe9cc method=org.jetbrains.kotlin.types.TypeWithEnhancementKt.wrapEnhancement(Lorg/jetbrains/kotlin/types/UnwrappedType;Lorg/jetbrains/kotlin/types/KotlinType;)Lorg/jetbra
Event: 36.148 Thread 0x000002b8a72c2800 DEOPT PACKING pc=0x000002b8b93fe9cc sp=0x000000fc26ef8260
Event: 36.148 Thread 0x000002b8a72c2800 DEOPT UNPACKING pc=0x000002b8b12285af sp=0x000000fc26ef81b0 mode 2
Event: 36.297 Thread 0x000002b8a72c2800 Uncommon trap: trap_request=0xffffff7e fr.pc=0x000002b8b92829d8 relative=0x00000000000008b8
Event: 36.297 Thread 0x000002b8a72c2800 Uncommon trap: reason=predicate action=maybe_recompile pc=0x000002b8b92829d8 method=kotlin.collections.CollectionsKt___CollectionsKt.filter(Ljava/lang/Iterable;Lkotlin/jvm/functions/Function1;)Ljava/util/List; @ 46 c2
Event: 36.297 Thread 0x000002b8a72c2800 DEOPT PACKING pc=0x000002b8b92829d8 sp=0x000000fc26ef60a0
Event: 36.297 Thread 0x000002b8a72c2800 DEOPT UNPACKING pc=0x000002b8b12285af sp=0x000000fc26ef6090 mode 2
Event: 36.744 Thread 0x000002b8a72c2800 Uncommon trap: trap_request=0xffffff4d fr.pc=0x000002b8b93bb470 relative=0x00000000000049b0
Event: 36.744 Thread 0x000002b8a72c2800 Uncommon trap: reason=unstable_if action=reinterpret pc=0x000002b8b93bb470 method=org.jetbrains.kotlin.types.TypeSubstitutor.unsafeSubstitute(Lorg/jetbrains/kotlin/types/TypeProjection;Lorg/jetbrains/kotlin/descriptors/TypeParameterDescriptor;I)Lorg/jetbr
Event: 36.744 Thread 0x000002b8a72c2800 DEOPT PACKING pc=0x000002b8b93bb470 sp=0x000000fc26efac10
Event: 36.745 Thread 0x000002b8a72c2800 DEOPT UNPACKING pc=0x000002b8b12285af sp=0x000000fc26efac18 mode 2

Classes redefined (0 events):
No events

Internal exceptions (20 events):
Event: 26.949 Thread 0x000002b8a72c2800 Implicit null exception at 0x000002b8b8f97132 to 0x000002b8b8f98e28
Event: 26.949 Thread 0x000002b8a72c2800 Implicit null exception at 0x000002b8b8f4e297 to 0x000002b8b8f52f20
Event: 26.966 Thread 0x000002b8a72c2800 Implicit null exception at 0x000002b8b8f3fb43 to 0x000002b8b8f408d0
Event: 27.488 Thread 0x000002b8a72c2800 Implicit null exception at 0x000002b8b8d515de to 0x000002b8b8d51d4a
Event: 28.099 Thread 0x000002b8a72c2800 Exception <a 'java/lang/NoSuchMethodError'{0x000000008c228708}: 'java.lang.Object java.lang.invoke.Invokers$Holder.linkToTargetMethod(java.lang.Object, java.lang.Object, java.lang.Object, java.lang.Object, java.lang.Object, java.lang.Object, java.lang.Object)'> (0x000000008c228708) thrown at [./src/hotspot/share/interpreter/linkResolver.cpp, line 773]
Event: 28.945 Thread 0x000002b8a72c2800 Exception <a 'java/lang/NoSuchMethodError'{0x000000008e79c578}: 'java.lang.Object java.lang.invoke.Invokers$Holder.linkToTargetMethod(java.lang.Object, java.lang.Object, java.lang.Object, int, int, java.lang.Object)'> (0x000000008e79c578) thrown at [./src/hotspot/share/interpreter/linkResolver.cpp, line 773]
Event: 28.947 Thread 0x000002b8a72c2800 Implicit null exception at 0x000002b8b92397db to 0x000002b8b9241b51
Event: 29.004 Thread 0x000002b8a72c2800 Implicit null exception at 0x000002b8b91cab23 to 0x000002b8b91cacd6
Event: 29.640 Thread 0x000002b8a72c2800 Exception <a 'java/lang/NoSuchMethodError'{0x000000008dfc3310}: 'int java.lang.invoke.DirectMethodHandle$Holder.invokeStaticInit(java.lang.Object, int)'> (0x000000008dfc3310) thrown at [./src/hotspot/share/interpreter/linkResolver.cpp, line 773]
Event: 29.663 Thread 0x000002b8a72c2800 Implicit null exception at 0x000002b8b92ab6b8 to 0x000002b8b92ab9b0
Event: 29.665 Thread 0x000002b8a72c2800 Implicit null exception at 0x000002b8b912c2e7 to 0x000002b8b912d46c
Event: 29.721 Thread 0x000002b8a72c2800 Exception <a 'java/lang/NoSuchMethodError'{0x000000008dec4558}: 'java.lang.Object java.lang.invoke.DirectMethodHandle$Holder.invokeInterface(java.lang.Object, java.lang.Object, java.lang.Object)'> (0x000000008dec4558) thrown at [./src/hotspot/share/interpreter/linkResolver.cpp, line 773]
Event: 29.722 Thread 0x000002b8a72c2800 Exception <a 'java/lang/IncompatibleClassChangeError'{0x000000008dec7788}: Found class java.lang.Object, but interface was expected> (0x000000008dec7788) thrown at [./src/hotspot/share/interpreter/linkResolver.cpp, line 839]
Event: 30.467 Thread 0x000002b8a72c2800 Implicit null exception at 0x000002b8b8d4a075 to 0x000002b8b8d4a23c
Event: 30.993 Thread 0x000002b8a72c2800 Implicit null exception at 0x000002b8b8d0e477 to 0x000002b8b8d0e984
Event: 31.028 Thread 0x000002b8a72c2800 Implicit null exception at 0x000002b8b8d0c5f4 to 0x000002b8b8d0cad4
Event: 31.915 Thread 0x000002b8a72c2800 Implicit null exception at 0x000002b8b92bfa18 to 0x000002b8b92c7c08
Event: 33.710 Thread 0x000002b8a72c2800 Implicit null exception at 0x000002b8b907dcfc to 0x000002b8b907eed8
Event: 34.553 Thread 0x000002b8a72c2800 Implicit null exception at 0x000002b8b930c0fb to 0x000002b8b930c3d4
Event: 34.555 Thread 0x000002b8a72c2800 Implicit null exception at 0x000002b8b906b4f6 to 0x000002b8b906b7b0

Events (20 events):
Event: 35.772 loading class org/jetbrains/kotlin/kdoc/psi/impl/KDocTag$Companion
Event: 35.772 loading class org/jetbrains/kotlin/kdoc/psi/impl/KDocTag$Companion done
Event: 36.046 loading class org/jetbrains/kotlin/resolve/calls/tower/MemberScopeTowerLevel$collectMembers$4
Event: 36.046 loading class org/jetbrains/kotlin/resolve/calls/tower/MemberScopeTowerLevel$collectMembers$4 done
Event: 36.163 Executing VM operation: ICBufferFull
Event: 36.163 Executing VM operation: ICBufferFull done
Event: 36.559 Executing VM operation: ICBufferFull
Event: 36.559 Executing VM operation: ICBufferFull done
Event: 36.611 loading class org/jetbrains/kotlin/resolve/calls/DslMarkerUtils$FunctionTypeAnnotationsKey
Event: 36.611 loading class org/jetbrains/kotlin/resolve/calls/DslMarkerUtils$FunctionTypeAnnotationsKey done
Event: 36.622 loading class org/jetbrains/kotlin/contracts/ESReceiverWithDataFlowValue
Event: 36.622 loading class org/jetbrains/kotlin/contracts/ESReceiverWithDataFlowValue done
Event: 36.623 loading class org/jetbrains/kotlin/contracts/model/structure/ESReceiverValue
Event: 36.623 loading class org/jetbrains/kotlin/contracts/model/structure/ESReceiverValue done
Event: 36.623 loading class org/jetbrains/kotlin/contracts/model/structure/ESReceiver
Event: 36.623 loading class org/jetbrains/kotlin/contracts/model/structure/ESReceiver done
Event: 36.700 loading class org/jetbrains/kotlin/resolve/calls/util/CallUtilKt$getValueArgumentForExpression$isParenthesizedExpression$1
Event: 36.700 loading class org/jetbrains/kotlin/resolve/calls/util/CallUtilKt$getValueArgumentForExpression$isParenthesizedExpression$1 done
Event: 36.750 loading class org/jetbrains/kotlin/contracts/model/structure/ESNothingType
Event: 36.750 loading class org/jetbrains/kotlin/contracts/model/structure/ESNothingType done


Dynamic libraries:
0x00007ff6efbd0000 - 0x00007ff6efbdd000 	C:\Program Files\Microsoft\jdk-11.0.18.10-hotspot\bin\java.exe
0x00007ffc824f0000 - 0x00007ffc82704000 	C:\WINDOWS\SYSTEM32\ntdll.dll
0x00007ffc815f0000 - 0x00007ffc816b4000 	C:\WINDOWS\System32\KERNEL32.DLL
0x00007ffc7fc90000 - 0x00007ffc80034000 	C:\WINDOWS\System32\KERNELBASE.dll
0x00007ffc800c0000 - 0x00007ffc801d1000 	C:\WINDOWS\System32\ucrtbase.dll
0x00007ffc6a280000 - 0x00007ffc6a295000 	C:\Program Files\Microsoft\jdk-11.0.18.10-hotspot\bin\VCRUNTIME140.dll
0x00007ffc6a2a0000 - 0x00007ffc6a2b7000 	C:\Program Files\Microsoft\jdk-11.0.18.10-hotspot\bin\jli.dll
0x00007ffc81180000 - 0x00007ffc8132a000 	C:\WINDOWS\System32\USER32.dll
0x00007ffc801e0000 - 0x00007ffc80206000 	C:\WINDOWS\System32\win32u.dll
0x00007ffc5b300000 - 0x00007ffc5b58f000 	C:\WINDOWS\WinSxS\amd64_microsoft.windows.common-controls_6595b64144ccf1df_6.0.22621.2070_none_2713e6537381f706\COMCTL32.dll
0x00007ffc813a0000 - 0x00007ffc813c9000 	C:\WINDOWS\System32\GDI32.dll
0x00007ffc80c40000 - 0x00007ffc80ce7000 	C:\WINDOWS\System32\msvcrt.dll
0x00007ffc7fb70000 - 0x00007ffc7fc89000 	C:\WINDOWS\System32\gdi32full.dll
0x00007ffc80210000 - 0x00007ffc802aa000 	C:\WINDOWS\System32\msvcp_win.dll
0x00007ffc813d0000 - 0x00007ffc81401000 	C:\WINDOWS\System32\IMM32.DLL
0x00007ffc28aa0000 - 0x00007ffc28b3b000 	C:\Program Files\Microsoft\jdk-11.0.18.10-hotspot\bin\msvcp140.dll
0x00007ffc27f00000 - 0x00007ffc28a92000 	C:\Program Files\Microsoft\jdk-11.0.18.10-hotspot\bin\server\jvm.dll
0x00007ffc807c0000 - 0x00007ffc80870000 	C:\WINDOWS\System32\ADVAPI32.dll
0x00007ffc81540000 - 0x00007ffc815e6000 	C:\WINDOWS\System32\sechost.dll
0x00007ffc808d0000 - 0x00007ffc809e7000 	C:\WINDOWS\System32\RPCRT4.dll
0x00007ffc824a0000 - 0x00007ffc824a8000 	C:\WINDOWS\System32\PSAPI.DLL
0x00007ffc5ebe0000 - 0x00007ffc5ebe9000 	C:\WINDOWS\SYSTEM32\WSOCK32.dll
0x00007ffc822f0000 - 0x00007ffc82361000 	C:\WINDOWS\System32\WS2_32.dll
0x00007ffc741b0000 - 0x00007ffc741e4000 	C:\WINDOWS\SYSTEM32\WINMM.dll
0x00007ffc77620000 - 0x00007ffc7762a000 	C:\WINDOWS\SYSTEM32\VERSION.dll
0x00007ffc7e880000 - 0x00007ffc7e898000 	C:\WINDOWS\SYSTEM32\kernel.appcore.dll
0x00007ffc6a270000 - 0x00007ffc6a280000 	C:\Program Files\Microsoft\jdk-11.0.18.10-hotspot\bin\verify.dll
0x00007ffc7cd10000 - 0x00007ffc7cf3e000 	C:\WINDOWS\SYSTEM32\DBGHELP.DLL
0x00007ffc803b0000 - 0x00007ffc8073a000 	C:\WINDOWS\System32\combase.dll
0x00007ffc81f40000 - 0x00007ffc82017000 	C:\WINDOWS\System32\OLEAUT32.dll
0x00007ffc67d50000 - 0x00007ffc67d82000 	C:\WINDOWS\SYSTEM32\dbgcore.DLL
0x00007ffc80040000 - 0x00007ffc800ba000 	C:\WINDOWS\System32\bcryptPrimitives.dll
0x00007ffc54810000 - 0x00007ffc54838000 	C:\Program Files\Microsoft\jdk-11.0.18.10-hotspot\bin\java.dll
0x00007ffc68d50000 - 0x00007ffc68d5a000 	C:\Program Files\Microsoft\jdk-11.0.18.10-hotspot\bin\jimage.dll
0x00007ffc54700000 - 0x00007ffc54718000 	C:\Program Files\Microsoft\jdk-11.0.18.10-hotspot\bin\zip.dll
0x00007ffc81720000 - 0x00007ffc81f36000 	C:\WINDOWS\System32\SHELL32.dll
0x00007ffc7d850000 - 0x00007ffc7e13a000 	C:\WINDOWS\SYSTEM32\windows.storage.dll
0x00007ffc7d710000 - 0x00007ffc7d84e000 	C:\WINDOWS\SYSTEM32\wintypes.dll
0x00007ffc821e0000 - 0x00007ffc822d3000 	C:\WINDOWS\System32\SHCORE.dll
0x00007ffc80870000 - 0x00007ffc808ce000 	C:\WINDOWS\System32\shlwapi.dll
0x00007ffc7f800000 - 0x00007ffc7f826000 	C:\WINDOWS\SYSTEM32\profapi.dll
0x00007ffc27e90000 - 0x00007ffc27ea9000 	C:\Program Files\Microsoft\jdk-11.0.18.10-hotspot\bin\net.dll
0x00007ffc79850000 - 0x00007ffc79987000 	C:\WINDOWS\SYSTEM32\WINHTTP.dll
0x00007ffc7ed40000 - 0x00007ffc7eda9000 	C:\WINDOWS\system32\mswsock.dll
0x00007ffc27e70000 - 0x00007ffc27e83000 	C:\Program Files\Microsoft\jdk-11.0.18.10-hotspot\bin\nio.dll

dbghelp: loaded successfully - version: 4.0.5 - missing functions: none
symbol engine: initialized successfully - sym options: 0x614 - pdb path: .;C:\Program Files\Microsoft\jdk-11.0.18.10-hotspot\bin;C:\WINDOWS\SYSTEM32;C:\WINDOWS\WinSxS\amd64_microsoft.windows.common-controls_6595b64144ccf1df_6.0.22621.2070_none_2713e6537381f706;C:\Program Files\Microsoft\jdk-11.0.18.10-hotspot\bin\server

VM Arguments:
java_command: org.jetbrains.kotlin.cli.jvm.K2JVMCompiler @C:\Users\BUTA\Downloads\APPP-master\AwesomeProject\node_modules\react-native-screens\android\build\20230905_6734343295844491355.compiler.options
java_class_path (initial): C:\Users\BUTA\.gradle\caches\modules-2\files-2.1\org.jetbrains.kotlin\kotlin-compiler-embeddable\1.6.21\97bdd5a752ce73b58ef16c17bc7f0ea2faff7a2e\kotlin-compiler-embeddable-1.6.21.jar;C:\Users\BUTA\.gradle\caches\modules-2\files-2.1\org.jetbrains.kotlin\kotlin-reflect\1.6.21\5dc3574d9b7bebfcb4ec6b10ada4aaa9e140bd0b\kotlin-reflect-1.6.21.jar;C:\Users\BUTA\.gradle\caches\modules-2\files-2.1\org.jetbrains.kotlin\kotlin-stdlib\1.6.21\11ef67f1900634fd951bad28c53ec957fabbe5b8\kotlin-stdlib-1.6.21.jar;C:\Users\BUTA\.gradle\caches\modules-2\files-2.1\org.jetbrains.kotlin\kotlin-script-runtime\1.6.21\99c6675100da5d6d5b1c5a1032f27f28008d101b\kotlin-script-runtime-1.6.21.jar;C:\Users\BUTA\.gradle\caches\modules-2\files-2.1\org.jetbrains.kotlin\kotlin-daemon-embeddable\1.6.21\46b78cf392e1c4f10854c3cadba44abb7b82250f\kotlin-daemon-embeddable-1.6.21.jar;C:\Users\BUTA\.gradle\caches\modules-2\files-2.1\org.jetbrains.intellij.deps\trove4j\1.0.20200330\3afb14d5f9ceb459d724e907a21145e8ff394f02\trove4j-1.0.20200330.jar;C:\Users\BUTA\.gradle\caches\modules-2\files-2.1\net.java.dev.jna\jna\5.6.0\330f2244e9030119ab3030fc3fededc86713d9cc\jna-5.6.0.jar;C:\Users\BUTA\.gradle\caches\modules-2\files-2.1\org.jetbrains.kotlin\kotlin-stdlib-common\1.6.21\5e5b55c26dbc80372a920aef60eb774b714559b8\kotlin-stdlib-common-1.6.21.jar;C:\Users\BUTA\.gradle\caches\modules-2\files-2.1\org.jetbrains\annotations\13.0\919f0dfe192fb4e063e7dacadee7f8bb9a2672a9\annotations-13.0.jar
Launcher Type: SUN_STANDARD

[Global flags]
     intx CICompilerCount                          = 4                                         {product} {ergonomic}
     uint ConcGCThreads                            = 2                                         {product} {ergonomic}
     uint G1ConcRefinementThreads                  = 8                                         {product} {ergonomic}
   size_t G1HeapRegionSize                         = 1048576                                   {product} {ergonomic}
    uintx GCDrainStackTargetSize                   = 64                                        {product} {ergonomic}
   size_t InitialHeapSize                          = 130023424                                 {product} {ergonomic}
   size_t MarkStackSize                            = 4194304                                   {product} {ergonomic}
   size_t MaxHeapSize                              = 2057306112                                {product} {ergonomic}
   size_t MaxNewSize                               = 1234173952                                {product} {ergonomic}
   size_t MinHeapDeltaBytes                        = 1048576                                   {product} {ergonomic}
    uintx NonNMethodCodeHeapSize                   = 5836300                                {pd product} {ergonomic}
    uintx NonProfiledCodeHeapSize                  = 122910970                              {pd product} {ergonomic}
    uintx ProfiledCodeHeapSize                     = 122910970                              {pd product} {ergonomic}
    uintx ReservedCodeCacheSize                    = 251658240                              {pd product} {ergonomic}
     bool SegmentedCodeCache                       = true                                      {product} {ergonomic}
     bool UseCompressedClassPointers               = true                                 {lp64_product} {ergonomic}
     bool UseCompressedOops                        = true                                 {lp64_product} {ergonomic}
     bool UseG1GC                                  = true                                      {product} {ergonomic}
     bool UseLargePagesIndividualAllocation        = false                                  {pd product} {ergonomic}

Logging:
Log output configuration:
 #0: stdout all=warning uptime,level,tags
 #1: stderr all=off uptime,level,tags

Environment Variables:
JAVA_HOME=C:\Program Files\Microsoft\jdk-11.0.18.10-hotspot\
CLASSPATH=C:\Users\BUTA\Downloads\APPP-master\AwesomeProject\android\\gradle\wrapper\gradle-wrapper.jar
PATH=C:\Users\BUTA\Downloads\APPP-master\AwesomeProject\node_modules\.bin;C:\Users\BUTA\Downloads\APPP-master\AwesomeProject\node_modules\.bin;C:\Users\BUTA\Downloads\APPP-master\node_modules\.bin;C:\Users\BUTA\Downloads\node_modules\.bin;C:\Users\BUTA\node_modules\.bin;C:\Users\node_modules\.bin;C:\node_modules\.bin;C:\Program Files\nodejs\node_modules\npm\node_modules\@npmcli\run-script\lib\node-gyp-bin;C:\Program Files\Microsoft\jdk-11.0.18.10-hotspot\bin;C:\WINDOWS\system32;C:\WINDOWS;C:\WINDOWS\System32\Wbem;C:\WINDOWS\System32\WindowsPowerShell\v1.0\;C:\WINDOWS\System32\OpenSSH\;C:\ProgramData\chocolatey\bin;C:\Program Files\nodejs\;C:\Users\BUTA\AppData\Local\Android\Sdk;D:\programs\MySQL;C:\Program Files\Git\cmd;C:\Program Files\Microsoft SQL Server\150\Tools\Binn\;C:\Program Files\Microsoft SQL Server\Client SDK\ODBC\170\Tools\Binn\;C:\Program Files\dotnet\;C:\Program Files (x86)\Microsoft SQL Server\160\Tools\Binn\;C:\Program Files\Microsoft SQL Server\160\Tools\Binn\;C:\Program Files\Microsoft SQL Server\160\DTS\Binn\;C:\Program Files (x86)\Microsoft SQL Server\160\DTS\Binn\;C:\Program Files\Azure Data Studio\bin;C:\Users\BUTA\AppData\Local\Android\Sdk\platform-tools;C:\Users\BUTA\AppData\Local\Android\Sdk\tools;C:\Users\BUTA\AppData\Local\Microsoft\WindowsApps;C:\Users\BUTA\AppData\Roaming\npm;C:\Users\BUTA\AppData\Local\Programs\Microsoft VS Code\bin;
USERNAME=BUTA
LANG=en_US.UTF-8
OS=Windows_NT
PROCESSOR_IDENTIFIER=Intel64 Family 6 Model 140 Stepping 1, GenuineIntel
TMP=C:\Users\BUTA\AppData\Local\Temp
TEMP=C:\Users\BUTA\AppData\Local\Temp



---------------  S Y S T E M  ---------------

OS: Windows 11 , 64 bit Build 22621 (10.0.22621.2070)
OS uptime: 0 days 1:28 hours
Hyper-V role detected

CPU:total 8 (initial active 8) (4 cores per cpu, 2 threads per core) family 6 model 140 stepping 1 microcode 0xac, cmov, cx8, fxsr, mmx, sse, sse2, sse3, ssse3, sse4.1, sse4.2, popcnt, avx, avx2, aes, clmul, erms, 3dnowpref, lzcnt, ht, tsc, tscinvbit, bmi1, bmi2, adx, evex, sha, fma

Memory: 4k page, system-wide physical 7847M (450M free)
TotalPageFile size 18471M (AvailPageFile size 6M)
current process WorkingSet (physical memory assigned to process): 371M, peak: 379M
current process commit charge ("private bytes"): 416M, peak: 424M

vm_info: OpenJDK 64-Bit Server VM (11.0.18+10-LTS) for windows-amd64 JRE (11.0.18+10-LTS), built on Jan 18 2023 15:56:47 by "MicrosoftCorporation" with MS VC++ 15.9 (VS2017)

END.
