#
# There is insufficient memory for the Java Runtime Environment to continue.
# Native memory allocation (malloc) failed to allocate 1040336 bytes for Chunk::new
# Possible reasons:
#   The system is out of physical RAM or swap space
#   The process is running with CompressedOops enabled, and the Java Heap may be blocking the growth of the native heap
# Possible solutions:
#   Reduce memory load on the system
#   Increase physical memory or swap space
#   Check if swap backing store is full
#   Decrease Java heap size (-Xmx/-Xms)
#   Decrease number of Java threads
#   Decrease Java thread stack sizes (-Xss)
#   Set larger code cache with -XX:ReservedCodeCacheSize=
#   JVM is running with Unscaled Compressed Oops mode in which the Java heap is
#     placed in the first 4GB address space. The Java Heap base address is the
#     maximum limit for the native heap growth. Please use -XX:HeapBaseMinAddress
#     to set the Java Heap base and to place the Java Heap above 4GB virtual address.
# This output file may be truncated or incomplete.
#
#  Out of Memory Error (./src/hotspot/share/memory/arena.cpp:197), pid=3592, tid=2912
#
# JRE version: OpenJDK Runtime Environment Microsoft-7208460 (11.0.18+10) (build 11.0.18+10-LTS)
# Java VM: OpenJDK 64-Bit Server VM Microsoft-7208460 (11.0.18+10-LTS, mixed mode, tiered, compressed oops, g1 gc, windows-amd64)
# No core dump will be written. Minidumps are not enabled by default on client versions of Windows
#

---------------  S U M M A R Y ------------

Command Line: org.jetbrains.kotlin.cli.jvm.K2JVMCompiler @C:\Users\BUTA\Downloads\APPP-master\AwesomeProject\node_modules\react-native-screens\android\build\20230911_11353250619465885442.compiler.options

Host: 11th Gen Intel(R) Core(TM) i5-1135G7 @ 2.40GHz, 8 cores, 7G,  Windows 11 , 64 bit Build 22621 (10.0.22621.2070)
Time: Mon Sep 11 12:48:25 2023 Azerbaijan Standard Time elapsed time: 16.211741 seconds (0d 0h 0m 16s)

---------------  T H R E A D  ---------------

Current thread (0x000001d5e7a9c000):  JavaThread "C2 CompilerThread1" daemon [_thread_in_native, id=2912, stack(0x000000543b300000,0x000000543b400000)]


Current CompileTask:
C2:  16211 9563       4       org.jetbrains.kotlin.resolve.lazy.descriptors.LazyClassMemberScope::getNonDeclaredFunctions (235 bytes)

Stack: [0x000000543b300000,0x000000543b400000]
Native frames: (J=compiled Java code, j=interpreted, Vv=VM code, C=native code)
V  [jvm.dll+0x62bf8a]
V  [jvm.dll+0x7b8fb9]
V  [jvm.dll+0x7ba6a8]
V  [jvm.dll+0x7bad83]
V  [jvm.dll+0x250248]
V  [jvm.dll+0xc260c]
V  [jvm.dll+0xc2bcc]
V  [jvm.dll+0x2c4e64]
V  [jvm.dll+0x533dcc]
V  [jvm.dll+0x208c26]
V  [jvm.dll+0x20ad9f]
V  [jvm.dll+0x2083eb]
V  [jvm.dll+0x18a4b1]
V  [jvm.dll+0x217eec]
V  [jvm.dll+0x21612b]
V  [jvm.dll+0x77bac0]
V  [jvm.dll+0x7749f4]
V  [jvm.dll+0x62adf5]
C  [ucrtbase.dll+0x29363]
C  [KERNEL32.DLL+0x126ad]
C  [ntdll.dll+0x5aa68]


---------------  P R O C E S S  ---------------

Threads class SMR info:
_java_thread_list=0x000001d5e9b0d9b0, length=11, elements={
0x000001d5c34b6800, 0x000001d5e4248800, 0x000001d5e4278800, 0x000001d5e4be5800,
0x000001d5e4be7000, 0x000001d5e4beb000, 0x000001d5e4bec000, 0x000001d5e4b9b000,
0x000001d5e428c800, 0x000001d5e4d62800, 0x000001d5e7a9c000
}

Java Threads: ( => current thread )
  0x000001d5c34b6800 JavaThread "main" [_thread_in_Java, id=14700, stack(0x000000543a100000,0x000000543a200000)]
  0x000001d5e4248800 JavaThread "Reference Handler" daemon [_thread_blocked, id=4204, stack(0x000000543a800000,0x000000543a900000)]
  0x000001d5e4278800 JavaThread "Finalizer" daemon [_thread_blocked, id=2044, stack(0x000000543a900000,0x000000543aa00000)]
  0x000001d5e4be5800 JavaThread "Signal Dispatcher" daemon [_thread_blocked, id=5012, stack(0x000000543aa00000,0x000000543ab00000)]
  0x000001d5e4be7000 JavaThread "Attach Listener" daemon [_thread_blocked, id=2884, stack(0x000000543ab00000,0x000000543ac00000)]
  0x000001d5e4beb000 JavaThread "Service Thread" daemon [_thread_blocked, id=10972, stack(0x000000543ac00000,0x000000543ad00000)]
  0x000001d5e4bec000 JavaThread "C2 CompilerThread0" daemon [_thread_in_native, id=5720, stack(0x000000543ad00000,0x000000543ae00000)]
  0x000001d5e4b9b000 JavaThread "C1 CompilerThread0" daemon [_thread_blocked, id=9592, stack(0x000000543ae00000,0x000000543af00000)]
  0x000001d5e428c800 JavaThread "Sweeper thread" daemon [_thread_blocked, id=5664, stack(0x000000543af00000,0x000000543b000000)]
  0x000001d5e4d62800 JavaThread "Common-Cleaner" daemon [_thread_blocked, id=6880, stack(0x000000543b100000,0x000000543b200000)]
=>0x000001d5e7a9c000 JavaThread "C2 CompilerThread1" daemon [_thread_in_native, id=2912, stack(0x000000543b300000,0x000000543b400000)]

Other Threads:
  0x000001d5e4247000 VMThread "VM Thread" [stack: 0x000000543a700000,0x000000543a800000] [id=7576]
  0x000001d5e4d5a800 WatcherThread [stack: 0x000000543b000000,0x000000543b100000] [id=3948]
  0x000001d5c34cd800 GCTaskThread "GC Thread#0" [stack: 0x000000543a200000,0x000000543a300000] [id=1500]
  0x000001d5e50f1800 GCTaskThread "GC Thread#1" [stack: 0x000000543b400000,0x000000543b500000] [id=14928]
  0x000001d5ec212800 GCTaskThread "GC Thread#2" [stack: 0x000000543b500000,0x000000543b600000] [id=11496]
  0x000001d5e87db800 GCTaskThread "GC Thread#3" [stack: 0x000000543b700000,0x000000543b800000] [id=7988]
  0x000001d5c34fa800 ConcurrentGCThread "G1 Main Marker" [stack: 0x000000543a300000,0x000000543a400000] [id=11520]
  0x000001d5c34fc800 ConcurrentGCThread "G1 Conc#0" [stack: 0x000000543a400000,0x000000543a500000] [id=12212]
  0x000001d5e56cc000 ConcurrentGCThread "G1 Conc#1" [stack: 0x000000543b200000,0x000000543b300000] [id=13812]
  0x000001d5e40a4800 ConcurrentGCThread "G1 Refine#0" [stack: 0x000000543a500000,0x000000543a600000] [id=14792]
  0x000001d5e887b000 ConcurrentGCThread "G1 Refine#1" [stack: 0x000000543b600000,0x000000543b700000] [id=6800]
  0x000001d5c357e000 ConcurrentGCThread "G1 Young RemSet Sampling" [stack: 0x000000543a600000,0x000000543a700000] [id=12644]

Threads with active compile tasks:
C2 CompilerThread0    16226 9543       4       org.jetbrains.kotlin.load.java.lazy.descriptors.LazyJavaScope::getContributedFunctions (47 bytes)
C2 CompilerThread1    16226 9563       4       org.jetbrains.kotlin.resolve.lazy.descriptors.LazyClassMemberScope::getNonDeclaredFunctions (235 bytes)

VM state:not at safepoint (normal execution)

VM Mutex/Monitor currently owned by a thread: None

Heap address: 0x0000000085600000, size: 1962 MB, Compressed Oops mode: 32-bit
Narrow klass base: 0x0000000000000000, Narrow klass shift: 3
Compressed class space size: 1073741824 Address: 0x0000000100000000

Heap:
 garbage-first heap   total 183296K, used 92626K [0x0000000085600000, 0x0000000100000000)
  region size 1024K, 28 young (28672K), 3 survivors (3072K)
 Metaspace       used 65455K, capacity 66281K, committed 66384K, reserved 1107968K
  class space    used 7322K, capacity 7667K, committed 7764K, reserved 1048576K
Heap Regions: E=young(eden), S=young(survivor), O=old, HS=humongous(starts), HC=humongous(continues), CS=collection set, F=free, A=archive, TAMS=top-at-mark-start (previous, next)
|   0|0x0000000085600000, 0x0000000085700000, 0x0000000085700000|100%|HS|  |TAMS 0x0000000085700000, 0x0000000085600000| Complete 
|   1|0x0000000085700000, 0x0000000085800000, 0x0000000085800000|100%|HC|  |TAMS 0x0000000085800000, 0x0000000085700000| Complete 
|   2|0x0000000085800000, 0x0000000085900000, 0x0000000085900000|100%|HC|  |TAMS 0x0000000085900000, 0x0000000085800000| Complete 
|   3|0x0000000085900000, 0x0000000085a00000, 0x0000000085a00000|100%|HS|  |TAMS 0x0000000085a00000, 0x0000000085900000| Complete 
|   4|0x0000000085a00000, 0x0000000085b00000, 0x0000000085b00000|100%|HC|  |TAMS 0x0000000085b00000, 0x0000000085a00000| Complete 
|   5|0x0000000085b00000, 0x0000000085c00000, 0x0000000085c00000|100%|HC|  |TAMS 0x0000000085c00000, 0x0000000085b00000| Complete 
|   6|0x0000000085c00000, 0x0000000085d00000, 0x0000000085d00000|100%| O|  |TAMS 0x0000000085d00000, 0x0000000085c00000| Untracked 
|   7|0x0000000085d00000, 0x0000000085e00000, 0x0000000085e00000|100%| O|  |TAMS 0x0000000085e00000, 0x0000000085d00000| Untracked 
|   8|0x0000000085e00000, 0x0000000085f00000, 0x0000000085f00000|100%| O|  |TAMS 0x0000000085f00000, 0x0000000085e00000| Untracked 
|   9|0x0000000085f00000, 0x0000000086000000, 0x0000000086000000|100%| O|  |TAMS 0x0000000086000000, 0x0000000085f00000| Untracked 
|  10|0x0000000086000000, 0x0000000086100000, 0x0000000086100000|100%| O|  |TAMS 0x0000000086100000, 0x0000000086000000| Untracked 
|  11|0x0000000086100000, 0x0000000086200000, 0x0000000086200000|100%| O|  |TAMS 0x0000000086200000, 0x0000000086100000| Untracked 
|  12|0x0000000086200000, 0x0000000086300000, 0x0000000086300000|100%| O|  |TAMS 0x0000000086300000, 0x0000000086200000| Untracked 
|  13|0x0000000086300000, 0x0000000086400000, 0x0000000086400000|100%| O|  |TAMS 0x0000000086400000, 0x0000000086300000| Untracked 
|  14|0x0000000086400000, 0x0000000086500000, 0x0000000086500000|100%| O|  |TAMS 0x0000000086500000, 0x0000000086400000| Untracked 
|  15|0x0000000086500000, 0x0000000086600000, 0x0000000086600000|100%| O|  |TAMS 0x0000000086600000, 0x0000000086500000| Untracked 
|  16|0x0000000086600000, 0x0000000086700000, 0x0000000086700000|100%| O|  |TAMS 0x0000000086700000, 0x0000000086600000| Untracked 
|  17|0x0000000086700000, 0x0000000086800000, 0x0000000086800000|100%| O|  |TAMS 0x0000000086800000, 0x0000000086700000| Untracked 
|  18|0x0000000086800000, 0x0000000086900000, 0x0000000086900000|100%| O|  |TAMS 0x0000000086900000, 0x0000000086800000| Untracked 
|  19|0x0000000086900000, 0x0000000086a00000, 0x0000000086a00000|100%| O|  |TAMS 0x0000000086a00000, 0x0000000086900000| Untracked 
|  20|0x0000000086a00000, 0x0000000086b00000, 0x0000000086b00000|100%| O|  |TAMS 0x0000000086b00000, 0x0000000086a00000| Untracked 
|  21|0x0000000086b00000, 0x0000000086c00000, 0x0000000086c00000|100%|HS|  |TAMS 0x0000000086c00000, 0x0000000086b00000| Complete 
|  22|0x0000000086c00000, 0x0000000086d00000, 0x0000000086d00000|100%|HC|  |TAMS 0x0000000086d00000, 0x0000000086c00000| Complete 
|  23|0x0000000086d00000, 0x0000000086e00000, 0x0000000086e00000|100%| O|  |TAMS 0x0000000086e00000, 0x0000000086d00000| Untracked 
|  24|0x0000000086e00000, 0x0000000086f00000, 0x0000000086f00000|100%| O|  |TAMS 0x0000000086f00000, 0x0000000086e00000| Untracked 
|  25|0x0000000086f00000, 0x0000000087000000, 0x0000000087000000|100%| O|  |TAMS 0x0000000087000000, 0x0000000086f00000| Untracked 
|  26|0x0000000087000000, 0x0000000087100000, 0x0000000087100000|100%| O|  |TAMS 0x0000000087100000, 0x0000000087000000| Untracked 
|  27|0x0000000087100000, 0x0000000087200000, 0x0000000087200000|100%| O|  |TAMS 0x0000000087200000, 0x0000000087100000| Untracked 
|  28|0x0000000087200000, 0x0000000087300000, 0x0000000087300000|100%| O|  |TAMS 0x0000000087300000, 0x0000000087200000| Untracked 
|  29|0x0000000087300000, 0x0000000087400000, 0x0000000087400000|100%| O|  |TAMS 0x0000000087400000, 0x0000000087300000| Untracked 
|  30|0x0000000087400000, 0x0000000087500000, 0x0000000087500000|100%| O|  |TAMS 0x0000000087500000, 0x0000000087400000| Untracked 
|  31|0x0000000087500000, 0x0000000087600000, 0x0000000087600000|100%| O|  |TAMS 0x0000000087600000, 0x0000000087500000| Untracked 
|  32|0x0000000087600000, 0x0000000087700000, 0x0000000087700000|100%| O|  |TAMS 0x0000000087700000, 0x0000000087600000| Untracked 
|  33|0x0000000087700000, 0x0000000087800000, 0x0000000087800000|100%| O|  |TAMS 0x0000000087800000, 0x0000000087700000| Untracked 
|  34|0x0000000087800000, 0x0000000087900000, 0x0000000087900000|100%| O|  |TAMS 0x0000000087900000, 0x0000000087800000| Untracked 
|  35|0x0000000087900000, 0x0000000087a00000, 0x0000000087a00000|100%| O|  |TAMS 0x0000000087a00000, 0x0000000087900000| Untracked 
|  36|0x0000000087a00000, 0x0000000087b00000, 0x0000000087b00000|100%| O|  |TAMS 0x0000000087b00000, 0x0000000087a00000| Untracked 
|  37|0x0000000087b00000, 0x0000000087c00000, 0x0000000087c00000|100%| O|  |TAMS 0x0000000087c00000, 0x0000000087b00000| Untracked 
|  38|0x0000000087c00000, 0x0000000087d00000, 0x0000000087d00000|100%| O|  |TAMS 0x0000000087d00000, 0x0000000087c00000| Untracked 
|  39|0x0000000087d00000, 0x0000000087e00000, 0x0000000087e00000|100%| O|  |TAMS 0x0000000087e00000, 0x0000000087d00000| Untracked 
|  40|0x0000000087e00000, 0x0000000087f00000, 0x0000000087f00000|100%| O|  |TAMS 0x0000000087f00000, 0x0000000087e00000| Untracked 
|  41|0x0000000087f00000, 0x0000000088000000, 0x0000000088000000|100%| O|  |TAMS 0x0000000088000000, 0x0000000087f00000| Untracked 
|  42|0x0000000088000000, 0x0000000088100000, 0x0000000088100000|100%| O|  |TAMS 0x0000000088100000, 0x0000000088000000| Untracked 
|  43|0x0000000088100000, 0x0000000088200000, 0x0000000088200000|100%| O|  |TAMS 0x0000000088100000, 0x0000000088100000| Untracked 
|  44|0x0000000088200000, 0x0000000088300000, 0x0000000088300000|100%| O|  |TAMS 0x0000000088200000, 0x0000000088200000| Untracked 
|  45|0x0000000088300000, 0x0000000088400000, 0x0000000088400000|100%| O|  |TAMS 0x0000000088300000, 0x0000000088300000| Untracked 
|  46|0x0000000088400000, 0x0000000088500000, 0x0000000088500000|100%| O|  |TAMS 0x0000000088400000, 0x0000000088400000| Untracked 
|  47|0x0000000088500000, 0x0000000088600000, 0x0000000088600000|100%| O|  |TAMS 0x0000000088500000, 0x0000000088500000| Untracked 
|  48|0x0000000088600000, 0x0000000088700000, 0x0000000088700000|100%| O|  |TAMS 0x0000000088600000, 0x0000000088600000| Untracked 
|  49|0x0000000088700000, 0x0000000088800000, 0x0000000088800000|100%| O|  |TAMS 0x0000000088700000, 0x0000000088700000| Untracked 
|  50|0x0000000088800000, 0x0000000088900000, 0x0000000088900000|100%| O|  |TAMS 0x0000000088800000, 0x0000000088800000| Untracked 
|  51|0x0000000088900000, 0x0000000088a00000, 0x0000000088a00000|100%| O|  |TAMS 0x0000000088900000, 0x0000000088900000| Untracked 
|  52|0x0000000088a00000, 0x0000000088b00000, 0x0000000088b00000|100%| O|  |TAMS 0x0000000088a00000, 0x0000000088a00000| Untracked 
|  53|0x0000000088b00000, 0x0000000088c00000, 0x0000000088c00000|100%| O|  |TAMS 0x0000000088b00000, 0x0000000088b00000| Untracked 
|  54|0x0000000088c00000, 0x0000000088d00000, 0x0000000088d00000|100%| O|  |TAMS 0x0000000088c00000, 0x0000000088c00000| Untracked 
|  55|0x0000000088d00000, 0x0000000088e00000, 0x0000000088e00000|100%| O|  |TAMS 0x0000000088d00000, 0x0000000088d00000| Untracked 
|  56|0x0000000088e00000, 0x0000000088f00000, 0x0000000088f00000|100%| O|  |TAMS 0x0000000088e00000, 0x0000000088e00000| Untracked 
|  57|0x0000000088f00000, 0x0000000089000000, 0x0000000089000000|100%| O|  |TAMS 0x0000000088f00000, 0x0000000088f00000| Untracked 
|  58|0x0000000089000000, 0x0000000089100000, 0x0000000089100000|100%| O|  |TAMS 0x0000000089000000, 0x0000000089000000| Untracked 
|  59|0x0000000089100000, 0x0000000089200000, 0x0000000089200000|100%| O|  |TAMS 0x0000000089100000, 0x0000000089100000| Untracked 
|  60|0x0000000089200000, 0x0000000089300000, 0x0000000089300000|100%| O|  |TAMS 0x0000000089200000, 0x0000000089200000| Untracked 
|  61|0x0000000089300000, 0x0000000089400000, 0x0000000089400000|100%| O|  |TAMS 0x0000000089300000, 0x0000000089300000| Untracked 
|  62|0x0000000089400000, 0x0000000089500000, 0x0000000089500000|100%| O|  |TAMS 0x0000000089400000, 0x0000000089400000| Untracked 
|  63|0x0000000089500000, 0x00000000895a5600, 0x0000000089600000| 64%| O|  |TAMS 0x0000000089500000, 0x0000000089500000| Untracked 
|  64|0x0000000089600000, 0x0000000089600000, 0x0000000089700000|  0%| F|  |TAMS 0x0000000089600000, 0x0000000089600000| Untracked 
|  65|0x0000000089700000, 0x0000000089700000, 0x0000000089800000|  0%| F|  |TAMS 0x0000000089700000, 0x0000000089700000| Untracked 
|  66|0x0000000089800000, 0x0000000089800000, 0x0000000089900000|  0%| F|  |TAMS 0x0000000089800000, 0x0000000089800000| Untracked 
|  67|0x0000000089900000, 0x0000000089900000, 0x0000000089a00000|  0%| F|  |TAMS 0x0000000089900000, 0x0000000089900000| Untracked 
|  68|0x0000000089a00000, 0x0000000089a00000, 0x0000000089b00000|  0%| F|  |TAMS 0x0000000089a00000, 0x0000000089a00000| Untracked 
|  69|0x0000000089b00000, 0x0000000089b00000, 0x0000000089c00000|  0%| F|  |TAMS 0x0000000089b00000, 0x0000000089b00000| Untracked 
|  70|0x0000000089c00000, 0x0000000089c00000, 0x0000000089d00000|  0%| F|  |TAMS 0x0000000089c00000, 0x0000000089c00000| Untracked 
|  71|0x0000000089d00000, 0x0000000089d00000, 0x0000000089e00000|  0%| F|  |TAMS 0x0000000089d00000, 0x0000000089d00000| Untracked 
|  72|0x0000000089e00000, 0x0000000089e00000, 0x0000000089f00000|  0%| F|  |TAMS 0x0000000089e00000, 0x0000000089e00000| Untracked 
|  73|0x0000000089f00000, 0x0000000089f00000, 0x000000008a000000|  0%| F|  |TAMS 0x0000000089f00000, 0x0000000089f00000| Untracked 
|  74|0x000000008a000000, 0x000000008a000000, 0x000000008a100000|  0%| F|  |TAMS 0x000000008a000000, 0x000000008a000000| Untracked 
|  75|0x000000008a100000, 0x000000008a100000, 0x000000008a200000|  0%| F|  |TAMS 0x000000008a100000, 0x000000008a100000| Untracked 
|  76|0x000000008a200000, 0x000000008a200000, 0x000000008a300000|  0%| F|  |TAMS 0x000000008a200000, 0x000000008a200000| Untracked 
|  77|0x000000008a300000, 0x000000008a300000, 0x000000008a400000|  0%| F|  |TAMS 0x000000008a300000, 0x000000008a300000| Untracked 
|  78|0x000000008a400000, 0x000000008a400000, 0x000000008a500000|  0%| F|  |TAMS 0x000000008a400000, 0x000000008a400000| Untracked 
|  79|0x000000008a500000, 0x000000008a500000, 0x000000008a600000|  0%| F|  |TAMS 0x000000008a500000, 0x000000008a500000| Untracked 
|  80|0x000000008a600000, 0x000000008a600000, 0x000000008a700000|  0%| F|  |TAMS 0x000000008a600000, 0x000000008a600000| Untracked 
|  81|0x000000008a700000, 0x000000008a700000, 0x000000008a800000|  0%| F|  |TAMS 0x000000008a700000, 0x000000008a700000| Untracked 
|  82|0x000000008a800000, 0x000000008a800000, 0x000000008a900000|  0%| F|  |TAMS 0x000000008a800000, 0x000000008a800000| Untracked 
|  83|0x000000008a900000, 0x000000008a900000, 0x000000008aa00000|  0%| F|  |TAMS 0x000000008a900000, 0x000000008a900000| Untracked 
|  84|0x000000008aa00000, 0x000000008aa00000, 0x000000008ab00000|  0%| F|  |TAMS 0x000000008aa00000, 0x000000008aa00000| Untracked 
|  85|0x000000008ab00000, 0x000000008ab00000, 0x000000008ac00000|  0%| F|  |TAMS 0x000000008ab00000, 0x000000008ab00000| Untracked 
|  86|0x000000008ac00000, 0x000000008ac00000, 0x000000008ad00000|  0%| F|  |TAMS 0x000000008ac00000, 0x000000008ac00000| Untracked 
|  87|0x000000008ad00000, 0x000000008ad00000, 0x000000008ae00000|  0%| F|  |TAMS 0x000000008ad00000, 0x000000008ad00000| Untracked 
|  88|0x000000008ae00000, 0x000000008ae00000, 0x000000008af00000|  0%| F|  |TAMS 0x000000008ae00000, 0x000000008ae00000| Untracked 
|  89|0x000000008af00000, 0x000000008af00000, 0x000000008b000000|  0%| F|  |TAMS 0x000000008af00000, 0x000000008af00000| Untracked 
|  90|0x000000008b000000, 0x000000008b000000, 0x000000008b100000|  0%| F|  |TAMS 0x000000008b000000, 0x000000008b000000| Untracked 
|  91|0x000000008b100000, 0x000000008b100000, 0x000000008b200000|  0%| F|  |TAMS 0x000000008b100000, 0x000000008b100000| Untracked 
|  92|0x000000008b200000, 0x000000008b200000, 0x000000008b300000|  0%| F|  |TAMS 0x000000008b200000, 0x000000008b200000| Untracked 
|  93|0x000000008b300000, 0x000000008b300000, 0x000000008b400000|  0%| F|  |TAMS 0x000000008b300000, 0x000000008b300000| Untracked 
|  94|0x000000008b400000, 0x000000008b400000, 0x000000008b500000|  0%| F|  |TAMS 0x000000008b400000, 0x000000008b400000| Untracked 
|  95|0x000000008b500000, 0x000000008b500000, 0x000000008b600000|  0%| F|  |TAMS 0x000000008b500000, 0x000000008b500000| Untracked 
|  96|0x000000008b600000, 0x000000008b600000, 0x000000008b700000|  0%| F|  |TAMS 0x000000008b600000, 0x000000008b600000| Untracked 
|  97|0x000000008b700000, 0x000000008b700000, 0x000000008b800000|  0%| F|  |TAMS 0x000000008b700000, 0x000000008b700000| Untracked 
|  98|0x000000008b800000, 0x000000008b800000, 0x000000008b900000|  0%| F|  |TAMS 0x000000008b800000, 0x000000008b800000| Untracked 
|  99|0x000000008b900000, 0x000000008b900000, 0x000000008ba00000|  0%| F|  |TAMS 0x000000008b900000, 0x000000008b900000| Untracked 
| 100|0x000000008ba00000, 0x000000008ba00000, 0x000000008bb00000|  0%| F|  |TAMS 0x000000008ba00000, 0x000000008ba00000| Untracked 
| 101|0x000000008bb00000, 0x000000008bb00000, 0x000000008bc00000|  0%| F|  |TAMS 0x000000008bb00000, 0x000000008bb00000| Untracked 
| 102|0x000000008bc00000, 0x000000008bc00000, 0x000000008bd00000|  0%| F|  |TAMS 0x000000008bc00000, 0x000000008bc00000| Untracked 
| 103|0x000000008bd00000, 0x000000008bd00000, 0x000000008be00000|  0%| F|  |TAMS 0x000000008bd00000, 0x000000008bd00000| Untracked 
| 104|0x000000008be00000, 0x000000008be00000, 0x000000008bf00000|  0%| F|  |TAMS 0x000000008be00000, 0x000000008be00000| Untracked 
| 105|0x000000008bf00000, 0x000000008bf00000, 0x000000008c000000|  0%| F|  |TAMS 0x000000008bf00000, 0x000000008bf00000| Untracked 
| 106|0x000000008c000000, 0x000000008c000000, 0x000000008c100000|  0%| F|  |TAMS 0x000000008c000000, 0x000000008c000000| Untracked 
| 107|0x000000008c100000, 0x000000008c100000, 0x000000008c200000|  0%| F|  |TAMS 0x000000008c100000, 0x000000008c100000| Untracked 
| 108|0x000000008c200000, 0x000000008c200000, 0x000000008c300000|  0%| F|  |TAMS 0x000000008c200000, 0x000000008c200000| Untracked 
| 109|0x000000008c300000, 0x000000008c300000, 0x000000008c400000|  0%| F|  |TAMS 0x000000008c300000, 0x000000008c300000| Untracked 
| 110|0x000000008c400000, 0x000000008c4cf470, 0x000000008c500000| 80%| S|CS|TAMS 0x000000008c400000, 0x000000008c400000| Complete 
| 111|0x000000008c500000, 0x000000008c600000, 0x000000008c600000|100%| S|CS|TAMS 0x000000008c500000, 0x000000008c500000| Complete 
| 112|0x000000008c600000, 0x000000008c600000, 0x000000008c700000|  0%| F|  |TAMS 0x000000008c600000, 0x000000008c600000| Untracked 
| 113|0x000000008c700000, 0x000000008c700000, 0x000000008c800000|  0%| F|  |TAMS 0x000000008c700000, 0x000000008c700000| Untracked 
| 114|0x000000008c800000, 0x000000008c800000, 0x000000008c900000|  0%| F|  |TAMS 0x000000008c800000, 0x000000008c800000| Untracked 
| 115|0x000000008c900000, 0x000000008c900000, 0x000000008ca00000|  0%| F|  |TAMS 0x000000008c900000, 0x000000008c900000| Untracked 
| 116|0x000000008ca00000, 0x000000008ca00000, 0x000000008cb00000|  0%| F|  |TAMS 0x000000008ca00000, 0x000000008ca00000| Untracked 
| 117|0x000000008cb00000, 0x000000008cb00000, 0x000000008cc00000|  0%| F|  |TAMS 0x000000008cb00000, 0x000000008cb00000| Untracked 
| 118|0x000000008cc00000, 0x000000008cc00000, 0x000000008cd00000|  0%| F|  |TAMS 0x000000008cc00000, 0x000000008cc00000| Untracked 
| 119|0x000000008cd00000, 0x000000008cd00000, 0x000000008ce00000|  0%| F|  |TAMS 0x000000008cd00000, 0x000000008cd00000| Untracked 
| 120|0x000000008ce00000, 0x000000008ce00000, 0x000000008cf00000|  0%| F|  |TAMS 0x000000008ce00000, 0x000000008ce00000| Untracked 
| 121|0x000000008cf00000, 0x000000008d000000, 0x000000008d000000|100%| S|CS|TAMS 0x000000008cf00000, 0x000000008cf00000| Complete 
| 122|0x000000008d000000, 0x000000008d000000, 0x000000008d100000|  0%| F|  |TAMS 0x000000008d000000, 0x000000008d000000| Untracked 
| 123|0x000000008d100000, 0x000000008d100000, 0x000000008d200000|  0%| F|  |TAMS 0x000000008d100000, 0x000000008d100000| Untracked 
| 124|0x000000008d200000, 0x000000008d200000, 0x000000008d300000|  0%| F|  |TAMS 0x000000008d200000, 0x000000008d200000| Untracked 
| 125|0x000000008d300000, 0x000000008d300000, 0x000000008d400000|  0%| F|  |TAMS 0x000000008d300000, 0x000000008d300000| Untracked 
| 126|0x000000008d400000, 0x000000008d400000, 0x000000008d500000|  0%| F|  |TAMS 0x000000008d400000, 0x000000008d400000| Untracked 
| 127|0x000000008d500000, 0x000000008d500000, 0x000000008d600000|  0%| F|  |TAMS 0x000000008d500000, 0x000000008d500000| Untracked 
| 128|0x000000008d600000, 0x000000008d600000, 0x000000008d700000|  0%| F|  |TAMS 0x000000008d600000, 0x000000008d600000| Untracked 
| 129|0x000000008d700000, 0x000000008d700000, 0x000000008d800000|  0%| F|  |TAMS 0x000000008d700000, 0x000000008d700000| Untracked 
| 130|0x000000008d800000, 0x000000008d800000, 0x000000008d900000|  0%| F|  |TAMS 0x000000008d800000, 0x000000008d800000| Untracked 
| 131|0x000000008d900000, 0x000000008d900000, 0x000000008da00000|  0%| F|  |TAMS 0x000000008d900000, 0x000000008d900000| Untracked 
| 132|0x000000008da00000, 0x000000008da00000, 0x000000008db00000|  0%| F|  |TAMS 0x000000008da00000, 0x000000008da00000| Untracked 
| 133|0x000000008db00000, 0x000000008db00000, 0x000000008dc00000|  0%| F|  |TAMS 0x000000008db00000, 0x000000008db00000| Untracked 
| 134|0x000000008dc00000, 0x000000008dc00000, 0x000000008dd00000|  0%| F|  |TAMS 0x000000008dc00000, 0x000000008dc00000| Untracked 
| 135|0x000000008dd00000, 0x000000008dd00000, 0x000000008de00000|  0%| F|  |TAMS 0x000000008dd00000, 0x000000008dd00000| Untracked 
| 136|0x000000008de00000, 0x000000008de00000, 0x000000008df00000|  0%| F|  |TAMS 0x000000008de00000, 0x000000008de00000| Untracked 
| 137|0x000000008df00000, 0x000000008df00000, 0x000000008e000000|  0%| F|  |TAMS 0x000000008df00000, 0x000000008df00000| Untracked 
| 138|0x000000008e000000, 0x000000008e000000, 0x000000008e100000|  0%| F|  |TAMS 0x000000008e000000, 0x000000008e000000| Untracked 
| 139|0x000000008e100000, 0x000000008e100000, 0x000000008e200000|  0%| F|  |TAMS 0x000000008e100000, 0x000000008e100000| Untracked 
| 140|0x000000008e200000, 0x000000008e200000, 0x000000008e300000|  0%| F|  |TAMS 0x000000008e200000, 0x000000008e200000| Untracked 
| 141|0x000000008e300000, 0x000000008e300000, 0x000000008e400000|  0%| F|  |TAMS 0x000000008e300000, 0x000000008e300000| Untracked 
| 142|0x000000008e400000, 0x000000008e400000, 0x000000008e500000|  0%| F|  |TAMS 0x000000008e400000, 0x000000008e400000| Untracked 
| 143|0x000000008e500000, 0x000000008e500000, 0x000000008e600000|  0%| F|  |TAMS 0x000000008e500000, 0x000000008e500000| Untracked 
| 144|0x000000008e600000, 0x000000008e600000, 0x000000008e700000|  0%| F|  |TAMS 0x000000008e600000, 0x000000008e600000| Untracked 
| 145|0x000000008e700000, 0x000000008e700000, 0x000000008e800000|  0%| F|  |TAMS 0x000000008e700000, 0x000000008e700000| Untracked 
| 146|0x000000008e800000, 0x000000008e800000, 0x000000008e900000|  0%| F|  |TAMS 0x000000008e800000, 0x000000008e800000| Untracked 
| 147|0x000000008e900000, 0x000000008e900000, 0x000000008ea00000|  0%| F|  |TAMS 0x000000008e900000, 0x000000008e900000| Untracked 
| 148|0x000000008ea00000, 0x000000008ea00000, 0x000000008eb00000|  0%| F|  |TAMS 0x000000008ea00000, 0x000000008ea00000| Untracked 
| 149|0x000000008eb00000, 0x000000008eb00000, 0x000000008ec00000|  0%| F|  |TAMS 0x000000008eb00000, 0x000000008eb00000| Untracked 
| 150|0x000000008ec00000, 0x000000008ec00000, 0x000000008ed00000|  0%| F|  |TAMS 0x000000008ec00000, 0x000000008ec00000| Untracked 
| 151|0x000000008ed00000, 0x000000008ed00000, 0x000000008ee00000|  0%| F|  |TAMS 0x000000008ed00000, 0x000000008ed00000| Untracked 
| 152|0x000000008ee00000, 0x000000008ee00000, 0x000000008ef00000|  0%| F|  |TAMS 0x000000008ee00000, 0x000000008ee00000| Untracked 
| 153|0x000000008ef00000, 0x000000008ef00000, 0x000000008f000000|  0%| F|  |TAMS 0x000000008ef00000, 0x000000008ef00000| Untracked 
| 154|0x000000008f000000, 0x000000008f100000, 0x000000008f100000|100%| E|  |TAMS 0x000000008f000000, 0x000000008f000000| Complete 
| 155|0x000000008f100000, 0x000000008f200000, 0x000000008f200000|100%| E|CS|TAMS 0x000000008f100000, 0x000000008f100000| Complete 
| 156|0x000000008f200000, 0x000000008f300000, 0x000000008f300000|100%| E|CS|TAMS 0x000000008f200000, 0x000000008f200000| Complete 
| 157|0x000000008f300000, 0x000000008f400000, 0x000000008f400000|100%| E|CS|TAMS 0x000000008f300000, 0x000000008f300000| Complete 
| 158|0x000000008f400000, 0x000000008f500000, 0x000000008f500000|100%| E|CS|TAMS 0x000000008f400000, 0x000000008f400000| Complete 
| 159|0x000000008f500000, 0x000000008f600000, 0x000000008f600000|100%| E|CS|TAMS 0x000000008f500000, 0x000000008f500000| Complete 
| 160|0x000000008f600000, 0x000000008f700000, 0x000000008f700000|100%| E|CS|TAMS 0x000000008f600000, 0x000000008f600000| Complete 
| 161|0x000000008f700000, 0x000000008f800000, 0x000000008f800000|100%| E|CS|TAMS 0x000000008f700000, 0x000000008f700000| Complete 
| 162|0x000000008f800000, 0x000000008f900000, 0x000000008f900000|100%| E|CS|TAMS 0x000000008f800000, 0x000000008f800000| Complete 
| 163|0x000000008f900000, 0x000000008fa00000, 0x000000008fa00000|100%| E|CS|TAMS 0x000000008f900000, 0x000000008f900000| Complete 
| 164|0x000000008fa00000, 0x000000008fb00000, 0x000000008fb00000|100%| E|CS|TAMS 0x000000008fa00000, 0x000000008fa00000| Complete 
| 165|0x000000008fb00000, 0x000000008fc00000, 0x000000008fc00000|100%| E|CS|TAMS 0x000000008fb00000, 0x000000008fb00000| Complete 
| 166|0x000000008fc00000, 0x000000008fd00000, 0x000000008fd00000|100%| E|CS|TAMS 0x000000008fc00000, 0x000000008fc00000| Complete 
| 167|0x000000008fd00000, 0x000000008fe00000, 0x000000008fe00000|100%| E|CS|TAMS 0x000000008fd00000, 0x000000008fd00000| Complete 
| 168|0x000000008fe00000, 0x000000008ff00000, 0x000000008ff00000|100%| E|CS|TAMS 0x000000008fe00000, 0x000000008fe00000| Complete 
| 169|0x000000008ff00000, 0x0000000090000000, 0x0000000090000000|100%| E|CS|TAMS 0x000000008ff00000, 0x000000008ff00000| Complete 
| 170|0x0000000090000000, 0x0000000090100000, 0x0000000090100000|100%| E|CS|TAMS 0x0000000090000000, 0x0000000090000000| Complete 
| 171|0x0000000090100000, 0x0000000090200000, 0x0000000090200000|100%| E|CS|TAMS 0x0000000090100000, 0x0000000090100000| Complete 
| 172|0x0000000090200000, 0x0000000090300000, 0x0000000090300000|100%| E|CS|TAMS 0x0000000090200000, 0x0000000090200000| Complete 
| 173|0x0000000090300000, 0x0000000090400000, 0x0000000090400000|100%| E|CS|TAMS 0x0000000090300000, 0x0000000090300000| Complete 
| 174|0x0000000090400000, 0x0000000090500000, 0x0000000090500000|100%| E|CS|TAMS 0x0000000090400000, 0x0000000090400000| Complete 
| 175|0x0000000090500000, 0x0000000090600000, 0x0000000090600000|100%| E|CS|TAMS 0x0000000090500000, 0x0000000090500000| Complete 
| 176|0x0000000090600000, 0x0000000090700000, 0x0000000090700000|100%| E|CS|TAMS 0x0000000090600000, 0x0000000090600000| Complete 
| 177|0x0000000090700000, 0x0000000090800000, 0x0000000090800000|100%| E|CS|TAMS 0x0000000090700000, 0x0000000090700000| Complete 
| 178|0x0000000090800000, 0x0000000090900000, 0x0000000090900000|100%| E|CS|TAMS 0x0000000090800000, 0x0000000090800000| Complete 

Card table byte_map: [0x000001d5dd260000,0x000001d5dd640000] _byte_map_base: 0x000001d5dce35000

Marking Bits (Prev, Next): (CMBitMap*) 0x000001d5c34f1e30, (CMBitMap*) 0x000001d5c34f1df8
 Prev Bits: [0x000001d5df8d0000, 0x000001d5e1778000)
 Next Bits: [0x000001d5dda20000, 0x000001d5df8c8000)

Polling page: 0x000001d5c3580000

Metaspace:

Usage:
  Non-class:     57.24 MB capacity,    56.77 MB (>99%) used,   360.23 KB ( <1%) free+waste,   116.88 KB ( <1%) overhead. 
      Class:      7.49 MB capacity,     7.15 MB ( 96%) used,   292.63 KB (  4%) free+waste,    51.50 KB ( <1%) overhead. 
       Both:     64.73 MB capacity,    63.93 MB ( 99%) used,   652.86 KB ( <1%) free+waste,   168.38 KB ( <1%) overhead. 

Virtual space:
  Non-class space:       58.00 MB reserved,      57.25 MB ( 99%) committed 
      Class space:        1.00 GB reserved,       7.58 MB ( <1%) committed 
             Both:        1.06 GB reserved,      64.83 MB (  6%) committed 

Chunk freelists:
   Non-Class:  6.00 KB
       Class:  13.00 KB
        Both:  19.00 KB

MaxMetaspaceSize: 17179869184.00 GB
CompressedClassSpaceSize: 1.00 GB
Initial GC threshold: 20.80 MB
Current GC threshold: 98.88 MB
CDS: off

CodeHeap 'non-profiled nmethods': size=120000Kb used=5199Kb max_used=5199Kb free=114800Kb
 bounds [0x000001d5d4ee0000, 0x000001d5d5400000, 0x000001d5dc410000]
CodeHeap 'profiled nmethods': size=120000Kb used=25124Kb max_used=25124Kb free=94875Kb
 bounds [0x000001d5cd9b0000, 0x000001d5cf240000, 0x000001d5d4ee0000]
CodeHeap 'non-nmethods': size=5760Kb used=1313Kb max_used=1372Kb free=4447Kb
 bounds [0x000001d5cd410000, 0x000001d5cd680000, 0x000001d5cd9b0000]
 total_blobs=10019 nmethods=9434 adapters=495
 compilation: enabled
              stopped_count=0, restarted_count=0
 full_count=0

Compilation events (20 events):
Event: 16.195 Thread 0x000001d5e4b9b000 9571       3       org.jetbrains.kotlin.types.checker.ClassicTypeSystemContextKt::access$hasExactInternal (5 bytes)
Event: 16.195 Thread 0x000001d5e4b9b000 nmethod 9571 0x000001d5cf228d10 code [0x000001d5cf228f80, 0x000001d5cf229798]
Event: 16.195 Thread 0x000001d5e4b9b000 9572       3       org.jetbrains.kotlin.types.checker.ClassicTypeSystemContextKt::hasExactInternal (8 bytes)
Event: 16.196 Thread 0x000001d5e4b9b000 nmethod 9572 0x000001d5cf229a90 code [0x000001d5cf229ce0, 0x000001d5cf22a498]
Event: 16.196 Thread 0x000001d5e4b9b000 9573       3       org.jetbrains.kotlin.resolve.descriptorUtil.AnnotationsForResolveUtilsKt::hasExactAnnotation (19 bytes)
Event: 16.196 Thread 0x000001d5e4b9b000 nmethod 9573 0x000001d5cf22a790 code [0x000001d5cf22a9e0, 0x000001d5cf22b118]
Event: 16.196 Thread 0x000001d5e4b9b000 9574       3       org.jetbrains.kotlin.resolve.descriptorUtil.AnnotationsForResolveKt::getEXACT_ANNOTATION_FQ_NAME (4 bytes)
Event: 16.196 Thread 0x000001d5e4b9b000 nmethod 9574 0x000001d5cf22b410 code [0x000001d5cf22b5c0, 0x000001d5cf22b6b8]
Event: 16.196 Thread 0x000001d5e4b9b000 9567       3       org.jetbrains.kotlin.resolve.scopes.LazyScopeAdapter::<init> (15 bytes)
Event: 16.196 Thread 0x000001d5e4b9b000 nmethod 9567 0x000001d5cf22b790 code [0x000001d5cf22b9e0, 0x000001d5cf22c078]
Event: 16.196 Thread 0x000001d5e4b9b000 9568       1       org.jetbrains.kotlin.descriptors.impl.PropertyDescriptorImpl::getUserData (2 bytes)
Event: 16.197 Thread 0x000001d5e4b9b000 nmethod 9568 0x000001d5d53ec410 code [0x000001d5d53ec5c0, 0x000001d5d53ec678]
Event: 16.202 Thread 0x000001d5e4bec000 nmethod 9534 0x000001d5d53ec710 code [0x000001d5d53ecb60, 0x000001d5d53f0420]
Event: 16.202 Thread 0x000001d5e4bec000 9554       4       java.lang.Character::toUpperCase (6 bytes)
Event: 16.203 Thread 0x000001d5e4bec000 nmethod 9554 0x000001d5d53f2690 code [0x000001d5d53f2820, 0x000001d5d53f28f8]
Event: 16.203 Thread 0x000001d5e4bec000 9541       4       org.jetbrains.kotlin.resolve.lazy.descriptors.LazyClassMemberScope::getSupertypes (17 bytes)
Event: 16.205 Thread 0x000001d5e4bec000 nmethod 9541 0x000001d5d53f2a10 code [0x000001d5d53f2be0, 0x000001d5d53f2d38]
Event: 16.205 Thread 0x000001d5e4bec000 9564       4       org.jetbrains.kotlin.resolve.lazy.descriptors.LazyClassMemberScope::generateDataClassMethods (535 bytes)
Event: 16.206 Thread 0x000001d5e4bec000 nmethod 9564 0x000001d5d53f2f10 code [0x000001d5d53f30a0, 0x000001d5d53f3198]
Event: 16.206 Thread 0x000001d5e4bec000 9543       4       org.jetbrains.kotlin.load.java.lazy.descriptors.LazyJavaScope::getContributedFunctions (47 bytes)

GC Heap History (20 events):
Event: 1.909 GC heap before
{Heap before GC invocations=1 (full 0):
 garbage-first heap   total 126976K, used 41757K [0x0000000085600000, 0x0000000100000000)
  region size 1024K, 39 young (39936K), 3 survivors (3072K)
 Metaspace       used 21010K, capacity 21182K, committed 21248K, reserved 1069056K
  class space    used 2215K, capacity 2280K, committed 2304K, reserved 1048576K
}
Event: 1.924 GC heap after
{Heap after GC invocations=2 (full 0):
 garbage-first heap   total 126976K, used 9207K [0x0000000085600000, 0x0000000100000000)
  region size 1024K, 6 young (6144K), 6 survivors (6144K)
 Metaspace       used 21010K, capacity 21182K, committed 21248K, reserved 1069056K
  class space    used 2215K, capacity 2280K, committed 2304K, reserved 1048576K
}
Event: 3.936 GC heap before
{Heap before GC invocations=3 (full 0):
 garbage-first heap   total 126976K, used 62455K [0x0000000085600000, 0x0000000100000000)
  region size 1024K, 53 young (54272K), 6 survivors (6144K)
 Metaspace       used 32028K, capacity 32410K, committed 32636K, reserved 1077248K
  class space    used 3947K, capacity 4116K, committed 4224K, reserved 1048576K
}
Event: 3.962 GC heap after
{Heap after GC invocations=4 (full 0):
 garbage-first heap   total 126976K, used 20735K [0x0000000085600000, 0x0000000100000000)
  region size 1024K, 7 young (7168K), 7 survivors (7168K)
 Metaspace       used 32028K, capacity 32410K, committed 32636K, reserved 1077248K
  class space    used 3947K, capacity 4116K, committed 4224K, reserved 1048576K
}
Event: 4.368 GC heap before
{Heap before GC invocations=4 (full 0):
 garbage-first heap   total 126976K, used 36095K [0x0000000085600000, 0x0000000100000000)
  region size 1024K, 23 young (23552K), 7 survivors (7168K)
 Metaspace       used 35485K, capacity 35882K, committed 36048K, reserved 1081344K
  class space    used 4329K, capacity 4506K, committed 4564K, reserved 1048576K
}
Event: 4.385 GC heap after
{Heap after GC invocations=5 (full 0):
 garbage-first heap   total 126976K, used 20981K [0x0000000085600000, 0x0000000100000000)
  region size 1024K, 2 young (2048K), 2 survivors (2048K)
 Metaspace       used 35485K, capacity 35882K, committed 36048K, reserved 1081344K
  class space    used 4329K, capacity 4506K, committed 4564K, reserved 1048576K
}
Event: 6.171 GC heap before
{Heap before GC invocations=6 (full 0):
 garbage-first heap   total 126976K, used 67061K [0x0000000085600000, 0x0000000100000000)
  region size 1024K, 47 young (48128K), 2 survivors (2048K)
 Metaspace       used 44972K, capacity 45506K, committed 45776K, reserved 1089536K
  class space    used 5255K, capacity 5445K, committed 5588K, reserved 1048576K
}
Event: 6.184 GC heap after
{Heap after GC invocations=7 (full 0):
 garbage-first heap   total 152576K, used 26112K [0x0000000085600000, 0x0000000100000000)
  region size 1024K, 6 young (6144K), 6 survivors (6144K)
 Metaspace       used 44972K, capacity 45506K, committed 45776K, reserved 1089536K
  class space    used 5255K, capacity 5445K, committed 5588K, reserved 1048576K
}
Event: 7.382 GC heap before
{Heap before GC invocations=7 (full 0):
 garbage-first heap   total 152576K, used 83456K [0x0000000085600000, 0x0000000100000000)
  region size 1024K, 59 young (60416K), 6 survivors (6144K)
 Metaspace       used 49999K, capacity 50582K, committed 50896K, reserved 1093632K
  class space    used 5770K, capacity 5998K, committed 6100K, reserved 1048576K
}
Event: 7.405 GC heap after
{Heap after GC invocations=8 (full 0):
 garbage-first heap   total 152576K, used 36485K [0x0000000085600000, 0x0000000100000000)
  region size 1024K, 8 young (8192K), 8 survivors (8192K)
 Metaspace       used 49999K, capacity 50582K, committed 50896K, reserved 1093632K
  class space    used 5770K, capacity 5998K, committed 6100K, reserved 1048576K
}
Event: 10.165 GC heap before
{Heap before GC invocations=8 (full 0):
 garbage-first heap   total 152576K, used 92805K [0x0000000085600000, 0x0000000100000000)
  region size 1024K, 63 young (64512K), 8 survivors (8192K)
 Metaspace       used 59056K, capacity 59818K, committed 59856K, reserved 1101824K
  class space    used 6768K, capacity 7095K, committed 7124K, reserved 1048576K
}
Event: 10.186 GC heap after
{Heap after GC invocations=9 (full 0):
 garbage-first heap   total 152576K, used 44043K [0x0000000085600000, 0x0000000100000000)
  region size 1024K, 8 young (8192K), 8 survivors (8192K)
 Metaspace       used 59056K, capacity 59818K, committed 59856K, reserved 1101824K
  class space    used 6768K, capacity 7095K, committed 7124K, reserved 1048576K
}
Event: 10.348 GC heap before
{Heap before GC invocations=9 (full 0):
 garbage-first heap   total 152576K, used 48139K [0x0000000085600000, 0x0000000100000000)
  region size 1024K, 13 young (13312K), 8 survivors (8192K)
 Metaspace       used 59527K, capacity 60322K, committed 60496K, reserved 1101824K
  class space    used 6804K, capacity 7133K, committed 7252K, reserved 1048576K
}
Event: 10.364 GC heap after
{Heap after GC invocations=10 (full 0):
 garbage-first heap   total 152576K, used 45537K [0x0000000085600000, 0x0000000100000000)
  region size 1024K, 2 young (2048K), 2 survivors (2048K)
 Metaspace       used 59527K, capacity 60322K, committed 60496K, reserved 1101824K
  class space    used 6804K, capacity 7133K, committed 7252K, reserved 1048576K
}
Event: 11.405 GC heap before
{Heap before GC invocations=11 (full 0):
 garbage-first heap   total 152576K, used 95713K [0x0000000085600000, 0x0000000100000000)
  region size 1024K, 51 young (52224K), 2 survivors (2048K)
 Metaspace       used 60263K, capacity 61081K, committed 61264K, reserved 1103872K
  class space    used 6851K, capacity 7173K, committed 7252K, reserved 1048576K
}
Event: 11.426 GC heap after
{Heap after GC invocations=12 (full 0):
 garbage-first heap   total 183296K, used 54761K [0x0000000085600000, 0x0000000100000000)
  region size 1024K, 7 young (7168K), 7 survivors (7168K)
 Metaspace       used 60263K, capacity 61081K, committed 61264K, reserved 1103872K
  class space    used 6851K, capacity 7173K, committed 7252K, reserved 1048576K
}
Event: 12.926 GC heap before
{Heap before GC invocations=12 (full 0):
 garbage-first heap   total 183296K, used 114153K [0x0000000085600000, 0x0000000100000000)
  region size 1024K, 65 young (66560K), 7 survivors (7168K)
 Metaspace       used 61553K, capacity 62403K, committed 62672K, reserved 1103872K
  class space    used 6986K, capacity 7336K, committed 7380K, reserved 1048576K
}
Event: 12.963 GC heap after
{Heap after GC invocations=13 (full 0):
 garbage-first heap   total 183296K, used 64700K [0x0000000085600000, 0x0000000100000000)
  region size 1024K, 9 young (9216K), 9 survivors (9216K)
 Metaspace       used 61553K, capacity 62403K, committed 62672K, reserved 1103872K
  class space    used 6986K, capacity 7336K, committed 7380K, reserved 1048576K
}
Event: 14.056 GC heap before
{Heap before GC invocations=13 (full 0):
 garbage-first heap   total 183296K, used 123068K [0x0000000085600000, 0x0000000100000000)
  region size 1024K, 66 young (67584K), 9 survivors (9216K)
 Metaspace       used 62518K, capacity 63329K, committed 63568K, reserved 1105920K
  class space    used 7068K, capacity 7409K, committed 7508K, reserved 1048576K
}
Event: 14.070 GC heap after
{Heap after GC invocations=14 (full 0):
 garbage-first heap   total 183296K, used 68050K [0x0000000085600000, 0x0000000100000000)
  region size 1024K, 3 young (3072K), 3 survivors (3072K)
 Metaspace       used 62518K, capacity 63329K, committed 63568K, reserved 1105920K
  class space    used 7068K, capacity 7409K, committed 7508K, reserved 1048576K
}

Deoptimization events (20 events):
Event: 16.040 Thread 0x000001d5c34b6800 Uncommon trap: trap_request=0xffffffde fr.pc=0x000001d5d53a8e24 relative=0x0000000000000be4
Event: 16.040 Thread 0x000001d5c34b6800 Uncommon trap: reason=class_check action=maybe_recompile pc=0x000001d5d53a8e24 method=org.jetbrains.kotlin.resolve.VarianceCheckerCore.isIrrelevant(Lorg/jetbrains/kotlin/descriptors/CallableDescriptor;)Z @ 110 c2
Event: 16.040 Thread 0x000001d5c34b6800 DEOPT PACKING pc=0x000001d5d53a8e24 sp=0x000000543a1fd190
Event: 16.040 Thread 0x000001d5c34b6800 DEOPT UNPACKING pc=0x000001d5cd4185af sp=0x000000543a1fd028 mode 2
Event: 16.043 Thread 0x000001d5c34b6800 Uncommon trap: trap_request=0xffffffde fr.pc=0x000001d5d53a8e24 relative=0x0000000000000be4
Event: 16.043 Thread 0x000001d5c34b6800 Uncommon trap: reason=class_check action=maybe_recompile pc=0x000001d5d53a8e24 method=org.jetbrains.kotlin.resolve.VarianceCheckerCore.isIrrelevant(Lorg/jetbrains/kotlin/descriptors/CallableDescriptor;)Z @ 110 c2
Event: 16.043 Thread 0x000001d5c34b6800 DEOPT PACKING pc=0x000001d5d53a8e24 sp=0x000000543a1fd1b0
Event: 16.043 Thread 0x000001d5c34b6800 DEOPT UNPACKING pc=0x000001d5cd4185af sp=0x000000543a1fd048 mode 2
Event: 16.043 Thread 0x000001d5c34b6800 Uncommon trap: trap_request=0xffffffde fr.pc=0x000001d5d53a8e24 relative=0x0000000000000be4
Event: 16.043 Thread 0x000001d5c34b6800 Uncommon trap: reason=class_check action=maybe_recompile pc=0x000001d5d53a8e24 method=org.jetbrains.kotlin.resolve.VarianceCheckerCore.isIrrelevant(Lorg/jetbrains/kotlin/descriptors/CallableDescriptor;)Z @ 110 c2
Event: 16.043 Thread 0x000001d5c34b6800 DEOPT PACKING pc=0x000001d5d53a8e24 sp=0x000000543a1fd1b0
Event: 16.043 Thread 0x000001d5c34b6800 DEOPT UNPACKING pc=0x000001d5cd4185af sp=0x000000543a1fd048 mode 2
Event: 16.043 Thread 0x000001d5c34b6800 Uncommon trap: trap_request=0xffffffde fr.pc=0x000001d5d52e9f48 relative=0x00000000000005a8
Event: 16.043 Thread 0x000001d5c34b6800 Uncommon trap: reason=class_check action=maybe_recompile pc=0x000001d5d52e9f48 method=org.jetbrains.kotlin.resolve.VarianceCheckerCore.isIrrelevant(Lorg/jetbrains/kotlin/descriptors/CallableDescriptor;)Z @ 110 c2
Event: 16.043 Thread 0x000001d5c34b6800 DEOPT PACKING pc=0x000001d5d52e9f48 sp=0x000000543a1fd060
Event: 16.043 Thread 0x000001d5c34b6800 DEOPT UNPACKING pc=0x000001d5cd4185af sp=0x000000543a1fcfd8 mode 2
Event: 16.062 Thread 0x000001d5c34b6800 Uncommon trap: trap_request=0xffffffde fr.pc=0x000001d5d52a6f2c relative=0x0000000000003a8c
Event: 16.062 Thread 0x000001d5c34b6800 Uncommon trap: reason=class_check action=maybe_recompile pc=0x000001d5d52a6f2c method=org.jetbrains.kotlin.load.java.lazy.descriptors.LazyJavaScope$declaredFunctions$1.invoke(Lorg/jetbrains/kotlin/name/Name;)Ljava/util/Collection; @ 111 c2
Event: 16.062 Thread 0x000001d5c34b6800 DEOPT PACKING pc=0x000001d5d52a6f2c sp=0x000000543a1f9410
Event: 16.062 Thread 0x000001d5c34b6800 DEOPT UNPACKING pc=0x000001d5cd4185af sp=0x000000543a1f93d0 mode 2

Classes redefined (0 events):
No events

Internal exceptions (20 events):
Event: 13.112 Thread 0x000001d5c34b6800 Implicit null exception at 0x000001d5d5145388 to 0x000001d5d51460d0
Event: 13.112 Thread 0x000001d5c34b6800 Implicit null exception at 0x000001d5d5145388 to 0x000001d5d51460d0
Event: 13.112 Thread 0x000001d5c34b6800 Implicit null exception at 0x000001d5d5145388 to 0x000001d5d51460d0
Event: 13.112 Thread 0x000001d5c34b6800 Implicit null exception at 0x000001d5d5145388 to 0x000001d5d51460d0
Event: 13.112 Thread 0x000001d5c34b6800 Implicit null exception at 0x000001d5d5145388 to 0x000001d5d51460d0
Event: 13.112 Thread 0x000001d5c34b6800 Implicit null exception at 0x000001d5d5145388 to 0x000001d5d51460d0
Event: 13.112 Thread 0x000001d5c34b6800 Implicit null exception at 0x000001d5d5145388 to 0x000001d5d51460d0
Event: 13.112 Thread 0x000001d5c34b6800 Implicit null exception at 0x000001d5d5145388 to 0x000001d5d51460d0
Event: 13.112 Thread 0x000001d5c34b6800 Implicit null exception at 0x000001d5d5143178 to 0x000001d5d5143eac
Event: 13.113 Thread 0x000001d5c34b6800 Implicit null exception at 0x000001d5d50e3e6a to 0x000001d5d50e8c48
Event: 13.600 Thread 0x000001d5c34b6800 Implicit null exception at 0x000001d5d4f3e4de to 0x000001d5d4f3ec4a
Event: 14.072 Thread 0x000001d5c34b6800 Exception <a 'java/lang/NoSuchMethodError'{0x0000000090809968}: 'java.lang.Object java.lang.invoke.Invokers$Holder.linkToTargetMethod(java.lang.Object, java.lang.Object, java.lang.Object, java.lang.Object, java.lang.Object, java.lang.Object, java.lang.Object)'> (0x0000000090809968) thrown at [./src/hotspot/share/interpreter/linkResolver.cpp, line 773]
Event: 14.414 Thread 0x000001d5c34b6800 Exception <a 'java/lang/NoSuchMethodError'{0x000000008ff96240}: 'java.lang.Object java.lang.invoke.Invokers$Holder.linkToTargetMethod(java.lang.Object, java.lang.Object, java.lang.Object, int, int, java.lang.Object)'> (0x000000008ff96240) thrown at [./src/hotspot/share/interpreter/linkResolver.cpp, line 773]
Event: 14.417 Thread 0x000001d5c34b6800 Implicit null exception at 0x000001d5d52fb105 to 0x000001d5d52fb3e4
Event: 14.510 Thread 0x000001d5c34b6800 Implicit null exception at 0x000001d5d53604ff to 0x000001d5d5367d78
Event: 15.347 Thread 0x000001d5c34b6800 Exception <a 'java/lang/NoSuchMethodError'{0x000000008f7d3e30}: 'int java.lang.invoke.DirectMethodHandle$Holder.invokeStaticInit(java.lang.Object, int)'> (0x000000008f7d3e30) thrown at [./src/hotspot/share/interpreter/linkResolver.cpp, line 773]
Event: 15.437 Thread 0x000001d5c34b6800 Implicit null exception at 0x000001d5d539a5b8 to 0x000001d5d539a8ac
Event: 15.509 Thread 0x000001d5c34b6800 Exception <a 'java/lang/NoSuchMethodError'{0x000000008f6d2c60}: 'java.lang.Object java.lang.invoke.DirectMethodHandle$Holder.invokeInterface(java.lang.Object, java.lang.Object, java.lang.Object)'> (0x000000008f6d2c60) thrown at [./src/hotspot/share/interpreter/linkResolver.cpp, line 773]
Event: 15.509 Thread 0x000001d5c34b6800 Exception <a 'java/lang/IncompatibleClassChangeError'{0x000000008f6d5e90}: Found class java.lang.Object, but interface was expected> (0x000000008f6d5e90) thrown at [./src/hotspot/share/interpreter/linkResolver.cpp, line 839]
Event: 15.648 Thread 0x000001d5c34b6800 Implicit null exception at 0x000001d5d53a471b to 0x000001d5d53a5f5a

Events (20 events):
Event: 16.034 Executing VM operation: Deoptimize
Event: 16.035 Executing VM operation: Deoptimize done
Event: 16.055 loading class org/jetbrains/kotlin/resolve/calls/components/CollectionTypeVariableUsagesInfo$getDependentTypeParameters$dependentTypeParameters$1$1$suitableUpperBound$1$1$1
Event: 16.055 loading class org/jetbrains/kotlin/resolve/calls/components/CollectionTypeVariableUsagesInfo$getDependentTypeParameters$dependentTypeParameters$1$1$suitableUpperBound$1$1$1 done
Event: 16.063 loading class org/jetbrains/kotlin/load/java/sam/JavaSingleAbstractMethodUtils
Event: 16.063 loading class org/jetbrains/kotlin/load/java/sam/JavaSingleAbstractMethodUtils done
Event: 16.065 loading class org/jetbrains/kotlin/load/java/sam/JavaSingleAbstractMethodUtils$FunctionInitializer
Event: 16.065 loading class org/jetbrains/kotlin/load/java/sam/JavaSingleAbstractMethodUtils$FunctionInitializer done
Event: 16.065 loading class org/jetbrains/kotlin/load/java/sam/JavaSingleAbstractMethodUtils$1
Event: 16.065 loading class org/jetbrains/kotlin/load/java/sam/JavaSingleAbstractMethodUtils$1 done
Event: 16.065 loading class org/jetbrains/kotlin/load/java/sam/SamAdapterDescriptor
Event: 16.065 loading class org/jetbrains/kotlin/load/java/sam/SamAdapterDescriptor done
Event: 16.066 loading class org/jetbrains/kotlin/descriptors/synthetic/FunctionInterfaceAdapterDescriptor
Event: 16.066 loading class org/jetbrains/kotlin/descriptors/synthetic/FunctionInterfaceAdapterDescriptor done
Event: 16.066 loading class org/jetbrains/kotlin/load/java/sam/JavaSingleAbstractMethodUtils$2
Event: 16.066 loading class org/jetbrains/kotlin/load/java/sam/JavaSingleAbstractMethodUtils$2 done
Event: 16.066 loading class org/jetbrains/kotlin/load/java/sam/JavaBasedSamConversionResolver
Event: 16.066 loading class org/jetbrains/kotlin/load/java/sam/JavaBasedSamConversionResolver done
Event: 16.066 loading class org/jetbrains/kotlin/load/java/sam/JavaBasedSamConversionOracle
Event: 16.066 loading class org/jetbrains/kotlin/load/java/sam/JavaBasedSamConversionOracle done


Dynamic libraries:
0x00007ff762060000 - 0x00007ff76206d000 	C:\Program Files\Microsoft\jdk-11.0.18.10-hotspot\bin\java.exe
0x00007ffaeed90000 - 0x00007ffaeefa4000 	C:\WINDOWS\SYSTEM32\ntdll.dll
0x00007ffaeea90000 - 0x00007ffaeeb54000 	C:\WINDOWS\System32\KERNEL32.DLL
0x00007ffaec5c0000 - 0x00007ffaec964000 	C:\WINDOWS\System32\KERNELBASE.dll
0x00007ffaec420000 - 0x00007ffaec531000 	C:\WINDOWS\System32\ucrtbase.dll
0x00007ffac2b20000 - 0x00007ffac2b37000 	C:\Program Files\Microsoft\jdk-11.0.18.10-hotspot\bin\jli.dll
0x00007ffaee210000 - 0x00007ffaee3ba000 	C:\WINDOWS\System32\USER32.dll
0x00007ffac1c70000 - 0x00007ffac1c85000 	C:\Program Files\Microsoft\jdk-11.0.18.10-hotspot\bin\VCRUNTIME140.dll
0x00007ffaec290000 - 0x00007ffaec2b6000 	C:\WINDOWS\System32\win32u.dll
0x00007ffaee130000 - 0x00007ffaee159000 	C:\WINDOWS\System32\GDI32.dll
0x00007ffacf840000 - 0x00007ffacfacf000 	C:\WINDOWS\WinSxS\amd64_microsoft.windows.common-controls_6595b64144ccf1df_6.0.22621.2070_none_2713e6537381f706\COMCTL32.dll
0x00007ffaec170000 - 0x00007ffaec289000 	C:\WINDOWS\System32\gdi32full.dll
0x00007ffaeeca0000 - 0x00007ffaeed47000 	C:\WINDOWS\System32\msvcrt.dll
0x00007ffaec380000 - 0x00007ffaec41a000 	C:\WINDOWS\System32\msvcp_win.dll
0x00007ffaedd90000 - 0x00007ffaeddc1000 	C:\WINDOWS\System32\IMM32.DLL
0x00007ffab6f20000 - 0x00007ffab6fbb000 	C:\Program Files\Microsoft\jdk-11.0.18.10-hotspot\bin\msvcp140.dll
0x00007ffaae400000 - 0x00007ffaaef92000 	C:\Program Files\Microsoft\jdk-11.0.18.10-hotspot\bin\server\jvm.dll
0x00007ffaedfe0000 - 0x00007ffaee090000 	C:\WINDOWS\System32\ADVAPI32.dll
0x00007ffaee160000 - 0x00007ffaee206000 	C:\WINDOWS\System32\sechost.dll
0x00007ffaee840000 - 0x00007ffaee957000 	C:\WINDOWS\System32\RPCRT4.dll
0x00007ffaeec40000 - 0x00007ffaeec48000 	C:\WINDOWS\System32\PSAPI.DLL
0x00007ffae6040000 - 0x00007ffae6049000 	C:\WINDOWS\SYSTEM32\WSOCK32.dll
0x00007ffaedf60000 - 0x00007ffaedfd1000 	C:\WINDOWS\System32\WS2_32.dll
0x00007ffae0ec0000 - 0x00007ffae0ef4000 	C:\WINDOWS\SYSTEM32\WINMM.dll
0x00007ffae4c40000 - 0x00007ffae4c4a000 	C:\WINDOWS\SYSTEM32\VERSION.dll
0x00007ffaeb120000 - 0x00007ffaeb138000 	C:\WINDOWS\SYSTEM32\kernel.appcore.dll
0x00007ffad4e20000 - 0x00007ffad4e30000 	C:\Program Files\Microsoft\jdk-11.0.18.10-hotspot\bin\verify.dll
0x00007ffae9790000 - 0x00007ffae99be000 	C:\WINDOWS\SYSTEM32\DBGHELP.DLL
0x00007ffaed7f0000 - 0x00007ffaedb7a000 	C:\WINDOWS\System32\combase.dll
0x00007ffaedcb0000 - 0x00007ffaedd87000 	C:\WINDOWS\System32\OLEAUT32.dll
0x00007ffad4830000 - 0x00007ffad4862000 	C:\WINDOWS\SYSTEM32\dbgcore.DLL
0x00007ffaec540000 - 0x00007ffaec5ba000 	C:\WINDOWS\System32\bcryptPrimitives.dll
0x00007ffac1c40000 - 0x00007ffac1c68000 	C:\Program Files\Microsoft\jdk-11.0.18.10-hotspot\bin\java.dll
0x00007ffad2c50000 - 0x00007ffad2c5a000 	C:\Program Files\Microsoft\jdk-11.0.18.10-hotspot\bin\jimage.dll
0x00007ffac0b30000 - 0x00007ffac0b48000 	C:\Program Files\Microsoft\jdk-11.0.18.10-hotspot\bin\zip.dll
0x00007ffaecb50000 - 0x00007ffaed366000 	C:\WINDOWS\System32\SHELL32.dll
0x00007ffaea0f0000 - 0x00007ffaea9da000 	C:\WINDOWS\SYSTEM32\windows.storage.dll
0x00007ffae9fb0000 - 0x00007ffaea0ee000 	C:\WINDOWS\SYSTEM32\wintypes.dll
0x00007ffaede60000 - 0x00007ffaedf53000 	C:\WINDOWS\System32\SHCORE.dll
0x00007ffaee090000 - 0x00007ffaee0ee000 	C:\WINDOWS\System32\shlwapi.dll
0x00007ffaec0a0000 - 0x00007ffaec0c6000 	C:\WINDOWS\SYSTEM32\profapi.dll
0x00007ffac0b10000 - 0x00007ffac0b29000 	C:\Program Files\Microsoft\jdk-11.0.18.10-hotspot\bin\net.dll
0x00007ffae6060000 - 0x00007ffae6197000 	C:\WINDOWS\SYSTEM32\WINHTTP.dll
0x00007ffaeb5e0000 - 0x00007ffaeb649000 	C:\WINDOWS\system32\mswsock.dll
0x00007ffac0360000 - 0x00007ffac0373000 	C:\Program Files\Microsoft\jdk-11.0.18.10-hotspot\bin\nio.dll

dbghelp: loaded successfully - version: 4.0.5 - missing functions: none
symbol engine: initialized successfully - sym options: 0x614 - pdb path: .;C:\Program Files\Microsoft\jdk-11.0.18.10-hotspot\bin;C:\WINDOWS\SYSTEM32;C:\WINDOWS\WinSxS\amd64_microsoft.windows.common-controls_6595b64144ccf1df_6.0.22621.2070_none_2713e6537381f706;C:\Program Files\Microsoft\jdk-11.0.18.10-hotspot\bin\server

VM Arguments:
java_command: org.jetbrains.kotlin.cli.jvm.K2JVMCompiler @C:\Users\BUTA\Downloads\APPP-master\AwesomeProject\node_modules\react-native-screens\android\build\20230911_11353250619465885442.compiler.options
java_class_path (initial): C:\Users\BUTA\.gradle\caches\modules-2\files-2.1\org.jetbrains.kotlin\kotlin-compiler-embeddable\1.6.21\97bdd5a752ce73b58ef16c17bc7f0ea2faff7a2e\kotlin-compiler-embeddable-1.6.21.jar;C:\Users\BUTA\.gradle\caches\modules-2\files-2.1\org.jetbrains.kotlin\kotlin-reflect\1.6.21\5dc3574d9b7bebfcb4ec6b10ada4aaa9e140bd0b\kotlin-reflect-1.6.21.jar;C:\Users\BUTA\.gradle\caches\modules-2\files-2.1\org.jetbrains.kotlin\kotlin-stdlib\1.6.21\11ef67f1900634fd951bad28c53ec957fabbe5b8\kotlin-stdlib-1.6.21.jar;C:\Users\BUTA\.gradle\caches\modules-2\files-2.1\org.jetbrains.kotlin\kotlin-script-runtime\1.6.21\99c6675100da5d6d5b1c5a1032f27f28008d101b\kotlin-script-runtime-1.6.21.jar;C:\Users\BUTA\.gradle\caches\modules-2\files-2.1\org.jetbrains.kotlin\kotlin-daemon-embeddable\1.6.21\46b78cf392e1c4f10854c3cadba44abb7b82250f\kotlin-daemon-embeddable-1.6.21.jar;C:\Users\BUTA\.gradle\caches\modules-2\files-2.1\org.jetbrains.intellij.deps\trove4j\1.0.20200330\3afb14d5f9ceb459d724e907a21145e8ff394f02\trove4j-1.0.20200330.jar;C:\Users\BUTA\.gradle\caches\modules-2\files-2.1\net.java.dev.jna\jna\5.6.0\330f2244e9030119ab3030fc3fededc86713d9cc\jna-5.6.0.jar;C:\Users\BUTA\.gradle\caches\modules-2\files-2.1\org.jetbrains.kotlin\kotlin-stdlib-common\1.6.21\5e5b55c26dbc80372a920aef60eb774b714559b8\kotlin-stdlib-common-1.6.21.jar;C:\Users\BUTA\.gradle\caches\modules-2\files-2.1\org.jetbrains\annotations\13.0\919f0dfe192fb4e063e7dacadee7f8bb9a2672a9\annotations-13.0.jar
Launcher Type: SUN_STANDARD

[Global flags]
     intx CICompilerCount                          = 4                                         {product} {ergonomic}
     uint ConcGCThreads                            = 2                                         {product} {ergonomic}
     uint G1ConcRefinementThreads                  = 8                                         {product} {ergonomic}
   size_t G1HeapRegionSize                         = 1048576                                   {product} {ergonomic}
    uintx GCDrainStackTargetSize                   = 64                                        {product} {ergonomic}
   size_t InitialHeapSize                          = 130023424                                 {product} {ergonomic}
   size_t MarkStackSize                            = 4194304                                   {product} {ergonomic}
   size_t MaxHeapSize                              = 2057306112                                {product} {ergonomic}
   size_t MaxNewSize                               = 1234173952                                {product} {ergonomic}
   size_t MinHeapDeltaBytes                        = 1048576                                   {product} {ergonomic}
    uintx NonNMethodCodeHeapSize                   = 5836300                                {pd product} {ergonomic}
    uintx NonProfiledCodeHeapSize                  = 122910970                              {pd product} {ergonomic}
    uintx ProfiledCodeHeapSize                     = 122910970                              {pd product} {ergonomic}
    uintx ReservedCodeCacheSize                    = 251658240                              {pd product} {ergonomic}
     bool SegmentedCodeCache                       = true                                      {product} {ergonomic}
     bool UseCompressedClassPointers               = true                                 {lp64_product} {ergonomic}
     bool UseCompressedOops                        = true                                 {lp64_product} {ergonomic}
     bool UseG1GC                                  = true                                      {product} {ergonomic}
     bool UseLargePagesIndividualAllocation        = false                                  {pd product} {ergonomic}

Logging:
Log output configuration:
 #0: stdout all=warning uptime,level,tags
 #1: stderr all=off uptime,level,tags

Environment Variables:
JAVA_HOME=C:\Program Files\Microsoft\jdk-11.0.18.10-hotspot\
CLASSPATH=C:\Users\BUTA\Downloads\APPP-master\AwesomeProject\android\\gradle\wrapper\gradle-wrapper.jar
PATH=C:\Users\BUTA\Downloads\APPP-master\AwesomeProject\node_modules\.bin;C:\Users\BUTA\Downloads\APPP-master\AwesomeProject\node_modules\.bin;C:\Users\BUTA\Downloads\APPP-master\node_modules\.bin;C:\Users\BUTA\Downloads\node_modules\.bin;C:\Users\BUTA\node_modules\.bin;C:\Users\node_modules\.bin;C:\node_modules\.bin;C:\Program Files\nodejs\node_modules\npm\node_modules\@npmcli\run-script\lib\node-gyp-bin;C:\Program Files\Google\Chrome\Application;C:\Program Files (x86)\VMware\VMware Player\bin\;C:\Program Files\Microsoft\jdk-11.0.18.10-hotspot\bin;C:\WINDOWS\system32;C:\WINDOWS;C:\WINDOWS\System32\Wbem;C:\WINDOWS\System32\WindowsPowerShell\v1.0\;C:\WINDOWS\System32\OpenSSH\;C:\ProgramData\chocolatey\bin;C:\Program Files\nodejs\;C:\Users\BUTA\AppData\Local\Android\Sdk;D:\programs\MySQL;C:\Program Files\Git\cmd;C:\Program Files\Microsoft SQL Server\150\Tools\Binn\;C:\Program Files\Microsoft SQL Server\Client SDK\ODBC\170\Tools\Binn\;C:\Program Files\dotnet\;C:\Program Files (x86)\Microsoft SQL Server\160\Tools\Binn\;C:\Program Files\Microsoft SQL Server\160\Tools\Binn\;C:\Program Files\Microsoft SQL Server\160\DTS\Binn\;C:\Program Files (x86)\Microsoft SQL Server\160\DTS\Binn\;C:\Program Files\Azure Data Studio\bin;C:\Users\BUTA\AppData\Local\Android\Sdk\platform-tools;C:\Users\BUTA\AppData\Local\Android\Sdk\tools;C:\Users\BUTA\AppData\Local\Microsoft\WindowsApps;C:\Users\BUTA\AppData\Roaming\npm;C:\Users\BUTA\AppData\Local\Programs\Microsoft VS Code\bin;C:\Program Files\Oracle\VirtualBox;
USERNAME=BUTA
LANG=en_US.UTF-8
OS=Windows_NT
PROCESSOR_IDENTIFIER=Intel64 Family 6 Model 140 Stepping 1, GenuineIntel
TMP=C:\Users\BUTA\AppData\Local\Temp
TEMP=C:\Users\BUTA\AppData\Local\Temp



---------------  S Y S T E M  ---------------

OS: Windows 11 , 64 bit Build 22621 (10.0.22621.2070)
OS uptime: 0 days 1:38 hours
Hyper-V role detected

CPU:total 8 (initial active 8) (4 cores per cpu, 2 threads per core) family 6 model 140 stepping 1 microcode 0xac, cmov, cx8, fxsr, mmx, sse, sse2, sse3, ssse3, sse4.1, sse4.2, popcnt, avx, avx2, aes, clmul, erms, 3dnowpref, lzcnt, ht, tsc, tscinvbit, bmi1, bmi2, adx, evex, sha, fma

Memory: 4k page, system-wide physical 7847M (436M free)
TotalPageFile size 16984M (AvailPageFile size 5M)
current process WorkingSet (physical memory assigned to process): 368M, peak: 368M
current process commit charge ("private bytes"): 410M, peak: 412M

vm_info: OpenJDK 64-Bit Server VM (11.0.18+10-LTS) for windows-amd64 JRE (11.0.18+10-LTS), built on Jan 18 2023 15:56:47 by "MicrosoftCorporation" with MS VC++ 15.9 (VS2017)

END.
