#
# There is insufficient memory for the Java Runtime Environment to continue.
# Native memory allocation (malloc) failed to allocate 2020816 bytes for Chunk::new
# Possible reasons:
#   The system is out of physical RAM or swap space
#   The process is running with CompressedOops enabled, and the Java Heap may be blocking the growth of the native heap
# Possible solutions:
#   Reduce memory load on the system
#   Increase physical memory or swap space
#   Check if swap backing store is full
#   Decrease Java heap size (-Xmx/-Xms)
#   Decrease number of Java threads
#   Decrease Java thread stack sizes (-Xss)
#   Set larger code cache with -XX:ReservedCodeCacheSize=
#   JVM is running with Unscaled Compressed Oops mode in which the Java heap is
#     placed in the first 4GB address space. The Java Heap base address is the
#     maximum limit for the native heap growth. Please use -XX:HeapBaseMinAddress
#     to set the Java Heap base and to place the Java Heap above 4GB virtual address.
# This output file may be truncated or incomplete.
#
#  Out of Memory Error (./src/hotspot/share/memory/arena.cpp:197), pid=10440, tid=828
#
# JRE version: OpenJDK Runtime Environment Microsoft-7208460 (11.0.18+10) (build 11.0.18+10-LTS)
# Java VM: OpenJDK 64-Bit Server VM Microsoft-7208460 (11.0.18+10-LTS, mixed mode, tiered, compressed oops, g1 gc, windows-amd64)
# No core dump will be written. Minidumps are not enabled by default on client versions of Windows
#

---------------  S U M M A R Y ------------

Command Line: org.jetbrains.kotlin.cli.jvm.K2JVMCompiler @C:\Users\BUTA\OneDrive\Desktop\isMobileApp\AwesomeProject\node_modules\react-native-gesture-handler\android\build\20230822_11754645116246987426.compiler.options

Host: 11th Gen Intel(R) Core(TM) i5-1135G7 @ 2.40GHz, 8 cores, 7G,  Windows 11 , 64 bit Build 22621 (10.0.22621.2070)
Time: Tue Aug 22 17:31:27 2023 Azerbaijan Standard Time elapsed time: 34.151396 seconds (0d 0h 0m 34s)

---------------  T H R E A D  ---------------

Current thread (0x0000019cf9280800):  JavaThread "C2 CompilerThread0" daemon [_thread_in_native, id=828, stack(0x00000046d5100000,0x00000046d5200000)]


Current CompileTask:
C2:  34151 10746       4       org.jetbrains.kotlin.resolve.calls.tower.NoExplicitReceiverScopeTowerProcessor::simpleProcess (947 bytes)

Stack: [0x00000046d5100000,0x00000046d5200000]
Native frames: (J=compiled Java code, j=interpreted, Vv=VM code, C=native code)
V  [jvm.dll+0x62bf8a]
V  [jvm.dll+0x7b8fb9]
V  [jvm.dll+0x7ba6a8]
V  [jvm.dll+0x7bad83]
V  [jvm.dll+0x250248]
V  [jvm.dll+0xc260c]
V  [jvm.dll+0xc2bcc]
V  [jvm.dll+0x35e1c7]
V  [jvm.dll+0x32a373]
V  [jvm.dll+0x3296aa]
V  [jvm.dll+0x2093b3]
V  [jvm.dll+0x20850d]
V  [jvm.dll+0x18a4b1]
V  [jvm.dll+0x217eec]
V  [jvm.dll+0x21612b]
V  [jvm.dll+0x77bac0]
V  [jvm.dll+0x7749f4]
V  [jvm.dll+0x62adf5]
C  [ucrtbase.dll+0x29363]
C  [KERNEL32.DLL+0x126ad]
C  [ntdll.dll+0x5aa68]


---------------  P R O C E S S  ---------------

Threads class SMR info:
_java_thread_list=0x0000019cfd336430, length=11, elements={
0x0000019cd9b57800, 0x0000019cf895a800, 0x0000019cf895e000, 0x0000019cf8977800,
0x0000019cf8979800, 0x0000019cf897d800, 0x0000019cf9280800, 0x0000019cf9284000,
0x0000019cf9285000, 0x0000019cf943e800, 0x0000019cfccba800
}

Java Threads: ( => current thread )
  0x0000019cd9b57800 JavaThread "main" [_thread_in_Java, id=19592, stack(0x00000046d4500000,0x00000046d4600000)]
  0x0000019cf895a800 JavaThread "Reference Handler" daemon [_thread_blocked, id=22384, stack(0x00000046d4c00000,0x00000046d4d00000)]
  0x0000019cf895e000 JavaThread "Finalizer" daemon [_thread_blocked, id=7416, stack(0x00000046d4d00000,0x00000046d4e00000)]
  0x0000019cf8977800 JavaThread "Signal Dispatcher" daemon [_thread_blocked, id=21676, stack(0x00000046d4e00000,0x00000046d4f00000)]
  0x0000019cf8979800 JavaThread "Attach Listener" daemon [_thread_blocked, id=12424, stack(0x00000046d4f00000,0x00000046d5000000)]
  0x0000019cf897d800 JavaThread "Service Thread" daemon [_thread_blocked, id=9868, stack(0x00000046d5000000,0x00000046d5100000)]
=>0x0000019cf9280800 JavaThread "C2 CompilerThread0" daemon [_thread_in_native, id=828, stack(0x00000046d5100000,0x00000046d5200000)]
  0x0000019cf9284000 JavaThread "C1 CompilerThread0" daemon [_thread_in_native, id=8196, stack(0x00000046d5200000,0x00000046d5300000)]
  0x0000019cf9285000 JavaThread "Sweeper thread" daemon [_thread_blocked, id=1584, stack(0x00000046d5300000,0x00000046d5400000)]
  0x0000019cf943e800 JavaThread "Common-Cleaner" daemon [_thread_blocked, id=13380, stack(0x00000046d5500000,0x00000046d5600000)]
  0x0000019cfccba800 JavaThread "C2 CompilerThread1" daemon [_thread_in_native, id=11844, stack(0x00000046d4200000,0x00000046d4300000)]

Other Threads:
  0x0000019cf8934000 VMThread "VM Thread" [stack: 0x00000046d4b00000,0x00000046d4c00000] [id=18200]
  0x0000019cf9431800 WatcherThread [stack: 0x00000046d5400000,0x00000046d5500000] [id=17956]
  0x0000019cd9b6b800 GCTaskThread "GC Thread#0" [stack: 0x00000046d4600000,0x00000046d4700000] [id=19072]
  0x0000019cf98af000 GCTaskThread "GC Thread#1" [stack: 0x00000046d5600000,0x00000046d5700000] [id=11172]
  0x0000019cfdb94000 GCTaskThread "GC Thread#2" [stack: 0x00000046d5800000,0x00000046d5900000] [id=7968]
  0x0000019cd9b9a000 ConcurrentGCThread "G1 Main Marker" [stack: 0x00000046d4700000,0x00000046d4800000] [id=19724]
  0x0000019cd9b9c800 ConcurrentGCThread "G1 Conc#0" [stack: 0x00000046d4800000,0x00000046d4900000] [id=13036]
  0x0000019cfa8ce800 ConcurrentGCThread "G1 Conc#1" [stack: 0x00000046d5700000,0x00000046d5800000] [id=19916]
  0x0000019cf8790800 ConcurrentGCThread "G1 Refine#0" [stack: 0x00000046d4900000,0x00000046d4a00000] [id=10640]
  0x0000019cfdc15800 ConcurrentGCThread "G1 Refine#1" [stack: 0x00000046d5900000,0x00000046d5a00000] [id=23012]
  0x0000019cf8791800 ConcurrentGCThread "G1 Young RemSet Sampling" [stack: 0x00000046d4a00000,0x00000046d4b00000] [id=23004]

Threads with active compile tasks:
C2 CompilerThread0    34179 10746       4       org.jetbrains.kotlin.resolve.calls.tower.NoExplicitReceiverScopeTowerProcessor::simpleProcess (947 bytes)
C1 CompilerThread0    34179 10801       3       org.jetbrains.kotlin.resolve.calls.checkers.ImplicitNothingAsTypeParameterCallChecker::checkByReturnPositionWithoutExpected (601 bytes)
C2 CompilerThread1    34179 10761       4       org.jetbrains.kotlin.resolve.lazy.descriptors.LazyClassMemberScope::resolveUnknownVisibilitiesForMembers (108 bytes)

VM state:not at safepoint (normal execution)

VM Mutex/Monitor currently owned by a thread: None

Heap address: 0x0000000085600000, size: 1962 MB, Compressed Oops mode: 32-bit
Narrow klass base: 0x0000000000000000, Narrow klass shift: 3
Compressed class space size: 1073741824 Address: 0x0000000100000000

Heap:
 garbage-first heap   total 152576K, used 98378K [0x0000000085600000, 0x0000000100000000)
  region size 1024K, 47 young (48128K), 6 survivors (6144K)
 Metaspace       used 68030K, capacity 68891K, committed 69200K, reserved 1110016K
  class space    used 7547K, capacity 7908K, committed 8020K, reserved 1048576K
Heap Regions: E=young(eden), S=young(survivor), O=old, HS=humongous(starts), HC=humongous(continues), CS=collection set, F=free, A=archive, TAMS=top-at-mark-start (previous, next)
|   0|0x0000000085600000, 0x0000000085700000, 0x0000000085700000|100%|HS|  |TAMS 0x0000000085700000, 0x0000000085600000| Complete 
|   1|0x0000000085700000, 0x0000000085800000, 0x0000000085800000|100%|HC|  |TAMS 0x0000000085800000, 0x0000000085700000| Complete 
|   2|0x0000000085800000, 0x0000000085900000, 0x0000000085900000|100%|HC|  |TAMS 0x0000000085900000, 0x0000000085800000| Complete 
|   3|0x0000000085900000, 0x0000000085a00000, 0x0000000085a00000|100%|HS|  |TAMS 0x0000000085a00000, 0x0000000085900000| Complete 
|   4|0x0000000085a00000, 0x0000000085b00000, 0x0000000085b00000|100%|HC|  |TAMS 0x0000000085b00000, 0x0000000085a00000| Complete 
|   5|0x0000000085b00000, 0x0000000085c00000, 0x0000000085c00000|100%|HC|  |TAMS 0x0000000085c00000, 0x0000000085b00000| Complete 
|   6|0x0000000085c00000, 0x0000000085d00000, 0x0000000085d00000|100%|HS|  |TAMS 0x0000000085d00000, 0x0000000085c00000| Complete 
|   7|0x0000000085d00000, 0x0000000085e00000, 0x0000000085e00000|100%|HC|  |TAMS 0x0000000085e00000, 0x0000000085d00000| Complete 
|   8|0x0000000085e00000, 0x0000000085f00000, 0x0000000085f00000|100%| O|  |TAMS 0x0000000085f00000, 0x0000000085e00000| Untracked 
|   9|0x0000000085f00000, 0x0000000086000000, 0x0000000086000000|100%| O|  |TAMS 0x0000000086000000, 0x0000000085f00000| Untracked 
|  10|0x0000000086000000, 0x0000000086100000, 0x0000000086100000|100%| O|  |TAMS 0x0000000086100000, 0x0000000086000000| Untracked 
|  11|0x0000000086100000, 0x0000000086200000, 0x0000000086200000|100%| O|  |TAMS 0x0000000086200000, 0x0000000086100000| Untracked 
|  12|0x0000000086200000, 0x0000000086300000, 0x0000000086300000|100%| O|  |TAMS 0x0000000086300000, 0x0000000086200000| Untracked 
|  13|0x0000000086300000, 0x0000000086400000, 0x0000000086400000|100%| O|  |TAMS 0x0000000086400000, 0x0000000086300000| Untracked 
|  14|0x0000000086400000, 0x0000000086500000, 0x0000000086500000|100%| O|  |TAMS 0x0000000086500000, 0x0000000086400000| Untracked 
|  15|0x0000000086500000, 0x0000000086600000, 0x0000000086600000|100%| O|  |TAMS 0x0000000086600000, 0x0000000086500000| Untracked 
|  16|0x0000000086600000, 0x0000000086700000, 0x0000000086700000|100%| O|  |TAMS 0x0000000086700000, 0x0000000086600000| Untracked 
|  17|0x0000000086700000, 0x0000000086800000, 0x0000000086800000|100%| O|  |TAMS 0x0000000086800000, 0x0000000086700000| Untracked 
|  18|0x0000000086800000, 0x0000000086900000, 0x0000000086900000|100%| O|  |TAMS 0x0000000086900000, 0x0000000086800000| Untracked 
|  19|0x0000000086900000, 0x0000000086a00000, 0x0000000086a00000|100%| O|  |TAMS 0x0000000086a00000, 0x0000000086900000| Untracked 
|  20|0x0000000086a00000, 0x0000000086b00000, 0x0000000086b00000|100%| O|  |TAMS 0x0000000086b00000, 0x0000000086a00000| Untracked 
|  21|0x0000000086b00000, 0x0000000086c00000, 0x0000000086c00000|100%| O|  |TAMS 0x0000000086c00000, 0x0000000086b00000| Untracked 
|  22|0x0000000086c00000, 0x0000000086d00000, 0x0000000086d00000|100%| O|  |TAMS 0x0000000086d00000, 0x0000000086c00000| Untracked 
|  23|0x0000000086d00000, 0x0000000086e00000, 0x0000000086e00000|100%| O|  |TAMS 0x0000000086e00000, 0x0000000086d00000| Untracked 
|  24|0x0000000086e00000, 0x0000000086f00000, 0x0000000086f00000|100%| O|  |TAMS 0x0000000086f00000, 0x0000000086e00000| Untracked 
|  25|0x0000000086f00000, 0x0000000087000000, 0x0000000087000000|100%| O|  |TAMS 0x0000000087000000, 0x0000000086f00000| Untracked 
|  26|0x0000000087000000, 0x0000000087100000, 0x0000000087100000|100%| O|  |TAMS 0x0000000087100000, 0x0000000087000000| Untracked 
|  27|0x0000000087100000, 0x0000000087200000, 0x0000000087200000|100%| O|  |TAMS 0x0000000087200000, 0x0000000087100000| Untracked 
|  28|0x0000000087200000, 0x0000000087300000, 0x0000000087300000|100%| O|  |TAMS 0x0000000087300000, 0x0000000087200000| Untracked 
|  29|0x0000000087300000, 0x0000000087400000, 0x0000000087400000|100%| O|  |TAMS 0x0000000087400000, 0x0000000087300000| Untracked 
|  30|0x0000000087400000, 0x0000000087500000, 0x0000000087500000|100%| O|  |TAMS 0x0000000087500000, 0x0000000087400000| Untracked 
|  31|0x0000000087500000, 0x0000000087600000, 0x0000000087600000|100%| O|  |TAMS 0x0000000087600000, 0x0000000087500000| Untracked 
|  32|0x0000000087600000, 0x0000000087700000, 0x0000000087700000|100%| O|  |TAMS 0x0000000087700000, 0x0000000087600000| Untracked 
|  33|0x0000000087700000, 0x0000000087800000, 0x0000000087800000|100%| O|  |TAMS 0x0000000087800000, 0x0000000087700000| Untracked 
|  34|0x0000000087800000, 0x0000000087900000, 0x0000000087900000|100%| O|  |TAMS 0x0000000087900000, 0x0000000087800000| Untracked 
|  35|0x0000000087900000, 0x0000000087a00000, 0x0000000087a00000|100%| O|  |TAMS 0x0000000087a00000, 0x0000000087900000| Untracked 
|  36|0x0000000087a00000, 0x0000000087b00000, 0x0000000087b00000|100%| O|  |TAMS 0x0000000087b00000, 0x0000000087a00000| Untracked 
|  37|0x0000000087b00000, 0x0000000087c00000, 0x0000000087c00000|100%| O|  |TAMS 0x0000000087b4a000, 0x0000000087b00000| Untracked 
|  38|0x0000000087c00000, 0x0000000087d00000, 0x0000000087d00000|100%| O|  |TAMS 0x0000000087c00000, 0x0000000087c00000| Untracked 
|  39|0x0000000087d00000, 0x0000000087e00000, 0x0000000087e00000|100%| O|  |TAMS 0x0000000087d00000, 0x0000000087d00000| Untracked 
|  40|0x0000000087e00000, 0x0000000087f00000, 0x0000000087f00000|100%| O|  |TAMS 0x0000000087e00000, 0x0000000087e00000| Untracked 
|  41|0x0000000087f00000, 0x0000000088000000, 0x0000000088000000|100%| O|  |TAMS 0x0000000087f00000, 0x0000000087f00000| Untracked 
|  42|0x0000000088000000, 0x0000000088100000, 0x0000000088100000|100%| O|  |TAMS 0x0000000088000000, 0x0000000088000000| Untracked 
|  43|0x0000000088100000, 0x0000000088200000, 0x0000000088200000|100%| O|  |TAMS 0x0000000088100000, 0x0000000088100000| Untracked 
|  44|0x0000000088200000, 0x0000000088300000, 0x0000000088300000|100%| O|  |TAMS 0x0000000088200000, 0x0000000088200000| Untracked 
|  45|0x0000000088300000, 0x0000000088400000, 0x0000000088400000|100%| O|  |TAMS 0x0000000088300000, 0x0000000088300000| Untracked 
|  46|0x0000000088400000, 0x0000000088500000, 0x0000000088500000|100%| O|  |TAMS 0x0000000088400000, 0x0000000088400000| Untracked 
|  47|0x0000000088500000, 0x0000000088600000, 0x0000000088600000|100%| O|  |TAMS 0x0000000088500000, 0x0000000088500000| Untracked 
|  48|0x0000000088600000, 0x0000000088700000, 0x0000000088700000|100%| O|  |TAMS 0x0000000088600000, 0x0000000088600000| Untracked 
|  49|0x0000000088700000, 0x0000000088800000, 0x0000000088800000|100%| O|  |TAMS 0x0000000088700000, 0x0000000088700000| Untracked 
|  50|0x0000000088800000, 0x000000008889c000, 0x0000000088900000| 60%| O|  |TAMS 0x0000000088800000, 0x0000000088800000| Untracked 
|  51|0x0000000088900000, 0x0000000088900000, 0x0000000088a00000|  0%| F|  |TAMS 0x0000000088900000, 0x0000000088900000| Untracked 
|  52|0x0000000088a00000, 0x0000000088a00000, 0x0000000088b00000|  0%| F|  |TAMS 0x0000000088a00000, 0x0000000088a00000| Untracked 
|  53|0x0000000088b00000, 0x0000000088b00000, 0x0000000088c00000|  0%| F|  |TAMS 0x0000000088b00000, 0x0000000088b00000| Untracked 
|  54|0x0000000088c00000, 0x0000000088c00000, 0x0000000088d00000|  0%| F|  |TAMS 0x0000000088c00000, 0x0000000088c00000| Untracked 
|  55|0x0000000088d00000, 0x0000000088d00000, 0x0000000088e00000|  0%| F|  |TAMS 0x0000000088d00000, 0x0000000088d00000| Untracked 
|  56|0x0000000088e00000, 0x0000000088e00000, 0x0000000088f00000|  0%| F|  |TAMS 0x0000000088e00000, 0x0000000088e00000| Untracked 
|  57|0x0000000088f00000, 0x0000000088f00000, 0x0000000089000000|  0%| F|  |TAMS 0x0000000088f00000, 0x0000000088f00000| Untracked 
|  58|0x0000000089000000, 0x0000000089000000, 0x0000000089100000|  0%| F|  |TAMS 0x0000000089000000, 0x0000000089000000| Untracked 
|  59|0x0000000089100000, 0x0000000089100000, 0x0000000089200000|  0%| F|  |TAMS 0x0000000089100000, 0x0000000089100000| Untracked 
|  60|0x0000000089200000, 0x0000000089200000, 0x0000000089300000|  0%| F|  |TAMS 0x0000000089200000, 0x0000000089200000| Untracked 
|  61|0x0000000089300000, 0x0000000089300000, 0x0000000089400000|  0%| F|  |TAMS 0x0000000089300000, 0x0000000089300000| Untracked 
|  62|0x0000000089400000, 0x0000000089400000, 0x0000000089500000|  0%| F|  |TAMS 0x0000000089400000, 0x0000000089400000| Untracked 
|  63|0x0000000089500000, 0x0000000089500000, 0x0000000089600000|  0%| F|  |TAMS 0x0000000089500000, 0x0000000089500000| Untracked 
|  64|0x0000000089600000, 0x0000000089600000, 0x0000000089700000|  0%| F|  |TAMS 0x0000000089600000, 0x0000000089600000| Untracked 
|  65|0x0000000089700000, 0x0000000089700000, 0x0000000089800000|  0%| F|  |TAMS 0x0000000089700000, 0x0000000089700000| Untracked 
|  66|0x0000000089800000, 0x0000000089800000, 0x0000000089900000|  0%| F|  |TAMS 0x0000000089800000, 0x0000000089800000| Untracked 
|  67|0x0000000089900000, 0x0000000089900000, 0x0000000089a00000|  0%| F|  |TAMS 0x0000000089900000, 0x0000000089900000| Untracked 
|  68|0x0000000089a00000, 0x0000000089a00000, 0x0000000089b00000|  0%| F|  |TAMS 0x0000000089a00000, 0x0000000089a00000| Untracked 
|  69|0x0000000089b00000, 0x0000000089b00000, 0x0000000089c00000|  0%| F|  |TAMS 0x0000000089b00000, 0x0000000089b00000| Untracked 
|  70|0x0000000089c00000, 0x0000000089c00000, 0x0000000089d00000|  0%| F|  |TAMS 0x0000000089c00000, 0x0000000089c00000| Untracked 
|  71|0x0000000089d00000, 0x0000000089d00000, 0x0000000089e00000|  0%| F|  |TAMS 0x0000000089d00000, 0x0000000089d00000| Untracked 
|  72|0x0000000089e00000, 0x0000000089e00000, 0x0000000089f00000|  0%| F|  |TAMS 0x0000000089e00000, 0x0000000089e00000| Untracked 
|  73|0x0000000089f00000, 0x0000000089f00000, 0x000000008a000000|  0%| F|  |TAMS 0x0000000089f00000, 0x0000000089f00000| Untracked 
|  74|0x000000008a000000, 0x000000008a000000, 0x000000008a100000|  0%| F|  |TAMS 0x000000008a000000, 0x000000008a000000| Untracked 
|  75|0x000000008a100000, 0x000000008a100000, 0x000000008a200000|  0%| F|  |TAMS 0x000000008a100000, 0x000000008a100000| Untracked 
|  76|0x000000008a200000, 0x000000008a200000, 0x000000008a300000|  0%| F|  |TAMS 0x000000008a200000, 0x000000008a200000| Untracked 
|  77|0x000000008a300000, 0x000000008a300000, 0x000000008a400000|  0%| F|  |TAMS 0x000000008a300000, 0x000000008a300000| Untracked 
|  78|0x000000008a400000, 0x000000008a400000, 0x000000008a500000|  0%| F|  |TAMS 0x000000008a400000, 0x000000008a400000| Untracked 
|  79|0x000000008a500000, 0x000000008a500000, 0x000000008a600000|  0%| F|  |TAMS 0x000000008a500000, 0x000000008a500000| Untracked 
|  80|0x000000008a600000, 0x000000008a600000, 0x000000008a700000|  0%| F|  |TAMS 0x000000008a600000, 0x000000008a600000| Untracked 
|  81|0x000000008a700000, 0x000000008a700000, 0x000000008a800000|  0%| F|  |TAMS 0x000000008a700000, 0x000000008a700000| Untracked 
|  82|0x000000008a800000, 0x000000008a800000, 0x000000008a900000|  0%| F|  |TAMS 0x000000008a800000, 0x000000008a800000| Untracked 
|  83|0x000000008a900000, 0x000000008a900000, 0x000000008aa00000|  0%| F|  |TAMS 0x000000008a900000, 0x000000008a900000| Untracked 
|  84|0x000000008aa00000, 0x000000008aa00000, 0x000000008ab00000|  0%| F|  |TAMS 0x000000008aa00000, 0x000000008aa00000| Untracked 
|  85|0x000000008ab00000, 0x000000008ab00000, 0x000000008ac00000|  0%| F|  |TAMS 0x000000008ab00000, 0x000000008ab00000| Untracked 
|  86|0x000000008ac00000, 0x000000008ac00000, 0x000000008ad00000|  0%| F|  |TAMS 0x000000008ac00000, 0x000000008ac00000| Untracked 
|  87|0x000000008ad00000, 0x000000008ad00000, 0x000000008ae00000|  0%| F|  |TAMS 0x000000008ad00000, 0x000000008ad00000| Untracked 
|  88|0x000000008ae00000, 0x000000008ae00000, 0x000000008af00000|  0%| F|  |TAMS 0x000000008ae00000, 0x000000008ae00000| Untracked 
|  89|0x000000008af00000, 0x000000008af00000, 0x000000008b000000|  0%| F|  |TAMS 0x000000008af00000, 0x000000008af00000| Untracked 
|  90|0x000000008b000000, 0x000000008b076a58, 0x000000008b100000| 46%| S|CS|TAMS 0x000000008b000000, 0x000000008b000000| Complete 
|  91|0x000000008b100000, 0x000000008b200000, 0x000000008b200000|100%| S|CS|TAMS 0x000000008b100000, 0x000000008b100000| Complete 
|  92|0x000000008b200000, 0x000000008b300000, 0x000000008b300000|100%| S|CS|TAMS 0x000000008b200000, 0x000000008b200000| Complete 
|  93|0x000000008b300000, 0x000000008b400000, 0x000000008b400000|100%| S|CS|TAMS 0x000000008b300000, 0x000000008b300000| Complete 
|  94|0x000000008b400000, 0x000000008b500000, 0x000000008b500000|100%| S|CS|TAMS 0x000000008b400000, 0x000000008b400000| Complete 
|  95|0x000000008b500000, 0x000000008b600000, 0x000000008b600000|100%| S|CS|TAMS 0x000000008b500000, 0x000000008b500000| Complete 
|  96|0x000000008b600000, 0x000000008b600000, 0x000000008b700000|  0%| F|  |TAMS 0x000000008b600000, 0x000000008b600000| Untracked 
|  97|0x000000008b700000, 0x000000008b700000, 0x000000008b800000|  0%| F|  |TAMS 0x000000008b700000, 0x000000008b700000| Untracked 
|  98|0x000000008b800000, 0x000000008b800000, 0x000000008b900000|  0%| F|  |TAMS 0x000000008b800000, 0x000000008b800000| Untracked 
|  99|0x000000008b900000, 0x000000008b900000, 0x000000008ba00000|  0%| F|  |TAMS 0x000000008b900000, 0x000000008b900000| Untracked 
| 100|0x000000008ba00000, 0x000000008ba00000, 0x000000008bb00000|  0%| F|  |TAMS 0x000000008ba00000, 0x000000008ba00000| Untracked 
| 101|0x000000008bb00000, 0x000000008bb00000, 0x000000008bc00000|  0%| F|  |TAMS 0x000000008bb00000, 0x000000008bb00000| Untracked 
| 102|0x000000008bc00000, 0x000000008bc00000, 0x000000008bd00000|  0%| F|  |TAMS 0x000000008bc00000, 0x000000008bc00000| Untracked 
| 103|0x000000008bd00000, 0x000000008bd00000, 0x000000008be00000|  0%| F|  |TAMS 0x000000008bd00000, 0x000000008bd00000| Untracked 
| 104|0x000000008be00000, 0x000000008be00000, 0x000000008bf00000|  0%| F|  |TAMS 0x000000008be00000, 0x000000008be00000| Untracked 
| 105|0x000000008bf00000, 0x000000008bf00000, 0x000000008c000000|  0%| F|  |TAMS 0x000000008bf00000, 0x000000008bf00000| Untracked 
| 106|0x000000008c000000, 0x000000008c000000, 0x000000008c100000|  0%| F|  |TAMS 0x000000008c000000, 0x000000008c000000| Untracked 
| 107|0x000000008c100000, 0x000000008c100000, 0x000000008c200000|  0%| F|  |TAMS 0x000000008c100000, 0x000000008c100000| Untracked 
| 108|0x000000008c200000, 0x000000008c300000, 0x000000008c300000|100%| E|  |TAMS 0x000000008c200000, 0x000000008c200000| Complete 
| 109|0x000000008c300000, 0x000000008c400000, 0x000000008c400000|100%| E|CS|TAMS 0x000000008c300000, 0x000000008c300000| Complete 
| 110|0x000000008c400000, 0x000000008c500000, 0x000000008c500000|100%| E|CS|TAMS 0x000000008c400000, 0x000000008c400000| Complete 
| 111|0x000000008c500000, 0x000000008c600000, 0x000000008c600000|100%| E|CS|TAMS 0x000000008c500000, 0x000000008c500000| Complete 
| 112|0x000000008c600000, 0x000000008c700000, 0x000000008c700000|100%| E|CS|TAMS 0x000000008c600000, 0x000000008c600000| Complete 
| 113|0x000000008c700000, 0x000000008c800000, 0x000000008c800000|100%| E|CS|TAMS 0x000000008c700000, 0x000000008c700000| Complete 
| 114|0x000000008c800000, 0x000000008c900000, 0x000000008c900000|100%| E|CS|TAMS 0x000000008c800000, 0x000000008c800000| Complete 
| 115|0x000000008c900000, 0x000000008ca00000, 0x000000008ca00000|100%| E|CS|TAMS 0x000000008c900000, 0x000000008c900000| Complete 
| 116|0x000000008ca00000, 0x000000008cb00000, 0x000000008cb00000|100%| E|CS|TAMS 0x000000008ca00000, 0x000000008ca00000| Complete 
| 117|0x000000008cb00000, 0x000000008cc00000, 0x000000008cc00000|100%| E|CS|TAMS 0x000000008cb00000, 0x000000008cb00000| Complete 
| 118|0x000000008cc00000, 0x000000008cd00000, 0x000000008cd00000|100%| E|CS|TAMS 0x000000008cc00000, 0x000000008cc00000| Complete 
| 119|0x000000008cd00000, 0x000000008ce00000, 0x000000008ce00000|100%| E|CS|TAMS 0x000000008cd00000, 0x000000008cd00000| Complete 
| 120|0x000000008ce00000, 0x000000008cf00000, 0x000000008cf00000|100%| E|CS|TAMS 0x000000008ce00000, 0x000000008ce00000| Complete 
| 121|0x000000008cf00000, 0x000000008d000000, 0x000000008d000000|100%| E|CS|TAMS 0x000000008cf00000, 0x000000008cf00000| Complete 
| 122|0x000000008d000000, 0x000000008d100000, 0x000000008d100000|100%| E|CS|TAMS 0x000000008d000000, 0x000000008d000000| Complete 
| 123|0x000000008d100000, 0x000000008d200000, 0x000000008d200000|100%| E|CS|TAMS 0x000000008d100000, 0x000000008d100000| Complete 
| 124|0x000000008d200000, 0x000000008d300000, 0x000000008d300000|100%| E|CS|TAMS 0x000000008d200000, 0x000000008d200000| Complete 
| 125|0x000000008d300000, 0x000000008d400000, 0x000000008d400000|100%| E|CS|TAMS 0x000000008d300000, 0x000000008d300000| Complete 
| 126|0x000000008d400000, 0x000000008d500000, 0x000000008d500000|100%| E|CS|TAMS 0x000000008d400000, 0x000000008d400000| Complete 
| 127|0x000000008d500000, 0x000000008d600000, 0x000000008d600000|100%| E|CS|TAMS 0x000000008d500000, 0x000000008d500000| Complete 
| 128|0x000000008d600000, 0x000000008d700000, 0x000000008d700000|100%| E|CS|TAMS 0x000000008d600000, 0x000000008d600000| Complete 
| 129|0x000000008d700000, 0x000000008d800000, 0x000000008d800000|100%| E|CS|TAMS 0x000000008d700000, 0x000000008d700000| Complete 
| 130|0x000000008d800000, 0x000000008d900000, 0x000000008d900000|100%| E|CS|TAMS 0x000000008d800000, 0x000000008d800000| Complete 
| 131|0x000000008d900000, 0x000000008da00000, 0x000000008da00000|100%| E|CS|TAMS 0x000000008d900000, 0x000000008d900000| Complete 
| 132|0x000000008da00000, 0x000000008db00000, 0x000000008db00000|100%| E|CS|TAMS 0x000000008da00000, 0x000000008da00000| Complete 
| 133|0x000000008db00000, 0x000000008dc00000, 0x000000008dc00000|100%| E|CS|TAMS 0x000000008db00000, 0x000000008db00000| Complete 
| 134|0x000000008dc00000, 0x000000008dd00000, 0x000000008dd00000|100%| E|CS|TAMS 0x000000008dc00000, 0x000000008dc00000| Complete 
| 135|0x000000008dd00000, 0x000000008de00000, 0x000000008de00000|100%| E|CS|TAMS 0x000000008dd00000, 0x000000008dd00000| Complete 
| 136|0x000000008de00000, 0x000000008df00000, 0x000000008df00000|100%| E|CS|TAMS 0x000000008de00000, 0x000000008de00000| Complete 
| 137|0x000000008df00000, 0x000000008e000000, 0x000000008e000000|100%| E|CS|TAMS 0x000000008df00000, 0x000000008df00000| Complete 
| 138|0x000000008e000000, 0x000000008e100000, 0x000000008e100000|100%| E|CS|TAMS 0x000000008e000000, 0x000000008e000000| Complete 
| 139|0x000000008e100000, 0x000000008e200000, 0x000000008e200000|100%| E|CS|TAMS 0x000000008e100000, 0x000000008e100000| Complete 
| 140|0x000000008e200000, 0x000000008e300000, 0x000000008e300000|100%| E|CS|TAMS 0x000000008e200000, 0x000000008e200000| Complete 
| 141|0x000000008e300000, 0x000000008e400000, 0x000000008e400000|100%| E|CS|TAMS 0x000000008e300000, 0x000000008e300000| Complete 
| 142|0x000000008e400000, 0x000000008e500000, 0x000000008e500000|100%| E|CS|TAMS 0x000000008e400000, 0x000000008e400000| Complete 
| 143|0x000000008e500000, 0x000000008e600000, 0x000000008e600000|100%| E|CS|TAMS 0x000000008e500000, 0x000000008e500000| Complete 
| 144|0x000000008e600000, 0x000000008e700000, 0x000000008e700000|100%| E|CS|TAMS 0x000000008e600000, 0x000000008e600000| Complete 
| 145|0x000000008e700000, 0x000000008e800000, 0x000000008e800000|100%| E|CS|TAMS 0x000000008e700000, 0x000000008e700000| Complete 
| 146|0x000000008e800000, 0x000000008e900000, 0x000000008e900000|100%| E|CS|TAMS 0x000000008e800000, 0x000000008e800000| Complete 
| 147|0x000000008e900000, 0x000000008ea00000, 0x000000008ea00000|100%| E|CS|TAMS 0x000000008e900000, 0x000000008e900000| Complete 
| 148|0x000000008ea00000, 0x000000008eb00000, 0x000000008eb00000|100%| E|CS|TAMS 0x000000008ea00000, 0x000000008ea00000| Complete 

Card table byte_map: [0x0000019cf19e0000,0x0000019cf1dc0000] _byte_map_base: 0x0000019cf15b5000

Marking Bits (Prev, Next): (CMBitMap*) 0x0000019cd9b91a60, (CMBitMap*) 0x0000019cd9b91a28
 Prev Bits: [0x0000019cf4050000, 0x0000019cf5ef8000)
 Next Bits: [0x0000019cf21a0000, 0x0000019cf4048000)

Polling page: 0x0000019cd7af0000

Metaspace:

Usage:
  Non-class:     59.55 MB capacity,    59.07 MB (>99%) used,   376.84 KB ( <1%) free+waste,   122.25 KB ( <1%) overhead. 
      Class:      7.72 MB capacity,     7.37 MB ( 95%) used,   307.82 KB (  4%) free+waste,    53.00 KB ( <1%) overhead. 
       Both:     67.28 MB capacity,    66.44 MB ( 99%) used,   684.66 KB ( <1%) free+waste,   175.25 KB ( <1%) overhead. 

Virtual space:
  Non-class space:       60.00 MB reserved,      59.75 MB (>99%) committed 
      Class space:        1.00 GB reserved,       7.83 MB ( <1%) committed 
             Both:        1.06 GB reserved,      67.58 MB (  6%) committed 

Chunk freelists:
   Non-Class:  5.00 KB
       Class:  28.00 KB
        Both:  33.00 KB

MaxMetaspaceSize: 17179869184.00 GB
CompressedClassSpaceSize: 1.00 GB
Initial GC threshold: 20.80 MB
Current GC threshold: 98.88 MB
CDS: off

CodeHeap 'non-profiled nmethods': size=120000Kb used=5056Kb max_used=5056Kb free=114943Kb
 bounds [0x0000019ce9d90000, 0x0000019cea290000, 0x0000019cf12c0000]
CodeHeap 'profiled nmethods': size=120000Kb used=31332Kb max_used=31332Kb free=88667Kb
 bounds [0x0000019ce2860000, 0x0000019ce4700000, 0x0000019ce9d90000]
CodeHeap 'non-nmethods': size=5760Kb used=1312Kb max_used=1376Kb free=4447Kb
 bounds [0x0000019ce22c0000, 0x0000019ce2530000, 0x0000019ce2860000]
 total_blobs=11174 nmethods=10585 adapters=498
 compilation: enabled
              stopped_count=0, restarted_count=0
 full_count=0

Compilation events (20 events):
Event: 34.128 Thread 0x0000019cf9284000 nmethod 10776 0x0000019ce46c0a10 code [0x0000019ce46c0c40, 0x0000019ce46c1218]
Event: 34.128 Thread 0x0000019cf9284000 10777       3       org.jetbrains.kotlin.resolve.scopes.LexicalChainedScope::getContributedVariables (145 bytes)
Event: 34.129 Thread 0x0000019cf9284000 nmethod 10777 0x0000019ce46c1490 code [0x0000019ce46c17a0, 0x0000019ce46c2668]
Event: 34.131 Thread 0x0000019cf9284000 10778       3       org.jetbrains.kotlin.builtins.FunctionTypesKt::contextFunctionTypeParamsCount (66 bytes)
Event: 34.132 Thread 0x0000019cf9284000 nmethod 10778 0x0000019ce46c2c10 code [0x0000019ce46c2f60, 0x0000019ce46c42d8]
Event: 34.132 Thread 0x0000019cf9284000 10781       3       org.jetbrains.kotlin.resolve.calls.tower.KotlinToResolvedCallTransformer::updateRecordedType (339 bytes)
Event: 34.134 Thread 0x0000019cfccba800 nmethod 10770 0x0000019cea27e290 code [0x0000019cea27e520, 0x0000019cea27eef0]
Event: 34.134 Thread 0x0000019cfccba800 10761       4       org.jetbrains.kotlin.resolve.lazy.descriptors.LazyClassMemberScope::resolveUnknownVisibilitiesForMembers (108 bytes)
Event: 34.135 Thread 0x0000019cf9284000 nmethod 10781 0x0000019ce46c4890 code [0x0000019ce46c4da0, 0x0000019ce46c7418]
Event: 34.135 Thread 0x0000019cf9284000 10779       3       org.jetbrains.kotlin.resolve.jvm.checkers.JavaNullabilityChecker$isWrongTypeParameterNullabilityForSubtyping$typeState$1::customIsSubtypeOf (90 bytes)
Event: 34.136 Thread 0x0000019cf9284000 nmethod 10779 0x0000019ce46c8190 code [0x0000019ce46c8520, 0x0000019ce46c99c8]
Event: 34.136 Thread 0x0000019cf9284000 10780       3       org.jetbrains.kotlin.resolve.jvm.checkers.JavaNullabilityChecker$Companion::isNullableTypeAgainstNotNullTypeParameter (58 bytes)
Event: 34.137 Thread 0x0000019cf9284000 nmethod 10780 0x0000019ce46ca090 code [0x0000019ce46ca380, 0x0000019ce46cb138]
Event: 34.137 Thread 0x0000019cf9284000 10782       1       jdk.internal.reflect.ClassFileAssembler::setMaxLocals (6 bytes)
Event: 34.137 Thread 0x0000019cf9284000 nmethod 10782 0x0000019cea27fd10 code [0x0000019cea27fec0, 0x0000019cea27ff78]
Event: 34.139 Thread 0x0000019cf9284000 10783       3       org.jetbrains.kotlin.types.expressions.ExpressionTypingVisitorDispatcher$ForDeclarations::visitSimpleNameExpression (10 bytes)
Event: 34.140 Thread 0x0000019cf9284000 nmethod 10783 0x0000019ce46cb590 code [0x0000019ce46cb760, 0x0000019ce46cba78]
Event: 34.140 Thread 0x0000019cf9284000 10784       3       org.jetbrains.kotlin.resolve.calls.checkers.CapturingInClosureChecker::checkCapturingInClosure (85 bytes)
Event: 34.140 Thread 0x0000019cf9284000 nmethod 10784 0x0000019ce46cbc10 code [0x0000019ce46cbe60, 0x0000019ce46cc4e8]
Event: 34.140 Thread 0x0000019cf9284000 10785       3       org.jetbrains.kotlin.resolve.calls.checkers.CapturingInClosureChecker::checkFieldInExactlyOnceLambdaInitialization (253 bytes)

GC Heap History (20 events):
Event: 2.039 GC heap before
{Heap before GC invocations=0 (full 0):
 garbage-first heap   total 126976K, used 27648K [0x0000000085600000, 0x0000000100000000)
  region size 1024K, 24 young (24576K), 0 survivors (0K)
 Metaspace       used 12368K, capacity 12504K, committed 12800K, reserved 1060864K
  class space    used 1150K, capacity 1207K, committed 1280K, reserved 1048576K
}
Event: 2.081 GC heap after
{Heap after GC invocations=1 (full 0):
 garbage-first heap   total 126976K, used 5819K [0x0000000085600000, 0x0000000100000000)
  region size 1024K, 3 young (3072K), 3 survivors (3072K)
 Metaspace       used 12368K, capacity 12504K, committed 12800K, reserved 1060864K
  class space    used 1150K, capacity 1207K, committed 1280K, reserved 1048576K
}
Event: 3.822 GC heap before
{Heap before GC invocations=1 (full 0):
 garbage-first heap   total 126976K, used 41659K [0x0000000085600000, 0x0000000100000000)
  region size 1024K, 39 young (39936K), 3 survivors (3072K)
 Metaspace       used 21031K, capacity 21182K, committed 21248K, reserved 1069056K
  class space    used 2215K, capacity 2280K, committed 2304K, reserved 1048576K
}
Event: 3.843 GC heap after
{Heap after GC invocations=2 (full 0):
 garbage-first heap   total 126976K, used 9396K [0x0000000085600000, 0x0000000100000000)
  region size 1024K, 7 young (7168K), 7 survivors (7168K)
 Metaspace       used 21031K, capacity 21182K, committed 21248K, reserved 1069056K
  class space    used 2215K, capacity 2280K, committed 2304K, reserved 1048576K
}
Event: 7.410 GC heap before
{Heap before GC invocations=3 (full 0):
 garbage-first heap   total 126976K, used 62644K [0x0000000085600000, 0x0000000100000000)
  region size 1024K, 54 young (55296K), 7 survivors (7168K)
 Metaspace       used 32292K, capacity 32735K, committed 32892K, reserved 1077248K
  class space    used 3991K, capacity 4182K, committed 4224K, reserved 1048576K
}
Event: 7.436 GC heap after
{Heap after GC invocations=4 (full 0):
 garbage-first heap   total 126976K, used 20768K [0x0000000085600000, 0x0000000100000000)
  region size 1024K, 7 young (7168K), 7 survivors (7168K)
 Metaspace       used 32292K, capacity 32735K, committed 32892K, reserved 1077248K
  class space    used 3991K, capacity 4182K, committed 4224K, reserved 1048576K
}
Event: 7.825 GC heap before
{Heap before GC invocations=4 (full 0):
 garbage-first heap   total 126976K, used 35104K [0x0000000085600000, 0x0000000100000000)
  region size 1024K, 22 young (22528K), 7 survivors (7168K)
 Metaspace       used 35488K, capacity 35914K, committed 36048K, reserved 1081344K
  class space    used 4342K, capacity 4538K, committed 4564K, reserved 1048576K
}
Event: 7.841 GC heap after
{Heap after GC invocations=5 (full 0):
 garbage-first heap   total 126976K, used 20746K [0x0000000085600000, 0x0000000100000000)
  region size 1024K, 2 young (2048K), 2 survivors (2048K)
 Metaspace       used 35488K, capacity 35914K, committed 36048K, reserved 1081344K
  class space    used 4342K, capacity 4538K, committed 4564K, reserved 1048576K
}
Event: 9.734 GC heap before
{Heap before GC invocations=6 (full 0):
 garbage-first heap   total 126976K, used 65802K [0x0000000085600000, 0x0000000100000000)
  region size 1024K, 46 young (47104K), 2 survivors (2048K)
 Metaspace       used 44557K, capacity 44998K, committed 45136K, reserved 1089536K
  class space    used 5194K, capacity 5382K, committed 5460K, reserved 1048576K
}
Event: 9.746 GC heap after
{Heap after GC invocations=7 (full 0):
 garbage-first heap   total 126976K, used 25600K [0x0000000085600000, 0x0000000100000000)
  region size 1024K, 6 young (6144K), 6 survivors (6144K)
 Metaspace       used 44557K, capacity 44998K, committed 45136K, reserved 1089536K
  class space    used 5194K, capacity 5382K, committed 5460K, reserved 1048576K
}
Event: 10.986 GC heap before
{Heap before GC invocations=7 (full 0):
 garbage-first heap   total 126976K, used 75776K [0x0000000085600000, 0x0000000100000000)
  region size 1024K, 52 young (53248K), 6 survivors (6144K)
 Metaspace       used 48872K, capacity 49424K, committed 49744K, reserved 1093632K
  class space    used 5643K, capacity 5869K, committed 5972K, reserved 1048576K
}
Event: 11.006 GC heap after
{Heap after GC invocations=8 (full 0):
 garbage-first heap   total 126976K, used 32930K [0x0000000085600000, 0x0000000100000000)
  region size 1024K, 5 young (5120K), 5 survivors (5120K)
 Metaspace       used 48872K, capacity 49424K, committed 49744K, reserved 1093632K
  class space    used 5643K, capacity 5869K, committed 5972K, reserved 1048576K
}
Event: 15.016 GC heap before
{Heap before GC invocations=8 (full 0):
 garbage-first heap   total 126976K, used 79010K [0x0000000085600000, 0x0000000100000000)
  region size 1024K, 50 young (51200K), 5 survivors (5120K)
 Metaspace       used 58031K, capacity 58701K, committed 58832K, reserved 1101824K
  class space    used 6757K, capacity 7035K, committed 7124K, reserved 1048576K
}
Event: 15.040 GC heap after
{Heap after GC invocations=9 (full 0):
 garbage-first heap   total 152576K, used 38347K [0x0000000085600000, 0x0000000100000000)
  region size 1024K, 6 young (6144K), 6 survivors (6144K)
 Metaspace       used 58031K, capacity 58701K, committed 58832K, reserved 1101824K
  class space    used 6757K, capacity 7035K, committed 7124K, reserved 1048576K
}
Event: 17.160 GC heap before
{Heap before GC invocations=9 (full 0):
 garbage-first heap   total 152576K, used 56779K [0x0000000085600000, 0x0000000100000000)
  region size 1024K, 25 young (25600K), 6 survivors (6144K)
 Metaspace       used 59686K, capacity 60440K, committed 60496K, reserved 1101824K
  class space    used 6920K, capacity 7238K, committed 7252K, reserved 1048576K
}
Event: 17.178 GC heap after
{Heap after GC invocations=10 (full 0):
 garbage-first heap   total 152576K, used 42264K [0x0000000085600000, 0x0000000100000000)
  region size 1024K, 4 young (4096K), 4 survivors (4096K)
 Metaspace       used 59686K, capacity 60440K, committed 60496K, reserved 1101824K
  class space    used 6920K, capacity 7238K, committed 7252K, reserved 1048576K
}
Event: 20.235 GC heap before
{Heap before GC invocations=11 (full 0):
 garbage-first heap   total 152576K, used 98584K [0x0000000085600000, 0x0000000100000000)
  region size 1024K, 59 young (60416K), 4 survivors (4096K)
 Metaspace       used 62282K, capacity 63136K, committed 63312K, reserved 1105920K
  class space    used 7126K, capacity 7474K, committed 7508K, reserved 1048576K
}
Event: 20.264 GC heap after
{Heap after GC invocations=12 (full 0):
 garbage-first heap   total 152576K, used 51519K [0x0000000085600000, 0x0000000100000000)
  region size 1024K, 8 young (8192K), 8 survivors (8192K)
 Metaspace       used 62282K, capacity 63136K, committed 63312K, reserved 1105920K
  class space    used 7126K, capacity 7474K, committed 7508K, reserved 1048576K
}
Event: 24.855 GC heap before
{Heap before GC invocations=12 (full 0):
 garbage-first heap   total 152576K, used 105791K [0x0000000085600000, 0x0000000100000000)
  region size 1024K, 61 young (62464K), 8 survivors (8192K)
 Metaspace       used 65544K, capacity 66396K, committed 66640K, reserved 1107968K
  class space    used 7376K, capacity 7728K, committed 7764K, reserved 1048576K
}
Event: 25.179 GC heap after
{Heap after GC invocations=13 (full 0):
 garbage-first heap   total 152576K, used 57418K [0x0000000085600000, 0x0000000100000000)
  region size 1024K, 6 young (6144K), 6 survivors (6144K)
 Metaspace       used 65544K, capacity 66396K, committed 66640K, reserved 1107968K
  class space    used 7376K, capacity 7728K, committed 7764K, reserved 1048576K
}

Deoptimization events (20 events):
Event: 33.646 Thread 0x0000019cd9b57800 Uncommon trap: trap_request=0xffffffde fr.pc=0x0000019cea15e3b4 relative=0x0000000000000f34
Event: 33.646 Thread 0x0000019cd9b57800 Uncommon trap: reason=class_check action=maybe_recompile pc=0x0000019cea15e3b4 method=org.jetbrains.kotlin.serialization.deserialization.descriptors.DeserializedMemberScope$OptimizedImplementation.getContributedVariables(Lorg/jetbrains/kotlin/name/Name;Lo
Event: 33.646 Thread 0x0000019cd9b57800 DEOPT PACKING pc=0x0000019cea15e3b4 sp=0x00000046d45fab00
Event: 33.646 Thread 0x0000019cd9b57800 DEOPT UNPACKING pc=0x0000019ce22c85af sp=0x00000046d45faa48 mode 2
Event: 33.678 Thread 0x0000019cd9b57800 Uncommon trap: trap_request=0xffffff4d fr.pc=0x0000019cea224780 relative=0x00000000000006c0
Event: 33.678 Thread 0x0000019cd9b57800 Uncommon trap: reason=unstable_if action=reinterpret pc=0x0000019cea224780 method=java.lang.AbstractStringBuilder.append(Ljava/lang/String;)Ljava/lang/AbstractStringBuilder; @ 1 c2
Event: 33.678 Thread 0x0000019cd9b57800 DEOPT PACKING pc=0x0000019cea224780 sp=0x00000046d45fcf80
Event: 33.678 Thread 0x0000019cd9b57800 DEOPT UNPACKING pc=0x0000019ce22c85af sp=0x00000046d45fcf10 mode 2
Event: 33.737 Thread 0x0000019cd9b57800 Uncommon trap: trap_request=0xffffff4d fr.pc=0x0000019cea259ef8 relative=0x00000000000000d8
Event: 33.737 Thread 0x0000019cd9b57800 Uncommon trap: reason=unstable_if action=reinterpret pc=0x0000019cea259ef8 method=org.jetbrains.kotlin.resolve.BindingContextUtils.lambda$addOwnDataTo$0(Lorg/jetbrains/kotlin/resolve/TraceEntryFilter;Lorg/jetbrains/kotlin/resolve/BindingTrace;Lorg/jetbrai
Event: 33.737 Thread 0x0000019cd9b57800 DEOPT PACKING pc=0x0000019cea259ef8 sp=0x00000046d45fcc70
Event: 33.737 Thread 0x0000019cd9b57800 DEOPT UNPACKING pc=0x0000019ce22c85af sp=0x00000046d45fcb80 mode 2
Event: 33.738 Thread 0x0000019cd9b57800 Uncommon trap: trap_request=0xffffff4d fr.pc=0x0000019cea22f804 relative=0x00000000000006c4
Event: 33.738 Thread 0x0000019cd9b57800 Uncommon trap: reason=unstable_if action=reinterpret pc=0x0000019cea22f804 method=java.lang.AbstractStringBuilder.append(Ljava/lang/String;)Ljava/lang/AbstractStringBuilder; @ 1 c2
Event: 33.738 Thread 0x0000019cd9b57800 DEOPT PACKING pc=0x0000019cea22f804 sp=0x00000046d45fce70
Event: 33.738 Thread 0x0000019cd9b57800 DEOPT UNPACKING pc=0x0000019ce22c85af sp=0x00000046d45fce58 mode 2
Event: 33.758 Thread 0x0000019cd9b57800 Uncommon trap: trap_request=0xffffff6e fr.pc=0x0000019cea25be54 relative=0x00000000000016f4
Event: 33.758 Thread 0x0000019cd9b57800 Uncommon trap: reason=speculate_class_check action=maybe_recompile pc=0x0000019cea25be54 method=org.jetbrains.kotlin.types.model.TypeSystemCommonSuperTypesContext$DefaultImpls.typeDepth(Lorg/jetbrains/kotlin/types/model/TypeSystemCommonSuperTypesContext;L
Event: 33.758 Thread 0x0000019cd9b57800 DEOPT PACKING pc=0x0000019cea25be54 sp=0x00000046d45f7bb0
Event: 33.758 Thread 0x0000019cd9b57800 DEOPT UNPACKING pc=0x0000019ce22c85af sp=0x00000046d45f79b0 mode 2

Classes redefined (0 events):
No events

Internal exceptions (20 events):
Event: 15.551 Thread 0x0000019cd9b57800 Exception <a 'java/lang/NoSuchMethodError'{0x000000008e563898}: 'java.lang.Object java.lang.invoke.DirectMethodHandle$Holder.invokeStaticInit(java.lang.Object, java.lang.Object, java.lang.Object)'> (0x000000008e563898) thrown at [./src/hotspot/share/interpreter/linkResolver.cpp, line 773]
Event: 15.642 Thread 0x0000019cd9b57800 Exception <a 'java/lang/NoSuchMethodError'{0x000000008e43bee8}: 'int java.lang.invoke.DirectMethodHandle$Holder.invokeStatic(java.lang.Object, java.lang.Object, java.lang.Object, java.lang.Object, java.lang.Object)'> (0x000000008e43bee8) thrown at [./src/hotspot/share/interpreter/linkResolver.cpp, line 773]
Event: 17.298 Thread 0x0000019cd9b57800 Exception <a 'java/lang/NoSuchMethodError'{0x000000008eafe7a8}: 'int java.lang.invoke.DirectMethodHandle$Holder.invokeStaticInit(java.lang.Object, int)'> (0x000000008eafe7a8) thrown at [./src/hotspot/share/interpreter/linkResolver.cpp, line 773]
Event: 18.283 Thread 0x0000019cd9b57800 Exception <a 'java/lang/NoSuchMethodError'{0x000000008df5d0e8}: 'int java.lang.invoke.DirectMethodHandle$Holder.invokeInterface(java.lang.Object, java.lang.Object)'> (0x000000008df5d0e8) thrown at [./src/hotspot/share/interpreter/linkResolver.cpp, line 773]
Event: 18.633 Thread 0x0000019cd9b57800 Exception <a 'java/lang/NoSuchMethodError'{0x000000008db469d8}: 'java.lang.Object java.lang.invoke.DirectMethodHandle$Holder.invokeStatic(java.lang.Object, int, java.lang.Object, java.lang.Object)'> (0x000000008db469d8) thrown at [./src/hotspot/share/interpreter/linkResolver.cpp, line 773]
Event: 18.634 Thread 0x0000019cd9b57800 Exception <a 'java/lang/NoSuchMethodError'{0x000000008db4e1a0}: 'java.lang.Object java.lang.invoke.DirectMethodHandle$Holder.invokeStatic(java.lang.Object, int, java.lang.Object)'> (0x000000008db4e1a0) thrown at [./src/hotspot/share/interpreter/linkResolver.cpp, line 773]
Event: 20.454 Thread 0x0000019cd9b57800 Implicit null exception at 0x0000019cea100799 to 0x0000019cea100b77
Event: 20.553 Thread 0x0000019cd9b57800 Exception <a 'java/lang/NoSuchMethodError'{0x000000008dd48820}: 'java.lang.Object java.lang.invoke.DirectMethodHandle$Holder.invokeInterface(java.lang.Object, java.lang.Object, java.lang.Object)'> (0x000000008dd48820) thrown at [./src/hotspot/share/interpreter/linkResolver.cpp, line 773]
Event: 20.553 Thread 0x0000019cd9b57800 Exception <a 'java/lang/IncompatibleClassChangeError'{0x000000008dd4ba50}: Found class java.lang.Object, but interface was expected> (0x000000008dd4ba50) thrown at [./src/hotspot/share/interpreter/linkResolver.cpp, line 839]
Event: 20.863 Thread 0x0000019cd9b57800 Exception <a 'java/lang/NoSuchMethodError'{0x000000008d232a08}: 'java.lang.Object java.lang.invoke.Invokers$Holder.linkToTargetMethod(java.lang.Object, java.lang.Object, java.lang.Object, java.lang.Object, java.lang.Object, java.lang.Object, java.lang.Object)'> (0x000000008d232a08) thrown at [./src/hotspot/share/interpreter/linkResolver.cpp, line 773]
Event: 21.500 Thread 0x0000019cd9b57800 Implicit null exception at 0x0000019cea0cf8fc to 0x0000019cea0d0aa4
Event: 21.896 Thread 0x0000019cd9b57800 Exception <a 'java/lang/NoSuchMethodError'{0x000000008c2eab98}: 'java.lang.Object java.lang.invoke.Invokers$Holder.linkToTargetMethod(java.lang.Object, java.lang.Object, java.lang.Object, int, int, java.lang.Object)'> (0x000000008c2eab98) thrown at [./src/hotspot/share/interpreter/linkResolver.cpp, line 773]
Event: 21.910 Thread 0x0000019cd9b57800 Implicit null exception at 0x0000019cea136823 to 0x0000019cea13e520
Event: 21.910 Thread 0x0000019cd9b57800 Implicit null exception at 0x0000019cea0f8ba3 to 0x0000019cea0f8d72
Event: 26.603 Thread 0x0000019cd9b57800 Implicit null exception at 0x0000019ce9de70f5 to 0x0000019ce9de72bc
Event: 30.545 Thread 0x0000019cd9b57800 Implicit null exception at 0x0000019cea1e740f to 0x0000019cea1e760c
Event: 33.423 Thread 0x0000019cd9b57800 Implicit null exception at 0x0000019cea1c5efb to 0x0000019cea1c61d4
Event: 33.515 Thread 0x0000019cd9b57800 Implicit null exception at 0x0000019cea0f92fa to 0x0000019cea0f95c4
Event: 33.678 Thread 0x0000019cd9b57800 Implicit null exception at 0x0000019cea2240f7 to 0x0000019cea224764
Event: 33.738 Thread 0x0000019cd9b57800 Implicit null exception at 0x0000019cea22f174 to 0x0000019cea22f7e8

Events (20 events):
Event: 33.689 loading class org/jetbrains/kotlin/types/expressions/FakeCallResolver$WhenMappings done
Event: 33.691 loading class org/jetbrains/kotlin/types/expressions/FakeCallResolver$TracingStrategyForIteratorCall
Event: 33.691 loading class org/jetbrains/kotlin/types/expressions/FakeCallResolver$TracingStrategyForIteratorCall done
Event: 33.731 loading class org/jetbrains/kotlin/utils/SmartList$1
Event: 33.731 loading class org/jetbrains/kotlin/utils/SmartList$1 done
Event: 33.737 loading class org/jetbrains/kotlin/util/slicedMap/WritableSlice
Event: 33.737 loading class org/jetbrains/kotlin/util/slicedMap/WritableSlice done
Event: 33.737 loading class org/jetbrains/kotlin/psi/KtSimpleNameExpression
Event: 33.737 loading class org/jetbrains/kotlin/psi/KtSimpleNameExpression done
Event: 33.737 loading class org/jetbrains/kotlin/psi/KtSimpleNameExpression
Event: 33.737 loading class org/jetbrains/kotlin/psi/KtSimpleNameExpression done
Event: 33.784 Thread 0x0000019cfccba800 Thread added: 0x0000019cfccba800
Event: 33.797 Executing VM operation: ICBufferFull
Event: 33.845 Executing VM operation: ICBufferFull done
Event: 33.848 loading class org/jetbrains/kotlin/contracts/model/structure/ESAnd
Event: 33.848 loading class org/jetbrains/kotlin/contracts/model/structure/ESAnd done
Event: 33.864 loading class org/jetbrains/kotlin/contracts/model/structure/ESOr
Event: 33.864 loading class org/jetbrains/kotlin/contracts/model/structure/ESOr done
Event: 33.872 loading class org/jetbrains/kotlin/resolve/calls/model/SamConversionDescription
Event: 33.872 loading class org/jetbrains/kotlin/resolve/calls/model/SamConversionDescription done


Dynamic libraries:
0x00007ff62eb10000 - 0x00007ff62eb1d000 	C:\Program Files\Microsoft\jdk-11.0.18.10-hotspot\bin\java.exe
0x00007ff819ab0000 - 0x00007ff819cc4000 	C:\WINDOWS\SYSTEM32\ntdll.dll
0x00007ff819000000 - 0x00007ff8190c4000 	C:\WINDOWS\System32\KERNEL32.DLL
0x00007ff816f30000 - 0x00007ff8172d4000 	C:\WINDOWS\System32\KERNELBASE.dll
0x00007ff817520000 - 0x00007ff817631000 	C:\WINDOWS\System32\ucrtbase.dll
0x00007ffff9e20000 - 0x00007ffff9e37000 	C:\Program Files\Microsoft\jdk-11.0.18.10-hotspot\bin\jli.dll
0x00007ff818e50000 - 0x00007ff818ffa000 	C:\WINDOWS\System32\USER32.dll
0x00007ff817480000 - 0x00007ff8174a6000 	C:\WINDOWS\System32\win32u.dll
0x00007ff8190e0000 - 0x00007ff819109000 	C:\WINDOWS\System32\GDI32.dll
0x00007ff817360000 - 0x00007ff817479000 	C:\WINDOWS\System32\gdi32full.dll
0x00007ff800b90000 - 0x00007ff800ba5000 	C:\Program Files\Microsoft\jdk-11.0.18.10-hotspot\bin\VCRUNTIME140.dll
0x00007ff816e90000 - 0x00007ff816f2a000 	C:\WINDOWS\System32\msvcp_win.dll
0x00007ffff3680000 - 0x00007ffff390f000 	C:\WINDOWS\WinSxS\amd64_microsoft.windows.common-controls_6595b64144ccf1df_6.0.22621.2070_none_2713e6537381f706\COMCTL32.dll
0x00007ff817b00000 - 0x00007ff817ba7000 	C:\WINDOWS\System32\msvcrt.dll
0x00007ff818990000 - 0x00007ff8189c1000 	C:\WINDOWS\System32\IMM32.DLL
0x00007ffff4020000 - 0x00007ffff40bb000 	C:\Program Files\Microsoft\jdk-11.0.18.10-hotspot\bin\msvcp140.dll
0x00007fff92230000 - 0x00007fff92dc2000 	C:\Program Files\Microsoft\jdk-11.0.18.10-hotspot\bin\server\jvm.dll
0x00007ff817950000 - 0x00007ff817a00000 	C:\WINDOWS\System32\ADVAPI32.dll
0x00007ff819450000 - 0x00007ff8194f6000 	C:\WINDOWS\System32\sechost.dll
0x00007ff817bd0000 - 0x00007ff817ce7000 	C:\WINDOWS\System32\RPCRT4.dll
0x00007ff818160000 - 0x00007ff818168000 	C:\WINDOWS\System32\PSAPI.DLL
0x00007ff8118f0000 - 0x00007ff8118f9000 	C:\WINDOWS\SYSTEM32\WSOCK32.dll
0x00007ff8180d0000 - 0x00007ff818141000 	C:\WINDOWS\System32\WS2_32.dll
0x00007ff80b490000 - 0x00007ff80b4c4000 	C:\WINDOWS\SYSTEM32\WINMM.dll
0x00007ff810930000 - 0x00007ff81093a000 	C:\WINDOWS\SYSTEM32\VERSION.dll
0x00007ff815e40000 - 0x00007ff815e58000 	C:\WINDOWS\SYSTEM32\kernel.appcore.dll
0x00007ff802630000 - 0x00007ff802640000 	C:\Program Files\Microsoft\jdk-11.0.18.10-hotspot\bin\verify.dll
0x00007ff814750000 - 0x00007ff81497e000 	C:\WINDOWS\SYSTEM32\DBGHELP.DLL
0x00007ff819500000 - 0x00007ff81988a000 	C:\WINDOWS\System32\combase.dll
0x00007ff819370000 - 0x00007ff819447000 	C:\WINDOWS\System32\OLEAUT32.dll
0x00007ffff8e30000 - 0x00007ffff8e62000 	C:\WINDOWS\SYSTEM32\dbgcore.DLL
0x00007ff8172e0000 - 0x00007ff81735a000 	C:\WINDOWS\System32\bcryptPrimitives.dll
0x00007ffff9d90000 - 0x00007ffff9db8000 	C:\Program Files\Microsoft\jdk-11.0.18.10-hotspot\bin\java.dll
0x00007ffffb3e0000 - 0x00007ffffb3ea000 	C:\Program Files\Microsoft\jdk-11.0.18.10-hotspot\bin\jimage.dll
0x00007ffff3fd0000 - 0x00007ffff3fe8000 	C:\Program Files\Microsoft\jdk-11.0.18.10-hotspot\bin\zip.dll
0x00007ff818170000 - 0x00007ff818986000 	C:\WINDOWS\System32\SHELL32.dll
0x00007ff814e10000 - 0x00007ff8156fa000 	C:\WINDOWS\SYSTEM32\windows.storage.dll
0x00007ff814cd0000 - 0x00007ff814e0e000 	C:\WINDOWS\SYSTEM32\wintypes.dll
0x00007ff817a00000 - 0x00007ff817af3000 	C:\WINDOWS\System32\SHCORE.dll
0x00007ff819110000 - 0x00007ff81916e000 	C:\WINDOWS\System32\shlwapi.dll
0x00007ff816dc0000 - 0x00007ff816de6000 	C:\WINDOWS\SYSTEM32\profapi.dll
0x00007ffff97c0000 - 0x00007ffff97d9000 	C:\Program Files\Microsoft\jdk-11.0.18.10-hotspot\bin\net.dll
0x00007ff810cc0000 - 0x00007ff810df7000 	C:\WINDOWS\SYSTEM32\WINHTTP.dll
0x00007ff816300000 - 0x00007ff816369000 	C:\WINDOWS\system32\mswsock.dll
0x00007ffff4000000 - 0x00007ffff4013000 	C:\Program Files\Microsoft\jdk-11.0.18.10-hotspot\bin\nio.dll

dbghelp: loaded successfully - version: 4.0.5 - missing functions: none
symbol engine: initialized successfully - sym options: 0x614 - pdb path: .;C:\Program Files\Microsoft\jdk-11.0.18.10-hotspot\bin;C:\WINDOWS\SYSTEM32;C:\WINDOWS\WinSxS\amd64_microsoft.windows.common-controls_6595b64144ccf1df_6.0.22621.2070_none_2713e6537381f706;C:\Program Files\Microsoft\jdk-11.0.18.10-hotspot\bin\server

VM Arguments:
java_command: org.jetbrains.kotlin.cli.jvm.K2JVMCompiler @C:\Users\BUTA\OneDrive\Desktop\isMobileApp\AwesomeProject\node_modules\react-native-gesture-handler\android\build\20230822_11754645116246987426.compiler.options
java_class_path (initial): C:\Users\BUTA\.gradle\caches\modules-2\files-2.1\org.jetbrains.kotlin\kotlin-compiler-embeddable\1.6.21\97bdd5a752ce73b58ef16c17bc7f0ea2faff7a2e\kotlin-compiler-embeddable-1.6.21.jar;C:\Users\BUTA\.gradle\caches\modules-2\files-2.1\org.jetbrains.kotlin\kotlin-reflect\1.6.21\5dc3574d9b7bebfcb4ec6b10ada4aaa9e140bd0b\kotlin-reflect-1.6.21.jar;C:\Users\BUTA\.gradle\caches\modules-2\files-2.1\org.jetbrains.kotlin\kotlin-stdlib\1.6.21\11ef67f1900634fd951bad28c53ec957fabbe5b8\kotlin-stdlib-1.6.21.jar;C:\Users\BUTA\.gradle\caches\modules-2\files-2.1\org.jetbrains.kotlin\kotlin-script-runtime\1.6.21\99c6675100da5d6d5b1c5a1032f27f28008d101b\kotlin-script-runtime-1.6.21.jar;C:\Users\BUTA\.gradle\caches\modules-2\files-2.1\org.jetbrains.kotlin\kotlin-daemon-embeddable\1.6.21\46b78cf392e1c4f10854c3cadba44abb7b82250f\kotlin-daemon-embeddable-1.6.21.jar;C:\Users\BUTA\.gradle\caches\modules-2\files-2.1\org.jetbrains.intellij.deps\trove4j\1.0.20200330\3afb14d5f9ceb459d724e907a21145e8ff394f02\trove4j-1.0.20200330.jar;C:\Users\BUTA\.gradle\caches\modules-2\files-2.1\net.java.dev.jna\jna\5.6.0\330f2244e9030119ab3030fc3fededc86713d9cc\jna-5.6.0.jar;C:\Users\BUTA\.gradle\caches\modules-2\files-2.1\org.jetbrains.kotlin\kotlin-stdlib-common\1.6.21\5e5b55c26dbc80372a920aef60eb774b714559b8\kotlin-stdlib-common-1.6.21.jar;C:\Users\BUTA\.gradle\caches\modules-2\files-2.1\org.jetbrains\annotations\13.0\919f0dfe192fb4e063e7dacadee7f8bb9a2672a9\annotations-13.0.jar
Launcher Type: SUN_STANDARD

[Global flags]
     intx CICompilerCount                          = 4                                         {product} {ergonomic}
     uint ConcGCThreads                            = 2                                         {product} {ergonomic}
     uint G1ConcRefinementThreads                  = 8                                         {product} {ergonomic}
   size_t G1HeapRegionSize                         = 1048576                                   {product} {ergonomic}
    uintx GCDrainStackTargetSize                   = 64                                        {product} {ergonomic}
   size_t InitialHeapSize                          = 130023424                                 {product} {ergonomic}
   size_t MarkStackSize                            = 4194304                                   {product} {ergonomic}
   size_t MaxHeapSize                              = 2057306112                                {product} {ergonomic}
   size_t MaxNewSize                               = 1234173952                                {product} {ergonomic}
   size_t MinHeapDeltaBytes                        = 1048576                                   {product} {ergonomic}
    uintx NonNMethodCodeHeapSize                   = 5836300                                {pd product} {ergonomic}
    uintx NonProfiledCodeHeapSize                  = 122910970                              {pd product} {ergonomic}
    uintx ProfiledCodeHeapSize                     = 122910970                              {pd product} {ergonomic}
    uintx ReservedCodeCacheSize                    = 251658240                              {pd product} {ergonomic}
     bool SegmentedCodeCache                       = true                                      {product} {ergonomic}
     bool UseCompressedClassPointers               = true                                 {lp64_product} {ergonomic}
     bool UseCompressedOops                        = true                                 {lp64_product} {ergonomic}
     bool UseG1GC                                  = true                                      {product} {ergonomic}
     bool UseLargePagesIndividualAllocation        = false                                  {pd product} {ergonomic}

Logging:
Log output configuration:
 #0: stdout all=warning uptime,level,tags
 #1: stderr all=off uptime,level,tags

Environment Variables:
JAVA_HOME=C:\Program Files\Microsoft\jdk-11.0.18.10-hotspot\
CLASSPATH=C:\Users\BUTA\OneDrive\Desktop\isMobileApp\AwesomeProject\android\\gradle\wrapper\gradle-wrapper.jar
PATH=C:\Users\BUTA\OneDrive\Desktop\isMobileApp\AwesomeProject\node_modules\.bin;C:\Users\BUTA\OneDrive\Desktop\isMobileApp\AwesomeProject\node_modules\.bin;C:\Users\BUTA\OneDrive\Desktop\isMobileApp\node_modules\.bin;C:\Users\BUTA\OneDrive\Desktop\node_modules\.bin;C:\Users\BUTA\OneDrive\node_modules\.bin;C:\Users\BUTA\node_modules\.bin;C:\Users\node_modules\.bin;C:\node_modules\.bin;C:\Program Files\nodejs\node_modules\npm\node_modules\@npmcli\run-script\lib\node-gyp-bin;C:\Program Files\Microsoft\jdk-11.0.18.10-hotspot\bin;C:\WINDOWS\system32;C:\WINDOWS;C:\WINDOWS\System32\Wbem;C:\WINDOWS\System32\WindowsPowerShell\v1.0\;C:\WINDOWS\System32\OpenSSH\;C:\ProgramData\chocolatey\bin;C:\Program Files\nodejs\;C:\Users\BUTA\AppData\Local\Android\Sdk;D:\programs\MySQL;C:\Program Files\Git\cmd;C:\Program Files\Microsoft SQL Server\150\Tools\Binn\;C:\Program Files\Microsoft SQL Server\Client SDK\ODBC\170\Tools\Binn\;C:\Program Files\dotnet\;C:\Program Files (x86)\Microsoft SQL Server\160\Tools\Binn\;C:\Program Files\Microsoft SQL Server\160\Tools\Binn\;C:\Program Files\Microsoft SQL Server\160\DTS\Binn\;C:\Program Files (x86)\Microsoft SQL Server\160\DTS\Binn\;C:\Program Files\Azure Data Studio\bin;C:\Users\BUTA\AppData\Local\Android\Sdk\platform-tools;C:\Users\BUTA\AppData\Local\Android\Sdk\tools;C:\Users\BUTA\AppData\Local\Microsoft\WindowsApps;C:\Users\BUTA\AppData\Roaming\npm;C:\Users\BUTA\AppData\Local\Programs\Microsoft VS Code\bin;
USERNAME=BUTA
LANG=en_US.UTF-8
OS=Windows_NT
PROCESSOR_IDENTIFIER=Intel64 Family 6 Model 140 Stepping 1, GenuineIntel
TMP=C:\Users\BUTA\AppData\Local\Temp
TEMP=C:\Users\BUTA\AppData\Local\Temp



---------------  S Y S T E M  ---------------

OS: Windows 11 , 64 bit Build 22621 (10.0.22621.2070)
OS uptime: 7 days 3:22 hours
Hyper-V role detected

CPU:total 8 (initial active 8) (4 cores per cpu, 2 threads per core) family 6 model 140 stepping 1 microcode 0x8a, cmov, cx8, fxsr, mmx, sse, sse2, sse3, ssse3, sse4.1, sse4.2, popcnt, avx, avx2, aes, clmul, erms, 3dnowpref, lzcnt, ht, tsc, tscinvbit, bmi1, bmi2, adx, evex, sha, fma

Memory: 4k page, system-wide physical 7847M (605M free)
TotalPageFile size 22371M (AvailPageFile size 2M)
current process WorkingSet (physical memory assigned to process): 160M, peak: 263M
current process commit charge ("private bytes"): 396M, peak: 397M

vm_info: OpenJDK 64-Bit Server VM (11.0.18+10-LTS) for windows-amd64 JRE (11.0.18+10-LTS), built on Jan 18 2023 15:56:47 by "MicrosoftCorporation" with MS VC++ 15.9 (VS2017)

END.
