#
# There is insufficient memory for the Java Runtime Environment to continue.
# Native memory allocation (malloc) failed to allocate 2280336 bytes for Chunk::new
# Possible reasons:
#   The system is out of physical RAM or swap space
#   The process is running with CompressedOops enabled, and the Java Heap may be blocking the growth of the native heap
# Possible solutions:
#   Reduce memory load on the system
#   Increase physical memory or swap space
#   Check if swap backing store is full
#   Decrease Java heap size (-Xmx/-Xms)
#   Decrease number of Java threads
#   Decrease Java thread stack sizes (-Xss)
#   Set larger code cache with -XX:ReservedCodeCacheSize=
#   JVM is running with Zero Based Compressed Oops mode in which the Java heap is
#     placed in the first 32GB address space. The Java Heap base address is the
#     maximum limit for the native heap growth. Please use -XX:HeapBaseMinAddress
#     to set the Java Heap base and to place the Java Heap above 32GB virtual address.
# This output file may be truncated or incomplete.
#
#  Out of Memory Error (src/hotspot/share/memory/arena.cpp:197), pid=9948, tid=12060
#
# JRE version: OpenJDK Runtime Environment (11.0.15) (build 11.0.15+0-b2043.56-9505619)
# Java VM: OpenJDK 64-Bit Server VM (11.0.15+0-b2043.56-9505619, mixed mode, tiered, compressed oops, g1 gc, windows-amd64)
# No core dump will be written. Minidumps are not enabled by default on client versions of Windows
#

---------------  S U M M A R Y ------------

Command Line: --add-opens=java.base/java.util=ALL-UNNAMED --add-opens=java.base/java.lang=ALL-UNNAMED --add-opens=java.base/java.lang.invoke=ALL-UNNAMED --add-opens=java.base/java.util=ALL-UNNAMED --add-opens=java.prefs/java.util.prefs=ALL-UNNAMED --add-opens=java.prefs/java.util.prefs=ALL-UNNAMED --add-opens=java.base/java.nio.charset=ALL-UNNAMED --add-opens=java.base/java.net=ALL-UNNAMED --add-opens=java.base/java.util.concurrent.atomic=ALL-UNNAMED -Xmx4096m -Dfile.encoding=windows-1252 -Duser.country=US -Duser.language=en -Duser.variant org.gradle.launcher.daemon.bootstrap.GradleDaemon 7.5

Host: 11th Gen Intel(R) Core(TM) i5-1135G7 @ 2.40GHz, 8 cores, 7G,  Windows 11 , 64 bit Build 22621 (10.0.22621.2070)
Time: Mon Aug 14 16:41:37 2023 Azerbaijan Standard Time elapsed time: 19.087227 seconds (0d 0h 0m 19s)

---------------  T H R E A D  ---------------

Current thread (0x000001a60f07e800):  JavaThread "C2 CompilerThread0" daemon [_thread_in_native, id=12060, stack(0x000000234dc00000,0x000000234dd00000)]


Current CompileTask:
C2:  19087 5041 %     4       org.objectweb.asm.ClassReader::readCode @ 92 (5109 bytes)

Stack: [0x000000234dc00000,0x000000234dd00000]
Native frames: (J=compiled Java code, j=interpreted, Vv=VM code, C=native code)
V  [jvm.dll+0x64135a]
V  [jvm.dll+0x7d39f9]
V  [jvm.dll+0x7d51b9]
V  [jvm.dll+0x7d58a3]
V  [jvm.dll+0x2691c5]
V  [jvm.dll+0xc1a5c]
V  [jvm.dll+0xc200c]
V  [jvm.dll+0x377462]
V  [jvm.dll+0x342495]
V  [jvm.dll+0x34186a]
V  [jvm.dll+0x2214bd]
V  [jvm.dll+0x220498]
V  [jvm.dll+0x19e851]
V  [jvm.dll+0x230479]
V  [jvm.dll+0x22e5ef]
V  [jvm.dll+0x794de1]
V  [jvm.dll+0x78dc24]
V  [jvm.dll+0x6400f6]
C  [ucrtbase.dll+0x29363]
C  [KERNEL32.DLL+0x126ad]
C  [ntdll.dll+0x5aa68]


---------------  P R O C E S S  ---------------

Threads class SMR info:
_java_thread_list=0x000001a611e7c8d0, length=40, elements={
0x000001a66f5df000, 0x000001a67f7ab800, 0x000001a67f7b6000, 0x000001a60f077000,
0x000001a60f07a800, 0x000001a60f07c800, 0x000001a60f07e800, 0x000001a60f080000,
0x000001a60f091800, 0x000001a60f206800, 0x000001a6103fa000, 0x000001a6113ec000,
0x000001a6113e9000, 0x000001a611816000, 0x000001a61150f800, 0x000001a610180000,
0x000001a6113e5000, 0x000001a6112fb000, 0x000001a610167800, 0x000001a611309800,
0x000001a610861000, 0x000001a610862000, 0x000001a610863000, 0x000001a610863800,
0x000001a611a08800, 0x000001a611a06800, 0x000001a611a0b000, 0x000001a611a0b800,
0x000001a611a07800, 0x000001a611a06000, 0x000001a611a0c800, 0x000001a611a0a000,
0x000001a611a0d000, 0x000001a611a0e000, 0x000001a611a0f000, 0x000001a611a09000,
0x000001a611a13000, 0x000001a611a0f800, 0x000001a611a10800, 0x000001a611a12000
}

Java Threads: ( => current thread )
  0x000001a66f5df000 JavaThread "main" [_thread_blocked, id=14824, stack(0x000000234d000000,0x000000234d100000)]
  0x000001a67f7ab800 JavaThread "Reference Handler" daemon [_thread_blocked, id=16784, stack(0x000000234d700000,0x000000234d800000)]
  0x000001a67f7b6000 JavaThread "Finalizer" daemon [_thread_blocked, id=22816, stack(0x000000234d800000,0x000000234d900000)]
  0x000001a60f077000 JavaThread "Signal Dispatcher" daemon [_thread_blocked, id=12892, stack(0x000000234d900000,0x000000234da00000)]
  0x000001a60f07a800 JavaThread "Attach Listener" daemon [_thread_blocked, id=13940, stack(0x000000234da00000,0x000000234db00000)]
  0x000001a60f07c800 JavaThread "Service Thread" daemon [_thread_blocked, id=16208, stack(0x000000234db00000,0x000000234dc00000)]
=>0x000001a60f07e800 JavaThread "C2 CompilerThread0" daemon [_thread_in_native, id=12060, stack(0x000000234dc00000,0x000000234dd00000)]
  0x000001a60f080000 JavaThread "C1 CompilerThread0" daemon [_thread_blocked, id=9160, stack(0x000000234dd00000,0x000000234de00000)]
  0x000001a60f091800 JavaThread "Sweeper thread" daemon [_thread_blocked, id=4204, stack(0x000000234de00000,0x000000234df00000)]
  0x000001a60f206800 JavaThread "Common-Cleaner" daemon [_thread_blocked, id=7924, stack(0x000000234df00000,0x000000234e000000)]
  0x000001a6103fa000 JavaThread "Daemon health stats" [_thread_blocked, id=20044, stack(0x000000234e200000,0x000000234e300000)]
  0x000001a6113ec000 JavaThread "Incoming local TCP Connector on port 57483" [_thread_in_native, id=18336, stack(0x000000234e300000,0x000000234e400000)]
  0x000001a6113e9000 JavaThread "Daemon periodic checks" [_thread_blocked, id=9684, stack(0x000000234e400000,0x000000234e500000)]
  0x000001a611816000 JavaThread "Daemon" [_thread_blocked, id=19884, stack(0x000000234e500000,0x000000234e600000)]
  0x000001a61150f800 JavaThread "Handler for socket connection from /127.0.0.1:57483 to /127.0.0.1:57484" [_thread_in_native, id=22428, stack(0x000000234e600000,0x000000234e700000)]
  0x000001a610180000 JavaThread "Cancel handler" [_thread_blocked, id=2940, stack(0x000000234e700000,0x000000234e800000)]
  0x000001a6113e5000 JavaThread "Daemon worker" [_thread_blocked, id=20788, stack(0x000000234e800000,0x000000234e900000)]
  0x000001a6112fb000 JavaThread "Asynchronous log dispatcher for DefaultDaemonConnection: socket connection from /127.0.0.1:57483 to /127.0.0.1:57484" [_thread_blocked, id=13228, stack(0x000000234e900000,0x000000234ea00000)]
  0x000001a610167800 JavaThread "Stdin handler" [_thread_blocked, id=21988, stack(0x000000234ea00000,0x000000234eb00000)]
  0x000001a611309800 JavaThread "Daemon client event forwarder" [_thread_blocked, id=14476, stack(0x000000234eb00000,0x000000234ec00000)]
  0x000001a610861000 JavaThread "Cache worker for journal cache (C:\Users\BUTA\.gradle\caches\journal-1)" [_thread_blocked, id=12904, stack(0x000000234f200000,0x000000234f300000)]
  0x000001a610862000 JavaThread "File lock request listener" [_thread_in_native, id=16804, stack(0x000000234f300000,0x000000234f400000)]
  0x000001a610863000 JavaThread "Cache worker for file hash cache (C:\Users\BUTA\.gradle\caches\7.5\fileHashes)" [_thread_blocked, id=7928, stack(0x000000234f500000,0x000000234f600000)]
  0x000001a610863800 JavaThread "File watcher server" daemon [_thread_in_native, id=2392, stack(0x000000234f600000,0x000000234f700000)]
  0x000001a611a08800 JavaThread "File watcher consumer" daemon [_thread_blocked, id=12372, stack(0x000000234f700000,0x000000234f800000)]
  0x000001a611a06800 JavaThread "File lock release action executor" [_thread_blocked, id=21948, stack(0x000000234f800000,0x000000234f900000)]
  0x000001a611a0b000 JavaThread "jar transforms" [_thread_in_vm, id=21168, stack(0x000000234f900000,0x000000234fa00000)]
  0x000001a611a0b800 JavaThread "jar transforms Thread 2" [_thread_blocked, id=7224, stack(0x000000234fa00000,0x000000234fb00000)]
  0x000001a611a07800 JavaThread "jar transforms Thread 3" [_thread_blocked, id=6568, stack(0x000000234fb00000,0x000000234fc00000)]
  0x000001a611a06000 JavaThread "jar transforms Thread 4" [_thread_blocked, id=4720, stack(0x000000234fc00000,0x000000234fd00000)]
  0x000001a611a0c800 JavaThread "jar transforms Thread 5" [_thread_blocked, id=19880, stack(0x000000234fd00000,0x000000234fe00000)]
  0x000001a611a0a000 JavaThread "jar transforms Thread 6" [_thread_blocked, id=23164, stack(0x000000234fe00000,0x000000234ff00000)]
  0x000001a611a0d000 JavaThread "jar transforms Thread 7" [_thread_blocked, id=8904, stack(0x000000234ff00000,0x0000002350000000)]
  0x000001a611a0e000 JavaThread "jar transforms Thread 8" [_thread_in_Java, id=13504, stack(0x0000002350000000,0x0000002350100000)]
  0x000001a611a0f000 JavaThread "Cache worker for checksums cache (C:\Users\BUTA\OneDrive\Desktop\isMobileApp\AwesomeProject\android\.gradle\7.5\checksums)" [_thread_blocked, id=24416, stack(0x0000002350100000,0x0000002350200000)]
  0x000001a611a09000 JavaThread "Cache worker for cache directory md-rule (C:\Users\BUTA\.gradle\caches\7.5\md-rule)" [_thread_blocked, id=19392, stack(0x0000002350200000,0x0000002350300000)]
  0x000001a611a13000 JavaThread "Cache worker for file content cache (C:\Users\BUTA\.gradle\caches\7.5\fileContent)" [_thread_blocked, id=11500, stack(0x0000002350300000,0x0000002350400000)]
  0x000001a611a0f800 JavaThread "Cache worker for file hash cache (C:\Users\BUTA\OneDrive\Desktop\isMobileApp\AwesomeProject\android\.gradle\7.5\fileHashes)" [_thread_blocked, id=18684, stack(0x0000002350400000,0x0000002350500000)]
  0x000001a611a10800 JavaThread "Cache worker for cache directory md-supplier (C:\Users\BUTA\.gradle\caches\7.5\md-supplier)" [_thread_blocked, id=13168, stack(0x0000002350500000,0x0000002350600000)]
  0x000001a611a12000 JavaThread "Cache worker for execution history cache (C:\Users\BUTA\.gradle\caches\7.5\executionHistory)" [_thread_blocked, id=20356, stack(0x0000002350600000,0x0000002350700000)]

Other Threads:
  0x000001a60f02b800 VMThread "VM Thread" [stack: 0x000000234d600000,0x000000234d700000] [id=6480] _threads_hazard_ptr=0x000001a611e7c8d0
  0x000001a60f20b000 WatcherThread [stack: 0x000000234e000000,0x000000234e100000] [id=24332]
  0x000001a66f5f9000 GCTaskThread "GC Thread#0" [stack: 0x000000234d100000,0x000000234d200000] [id=5856]
  0x000001a60fce8800 GCTaskThread "GC Thread#1" [stack: 0x000000234e100000,0x000000234e200000] [id=17356]
  0x000001a611328000 GCTaskThread "GC Thread#2" [stack: 0x000000234ec00000,0x000000234ed00000] [id=21968]
  0x000001a611316000 GCTaskThread "GC Thread#3" [stack: 0x000000234ed00000,0x000000234ee00000] [id=1464]
  0x000001a611317000 GCTaskThread "GC Thread#4" [stack: 0x000000234ee00000,0x000000234ef00000] [id=16068]
  0x000001a61169b800 GCTaskThread "GC Thread#5" [stack: 0x000000234ef00000,0x000000234f000000] [id=12516]
  0x000001a61169c800 GCTaskThread "GC Thread#6" [stack: 0x000000234f000000,0x000000234f100000] [id=11088]
  0x000001a61169d000 GCTaskThread "GC Thread#7" [stack: 0x000000234f100000,0x000000234f200000] [id=21868]
  0x000001a66f659000 ConcurrentGCThread "G1 Main Marker" [stack: 0x000000234d200000,0x000000234d300000] [id=3504]
  0x000001a66f65b000 ConcurrentGCThread "G1 Conc#0" [stack: 0x000000234d300000,0x000000234d400000] [id=22788]
  0x000001a6116e3800 ConcurrentGCThread "G1 Conc#1" [stack: 0x000000234f400000,0x000000234f500000] [id=9844]
  0x000001a66f6ad800 ConcurrentGCThread "G1 Refine#0" [stack: 0x000000234d400000,0x000000234d500000] [id=14264]
  0x000001a66f6ae800 ConcurrentGCThread "G1 Young RemSet Sampling" [stack: 0x000000234d500000,0x000000234d600000] [id=5468]

Threads with active compile tasks:
C2 CompilerThread0    19133 5041 %     4       org.objectweb.asm.ClassReader::readCode @ 92 (5109 bytes)

VM state:synchronizing (normal execution)

VM Mutex/Monitor currently owned by a thread:  ([mutex/lock_event])
[0x000001a66f5db5b0] Safepoint_lock - owner thread: 0x000001a60f02b800
[0x000001a66f5dba30] Threads_lock - owner thread: 0x000001a60f02b800
[0x000001a66f5db250] Heap_lock - owner thread: 0x000001a611a0b000

Heap address: 0x0000000700000000, size: 4096 MB, Compressed Oops mode: Zero based, Oop shift amount: 3
Narrow klass base: 0x0000000800000000, Narrow klass shift: 0
Compressed class space size: 1073741824 Address: 0x0000000800000000

Heap:
 garbage-first heap   total 126976K, used 95913K [0x0000000700000000, 0x0000000800000000)
  region size 1024K, 42 young (43008K), 2 survivors (2048K)
 Metaspace       used 50163K, capacity 51519K, committed 51708K, reserved 1093632K
  class space    used 6408K, capacity 6902K, committed 6988K, reserved 1048576K
Heap Regions: E=young(eden), S=young(survivor), O=old, HS=humongous(starts), HC=humongous(continues), CS=collection set, F=free, A=archive, TAMS=top-at-mark-start (previous, next)
|   0|0x0000000700000000, 0x0000000700100000, 0x0000000700100000|100%| O|  |TAMS 0x0000000700100000, 0x0000000700000000| Untracked 
|   1|0x0000000700100000, 0x0000000700200000, 0x0000000700200000|100%| O|  |TAMS 0x0000000700200000, 0x0000000700100000| Untracked 
|   2|0x0000000700200000, 0x0000000700300000, 0x0000000700300000|100%| O|  |TAMS 0x0000000700300000, 0x0000000700200000| Untracked 
|   3|0x0000000700300000, 0x0000000700400000, 0x0000000700400000|100%|HS|  |TAMS 0x0000000700400000, 0x0000000700300000| Complete 
|   4|0x0000000700400000, 0x0000000700500000, 0x0000000700500000|100%|HC|  |TAMS 0x0000000700500000, 0x0000000700400000| Complete 
|   5|0x0000000700500000, 0x0000000700600000, 0x0000000700600000|100%|HC|  |TAMS 0x0000000700600000, 0x0000000700500000| Complete 
|   6|0x0000000700600000, 0x0000000700700000, 0x0000000700700000|100%| O|  |TAMS 0x0000000700700000, 0x0000000700600000| Untracked 
|   7|0x0000000700700000, 0x0000000700800000, 0x0000000700800000|100%| O|  |TAMS 0x0000000700800000, 0x0000000700700000| Untracked 
|   8|0x0000000700800000, 0x0000000700900000, 0x0000000700900000|100%| O|  |TAMS 0x0000000700900000, 0x0000000700800000| Untracked 
|   9|0x0000000700900000, 0x0000000700a00000, 0x0000000700a00000|100%| O|  |TAMS 0x0000000700a00000, 0x0000000700900000| Untracked 
|  10|0x0000000700a00000, 0x0000000700b00000, 0x0000000700b00000|100%| O|  |TAMS 0x0000000700b00000, 0x0000000700a00000| Untracked 
|  11|0x0000000700b00000, 0x0000000700c00000, 0x0000000700c00000|100%| O|  |TAMS 0x0000000700c00000, 0x0000000700b00000| Untracked 
|  12|0x0000000700c00000, 0x0000000700d00000, 0x0000000700d00000|100%| O|  |TAMS 0x0000000700d00000, 0x0000000700c00000| Untracked 
|  13|0x0000000700d00000, 0x0000000700e00000, 0x0000000700e00000|100%| O|  |TAMS 0x0000000700e00000, 0x0000000700d00000| Untracked 
|  14|0x0000000700e00000, 0x0000000700f00000, 0x0000000700f00000|100%| O|  |TAMS 0x0000000700f00000, 0x0000000700e00000| Untracked 
|  15|0x0000000700f00000, 0x0000000701000000, 0x0000000701000000|100%| O|  |TAMS 0x0000000701000000, 0x0000000700f00000| Untracked 
|  16|0x0000000701000000, 0x0000000701100000, 0x0000000701100000|100%|HS|  |TAMS 0x0000000701100000, 0x0000000701000000| Complete 
|  17|0x0000000701100000, 0x0000000701200000, 0x0000000701200000|100%|HC|  |TAMS 0x0000000701200000, 0x0000000701100000| Complete 
|  18|0x0000000701200000, 0x0000000701300000, 0x0000000701300000|100%|HS|  |TAMS 0x0000000701300000, 0x0000000701200000| Complete 
|  19|0x0000000701300000, 0x0000000701400000, 0x0000000701400000|100%|HC|  |TAMS 0x0000000701400000, 0x0000000701300000| Complete 
|  20|0x0000000701400000, 0x0000000701500000, 0x0000000701500000|100%|HC|  |TAMS 0x0000000701500000, 0x0000000701400000| Complete 
|  21|0x0000000701500000, 0x0000000701600000, 0x0000000701600000|100%|HS|  |TAMS 0x0000000701600000, 0x0000000701500000| Complete 
|  22|0x0000000701600000, 0x0000000701700000, 0x0000000701700000|100%|HC|  |TAMS 0x0000000701700000, 0x0000000701600000| Complete 
|  23|0x0000000701700000, 0x0000000701800000, 0x0000000701800000|100%|HC|  |TAMS 0x0000000701800000, 0x0000000701700000| Complete 
|  24|0x0000000701800000, 0x0000000701900000, 0x0000000701900000|100%|HS|  |TAMS 0x0000000701900000, 0x0000000701800000| Complete 
|  25|0x0000000701900000, 0x0000000701a00000, 0x0000000701a00000|100%|HC|  |TAMS 0x0000000701a00000, 0x0000000701900000| Complete 
|  26|0x0000000701a00000, 0x0000000701b00000, 0x0000000701b00000|100%|HS|  |TAMS 0x0000000701b00000, 0x0000000701a00000| Complete 
|  27|0x0000000701b00000, 0x0000000701c00000, 0x0000000701c00000|100%|HC|  |TAMS 0x0000000701c00000, 0x0000000701b00000| Complete 
|  28|0x0000000701c00000, 0x0000000701d00000, 0x0000000701d00000|100%|HC|  |TAMS 0x0000000701d00000, 0x0000000701c00000| Complete 
|  29|0x0000000701d00000, 0x0000000701e00000, 0x0000000701e00000|100%|HC|  |TAMS 0x0000000701e00000, 0x0000000701d00000| Complete 
|  30|0x0000000701e00000, 0x0000000701f00000, 0x0000000701f00000|100%|HC|  |TAMS 0x0000000701f00000, 0x0000000701e00000| Complete 
|  31|0x0000000701f00000, 0x0000000702000000, 0x0000000702000000|100%| O|  |TAMS 0x0000000702000000, 0x0000000701f00000| Untracked 
|  32|0x0000000702000000, 0x0000000702100000, 0x0000000702100000|100%| O|  |TAMS 0x0000000702100000, 0x0000000702000000| Untracked 
|  33|0x0000000702100000, 0x0000000702200000, 0x0000000702200000|100%| O|  |TAMS 0x0000000702200000, 0x0000000702100000| Untracked 
|  34|0x0000000702200000, 0x0000000702300000, 0x0000000702300000|100%| O|  |TAMS 0x0000000702300000, 0x0000000702200000| Untracked 
|  35|0x0000000702300000, 0x0000000702400000, 0x0000000702400000|100%| O|  |TAMS 0x0000000702400000, 0x0000000702300000| Untracked 
|  36|0x0000000702400000, 0x0000000702500000, 0x0000000702500000|100%| O|  |TAMS 0x0000000702500000, 0x0000000702400000| Untracked 
|  37|0x0000000702500000, 0x0000000702600000, 0x0000000702600000|100%| O|  |TAMS 0x0000000702600000, 0x0000000702500000| Untracked 
|  38|0x0000000702600000, 0x0000000702600000, 0x0000000702700000|  0%| F|  |TAMS 0x0000000702600000, 0x0000000702600000| Untracked 
|  39|0x0000000702700000, 0x0000000702700000, 0x0000000702800000|  0%| F|  |TAMS 0x0000000702700000, 0x0000000702700000| Untracked 
|  40|0x0000000702800000, 0x0000000702900000, 0x0000000702900000|100%| O|  |TAMS 0x0000000702900000, 0x0000000702800000| Untracked 
|  41|0x0000000702900000, 0x0000000702a00000, 0x0000000702a00000|100%| O|  |TAMS 0x0000000702a00000, 0x0000000702900000| Untracked 
|  42|0x0000000702a00000, 0x0000000702b00000, 0x0000000702b00000|100%| O|  |TAMS 0x0000000702b00000, 0x0000000702a00000| Untracked 
|  43|0x0000000702b00000, 0x0000000702c00000, 0x0000000702c00000|100%| O|  |TAMS 0x0000000702c00000, 0x0000000702b00000| Untracked 
|  44|0x0000000702c00000, 0x0000000702d00000, 0x0000000702d00000|100%| O|  |TAMS 0x0000000702d00000, 0x0000000702c00000| Untracked 
|  45|0x0000000702d00000, 0x0000000702e00000, 0x0000000702e00000|100%|HS|  |TAMS 0x0000000702e00000, 0x0000000702d00000| Complete 
|  46|0x0000000702e00000, 0x0000000702f00000, 0x0000000702f00000|100%|HC|  |TAMS 0x0000000702f00000, 0x0000000702e00000| Complete 
|  47|0x0000000702f00000, 0x0000000703000000, 0x0000000703000000|100%|HS|  |TAMS 0x0000000702f00000, 0x0000000702f00000| Complete 
|  48|0x0000000703000000, 0x0000000703100000, 0x0000000703100000|100%|HC|  |TAMS 0x0000000703000000, 0x0000000703000000| Complete 
|  49|0x0000000703100000, 0x0000000703200000, 0x0000000703200000|100%|HC|  |TAMS 0x0000000703100000, 0x0000000703100000| Complete 
|  50|0x0000000703200000, 0x0000000703300000, 0x0000000703300000|100%|HC|  |TAMS 0x0000000703200000, 0x0000000703200000| Complete 
|  51|0x0000000703300000, 0x0000000703400000, 0x0000000703400000|100%|HC|  |TAMS 0x0000000703300000, 0x0000000703300000| Complete 
|  52|0x0000000703400000, 0x0000000703500000, 0x0000000703500000|100%| O|  |TAMS 0x0000000703500000, 0x0000000703400000| Untracked 
|  53|0x0000000703500000, 0x0000000703600000, 0x0000000703600000|100%| O|  |TAMS 0x0000000703600000, 0x0000000703500000| Untracked 
|  54|0x0000000703600000, 0x0000000703700000, 0x0000000703700000|100%| O|  |TAMS 0x0000000703700000, 0x0000000703600000| Untracked 
|  55|0x0000000703700000, 0x0000000703700000, 0x0000000703800000|  0%| F|  |TAMS 0x0000000703700000, 0x0000000703700000| Untracked 
|  56|0x0000000703800000, 0x0000000703800000, 0x0000000703900000|  0%| F|  |TAMS 0x0000000703800000, 0x0000000703800000| Untracked 
|  57|0x0000000703900000, 0x0000000703900000, 0x0000000703a00000|  0%| F|  |TAMS 0x0000000703900000, 0x0000000703900000| Untracked 
|  58|0x0000000703a00000, 0x0000000703a00000, 0x0000000703b00000|  0%| F|  |TAMS 0x0000000703a00000, 0x0000000703a00000| Untracked 
|  59|0x0000000703b00000, 0x0000000703b00000, 0x0000000703c00000|  0%| F|  |TAMS 0x0000000703b00000, 0x0000000703b00000| Untracked 
|  60|0x0000000703c00000, 0x0000000703c00000, 0x0000000703d00000|  0%| F|  |TAMS 0x0000000703c00000, 0x0000000703c00000| Untracked 
|  61|0x0000000703d00000, 0x0000000703d00000, 0x0000000703e00000|  0%| F|  |TAMS 0x0000000703d00000, 0x0000000703d00000| Untracked 
|  62|0x0000000703e00000, 0x0000000703e00000, 0x0000000703f00000|  0%| F|  |TAMS 0x0000000703e00000, 0x0000000703e00000| Untracked 
|  63|0x0000000703f00000, 0x0000000703f00000, 0x0000000704000000|  0%| F|  |TAMS 0x0000000703f00000, 0x0000000703f00000| Untracked 
|  64|0x0000000704000000, 0x0000000704000000, 0x0000000704100000|  0%| F|  |TAMS 0x0000000704000000, 0x0000000704000000| Untracked 
|  65|0x0000000704100000, 0x0000000704100000, 0x0000000704200000|  0%| F|  |TAMS 0x0000000704100000, 0x0000000704100000| Untracked 
|  66|0x0000000704200000, 0x0000000704200000, 0x0000000704300000|  0%| F|  |TAMS 0x0000000704200000, 0x0000000704200000| Untracked 
|  67|0x0000000704300000, 0x0000000704300000, 0x0000000704400000|  0%| F|  |TAMS 0x0000000704300000, 0x0000000704300000| Untracked 
|  68|0x0000000704400000, 0x0000000704400000, 0x0000000704500000|  0%| F|  |TAMS 0x0000000704400000, 0x0000000704400000| Untracked 
|  69|0x0000000704500000, 0x0000000704500000, 0x0000000704600000|  0%| F|  |TAMS 0x0000000704500000, 0x0000000704500000| Untracked 
|  70|0x0000000704600000, 0x0000000704600000, 0x0000000704700000|  0%| F|  |TAMS 0x0000000704600000, 0x0000000704600000| Untracked 
|  71|0x0000000704700000, 0x0000000704700000, 0x0000000704800000|  0%| F|  |TAMS 0x0000000704700000, 0x0000000704700000| Untracked 
|  72|0x0000000704800000, 0x0000000704800000, 0x0000000704900000|  0%| F|  |TAMS 0x0000000704800000, 0x0000000704800000| Untracked 
|  73|0x0000000704900000, 0x0000000704900000, 0x0000000704a00000|  0%| F|  |TAMS 0x0000000704900000, 0x0000000704900000| Untracked 
|  74|0x0000000704a00000, 0x0000000704a00000, 0x0000000704b00000|  0%| F|  |TAMS 0x0000000704a00000, 0x0000000704a00000| Untracked 
|  75|0x0000000704b00000, 0x0000000704b00000, 0x0000000704c00000|  0%| F|  |TAMS 0x0000000704b00000, 0x0000000704b00000| Untracked 
|  76|0x0000000704c00000, 0x0000000704c00000, 0x0000000704d00000|  0%| F|  |TAMS 0x0000000704c00000, 0x0000000704c00000| Untracked 
|  77|0x0000000704d00000, 0x0000000704d00000, 0x0000000704e00000|  0%| F|  |TAMS 0x0000000704d00000, 0x0000000704d00000| Untracked 
|  78|0x0000000704e00000, 0x0000000704e00000, 0x0000000704f00000|  0%| F|  |TAMS 0x0000000704e00000, 0x0000000704e00000| Untracked 
|  79|0x0000000704f00000, 0x0000000704f35b20, 0x0000000705000000| 20%| S|  |TAMS 0x0000000704f00000, 0x0000000704f00000| Complete 
|  80|0x0000000705000000, 0x0000000705100000, 0x0000000705100000|100%| S|  |TAMS 0x0000000705000000, 0x0000000705000000| Complete 
|  81|0x0000000705100000, 0x0000000705200000, 0x0000000705200000|100%| S|  |TAMS 0x0000000705100000, 0x0000000705100000| Complete 
|  82|0x0000000705200000, 0x0000000705300000, 0x0000000705300000|100%| E|CS|TAMS 0x0000000705200000, 0x0000000705200000| Complete 
|  83|0x0000000705300000, 0x0000000705400000, 0x0000000705400000|100%| E|CS|TAMS 0x0000000705300000, 0x0000000705300000| Complete 
|  84|0x0000000705400000, 0x0000000705500000, 0x0000000705500000|100%| E|CS|TAMS 0x0000000705400000, 0x0000000705400000| Complete 
|  85|0x0000000705500000, 0x0000000705600000, 0x0000000705600000|100%| E|CS|TAMS 0x0000000705500000, 0x0000000705500000| Complete 
|  86|0x0000000705600000, 0x0000000705700000, 0x0000000705700000|100%| E|CS|TAMS 0x0000000705600000, 0x0000000705600000| Complete 
|  87|0x0000000705700000, 0x0000000705800000, 0x0000000705800000|100%| E|CS|TAMS 0x0000000705700000, 0x0000000705700000| Complete 
|  88|0x0000000705800000, 0x0000000705900000, 0x0000000705900000|100%| E|CS|TAMS 0x0000000705800000, 0x0000000705800000| Complete 
|  89|0x0000000705900000, 0x0000000705a00000, 0x0000000705a00000|100%| E|CS|TAMS 0x0000000705900000, 0x0000000705900000| Complete 
|  90|0x0000000705a00000, 0x0000000705b00000, 0x0000000705b00000|100%| E|CS|TAMS 0x0000000705a00000, 0x0000000705a00000| Complete 
|  91|0x0000000705b00000, 0x0000000705c00000, 0x0000000705c00000|100%| E|CS|TAMS 0x0000000705b00000, 0x0000000705b00000| Complete 
|  92|0x0000000705c00000, 0x0000000705d00000, 0x0000000705d00000|100%| E|CS|TAMS 0x0000000705c00000, 0x0000000705c00000| Complete 
|  93|0x0000000705d00000, 0x0000000705e00000, 0x0000000705e00000|100%| E|CS|TAMS 0x0000000705d00000, 0x0000000705d00000| Complete 
|  94|0x0000000705e00000, 0x0000000705f00000, 0x0000000705f00000|100%| E|CS|TAMS 0x0000000705e00000, 0x0000000705e00000| Complete 
|  95|0x0000000705f00000, 0x0000000706000000, 0x0000000706000000|100%| E|CS|TAMS 0x0000000705f00000, 0x0000000705f00000| Complete 
|  96|0x0000000706000000, 0x0000000706100000, 0x0000000706100000|100%| E|CS|TAMS 0x0000000706000000, 0x0000000706000000| Complete 
|  97|0x0000000706100000, 0x0000000706200000, 0x0000000706200000|100%| E|CS|TAMS 0x0000000706100000, 0x0000000706100000| Complete 
|  98|0x0000000706200000, 0x0000000706300000, 0x0000000706300000|100%| E|CS|TAMS 0x0000000706200000, 0x0000000706200000| Complete 
|  99|0x0000000706300000, 0x0000000706400000, 0x0000000706400000|100%| E|CS|TAMS 0x0000000706300000, 0x0000000706300000| Complete 
| 100|0x0000000706400000, 0x0000000706500000, 0x0000000706500000|100%| E|CS|TAMS 0x0000000706400000, 0x0000000706400000| Complete 
| 101|0x0000000706500000, 0x0000000706600000, 0x0000000706600000|100%| E|CS|TAMS 0x0000000706500000, 0x0000000706500000| Complete 
| 102|0x0000000706600000, 0x0000000706700000, 0x0000000706700000|100%| E|CS|TAMS 0x0000000706600000, 0x0000000706600000| Complete 
| 103|0x0000000706700000, 0x0000000706800000, 0x0000000706800000|100%| E|CS|TAMS 0x0000000706700000, 0x0000000706700000| Complete 
| 104|0x0000000706800000, 0x0000000706900000, 0x0000000706900000|100%| E|CS|TAMS 0x0000000706800000, 0x0000000706800000| Complete 
| 105|0x0000000706900000, 0x0000000706a00000, 0x0000000706a00000|100%| E|CS|TAMS 0x0000000706900000, 0x0000000706900000| Complete 
| 106|0x0000000706a00000, 0x0000000706b00000, 0x0000000706b00000|100%| E|CS|TAMS 0x0000000706a00000, 0x0000000706a00000| Complete 
| 107|0x0000000706b00000, 0x0000000706c00000, 0x0000000706c00000|100%| E|CS|TAMS 0x0000000706b00000, 0x0000000706b00000| Complete 
| 108|0x0000000706c00000, 0x0000000706d00000, 0x0000000706d00000|100%| E|CS|TAMS 0x0000000706c00000, 0x0000000706c00000| Complete 
| 109|0x0000000706d00000, 0x0000000706daa600, 0x0000000706e00000| 66%| E|CS|TAMS 0x0000000706d00000, 0x0000000706d00000| Complete 
| 110|0x0000000706e00000, 0x0000000706f00000, 0x0000000706f00000|100%| E|CS|TAMS 0x0000000706e00000, 0x0000000706e00000| Complete 
| 111|0x0000000706f00000, 0x0000000706f00000, 0x0000000707000000|  0%| F|  |TAMS 0x0000000706f00000, 0x0000000706f00000| Complete 
| 112|0x0000000707000000, 0x0000000707000000, 0x0000000707100000|  0%| F|  |TAMS 0x0000000707000000, 0x0000000707000000| Untracked 
| 113|0x0000000707100000, 0x0000000707100000, 0x0000000707200000|  0%| F|  |TAMS 0x0000000707100000, 0x0000000707100000| Untracked 
| 114|0x0000000707200000, 0x0000000707200000, 0x0000000707300000|  0%| F|  |TAMS 0x0000000707200000, 0x0000000707200000| Untracked 
| 115|0x0000000707300000, 0x0000000707300000, 0x0000000707400000|  0%| F|  |TAMS 0x0000000707300000, 0x0000000707300000| Untracked 
| 116|0x0000000707400000, 0x0000000707400000, 0x0000000707500000|  0%| F|  |TAMS 0x0000000707400000, 0x0000000707400000| Untracked 
| 117|0x0000000707500000, 0x0000000707500000, 0x0000000707600000|  0%| F|  |TAMS 0x0000000707500000, 0x0000000707500000| Untracked 
| 118|0x0000000707600000, 0x0000000707600000, 0x0000000707700000|  0%| F|  |TAMS 0x0000000707600000, 0x0000000707600000| Untracked 
| 119|0x0000000707700000, 0x0000000707700000, 0x0000000707800000|  0%| F|  |TAMS 0x0000000707700000, 0x0000000707700000| Untracked 
| 120|0x0000000707800000, 0x0000000707800000, 0x0000000707900000|  0%| F|  |TAMS 0x0000000707800000, 0x0000000707800000| Untracked 
| 121|0x0000000707900000, 0x0000000707900000, 0x0000000707a00000|  0%| F|  |TAMS 0x0000000707900000, 0x0000000707900000| Untracked 
| 122|0x0000000707a00000, 0x0000000707a00000, 0x0000000707b00000|  0%| F|  |TAMS 0x0000000707a00000, 0x0000000707a00000| Untracked 
| 123|0x0000000707b00000, 0x0000000707b68e78, 0x0000000707c00000| 40%| E|  |TAMS 0x0000000707b00000, 0x0000000707b00000| Complete 

Card table byte_map: [0x000001a673c30000,0x000001a674430000] _byte_map_base: 0x000001a670430000

Marking Bits (Prev, Next): (CMBitMap*) 0x000001a66f648450, (CMBitMap*) 0x000001a66f648418
 Prev Bits: [0x000001a678c30000, 0x000001a67cc30000)
 Next Bits: [0x000001a674c30000, 0x000001a678c30000)

Polling page: 0x000001a66d540000

Metaspace:

Usage:
  Non-class:     43.57 MB capacity,    42.73 MB ( 98%) used,   728.29 KB (  2%) free+waste,   133.56 KB ( <1%) overhead. 
      Class:      6.74 MB capacity,     6.26 MB ( 93%) used,   429.48 KB (  6%) free+waste,    64.06 KB ( <1%) overhead. 
       Both:     50.31 MB capacity,    48.99 MB ( 97%) used,     1.13 MB (  2%) free+waste,   197.62 KB ( <1%) overhead. 

Virtual space:
  Non-class space:       44.00 MB reserved,      43.67 MB (>99%) committed 
      Class space:        1.00 GB reserved,       6.82 MB ( <1%) committed 
             Both:        1.04 GB reserved,      50.50 MB (  5%) committed 

Chunk freelists:
   Non-Class:  39.00 KB
       Class:  10.00 KB
        Both:  49.00 KB

MaxMetaspaceSize: 17179869184.00 GB
CompressedClassSpaceSize: 1.00 GB
Initial GC threshold: 20.80 MB
Current GC threshold: 84.16 MB
CDS: off

CodeHeap 'non-profiled nmethods': size=120000Kb used=2589Kb max_used=2589Kb free=117410Kb
 bounds [0x000001a607ad0000, 0x000001a607d60000, 0x000001a60f000000]
CodeHeap 'profiled nmethods': size=120000Kb used=11074Kb max_used=11074Kb free=108925Kb
 bounds [0x000001a6005a0000, 0x000001a601080000, 0x000001a607ad0000]
CodeHeap 'non-nmethods': size=5760Kb used=2314Kb max_used=2355Kb free=3445Kb
 bounds [0x000001a600000000, 0x000001a600270000, 0x000001a6005a0000]
 total_blobs=5907 nmethods=5104 adapters=715
 compilation: enabled
              stopped_count=0, restarted_count=0
 full_count=0

Compilation events (20 events):
Event: 19.021 Thread 0x000001a60f080000 5180       2       org.apache.tools.zip.ZipOutputStream::writeLocalFileHeader (101 bytes)
Event: 19.022 Thread 0x000001a60f080000 nmethod 5180 0x000001a60105b190 code [0x000001a60105b420, 0x000001a60105bc88]
Event: 19.042 Thread 0x000001a60f080000 5182       2       org.apache.tools.zip.ZipUtil::checkRequestedFeatures (39 bytes)
Event: 19.043 Thread 0x000001a60f080000 nmethod 5182 0x000001a60105c290 code [0x000001a60105c480, 0x000001a60105c8d8]
Event: 19.043 Thread 0x000001a60f080000 5183       2       org.apache.tools.zip.ZipOutputStream::writeDeflated (129 bytes)
Event: 19.043 Thread 0x000001a60f080000 nmethod 5183 0x000001a60105cb10 code [0x000001a60105cd60, 0x000001a60105d408]
Event: 19.054 Thread 0x000001a60f080000 5184       2       org.objectweb.asm.ClassWriter::visitAnnotation (40 bytes)
Event: 19.054 Thread 0x000001a60f080000 nmethod 5184 0x000001a60105d810 code [0x000001a60105da40, 0x000001a60105e1b8]
Event: 19.056 Thread 0x000001a60f080000 5185       2       org.objectweb.asm.FieldWriter::visitAnnotation (40 bytes)
Event: 19.056 Thread 0x000001a60f080000 nmethod 5185 0x000001a60105e490 code [0x000001a60105e6c0, 0x000001a60105ee38]
Event: 19.056 Thread 0x000001a60f080000 5187       2       org.gradle.internal.classpath.InstrumentingBackwardsCompatibilityVisitor::fixInternalNamesForBackwardsCompatibility (31 bytes)
Event: 19.056 Thread 0x000001a60f080000 nmethod 5187 0x000001a60105f110 code [0x000001a60105f2e0, 0x000001a60105f628]
Event: 19.056 Thread 0x000001a60f080000 5186       2       org.gradle.internal.classpath.InstrumentingBackwardsCompatibilityVisitor::visit (28 bytes)
Event: 19.057 Thread 0x000001a60f080000 nmethod 5186 0x000001a60105f790 code [0x000001a60105f980, 0x000001a60105fd88]
Event: 19.057 Thread 0x000001a60f080000 5188   !   2       org.gradle.api.internal.file.archive.impl.JdkZipEntry::withInputStream (74 bytes)
Event: 19.058 Thread 0x000001a60f080000 nmethod 5188 0x000001a60105ff90 code [0x000001a6010601e0, 0x000001a601060778]
Event: 19.062 Thread 0x000001a60f080000 5190       2       org.objectweb.asm.ClassVisitor::visitOuterClass (18 bytes)
Event: 19.063 Thread 0x000001a60f080000 nmethod 5190 0x000001a601060c10 code [0x000001a601060dc0, 0x000001a601060ee8]
Event: 19.066 Thread 0x000001a60f080000 5191       2       org.objectweb.asm.Symbol::getArgumentsAndReturnSizes (23 bytes)
Event: 19.067 Thread 0x000001a60f080000 nmethod 5191 0x000001a601060f90 code [0x000001a601061140, 0x000001a601061288]

GC Heap History (20 events):
Event: 0.771 GC heap before
{Heap before GC invocations=0 (full 0):
 garbage-first heap   total 126976K, used 29696K [0x0000000700000000, 0x0000000800000000)
  region size 1024K, 24 young (24576K), 0 survivors (0K)
 Metaspace       used 9775K, capacity 9968K, committed 10112K, reserved 1058816K
  class space    used 997K, capacity 1069K, committed 1152K, reserved 1048576K
}
Event: 0.778 GC heap after
{Heap after GC invocations=1 (full 0):
 garbage-first heap   total 126976K, used 9206K [0x0000000700000000, 0x0000000800000000)
  region size 1024K, 3 young (3072K), 3 survivors (3072K)
 Metaspace       used 9775K, capacity 9968K, committed 10112K, reserved 1058816K
  class space    used 997K, capacity 1069K, committed 1152K, reserved 1048576K
}
Event: 2.940 GC heap before
{Heap before GC invocations=1 (full 0):
 garbage-first heap   total 126976K, used 82934K [0x0000000700000000, 0x0000000800000000)
  region size 1024K, 74 young (75776K), 3 survivors (3072K)
 Metaspace       used 18191K, capacity 18576K, committed 18688K, reserved 1064960K
  class space    used 2123K, capacity 2290K, committed 2304K, reserved 1048576K
}
Event: 2.969 GC heap after
{Heap after GC invocations=2 (full 0):
 garbage-first heap   total 126976K, used 16175K [0x0000000700000000, 0x0000000800000000)
  region size 1024K, 10 young (10240K), 10 survivors (10240K)
 Metaspace       used 18191K, capacity 18576K, committed 18688K, reserved 1064960K
  class space    used 2123K, capacity 2290K, committed 2304K, reserved 1048576K
}
Event: 3.251 GC heap before
{Heap before GC invocations=2 (full 0):
 garbage-first heap   total 126976K, used 37679K [0x0000000700000000, 0x0000000800000000)
  region size 1024K, 32 young (32768K), 10 survivors (10240K)
 Metaspace       used 20790K, capacity 21166K, committed 21296K, reserved 1069056K
  class space    used 2513K, capacity 2665K, committed 2688K, reserved 1048576K
}
Event: 3.258 GC heap after
{Heap after GC invocations=3 (full 0):
 garbage-first heap   total 126976K, used 17182K [0x0000000700000000, 0x0000000800000000)
  region size 1024K, 1 young (1024K), 1 survivors (1024K)
 Metaspace       used 20790K, capacity 21166K, committed 21296K, reserved 1069056K
  class space    used 2513K, capacity 2665K, committed 2688K, reserved 1048576K
}
Event: 3.879 GC heap before
{Heap before GC invocations=4 (full 0):
 garbage-first heap   total 126976K, used 66334K [0x0000000700000000, 0x0000000800000000)
  region size 1024K, 50 young (51200K), 1 survivors (1024K)
 Metaspace       used 25939K, capacity 26553K, committed 26620K, reserved 1073152K
  class space    used 3347K, capacity 3596K, committed 3660K, reserved 1048576K
}
Event: 3.881 GC heap after
{Heap after GC invocations=5 (full 0):
 garbage-first heap   total 126976K, used 18966K [0x0000000700000000, 0x0000000800000000)
  region size 1024K, 3 young (3072K), 3 survivors (3072K)
 Metaspace       used 25939K, capacity 26553K, committed 26620K, reserved 1073152K
  class space    used 3347K, capacity 3596K, committed 3660K, reserved 1048576K
}
Event: 11.559 GC heap before
{Heap before GC invocations=5 (full 0):
 garbage-first heap   total 126976K, used 89622K [0x0000000700000000, 0x0000000800000000)
  region size 1024K, 57 young (58368K), 3 survivors (3072K)
 Metaspace       used 30905K, capacity 31866K, committed 32124K, reserved 1077248K
  class space    used 4109K, capacity 4429K, committed 4556K, reserved 1048576K
}
Event: 11.563 GC heap after
{Heap after GC invocations=6 (full 0):
 garbage-first heap   total 126976K, used 37927K [0x0000000700000000, 0x0000000800000000)
  region size 1024K, 7 young (7168K), 7 survivors (7168K)
 Metaspace       used 30905K, capacity 31866K, committed 32124K, reserved 1077248K
  class space    used 4109K, capacity 4429K, committed 4556K, reserved 1048576K
}
Event: 12.928 GC heap before
{Heap before GC invocations=6 (full 0):
 garbage-first heap   total 126976K, used 69671K [0x0000000700000000, 0x0000000800000000)
  region size 1024K, 39 young (39936K), 7 survivors (7168K)
 Metaspace       used 34949K, capacity 35889K, committed 35964K, reserved 1081344K
  class space    used 4650K, capacity 5001K, committed 5068K, reserved 1048576K
}
Event: 12.937 GC heap after
{Heap after GC invocations=7 (full 0):
 garbage-first heap   total 126976K, used 39548K [0x0000000700000000, 0x0000000800000000)
  region size 1024K, 6 young (6144K), 6 survivors (6144K)
 Metaspace       used 34949K, capacity 35889K, committed 35964K, reserved 1081344K
  class space    used 4650K, capacity 5001K, committed 5068K, reserved 1048576K
}
Event: 15.135 GC heap before
{Heap before GC invocations=8 (full 0):
 garbage-first heap   total 126976K, used 90748K [0x0000000700000000, 0x0000000800000000)
  region size 1024K, 56 young (57344K), 6 survivors (6144K)
 Metaspace       used 40600K, capacity 41751K, committed 41852K, reserved 1085440K
  class space    used 5366K, capacity 5805K, committed 5836K, reserved 1048576K
}
Event: 15.143 GC heap after
{Heap after GC invocations=9 (full 0):
 garbage-first heap   total 126976K, used 43198K [0x0000000700000000, 0x0000000800000000)
  region size 1024K, 5 young (5120K), 5 survivors (5120K)
 Metaspace       used 40600K, capacity 41751K, committed 41852K, reserved 1085440K
  class space    used 5366K, capacity 5805K, committed 5836K, reserved 1048576K
}
Event: 17.273 GC heap before
{Heap before GC invocations=9 (full 0):
 garbage-first heap   total 126976K, used 95422K [0x0000000700000000, 0x0000000800000000)
  region size 1024K, 54 young (55296K), 5 survivors (5120K)
 Metaspace       used 47290K, capacity 48605K, committed 48764K, reserved 1091584K
  class space    used 6029K, capacity 6508K, committed 6604K, reserved 1048576K
}
Event: 17.282 GC heap after
{Heap after GC invocations=10 (full 0):
 garbage-first heap   total 126976K, used 47621K [0x0000000700000000, 0x0000000800000000)
  region size 1024K, 5 young (5120K), 5 survivors (5120K)
 Metaspace       used 47290K, capacity 48605K, committed 48764K, reserved 1091584K
  class space    used 6029K, capacity 6508K, committed 6604K, reserved 1048576K
}
Event: 18.597 GC heap before
{Heap before GC invocations=10 (full 0):
 garbage-first heap   total 126976K, used 103941K [0x0000000700000000, 0x0000000800000000)
  region size 1024K, 52 young (53248K), 5 survivors (5120K)
 Metaspace       used 49946K, capacity 51213K, committed 51452K, reserved 1093632K
  class space    used 6410K, capacity 6907K, committed 6988K, reserved 1048576K
}
Event: 18.604 GC heap after
{Heap after GC invocations=11 (full 0):
 garbage-first heap   total 126976K, used 57072K [0x0000000700000000, 0x0000000800000000)
  region size 1024K, 3 young (3072K), 3 survivors (3072K)
 Metaspace       used 49946K, capacity 51213K, committed 51452K, reserved 1093632K
  class space    used 6410K, capacity 6907K, committed 6988K, reserved 1048576K
}
Event: 18.735 GC heap before
{Heap before GC invocations=11 (full 0):
 garbage-first heap   total 126976K, used 69360K [0x0000000700000000, 0x0000000800000000)
  region size 1024K, 16 young (16384K), 3 survivors (3072K)
 Metaspace       used 50009K, capacity 51277K, committed 51452K, reserved 1093632K
  class space    used 6410K, capacity 6907K, committed 6988K, reserved 1048576K
}
Event: 18.738 GC heap after
{Heap after GC invocations=12 (full 0):
 garbage-first heap   total 126976K, used 50857K [0x0000000700000000, 0x0000000800000000)
  region size 1024K, 2 young (2048K), 2 survivors (2048K)
 Metaspace       used 50009K, capacity 51277K, committed 51452K, reserved 1093632K
  class space    used 6410K, capacity 6907K, committed 6988K, reserved 1048576K
}

Deoptimization events (20 events):
Event: 18.793 Thread 0x000001a611a0b000 DEOPT PACKING pc=0x000001a600ff161b sp=0x000000234f9fddf0
Event: 18.793 Thread 0x000001a611a0b000 DEOPT UNPACKING pc=0x000001a600049d0e sp=0x000000234f9fd260 mode 0
Event: 18.795 Thread 0x000001a611a0b000 DEOPT PACKING pc=0x000001a600ff161b sp=0x000000234f9fe160
Event: 18.795 Thread 0x000001a611a0b000 DEOPT UNPACKING pc=0x000001a600049d0e sp=0x000000234f9fd5d0 mode 0
Event: 18.796 Thread 0x000001a611a0b000 DEOPT PACKING pc=0x000001a600ff161b sp=0x000000234f9fe160
Event: 18.796 Thread 0x000001a611a0b000 DEOPT UNPACKING pc=0x000001a600049d0e sp=0x000000234f9fd5d0 mode 0
Event: 18.796 Thread 0x000001a611a0b000 DEOPT PACKING pc=0x000001a600ff161b sp=0x000000234f9fdf60
Event: 18.796 Thread 0x000001a611a0b000 DEOPT UNPACKING pc=0x000001a600049d0e sp=0x000000234f9fd3d0 mode 0
Event: 18.803 Thread 0x000001a611a0b000 DEOPT PACKING pc=0x000001a600ff161b sp=0x000000234f9fdff0
Event: 18.803 Thread 0x000001a611a0b000 DEOPT UNPACKING pc=0x000001a600049d0e sp=0x000000234f9fd460 mode 0
Event: 18.804 Thread 0x000001a611a0b000 DEOPT PACKING pc=0x000001a600ff161b sp=0x000000234f9fdc00
Event: 18.804 Thread 0x000001a611a0b000 DEOPT UNPACKING pc=0x000001a600049d0e sp=0x000000234f9fd070 mode 0
Event: 18.806 Thread 0x000001a611a0b000 DEOPT PACKING pc=0x000001a600ff161b sp=0x000000234f9fdc00
Event: 18.806 Thread 0x000001a611a0b000 DEOPT UNPACKING pc=0x000001a600049d0e sp=0x000000234f9fd070 mode 0
Event: 18.931 Thread 0x000001a611a0e000 DEOPT PACKING pc=0x000001a601001f32 sp=0x00000023500fe3d0
Event: 18.931 Thread 0x000001a611a0e000 DEOPT UNPACKING pc=0x000001a600049d0e sp=0x00000023500fd8e0 mode 0
Event: 18.946 Thread 0x000001a611a0e000 DEOPT PACKING pc=0x000001a601032826 sp=0x00000023500fe020
Event: 18.946 Thread 0x000001a611a0e000 DEOPT UNPACKING pc=0x000001a600049d0e sp=0x00000023500fd558 mode 0
Event: 18.947 Thread 0x000001a611a0e000 DEOPT PACKING pc=0x000001a601032826 sp=0x00000023500fda00
Event: 18.947 Thread 0x000001a611a0e000 DEOPT UNPACKING pc=0x000001a600049d0e sp=0x00000023500fcf18 mode 0

Classes redefined (0 events):
No events

Internal exceptions (20 events):
Event: 17.314 Thread 0x000001a6113e5000 Exception <a 'java/lang/ClassNotFoundException'{0x00000007077b7730}: org/apache/groovy/parser/antlr4/util/StringUtils$3Customizer> (0x00000007077b7730) thrown at [src/hotspot/share/classfile/systemDictionary.cpp, line 230]
Event: 17.408 Thread 0x000001a611a06000 Exception <a 'sun/nio/fs/WindowsException'{0x000000070751d7f8}> (0x000000070751d7f8) thrown at [src/hotspot/share/prims/jni.cpp, line 617]
Event: 17.417 Thread 0x000001a611a06000 Exception <a 'sun/nio/fs/WindowsException'{0x00000007075578a0}> (0x00000007075578a0) thrown at [src/hotspot/share/prims/jni.cpp, line 617]
Event: 17.417 Thread 0x000001a611a06000 Exception <a 'sun/nio/fs/WindowsException'{0x0000000707557a10}> (0x0000000707557a10) thrown at [src/hotspot/share/prims/jni.cpp, line 617]
Event: 17.426 Thread 0x000001a6113e5000 Exception <a 'java/lang/ClassNotFoundException'{0x00000007075d4f20}: sync_studio_tooling6_ah9y5kniswx1tbltncqywk79fBeanInfo> (0x00000007075d4f20) thrown at [src/hotspot/share/classfile/systemDictionary.cpp, line 230]
Event: 17.427 Thread 0x000001a6113e5000 Exception <a 'java/lang/ClassNotFoundException'{0x00000007075e19b0}: sync_studio_tooling6_ah9y5kniswx1tbltncqywk79fCustomizer> (0x00000007075e19b0) thrown at [src/hotspot/share/classfile/systemDictionary.cpp, line 230]
Event: 17.437 Thread 0x000001a6113e5000 Exception <a 'java/lang/ClassNotFoundException'{0x000000070745acd8}: org/gradle/internal/metaobject/ConfigureDelegateBeanInfo> (0x000000070745acd8) thrown at [src/hotspot/share/classfile/systemDictionary.cpp, line 230]
Event: 17.437 Thread 0x000001a6113e5000 Exception <a 'java/lang/ClassNotFoundException'{0x0000000707480ad8}: org/gradle/internal/metaobject/ConfigureDelegateCustomizer> (0x0000000707480ad8) thrown at [src/hotspot/share/classfile/systemDictionary.cpp, line 230]
Event: 17.444 Thread 0x000001a6113e5000 Exception <a 'java/lang/ClassNotFoundException'{0x0000000707302270}: org/gradle/api/internal/initialization/DefaultScriptHandlerBeanInfo> (0x0000000707302270) thrown at [src/hotspot/share/classfile/systemDictionary.cpp, line 230]
Event: 17.445 Thread 0x000001a6113e5000 Exception <a 'java/lang/ClassNotFoundException'{0x000000070732b4c0}: org/gradle/api/internal/initialization/DefaultScriptHandlerCustomizer> (0x000000070732b4c0) thrown at [src/hotspot/share/classfile/systemDictionary.cpp, line 230]
Event: 17.708 Thread 0x000001a6113e5000 Implicit null exception at 0x000001a607cc966c to 0x000001a607cc9714
Event: 17.721 Thread 0x000001a6113e5000 Exception <a 'java/lang/ClassNotFoundException'{0x0000000706ac2a68}: org/gradle/api/internal/artifacts/dsl/dependencies/DefaultDependencyHandler_DecoratedBeanInfo> (0x0000000706ac2a68) thrown at [src/hotspot/share/classfile/systemDictionary.cpp, line 230]
Event: 17.722 Thread 0x000001a6113e5000 Exception <a 'java/lang/ClassNotFoundException'{0x0000000706900d08}: org/gradle/api/internal/artifacts/dsl/dependencies/DefaultDependencyHandlerBeanInfo> (0x0000000706900d08) thrown at [src/hotspot/share/classfile/systemDictionary.cpp, line 230]
Event: 17.723 Thread 0x000001a6113e5000 Exception <a 'java/lang/ClassNotFoundException'{0x000000070693e730}: org/gradle/api/internal/artifacts/dsl/dependencies/DefaultDependencyHandlerCustomizer> (0x000000070693e730) thrown at [src/hotspot/share/classfile/systemDictionary.cpp, line 230]
Event: 17.725 Thread 0x000001a6113e5000 Exception <a 'java/lang/ClassNotFoundException'{0x00000007069a6ed8}: org/gradle/api/internal/artifacts/dsl/dependencies/DefaultDependencyHandler_DecoratedCustomizer> (0x00000007069a6ed8) thrown at [src/hotspot/share/classfile/systemDictionary.cpp, line 230]
Event: 17.846 Thread 0x000001a6113e5000 Exception <a 'java/lang/NoSuchMethodError'{0x00000007066e78d0}: 'java.lang.Object java.lang.invoke.DirectMethodHandle$Holder.invokeStatic(java.lang.Object, int, java.lang.Object)'> (0x00000007066e78d0) thrown at [src/hotspot/share/interpreter/linkResolver.cpp, line 773]
Event: 18.088 Thread 0x000001a6113e5000 Exception <a 'java/lang/IncompatibleClassChangeError'{0x0000000705d5ec38}: Found class java.lang.Object, but interface was expected> (0x0000000705d5ec38) thrown at [src/hotspot/share/interpreter/linkResolver.cpp, line 839]
Event: 18.464 Thread 0x000001a6113e5000 Exception <a 'java/lang/NoSuchMethodError'{0x000000070532cfd0}: 'int java.lang.invoke.DirectMethodHandle$Holder.invokeStaticInit(java.lang.Object)'> (0x000000070532cfd0) thrown at [src/hotspot/share/interpreter/linkResolver.cpp, line 773]
Event: 18.503 Thread 0x000001a611a0e000 Exception <a 'sun/nio/fs/WindowsException'{0x00000007050f6138}> (0x00000007050f6138) thrown at [src/hotspot/share/prims/jni.cpp, line 617]
Event: 18.691 Thread 0x000001a611a0b000 Exception <a 'sun/nio/fs/WindowsException'{0x000000070715f818}> (0x000000070715f818) thrown at [src/hotspot/share/prims/jni.cpp, line 617]

Events (20 events):
Event: 18.488 loading class org/gradle/api/internal/file/archive/ZipEntry$InputStreamAction done
Event: 18.488 loading class org/gradle/api/internal/file/archive/impl/FileZipInput$1$1
Event: 18.488 loading class org/gradle/api/internal/file/archive/impl/FileZipInput$1$1 done
Event: 18.510 loading class org/gradle/internal/classpath/ClasspathWalker$ZipClasspathEntry
Event: 18.510 loading class org/gradle/internal/classpath/ClasspathWalker$ZipClasspathEntry done
Event: 18.510 loading class org/gradle/api/internal/file/archive/impl/JdkZipEntry$1
Event: 18.510 loading class org/gradle/api/internal/file/archive/impl/JdkZipEntry$1 done
Event: 18.593 Executing VM operation: G1CollectForAllocation
Event: 18.604 Executing VM operation: G1CollectForAllocation done
Event: 18.697 Executing VM operation: G1CollectForAllocation
Event: 18.738 Executing VM operation: G1CollectForAllocation done
Event: 18.767 Executing VM operation: CGC_Operation
Event: 18.778 Executing VM operation: CGC_Operation done
Event: 18.793 Executing VM operation: CGC_Operation
Event: 18.793 Executing VM operation: CGC_Operation done
Event: 18.807 loading class org/objectweb/asm/TypeReference
Event: 18.807 loading class org/objectweb/asm/TypeReference done
Event: 18.838 loading class org/objectweb/asm/TypePath
Event: 18.838 loading class org/objectweb/asm/TypePath done
Event: 19.012 Loaded shared library C:\Program Files\Android\Android Studio\jbr\bin\zip.dll


Dynamic libraries:
0x00007ff79ee80000 - 0x00007ff79ee8a000 	C:\Program Files\Android\Android Studio\jbr\bin\java.exe
0x00007ffc3ba30000 - 0x00007ffc3bc44000 	C:\WINDOWS\SYSTEM32\ntdll.dll
0x00007ffc3af00000 - 0x00007ffc3afc4000 	C:\WINDOWS\System32\KERNEL32.DLL
0x00007ffc391c0000 - 0x00007ffc39564000 	C:\WINDOWS\System32\KERNELBASE.dll
0x00007ffc38ec0000 - 0x00007ffc38fd1000 	C:\WINDOWS\System32\ucrtbase.dll
0x00007ffc1e230000 - 0x00007ffc1e247000 	C:\Program Files\Android\Android Studio\jbr\bin\jli.dll
0x00007ffc1b8f0000 - 0x00007ffc1b90b000 	C:\Program Files\Android\Android Studio\jbr\bin\VCRUNTIME140.dll
0x00007ffc3b620000 - 0x00007ffc3b7ca000 	C:\WINDOWS\System32\USER32.dll
0x00007ffc38e10000 - 0x00007ffc38e36000 	C:\WINDOWS\System32\win32u.dll
0x00007ffc15390000 - 0x00007ffc1561f000 	C:\WINDOWS\WinSxS\amd64_microsoft.windows.common-controls_6595b64144ccf1df_6.0.22621.2070_none_2713e6537381f706\COMCTL32.dll
0x00007ffc39db0000 - 0x00007ffc39dd9000 	C:\WINDOWS\System32\GDI32.dll
0x00007ffc3a220000 - 0x00007ffc3a2c7000 	C:\WINDOWS\System32\msvcrt.dll
0x00007ffc390a0000 - 0x00007ffc391b9000 	C:\WINDOWS\System32\gdi32full.dll
0x00007ffc39750000 - 0x00007ffc397ea000 	C:\WINDOWS\System32\msvcp_win.dll
0x00007ffc3a2e0000 - 0x00007ffc3a311000 	C:\WINDOWS\System32\IMM32.DLL
0x00007ffc35cd0000 - 0x00007ffc35cdc000 	C:\Program Files\Android\Android Studio\jbr\bin\vcruntime140_1.dll
0x00007ffbf39d0000 - 0x00007ffbf3a5d000 	C:\Program Files\Android\Android Studio\jbr\bin\msvcp140.dll
0x00007ffbdbd90000 - 0x00007ffbdc94c000 	C:\Program Files\Android\Android Studio\jbr\bin\server\jvm.dll
0x00007ffc3adb0000 - 0x00007ffc3ae60000 	C:\WINDOWS\System32\ADVAPI32.dll
0x00007ffc39e90000 - 0x00007ffc39f36000 	C:\WINDOWS\System32\sechost.dll
0x00007ffc3a320000 - 0x00007ffc3a437000 	C:\WINDOWS\System32\RPCRT4.dll
0x00007ffc3ae60000 - 0x00007ffc3ae68000 	C:\WINDOWS\System32\PSAPI.DLL
0x00007ffc1bf20000 - 0x00007ffc1bf29000 	C:\WINDOWS\SYSTEM32\WSOCK32.dll
0x00007ffc2cad0000 - 0x00007ffc2cb04000 	C:\WINDOWS\SYSTEM32\WINMM.dll
0x00007ffc39b80000 - 0x00007ffc39bf1000 	C:\WINDOWS\System32\WS2_32.dll
0x00007ffc31a20000 - 0x00007ffc31a2a000 	C:\WINDOWS\SYSTEM32\VERSION.dll
0x00007ffc37dc0000 - 0x00007ffc37dd8000 	C:\WINDOWS\SYSTEM32\kernel.appcore.dll
0x00007ffc1f660000 - 0x00007ffc1f670000 	C:\Program Files\Android\Android Studio\jbr\bin\verify.dll
0x00007ffc366b0000 - 0x00007ffc368de000 	C:\WINDOWS\SYSTEM32\DBGHELP.DLL
0x00007ffc397f0000 - 0x00007ffc39b7a000 	C:\WINDOWS\System32\combase.dll
0x00007ffc3a140000 - 0x00007ffc3a217000 	C:\WINDOWS\System32\OLEAUT32.dll
0x00007ffc18170000 - 0x00007ffc181a2000 	C:\WINDOWS\SYSTEM32\dbgcore.DLL
0x00007ffc38e40000 - 0x00007ffc38eba000 	C:\WINDOWS\System32\bcryptPrimitives.dll
0x00007ffc1b440000 - 0x00007ffc1b468000 	C:\Program Files\Android\Android Studio\jbr\bin\java.dll
0x00007ffc1ed00000 - 0x00007ffc1ed0a000 	C:\Program Files\Android\Android Studio\jbr\bin\jimage.dll
0x00007ffc1bf60000 - 0x00007ffc1bf78000 	C:\Program Files\Android\Android Studio\jbr\bin\zip.dll
0x00007ffc3a570000 - 0x00007ffc3ad86000 	C:\WINDOWS\System32\SHELL32.dll
0x00007ffc36d90000 - 0x00007ffc3767a000 	C:\WINDOWS\SYSTEM32\windows.storage.dll
0x00007ffc36c50000 - 0x00007ffc36d8e000 	C:\WINDOWS\SYSTEM32\wintypes.dll
0x00007ffc39f40000 - 0x00007ffc3a033000 	C:\WINDOWS\System32\SHCORE.dll
0x00007ffc3b5c0000 - 0x00007ffc3b61e000 	C:\WINDOWS\System32\shlwapi.dll
0x00007ffc38d40000 - 0x00007ffc38d66000 	C:\WINDOWS\SYSTEM32\profapi.dll
0x00007ffc1b8d0000 - 0x00007ffc1b8e9000 	C:\Program Files\Android\Android Studio\jbr\bin\net.dll
0x00007ffc32dd0000 - 0x00007ffc32f07000 	C:\WINDOWS\SYSTEM32\WINHTTP.dll
0x00007ffc38280000 - 0x00007ffc382e9000 	C:\WINDOWS\system32\mswsock.dll
0x00007ffc1b420000 - 0x00007ffc1b433000 	C:\Program Files\Android\Android Studio\jbr\bin\nio.dll
0x00007ffbfd9b0000 - 0x00007ffbfd9d7000 	C:\Users\BUTA\.gradle\native\e1d6ef7f7dcc3fd88c89a11ec53ec762bb8ba0a96d01ffa2cd45eb1d1d8dd5c5\windows-amd64\native-platform.dll
0x00007ffbe7500000 - 0x00007ffbe7644000 	C:\Users\BUTA\.gradle\native\0d407fdbe67a94daf76414ababcb853783967236a71b16ec16e742cd7a986fd3\windows-amd64\native-platform-file-events.dll
0x00007ffc1e5b0000 - 0x00007ffc1e5ba000 	C:\Program Files\Android\Android Studio\jbr\bin\management.dll
0x00007ffc1e440000 - 0x00007ffc1e44b000 	C:\Program Files\Android\Android Studio\jbr\bin\management_ext.dll
0x00007ffc385a0000 - 0x00007ffc385bb000 	C:\WINDOWS\SYSTEM32\CRYPTSP.dll
0x00007ffc37d80000 - 0x00007ffc37db5000 	C:\WINDOWS\system32\rsaenh.dll
0x00007ffc38320000 - 0x00007ffc3834c000 	C:\WINDOWS\SYSTEM32\USERENV.dll
0x00007ffc386c0000 - 0x00007ffc386e8000 	C:\WINDOWS\SYSTEM32\bcrypt.dll
0x00007ffc38580000 - 0x00007ffc3858c000 	C:\WINDOWS\SYSTEM32\CRYPTBASE.dll
0x00007ffc378e0000 - 0x00007ffc3790d000 	C:\WINDOWS\SYSTEM32\IPHLPAPI.DLL
0x00007ffc3aef0000 - 0x00007ffc3aef9000 	C:\WINDOWS\System32\NSI.dll
0x00007ffc31be0000 - 0x00007ffc31bf9000 	C:\WINDOWS\SYSTEM32\dhcpcsvc6.DLL
0x00007ffc319f0000 - 0x00007ffc31a0f000 	C:\WINDOWS\SYSTEM32\dhcpcsvc.DLL
0x00007ffc37950000 - 0x00007ffc37a43000 	C:\WINDOWS\SYSTEM32\DNSAPI.dll

dbghelp: loaded successfully - version: 4.0.5 - missing functions: none
symbol engine: initialized successfully - sym options: 0x614 - pdb path: .;C:\Program Files\Android\Android Studio\jbr\bin;C:\WINDOWS\SYSTEM32;C:\WINDOWS\WinSxS\amd64_microsoft.windows.common-controls_6595b64144ccf1df_6.0.22621.2070_none_2713e6537381f706;C:\Program Files\Android\Android Studio\jbr\bin\server;C:\Users\BUTA\.gradle\native\e1d6ef7f7dcc3fd88c89a11ec53ec762bb8ba0a96d01ffa2cd45eb1d1d8dd5c5\windows-amd64;C:\Users\BUTA\.gradle\native\0d407fdbe67a94daf76414ababcb853783967236a71b16ec16e742cd7a986fd3\windows-amd64

VM Arguments:
jvm_args: --add-opens=java.base/java.util=ALL-UNNAMED --add-opens=java.base/java.lang=ALL-UNNAMED --add-opens=java.base/java.lang.invoke=ALL-UNNAMED --add-opens=java.base/java.util=ALL-UNNAMED --add-opens=java.prefs/java.util.prefs=ALL-UNNAMED --add-opens=java.prefs/java.util.prefs=ALL-UNNAMED --add-opens=java.base/java.nio.charset=ALL-UNNAMED --add-opens=java.base/java.net=ALL-UNNAMED --add-opens=java.base/java.util.concurrent.atomic=ALL-UNNAMED -Xmx4096m -Dfile.encoding=windows-1252 -Duser.country=US -Duser.language=en -Duser.variant 
java_command: org.gradle.launcher.daemon.bootstrap.GradleDaemon 7.5
java_class_path (initial): C:\Users\BUTA\.gradle\wrapper\dists\gradle-7.5-all\6qsw290k5lz422uaf8jf6m7co\gradle-7.5\lib\gradle-launcher-7.5.jar
Launcher Type: SUN_STANDARD

[Global flags]
     intx CICompilerCount                          = 4                                         {product} {ergonomic}
     uint ConcGCThreads                            = 2                                         {product} {ergonomic}
     uint G1ConcRefinementThreads                  = 8                                         {product} {ergonomic}
   size_t G1HeapRegionSize                         = 1048576                                   {product} {ergonomic}
    uintx GCDrainStackTargetSize                   = 64                                        {product} {ergonomic}
   size_t InitialHeapSize                          = 130023424                                 {product} {ergonomic}
   size_t MarkStackSize                            = 4194304                                   {product} {ergonomic}
   size_t MaxHeapSize                              = 4294967296                                {product} {command line}
   size_t MaxNewSize                               = 2576351232                                {product} {ergonomic}
   size_t MinHeapDeltaBytes                        = 1048576                                   {product} {ergonomic}
    uintx NonNMethodCodeHeapSize                   = 5836300                                {pd product} {ergonomic}
    uintx NonProfiledCodeHeapSize                  = 122910970                              {pd product} {ergonomic}
    uintx ProfiledCodeHeapSize                     = 122910970                              {pd product} {ergonomic}
    uintx ReservedCodeCacheSize                    = 251658240                              {pd product} {ergonomic}
     bool SegmentedCodeCache                       = true                                      {product} {ergonomic}
     bool UseCompressedClassPointers               = true                                 {lp64_product} {ergonomic}
     bool UseCompressedOops                        = true                                 {lp64_product} {ergonomic}
     bool UseG1GC                                  = true                                      {product} {ergonomic}
     bool UseLargePagesIndividualAllocation        = false                                  {pd product} {ergonomic}

Logging:
Log output configuration:
 #0: stdout all=warning uptime,level,tags
 #1: stderr all=off uptime,level,tags

Environment Variables:
JAVA_HOME=C:\Program Files\Microsoft\jdk-11.0.18.10-hotspot\
PATH=C:\Program Files\Microsoft\jdk-11.0.18.10-hotspot\bin;C:\WINDOWS\system32;C:\WINDOWS;C:\WINDOWS\System32\Wbem;C:\WINDOWS\System32\WindowsPowerShell\v1.0\;C:\WINDOWS\System32\OpenSSH\;C:\ProgramData\chocolatey\bin;C:\Program Files\nodejs\;C:\Users\BUTA\AppData\Local\Android\Sdk;D:\programs\MySQL;C:\Program Files\Git\cmd;C:\Program Files\Microsoft SQL Server\150\Tools\Binn\;C:\Program Files\Microsoft SQL Server\Client SDK\ODBC\170\Tools\Binn\;C:\Program Files\dotnet\;C:\Program Files (x86)\Microsoft SQL Server\160\Tools\Binn\;C:\Program Files\Microsoft SQL Server\160\Tools\Binn\;C:\Program Files\Microsoft SQL Server\160\DTS\Binn\;C:\Program Files (x86)\Microsoft SQL Server\160\DTS\Binn\;C:\Program Files\Azure Data Studio\bin;C:\Users\BUTA\AppData\Local\Android\Sdk\platform-tools;C:\Users\BUTA\AppData\Local\Android\Sdk\tools;C:\Users\BUTA\AppData\Local\Microsoft\WindowsApps;C:\Users\BUTA\AppData\Roaming\npm;C:\Users\BUTA\AppData\Local\Programs\Microsoft VS Code\bin;
USERNAME=BUTA
OS=Windows_NT
PROCESSOR_IDENTIFIER=Intel64 Family 6 Model 140 Stepping 1, GenuineIntel



---------------  S Y S T E M  ---------------

OS: Windows 11 , 64 bit Build 22621 (10.0.22621.2070)
OS uptime: 3 days 7:07 hours
Hyper-V role detected

CPU:total 8 (initial active 8) (4 cores per cpu, 2 threads per core) family 6 model 140 stepping 1 microcode 0x8a, cmov, cx8, fxsr, mmx, sse, sse2, sse3, ssse3, sse4.1, sse4.2, popcnt, avx, avx2, aes, clmul, erms, 3dnowpref, lzcnt, ht, tsc, tscinvbit, bmi1, bmi2, adx, evex, sha, fma

Memory: 4k page, system-wide physical 7847M (24M free)
TotalPageFile size 22371M (AvailPageFile size 9M)
current process WorkingSet (physical memory assigned to process): 279M, peak: 279M
current process commit charge ("private bytes"): 318M, peak: 320M

vm_info: OpenJDK 64-Bit Server VM (11.0.15+0-b2043.56-9505619) for windows-amd64 JRE (11.0.15+0-b2043.56-9505619), built on Jan 19 2023 02:48:00 by "builduser" with unknown MS VC++:1929

END.
