#
# There is insufficient memory for the Java Runtime Environment to continue.
# Native memory allocation (malloc) failed to allocate 172896 bytes for Chunk::new
# Possible reasons:
#   The system is out of physical RAM or swap space
#   The process is running with CompressedOops enabled, and the Java Heap may be blocking the growth of the native heap
# Possible solutions:
#   Reduce memory load on the system
#   Increase physical memory or swap space
#   Check if swap backing store is full
#   Decrease Java heap size (-Xmx/-Xms)
#   Decrease number of Java threads
#   Decrease Java thread stack sizes (-Xss)
#   Set larger code cache with -XX:ReservedCodeCacheSize=
#   JVM is running with Unscaled Compressed Oops mode in which the Java heap is
#     placed in the first 4GB address space. The Java Heap base address is the
#     maximum limit for the native heap growth. Please use -XX:HeapBaseMinAddress
#     to set the Java Heap base and to place the Java Heap above 4GB virtual address.
# This output file may be truncated or incomplete.
#
#  Out of Memory Error (./src/hotspot/share/memory/arena.cpp:197), pid=9656, tid=6684
#
# JRE version: OpenJDK Runtime Environment Microsoft-7208460 (11.0.18+10) (build 11.0.18+10-LTS)
# Java VM: OpenJDK 64-Bit Server VM Microsoft-7208460 (11.0.18+10-LTS, mixed mode, tiered, compressed oops, g1 gc, windows-amd64)
# No core dump will be written. Minidumps are not enabled by default on client versions of Windows
#

---------------  S U M M A R Y ------------

Command Line: org.jetbrains.kotlin.cli.jvm.K2JVMCompiler @C:\Users\BUTA\Downloads\APPP-master\AwesomeProject\node_modules\react-native-gesture-handler\android\build\20230905_8108518534711466157.compiler.options

Host: 11th Gen Intel(R) Core(TM) i5-1135G7 @ 2.40GHz, 8 cores, 7G,  Windows 11 , 64 bit Build 22621 (10.0.22621.2070)
Time: Tue Sep  5 12:43:06 2023 Azerbaijan Standard Time elapsed time: 0.773804 seconds (0d 0h 0m 0s)

---------------  T H R E A D  ---------------

Current thread (0x0000018ef8b49800):  JavaThread "C2 CompilerThread1" daemon [_thread_in_native, id=6684, stack(0x00000080fd100000,0x00000080fd200000)]


Current CompileTask:
C2:    773  368       4       java.util.zip.ZipFile$Source::getEntryPos (206 bytes)

Stack: [0x00000080fd100000,0x00000080fd200000]
Native frames: (J=compiled Java code, j=interpreted, Vv=VM code, C=native code)
V  [jvm.dll+0x62bf8a]
V  [jvm.dll+0x7b8fb9]
V  [jvm.dll+0x7ba6a8]
V  [jvm.dll+0x7bad83]
V  [jvm.dll+0x250248]
V  [jvm.dll+0xc260c]
V  [jvm.dll+0xc2bcc]
V  [jvm.dll+0x2c4e64]
V  [jvm.dll+0x533dcc]
V  [jvm.dll+0x21177b]
V  [jvm.dll+0x20b39a]
V  [jvm.dll+0x2083eb]
V  [jvm.dll+0x18a4b1]
V  [jvm.dll+0x217eec]
V  [jvm.dll+0x21612b]
V  [jvm.dll+0x77bac0]
V  [jvm.dll+0x7749f4]
V  [jvm.dll+0x62adf5]
C  [ucrtbase.dll+0x29363]
C  [KERNEL32.DLL+0x126ad]
C  [ntdll.dll+0x5aa68]


---------------  P R O C E S S  ---------------

Threads class SMR info:
_java_thread_list=0x0000018ef8b3ef00, length=12, elements={
0x0000018ed9235000, 0x0000018ef803c800, 0x0000018ef803d800, 0x0000018ef8057000,
0x0000018ef8058000, 0x0000018ef805c000, 0x0000018ef805d000, 0x0000018ef8961800,
0x0000018ef8964000, 0x0000018ef8b52000, 0x0000018ef8b49800, 0x0000018ef8b6f800
}

Java Threads: ( => current thread )
  0x0000018ed9235000 JavaThread "main" [_thread_blocked, id=3128, stack(0x00000080fc000000,0x00000080fc100000)]
  0x0000018ef803c800 JavaThread "Reference Handler" daemon [_thread_blocked, id=12076, stack(0x00000080fc700000,0x00000080fc800000)]
  0x0000018ef803d800 JavaThread "Finalizer" daemon [_thread_blocked, id=4776, stack(0x00000080fc800000,0x00000080fc900000)]
  0x0000018ef8057000 JavaThread "Signal Dispatcher" daemon [_thread_blocked, id=14236, stack(0x00000080fc900000,0x00000080fca00000)]
  0x0000018ef8058000 JavaThread "Attach Listener" daemon [_thread_blocked, id=13660, stack(0x00000080fca00000,0x00000080fcb00000)]
  0x0000018ef805c000 JavaThread "Service Thread" daemon [_thread_blocked, id=1244, stack(0x00000080fcb00000,0x00000080fcc00000)]
  0x0000018ef805d000 JavaThread "C2 CompilerThread0" daemon [_thread_blocked, id=14068, stack(0x00000080fcc00000,0x00000080fcd00000)]
  0x0000018ef8961800 JavaThread "C1 CompilerThread0" daemon [_thread_blocked, id=7400, stack(0x00000080fcd00000,0x00000080fce00000)]
  0x0000018ef8964000 JavaThread "Sweeper thread" daemon [_thread_blocked, id=2348, stack(0x00000080fce00000,0x00000080fcf00000)]
  0x0000018ef8b52000 JavaThread "Common-Cleaner" daemon [_thread_blocked, id=1156, stack(0x00000080fd000000,0x00000080fd100000)]
=>0x0000018ef8b49800 JavaThread "C2 CompilerThread1" daemon [_thread_in_native, id=6684, stack(0x00000080fd100000,0x00000080fd200000)]
  0x0000018ef8b6f800 JavaThread "C2 CompilerThread2" daemon [_thread_blocked, id=8996, stack(0x00000080fd200000,0x00000080fd300000)]

Other Threads:
  0x0000018ef8013800 VMThread "VM Thread" [stack: 0x00000080fc600000,0x00000080fc700000] [id=15960]
  0x0000018ef8b48800 WatcherThread [stack: 0x00000080fcf00000,0x00000080fd000000] [id=3592]
  0x0000018ed713e000 GCTaskThread "GC Thread#0" [stack: 0x00000080fc100000,0x00000080fc200000] [id=7056]
  0x0000018ef8e6d800 GCTaskThread "GC Thread#1" [stack: 0x0000000000000000,0x0000000000000000] [id=16240]
  0x0000018ed927a000 ConcurrentGCThread "G1 Main Marker" [stack: 0x00000080fc200000,0x00000080fc300000] [id=16308]
  0x0000018ed927b800 ConcurrentGCThread "G1 Conc#0" [stack: 0x00000080fc300000,0x00000080fc400000] [id=2528]
  0x0000018ef7e70800 ConcurrentGCThread "G1 Refine#0" [stack: 0x00000080fc400000,0x00000080fc500000] [id=17196]
  0x0000018ef7e71800 ConcurrentGCThread "G1 Young RemSet Sampling" [stack: 0x00000080fc500000,0x00000080fc600000] [id=5992]

Threads with active compile tasks:
C1 CompilerThread0      786  372   !   3       java.util.concurrent.ConcurrentHashMap::computeIfAbsent (576 bytes)
C2 CompilerThread1      787  368       4       java.util.zip.ZipFile$Source::getEntryPos (206 bytes)

VM state:at safepoint (normal execution)

VM Mutex/Monitor currently owned by a thread:  ([mutex/lock_event])
[0x0000018ed92319f0] Threads_lock - owner thread: 0x0000018ef8013800
[0x0000018ed9232b60] Heap_lock - owner thread: 0x0000018ed9235000

Heap address: 0x0000000085600000, size: 1962 MB, Compressed Oops mode: 32-bit
Narrow klass base: 0x0000000000000000, Narrow klass shift: 3
Compressed class space size: 1073741824 Address: 0x0000000100000000

Heap:
 garbage-first heap   total 126976K, used 14304K [0x0000000085600000, 0x0000000100000000)
  region size 1024K, 12 young (12288K), 2 survivors (2048K)
 Metaspace       used 8273K, capacity 8303K, committed 8448K, reserved 1062912K
  class space    used 639K, capacity 660K, committed 768K, reserved 1048576K
Heap Regions: E=young(eden), S=young(survivor), O=old, HS=humongous(starts), HC=humongous(continues), CS=collection set, F=free, A=archive, TAMS=top-at-mark-start (previous, next)
|   0|0x0000000085600000, 0x0000000085700000, 0x0000000085700000|100%|HS|  |TAMS 0x0000000085600000, 0x0000000085700000| Complete 
|   1|0x0000000085700000, 0x0000000085800000, 0x0000000085800000|100%|HC|  |TAMS 0x0000000085700000, 0x0000000085800000| Complete 
|   2|0x0000000085800000, 0x0000000085900000, 0x0000000085900000|100%|HC|  |TAMS 0x0000000085800000, 0x0000000085900000| Complete 
|   3|0x0000000085900000, 0x0000000085a00000, 0x0000000085a00000|100%|HS|  |TAMS 0x0000000085900000, 0x0000000085a00000| Complete 
|   4|0x0000000085a00000, 0x0000000085a00000, 0x0000000085b00000|  0%| F|  |TAMS 0x0000000085a00000, 0x0000000085a00000| Untracked 
|   5|0x0000000085b00000, 0x0000000085b00000, 0x0000000085c00000|  0%| F|  |TAMS 0x0000000085b00000, 0x0000000085b00000| Untracked 
|   6|0x0000000085c00000, 0x0000000085c00000, 0x0000000085d00000|  0%| F|  |TAMS 0x0000000085c00000, 0x0000000085c00000| Untracked 
|   7|0x0000000085d00000, 0x0000000085d00000, 0x0000000085e00000|  0%| F|  |TAMS 0x0000000085d00000, 0x0000000085d00000| Untracked 
|   8|0x0000000085e00000, 0x0000000085e00000, 0x0000000085f00000|  0%| F|  |TAMS 0x0000000085e00000, 0x0000000085e00000| Untracked 
|   9|0x0000000085f00000, 0x0000000085f00000, 0x0000000086000000|  0%| F|  |TAMS 0x0000000085f00000, 0x0000000085f00000| Untracked 
|  10|0x0000000086000000, 0x0000000086000000, 0x0000000086100000|  0%| F|  |TAMS 0x0000000086000000, 0x0000000086000000| Untracked 
|  11|0x0000000086100000, 0x0000000086100000, 0x0000000086200000|  0%| F|  |TAMS 0x0000000086100000, 0x0000000086100000| Untracked 
|  12|0x0000000086200000, 0x0000000086200000, 0x0000000086300000|  0%| F|  |TAMS 0x0000000086200000, 0x0000000086200000| Untracked 
|  13|0x0000000086300000, 0x0000000086300000, 0x0000000086400000|  0%| F|  |TAMS 0x0000000086300000, 0x0000000086300000| Untracked 
|  14|0x0000000086400000, 0x0000000086400000, 0x0000000086500000|  0%| F|  |TAMS 0x0000000086400000, 0x0000000086400000| Untracked 
|  15|0x0000000086500000, 0x0000000086500000, 0x0000000086600000|  0%| F|  |TAMS 0x0000000086500000, 0x0000000086500000| Untracked 
|  16|0x0000000086600000, 0x0000000086600000, 0x0000000086700000|  0%| F|  |TAMS 0x0000000086600000, 0x0000000086600000| Untracked 
|  17|0x0000000086700000, 0x0000000086700000, 0x0000000086800000|  0%| F|  |TAMS 0x0000000086700000, 0x0000000086700000| Untracked 
|  18|0x0000000086800000, 0x0000000086800000, 0x0000000086900000|  0%| F|  |TAMS 0x0000000086800000, 0x0000000086800000| Untracked 
|  19|0x0000000086900000, 0x0000000086900000, 0x0000000086a00000|  0%| F|  |TAMS 0x0000000086900000, 0x0000000086900000| Untracked 
|  20|0x0000000086a00000, 0x0000000086a00000, 0x0000000086b00000|  0%| F|  |TAMS 0x0000000086a00000, 0x0000000086a00000| Untracked 
|  21|0x0000000086b00000, 0x0000000086b00000, 0x0000000086c00000|  0%| F|  |TAMS 0x0000000086b00000, 0x0000000086b00000| Untracked 
|  22|0x0000000086c00000, 0x0000000086c00000, 0x0000000086d00000|  0%| F|  |TAMS 0x0000000086c00000, 0x0000000086c00000| Untracked 
|  23|0x0000000086d00000, 0x0000000086d00000, 0x0000000086e00000|  0%| F|  |TAMS 0x0000000086d00000, 0x0000000086d00000| Untracked 
|  24|0x0000000086e00000, 0x0000000086e00000, 0x0000000086f00000|  0%| F|  |TAMS 0x0000000086e00000, 0x0000000086e00000| Untracked 
|  25|0x0000000086f00000, 0x0000000086f00000, 0x0000000087000000|  0%| F|  |TAMS 0x0000000086f00000, 0x0000000086f00000| Untracked 
|  26|0x0000000087000000, 0x0000000087000000, 0x0000000087100000|  0%| F|  |TAMS 0x0000000087000000, 0x0000000087000000| Untracked 
|  27|0x0000000087100000, 0x0000000087100000, 0x0000000087200000|  0%| F|  |TAMS 0x0000000087100000, 0x0000000087100000| Untracked 
|  28|0x0000000087200000, 0x0000000087200000, 0x0000000087300000|  0%| F|  |TAMS 0x0000000087200000, 0x0000000087200000| Untracked 
|  29|0x0000000087300000, 0x0000000087300000, 0x0000000087400000|  0%| F|  |TAMS 0x0000000087300000, 0x0000000087300000| Untracked 
|  30|0x0000000087400000, 0x0000000087400000, 0x0000000087500000|  0%| F|  |TAMS 0x0000000087400000, 0x0000000087400000| Untracked 
|  31|0x0000000087500000, 0x0000000087500000, 0x0000000087600000|  0%| F|  |TAMS 0x0000000087500000, 0x0000000087500000| Untracked 
|  32|0x0000000087600000, 0x0000000087600000, 0x0000000087700000|  0%| F|  |TAMS 0x0000000087600000, 0x0000000087600000| Untracked 
|  33|0x0000000087700000, 0x0000000087700000, 0x0000000087800000|  0%| F|  |TAMS 0x0000000087700000, 0x0000000087700000| Untracked 
|  34|0x0000000087800000, 0x0000000087800000, 0x0000000087900000|  0%| F|  |TAMS 0x0000000087800000, 0x0000000087800000| Untracked 
|  35|0x0000000087900000, 0x0000000087900000, 0x0000000087a00000|  0%| F|  |TAMS 0x0000000087900000, 0x0000000087900000| Untracked 
|  36|0x0000000087a00000, 0x0000000087a00000, 0x0000000087b00000|  0%| F|  |TAMS 0x0000000087a00000, 0x0000000087a00000| Untracked 
|  37|0x0000000087b00000, 0x0000000087b00000, 0x0000000087c00000|  0%| F|  |TAMS 0x0000000087b00000, 0x0000000087b00000| Untracked 
|  38|0x0000000087c00000, 0x0000000087c00000, 0x0000000087d00000|  0%| F|  |TAMS 0x0000000087c00000, 0x0000000087c00000| Untracked 
|  39|0x0000000087d00000, 0x0000000087d00000, 0x0000000087e00000|  0%| F|  |TAMS 0x0000000087d00000, 0x0000000087d00000| Untracked 
|  40|0x0000000087e00000, 0x0000000087e00000, 0x0000000087f00000|  0%| F|  |TAMS 0x0000000087e00000, 0x0000000087e00000| Untracked 
|  41|0x0000000087f00000, 0x0000000087f00000, 0x0000000088000000|  0%| F|  |TAMS 0x0000000087f00000, 0x0000000087f00000| Untracked 
|  42|0x0000000088000000, 0x0000000088000000, 0x0000000088100000|  0%| F|  |TAMS 0x0000000088000000, 0x0000000088000000| Untracked 
|  43|0x0000000088100000, 0x0000000088100000, 0x0000000088200000|  0%| F|  |TAMS 0x0000000088100000, 0x0000000088100000| Untracked 
|  44|0x0000000088200000, 0x0000000088200000, 0x0000000088300000|  0%| F|  |TAMS 0x0000000088200000, 0x0000000088200000| Untracked 
|  45|0x0000000088300000, 0x0000000088300000, 0x0000000088400000|  0%| F|  |TAMS 0x0000000088300000, 0x0000000088300000| Untracked 
|  46|0x0000000088400000, 0x0000000088400000, 0x0000000088500000|  0%| F|  |TAMS 0x0000000088400000, 0x0000000088400000| Untracked 
|  47|0x0000000088500000, 0x0000000088500000, 0x0000000088600000|  0%| F|  |TAMS 0x0000000088500000, 0x0000000088500000| Untracked 
|  48|0x0000000088600000, 0x0000000088600000, 0x0000000088700000|  0%| F|  |TAMS 0x0000000088600000, 0x0000000088600000| Untracked 
|  49|0x0000000088700000, 0x0000000088700000, 0x0000000088800000|  0%| F|  |TAMS 0x0000000088700000, 0x0000000088700000| Untracked 
|  50|0x0000000088800000, 0x0000000088800000, 0x0000000088900000|  0%| F|  |TAMS 0x0000000088800000, 0x0000000088800000| Untracked 
|  51|0x0000000088900000, 0x0000000088900000, 0x0000000088a00000|  0%| F|  |TAMS 0x0000000088900000, 0x0000000088900000| Untracked 
|  52|0x0000000088a00000, 0x0000000088a00000, 0x0000000088b00000|  0%| F|  |TAMS 0x0000000088a00000, 0x0000000088a00000| Untracked 
|  53|0x0000000088b00000, 0x0000000088b00000, 0x0000000088c00000|  0%| F|  |TAMS 0x0000000088b00000, 0x0000000088b00000| Untracked 
|  54|0x0000000088c00000, 0x0000000088c00000, 0x0000000088d00000|  0%| F|  |TAMS 0x0000000088c00000, 0x0000000088c00000| Untracked 
|  55|0x0000000088d00000, 0x0000000088d00000, 0x0000000088e00000|  0%| F|  |TAMS 0x0000000088d00000, 0x0000000088d00000| Untracked 
|  56|0x0000000088e00000, 0x0000000088e00000, 0x0000000088f00000|  0%| F|  |TAMS 0x0000000088e00000, 0x0000000088e00000| Untracked 
|  57|0x0000000088f00000, 0x0000000088f00000, 0x0000000089000000|  0%| F|  |TAMS 0x0000000088f00000, 0x0000000088f00000| Untracked 
|  58|0x0000000089000000, 0x0000000089000000, 0x0000000089100000|  0%| F|  |TAMS 0x0000000089000000, 0x0000000089000000| Untracked 
|  59|0x0000000089100000, 0x0000000089100000, 0x0000000089200000|  0%| F|  |TAMS 0x0000000089100000, 0x0000000089100000| Untracked 
|  60|0x0000000089200000, 0x0000000089200000, 0x0000000089300000|  0%| F|  |TAMS 0x0000000089200000, 0x0000000089200000| Untracked 
|  61|0x0000000089300000, 0x0000000089300000, 0x0000000089400000|  0%| F|  |TAMS 0x0000000089300000, 0x0000000089300000| Untracked 
|  62|0x0000000089400000, 0x0000000089400000, 0x0000000089500000|  0%| F|  |TAMS 0x0000000089400000, 0x0000000089400000| Untracked 
|  63|0x0000000089500000, 0x0000000089500000, 0x0000000089600000|  0%| F|  |TAMS 0x0000000089500000, 0x0000000089500000| Untracked 
|  64|0x0000000089600000, 0x0000000089600000, 0x0000000089700000|  0%| F|  |TAMS 0x0000000089600000, 0x0000000089600000| Untracked 
|  65|0x0000000089700000, 0x0000000089700000, 0x0000000089800000|  0%| F|  |TAMS 0x0000000089700000, 0x0000000089700000| Untracked 
|  66|0x0000000089800000, 0x0000000089800000, 0x0000000089900000|  0%| F|  |TAMS 0x0000000089800000, 0x0000000089800000| Untracked 
|  67|0x0000000089900000, 0x0000000089900000, 0x0000000089a00000|  0%| F|  |TAMS 0x0000000089900000, 0x0000000089900000| Untracked 
|  68|0x0000000089a00000, 0x0000000089a00000, 0x0000000089b00000|  0%| F|  |TAMS 0x0000000089a00000, 0x0000000089a00000| Untracked 
|  69|0x0000000089b00000, 0x0000000089b00000, 0x0000000089c00000|  0%| F|  |TAMS 0x0000000089b00000, 0x0000000089b00000| Untracked 
|  70|0x0000000089c00000, 0x0000000089c00000, 0x0000000089d00000|  0%| F|  |TAMS 0x0000000089c00000, 0x0000000089c00000| Untracked 
|  71|0x0000000089d00000, 0x0000000089d00000, 0x0000000089e00000|  0%| F|  |TAMS 0x0000000089d00000, 0x0000000089d00000| Untracked 
|  72|0x0000000089e00000, 0x0000000089e00000, 0x0000000089f00000|  0%| F|  |TAMS 0x0000000089e00000, 0x0000000089e00000| Untracked 
|  73|0x0000000089f00000, 0x0000000089f00000, 0x000000008a000000|  0%| F|  |TAMS 0x0000000089f00000, 0x0000000089f00000| Untracked 
|  74|0x000000008a000000, 0x000000008a000000, 0x000000008a100000|  0%| F|  |TAMS 0x000000008a000000, 0x000000008a000000| Untracked 
|  75|0x000000008a100000, 0x000000008a100000, 0x000000008a200000|  0%| F|  |TAMS 0x000000008a100000, 0x000000008a100000| Untracked 
|  76|0x000000008a200000, 0x000000008a200000, 0x000000008a300000|  0%| F|  |TAMS 0x000000008a200000, 0x000000008a200000| Untracked 
|  77|0x000000008a300000, 0x000000008a300000, 0x000000008a400000|  0%| F|  |TAMS 0x000000008a300000, 0x000000008a300000| Untracked 
|  78|0x000000008a400000, 0x000000008a400000, 0x000000008a500000|  0%| F|  |TAMS 0x000000008a400000, 0x000000008a400000| Untracked 
|  79|0x000000008a500000, 0x000000008a500000, 0x000000008a600000|  0%| F|  |TAMS 0x000000008a500000, 0x000000008a500000| Untracked 
|  80|0x000000008a600000, 0x000000008a600000, 0x000000008a700000|  0%| F|  |TAMS 0x000000008a600000, 0x000000008a600000| Untracked 
|  81|0x000000008a700000, 0x000000008a700000, 0x000000008a800000|  0%| F|  |TAMS 0x000000008a700000, 0x000000008a700000| Untracked 
|  82|0x000000008a800000, 0x000000008a800000, 0x000000008a900000|  0%| F|  |TAMS 0x000000008a800000, 0x000000008a800000| Untracked 
|  83|0x000000008a900000, 0x000000008a900000, 0x000000008aa00000|  0%| F|  |TAMS 0x000000008a900000, 0x000000008a900000| Untracked 
|  84|0x000000008aa00000, 0x000000008aa00000, 0x000000008ab00000|  0%| F|  |TAMS 0x000000008aa00000, 0x000000008aa00000| Untracked 
|  85|0x000000008ab00000, 0x000000008ab00000, 0x000000008ac00000|  0%| F|  |TAMS 0x000000008ab00000, 0x000000008ab00000| Untracked 
|  86|0x000000008ac00000, 0x000000008ac00000, 0x000000008ad00000|  0%| F|  |TAMS 0x000000008ac00000, 0x000000008ac00000| Untracked 
|  87|0x000000008ad00000, 0x000000008ad00000, 0x000000008ae00000|  0%| F|  |TAMS 0x000000008ad00000, 0x000000008ad00000| Untracked 
|  88|0x000000008ae00000, 0x000000008ae00000, 0x000000008af00000|  0%| F|  |TAMS 0x000000008ae00000, 0x000000008ae00000| Untracked 
|  89|0x000000008af00000, 0x000000008af00000, 0x000000008b000000|  0%| F|  |TAMS 0x000000008af00000, 0x000000008af00000| Untracked 
|  90|0x000000008b000000, 0x000000008b000000, 0x000000008b100000|  0%| F|  |TAMS 0x000000008b000000, 0x000000008b000000| Untracked 
|  91|0x000000008b100000, 0x000000008b100000, 0x000000008b200000|  0%| F|  |TAMS 0x000000008b100000, 0x000000008b100000| Untracked 
|  92|0x000000008b200000, 0x000000008b200000, 0x000000008b300000|  0%| F|  |TAMS 0x000000008b200000, 0x000000008b200000| Untracked 
|  93|0x000000008b300000, 0x000000008b300000, 0x000000008b400000|  0%| F|  |TAMS 0x000000008b300000, 0x000000008b300000| Untracked 
|  94|0x000000008b400000, 0x000000008b400000, 0x000000008b500000|  0%| F|  |TAMS 0x000000008b400000, 0x000000008b400000| Untracked 
|  95|0x000000008b500000, 0x000000008b500000, 0x000000008b600000|  0%| F|  |TAMS 0x000000008b500000, 0x000000008b500000| Untracked 
|  96|0x000000008b600000, 0x000000008b600000, 0x000000008b700000|  0%| F|  |TAMS 0x000000008b600000, 0x000000008b600000| Untracked 
|  97|0x000000008b700000, 0x000000008b700000, 0x000000008b800000|  0%| F|  |TAMS 0x000000008b700000, 0x000000008b700000| Untracked 
|  98|0x000000008b800000, 0x000000008b800000, 0x000000008b900000|  0%| F|  |TAMS 0x000000008b800000, 0x000000008b800000| Untracked 
|  99|0x000000008b900000, 0x000000008b900000, 0x000000008ba00000|  0%| F|  |TAMS 0x000000008b900000, 0x000000008b900000| Untracked 
| 100|0x000000008ba00000, 0x000000008ba00000, 0x000000008bb00000|  0%| F|  |TAMS 0x000000008ba00000, 0x000000008ba00000| Untracked 
| 101|0x000000008bb00000, 0x000000008bb00000, 0x000000008bc00000|  0%| F|  |TAMS 0x000000008bb00000, 0x000000008bb00000| Untracked 
| 102|0x000000008bc00000, 0x000000008bc00000, 0x000000008bd00000|  0%| F|  |TAMS 0x000000008bc00000, 0x000000008bc00000| Untracked 
| 103|0x000000008bd00000, 0x000000008bd00000, 0x000000008be00000|  0%| F|  |TAMS 0x000000008bd00000, 0x000000008bd00000| Untracked 
| 104|0x000000008be00000, 0x000000008be00000, 0x000000008bf00000|  0%| F|  |TAMS 0x000000008be00000, 0x000000008be00000| Untracked 
| 105|0x000000008bf00000, 0x000000008bf00000, 0x000000008c000000|  0%| F|  |TAMS 0x000000008bf00000, 0x000000008bf00000| Untracked 
| 106|0x000000008c000000, 0x000000008c000000, 0x000000008c100000|  0%| F|  |TAMS 0x000000008c000000, 0x000000008c000000| Untracked 
| 107|0x000000008c100000, 0x000000008c100000, 0x000000008c200000|  0%| F|  |TAMS 0x000000008c100000, 0x000000008c100000| Untracked 
| 108|0x000000008c200000, 0x000000008c200000, 0x000000008c300000|  0%| F|  |TAMS 0x000000008c200000, 0x000000008c200000| Untracked 
| 109|0x000000008c300000, 0x000000008c300000, 0x000000008c400000|  0%| F|  |TAMS 0x000000008c300000, 0x000000008c300000| Untracked 
| 110|0x000000008c400000, 0x000000008c400000, 0x000000008c500000|  0%| F|  |TAMS 0x000000008c400000, 0x000000008c400000| Untracked 
| 111|0x000000008c500000, 0x000000008c500000, 0x000000008c600000|  0%| F|  |TAMS 0x000000008c500000, 0x000000008c500000| Untracked 
| 112|0x000000008c600000, 0x000000008c6ce130, 0x000000008c700000| 80%| S|  |TAMS 0x000000008c600000, 0x000000008c600000| Complete 
| 113|0x000000008c700000, 0x000000008c800000, 0x000000008c800000|100%| S|  |TAMS 0x000000008c700000, 0x000000008c700000| Complete 
| 114|0x000000008c800000, 0x000000008c8f8240, 0x000000008c900000| 96%| E|CS|TAMS 0x000000008c800000, 0x000000008c8f8240| Complete 
| 115|0x000000008c900000, 0x000000008ca00000, 0x000000008ca00000|100%| E|CS|TAMS 0x000000008c900000, 0x000000008ca00000| Complete 
| 116|0x000000008ca00000, 0x000000008cb00000, 0x000000008cb00000|100%| E|CS|TAMS 0x000000008ca00000, 0x000000008cb00000| Complete 
| 117|0x000000008cb00000, 0x000000008cc00000, 0x000000008cc00000|100%| E|CS|TAMS 0x000000008cb00000, 0x000000008cc00000| Complete 
| 118|0x000000008cc00000, 0x000000008cd00000, 0x000000008cd00000|100%| E|CS|TAMS 0x000000008cc00000, 0x000000008cd00000| Complete 
| 119|0x000000008cd00000, 0x000000008ce00000, 0x000000008ce00000|100%| E|CS|TAMS 0x000000008cd00000, 0x000000008ce00000| Complete 
| 120|0x000000008ce00000, 0x000000008cf00000, 0x000000008cf00000|100%| E|CS|TAMS 0x000000008ce00000, 0x000000008cf00000| Complete 
| 121|0x000000008cf00000, 0x000000008d000000, 0x000000008d000000|100%| E|CS|TAMS 0x000000008cf00000, 0x000000008d000000| Complete 
| 122|0x000000008d000000, 0x000000008d100000, 0x000000008d100000|100%| E|CS|TAMS 0x000000008d000000, 0x000000008d100000| Complete 
| 123|0x000000008d100000, 0x000000008d200000, 0x000000008d200000|100%| E|CS|TAMS 0x000000008d100000, 0x000000008d200000| Complete 

Card table byte_map: [0x0000018ef10b0000,0x0000018ef1490000] _byte_map_base: 0x0000018ef0c85000

Marking Bits (Prev, Next): (CMBitMap*) 0x0000018ed9271b18, (CMBitMap*) 0x0000018ed9271b50
 Prev Bits: [0x0000018ef1870000, 0x0000018ef3718000)
 Next Bits: [0x0000018ef3720000, 0x0000018ef55c8000)

Polling page: 0x0000018ed7190000

Metaspace:

Usage:
  Non-class:      7.46 MB capacity,     7.46 MB (>99%) used,     4.78 KB ( <1%) free+waste,     4.25 KB ( <1%) overhead. 
      Class:    660.00 KB capacity,   639.06 KB ( 97%) used,    19.63 KB (  3%) free+waste,     1.31 KB ( <1%) overhead. 
       Both:      8.11 MB capacity,     8.08 MB (>99%) used,    24.41 KB ( <1%) free+waste,     5.56 KB ( <1%) overhead. 

Virtual space:
  Non-class space:       14.00 MB reserved,       7.50 MB ( 54%) committed 
      Class space:        1.00 GB reserved,     768.00 KB ( <1%) committed 
             Both:        1.01 GB reserved,       8.25 MB ( <1%) committed 

Chunk freelists:
   Non-Class:  37.00 KB
       Class:  12.00 KB
        Both:  49.00 KB

MaxMetaspaceSize: 17179869184.00 GB
CompressedClassSpaceSize: 1.00 GB
Initial GC threshold: 20.80 MB
Current GC threshold: 20.80 MB
CDS: off

CodeHeap 'non-profiled nmethods': size=120000Kb used=113Kb max_used=113Kb free=119886Kb
 bounds [0x0000018ee9470000, 0x0000018ee96e0000, 0x0000018ef09a0000]
CodeHeap 'profiled nmethods': size=120000Kb used=540Kb max_used=540Kb free=119460Kb
 bounds [0x0000018ee1f40000, 0x0000018ee21b0000, 0x0000018ee9470000]
CodeHeap 'non-nmethods': size=5760Kb used=1122Kb max_used=1135Kb free=4637Kb
 bounds [0x0000018ee19a0000, 0x0000018ee1c10000, 0x0000018ee1f40000]
 total_blobs=729 nmethods=370 adapters=272
 compilation: enabled
              stopped_count=0, restarted_count=0
 full_count=0

Compilation events (20 events):
Event: 0.735 Thread 0x0000018ef8961800  362       3       java.util.Collections$SetFromMap::add (22 bytes)
Event: 0.736 Thread 0x0000018ef8961800 nmethod 362 0x0000018ee1fc2690 code [0x0000018ee1fc2860, 0x0000018ee1fc2a88]
Event: 0.752 Thread 0x0000018ef8961800  363       3       java.io.FilterInputStream::<init> (10 bytes)
Event: 0.752 Thread 0x0000018ef8961800 nmethod 363 0x0000018ee1fc2b90 code [0x0000018ee1fc2d40, 0x0000018ee1fc2f58]
Event: 0.753 Thread 0x0000018ef8961800  364       3       java.util.ArrayDeque::add (7 bytes)
Event: 0.753 Thread 0x0000018ef8961800 nmethod 364 0x0000018ee1fc3010 code [0x0000018ee1fc31c0, 0x0000018ee1fc3308]
Event: 0.753 Thread 0x0000018ef8961800  365       3       java.util.ArrayDeque::addLast (51 bytes)
Event: 0.753 Thread 0x0000018ef8961800 nmethod 365 0x0000018ee1fc3390 code [0x0000018ee1fc3580, 0x0000018ee1fc3a18]
Event: 0.758 Thread 0x0000018ef8961800  366       3       java.util.WeakHashMap::put (162 bytes)
Event: 0.759 Thread 0x0000018ef8961800 nmethod 366 0x0000018ee1fc3b90 code [0x0000018ee1fc3e20, 0x0000018ee1fc4d18]
Event: 0.759 Thread 0x0000018ef8961800  367       3       java.util.WeakHashMap$Entry::<init> (24 bytes)
Event: 0.760 Thread 0x0000018ef8961800 nmethod 367 0x0000018ee1fc5210 code [0x0000018ee1fc53e0, 0x0000018ee1fc57d8]
Event: 0.764 Thread 0x0000018ef8b49800  368       4       java.util.zip.ZipFile$Source::getEntryPos (206 bytes)
Event: 0.764 Thread 0x0000018ef8961800  369       3       sun.net.www.ParseUtil::encodePath (41 bytes)
Event: 0.764 Thread 0x0000018ef8961800 nmethod 369 0x0000018ee1fc5910 code [0x0000018ee1fc5ae0, 0x0000018ee1fc5d28]
Event: 0.766 Thread 0x0000018ef8961800  370       3       java.lang.String::substring (68 bytes)
Event: 0.766 Thread 0x0000018ef8961800 nmethod 370 0x0000018ee1fc5e10 code [0x0000018ee1fc6060, 0x0000018ee1fc6798]
Event: 0.766 Thread 0x0000018ef8961800  371       3       java.util.zip.ZipUtils::LOCSIG (6 bytes)
Event: 0.767 Thread 0x0000018ef8961800 nmethod 371 0x0000018ee1fc6a10 code [0x0000018ee1fc6be0, 0x0000018ee1fc6e98]
Event: 0.767 Thread 0x0000018ef8961800  372   !   3       java.util.concurrent.ConcurrentHashMap::computeIfAbsent (576 bytes)

GC Heap History (1 events):
Event: 0.770 GC heap before
{Heap before GC invocations=0 (full 0):
 garbage-first heap   total 126976K, used 12288K [0x0000000085600000, 0x0000000100000000)
  region size 1024K, 10 young (10240K), 0 survivors (0K)
 Metaspace       used 8273K, capacity 8303K, committed 8448K, reserved 1062912K
  class space    used 639K, capacity 660K, committed 768K, reserved 1048576K
}

Deoptimization events (20 events):
Event: 0.335 Thread 0x0000018ed9235000 DEOPT PACKING pc=0x0000018ee1f62a0e sp=0x00000080fc0fa790
Event: 0.335 Thread 0x0000018ed9235000 DEOPT UNPACKING pc=0x0000018ee19e9d0e sp=0x00000080fc0f9c30 mode 0
Event: 0.335 Thread 0x0000018ed9235000 DEOPT PACKING pc=0x0000018ee1f62a0e sp=0x00000080fc0fa790
Event: 0.335 Thread 0x0000018ed9235000 DEOPT UNPACKING pc=0x0000018ee19e9d0e sp=0x00000080fc0f9c30 mode 0
Event: 0.335 Thread 0x0000018ed9235000 DEOPT PACKING pc=0x0000018ee1f62a0e sp=0x00000080fc0fa790
Event: 0.335 Thread 0x0000018ed9235000 DEOPT UNPACKING pc=0x0000018ee19e9d0e sp=0x00000080fc0f9c30 mode 0
Event: 0.335 Thread 0x0000018ed9235000 DEOPT PACKING pc=0x0000018ee1f62a0e sp=0x00000080fc0fa790
Event: 0.335 Thread 0x0000018ed9235000 DEOPT UNPACKING pc=0x0000018ee19e9d0e sp=0x00000080fc0f9c30 mode 0
Event: 0.335 Thread 0x0000018ed9235000 DEOPT PACKING pc=0x0000018ee1f62a0e sp=0x00000080fc0fa790
Event: 0.335 Thread 0x0000018ed9235000 DEOPT UNPACKING pc=0x0000018ee19e9d0e sp=0x00000080fc0f9c30 mode 0
Event: 0.491 Thread 0x0000018ed9235000 DEOPT PACKING pc=0x0000018ee1f4029f sp=0x00000080fc0fc570
Event: 0.491 Thread 0x0000018ed9235000 DEOPT UNPACKING pc=0x0000018ee19e9d0e sp=0x00000080fc0fb9e8 mode 0
Event: 0.581 Thread 0x0000018ed9235000 DEOPT PACKING pc=0x0000018ee1f848a2 sp=0x00000080fc0fb5e0
Event: 0.581 Thread 0x0000018ed9235000 DEOPT UNPACKING pc=0x0000018ee19e9d0e sp=0x00000080fc0faa48 mode 0
Event: 0.598 Thread 0x0000018ed9235000 DEOPT PACKING pc=0x0000018ee1f694d0 sp=0x00000080fc0ef680
Event: 0.598 Thread 0x0000018ed9235000 DEOPT UNPACKING pc=0x0000018ee19e9d0e sp=0x00000080fc0eeb08 mode 0
Event: 0.669 Thread 0x0000018ed9235000 Uncommon trap: trap_request=0xffffff4d fr.pc=0x0000018ee9489440 relative=0x0000000000000300
Event: 0.669 Thread 0x0000018ed9235000 Uncommon trap: reason=unstable_if action=reinterpret pc=0x0000018ee9489440 method=java.io.BufferedReader.read()I @ 19 c2
Event: 0.669 Thread 0x0000018ed9235000 DEOPT PACKING pc=0x0000018ee9489440 sp=0x00000080fc0fea20
Event: 0.669 Thread 0x0000018ed9235000 DEOPT UNPACKING pc=0x0000018ee19a85af sp=0x00000080fc0fe960 mode 2

Classes redefined (0 events):
No events

Internal exceptions (0 events):
No events

Events (20 events):
Event: 0.686 loading class java/util/regex/Pattern$First done
Event: 0.686 loading class kotlin/reflect/jvm/internal/impl/name/FqNameUnsafe$1
Event: 0.686 loading class kotlin/reflect/jvm/internal/impl/name/FqNameUnsafe$1 done
Event: 0.735 loading class kotlin/reflect/jvm/internal/impl/name/ClassId
Event: 0.735 loading class kotlin/reflect/jvm/internal/impl/name/ClassId done
Event: 0.751 loading class kotlin/reflect/jvm/internal/impl/descriptors/runtime/structure/ReflectClassUtilKt
Event: 0.751 loading class kotlin/reflect/jvm/internal/impl/descriptors/runtime/structure/ReflectClassUtilKt done
Event: 0.757 loading class kotlin/jvm/JvmClassMappingKt
Event: 0.757 loading class kotlin/jvm/JvmClassMappingKt done
Event: 0.763 loading class kotlin/TuplesKt
Event: 0.763 loading class kotlin/TuplesKt done
Event: 0.764 loading class kotlin/Pair
Event: 0.764 loading class kotlin/Pair done
Event: 0.766 loading class kotlin/collections/MapsKt
Event: 0.766 loading class kotlin/collections/MapsKt done
Event: 0.767 loading class kotlin/collections/MapsKt___MapsKt
Event: 0.767 loading class kotlin/collections/MapsKt___MapsKt done
Event: 0.768 loading class kotlin/collections/MapsKt__MapsKt
Event: 0.768 loading class kotlin/collections/MapsKt__MapsKt done
Event: 0.770 Executing VM operation: CollectForMetadataAllocation


Dynamic libraries:
0x00007ff6efbd0000 - 0x00007ff6efbdd000 	C:\Program Files\Microsoft\jdk-11.0.18.10-hotspot\bin\java.exe
0x00007ffc824f0000 - 0x00007ffc82704000 	C:\WINDOWS\SYSTEM32\ntdll.dll
0x00007ffc815f0000 - 0x00007ffc816b4000 	C:\WINDOWS\System32\KERNEL32.DLL
0x00007ffc7fc90000 - 0x00007ffc80034000 	C:\WINDOWS\System32\KERNELBASE.dll
0x00007ffc800c0000 - 0x00007ffc801d1000 	C:\WINDOWS\System32\ucrtbase.dll
0x00007ffc6a2a0000 - 0x00007ffc6a2b7000 	C:\Program Files\Microsoft\jdk-11.0.18.10-hotspot\bin\jli.dll
0x00007ffc6a280000 - 0x00007ffc6a295000 	C:\Program Files\Microsoft\jdk-11.0.18.10-hotspot\bin\VCRUNTIME140.dll
0x00007ffc81180000 - 0x00007ffc8132a000 	C:\WINDOWS\System32\USER32.dll
0x00007ffc801e0000 - 0x00007ffc80206000 	C:\WINDOWS\System32\win32u.dll
0x00007ffc5b300000 - 0x00007ffc5b58f000 	C:\WINDOWS\WinSxS\amd64_microsoft.windows.common-controls_6595b64144ccf1df_6.0.22621.2070_none_2713e6537381f706\COMCTL32.dll
0x00007ffc813a0000 - 0x00007ffc813c9000 	C:\WINDOWS\System32\GDI32.dll
0x00007ffc80c40000 - 0x00007ffc80ce7000 	C:\WINDOWS\System32\msvcrt.dll
0x00007ffc7fb70000 - 0x00007ffc7fc89000 	C:\WINDOWS\System32\gdi32full.dll
0x00007ffc80210000 - 0x00007ffc802aa000 	C:\WINDOWS\System32\msvcp_win.dll
0x00007ffc813d0000 - 0x00007ffc81401000 	C:\WINDOWS\System32\IMM32.DLL
0x00007ffc28aa0000 - 0x00007ffc28b3b000 	C:\Program Files\Microsoft\jdk-11.0.18.10-hotspot\bin\msvcp140.dll
0x00007ffc27f00000 - 0x00007ffc28a92000 	C:\Program Files\Microsoft\jdk-11.0.18.10-hotspot\bin\server\jvm.dll
0x00007ffc807c0000 - 0x00007ffc80870000 	C:\WINDOWS\System32\ADVAPI32.dll
0x00007ffc81540000 - 0x00007ffc815e6000 	C:\WINDOWS\System32\sechost.dll
0x00007ffc808d0000 - 0x00007ffc809e7000 	C:\WINDOWS\System32\RPCRT4.dll
0x00007ffc824a0000 - 0x00007ffc824a8000 	C:\WINDOWS\System32\PSAPI.DLL
0x00007ffc5ebe0000 - 0x00007ffc5ebe9000 	C:\WINDOWS\SYSTEM32\WSOCK32.dll
0x00007ffc822f0000 - 0x00007ffc82361000 	C:\WINDOWS\System32\WS2_32.dll
0x00007ffc741b0000 - 0x00007ffc741e4000 	C:\WINDOWS\SYSTEM32\WINMM.dll
0x00007ffc77620000 - 0x00007ffc7762a000 	C:\WINDOWS\SYSTEM32\VERSION.dll
0x00007ffc7e880000 - 0x00007ffc7e898000 	C:\WINDOWS\SYSTEM32\kernel.appcore.dll
0x00007ffc6a270000 - 0x00007ffc6a280000 	C:\Program Files\Microsoft\jdk-11.0.18.10-hotspot\bin\verify.dll
0x00007ffc7cd10000 - 0x00007ffc7cf3e000 	C:\WINDOWS\SYSTEM32\DBGHELP.DLL
0x00007ffc803b0000 - 0x00007ffc8073a000 	C:\WINDOWS\System32\combase.dll
0x00007ffc81f40000 - 0x00007ffc82017000 	C:\WINDOWS\System32\OLEAUT32.dll
0x00007ffc67d50000 - 0x00007ffc67d82000 	C:\WINDOWS\SYSTEM32\dbgcore.DLL
0x00007ffc80040000 - 0x00007ffc800ba000 	C:\WINDOWS\System32\bcryptPrimitives.dll
0x00007ffc54810000 - 0x00007ffc54838000 	C:\Program Files\Microsoft\jdk-11.0.18.10-hotspot\bin\java.dll
0x00007ffc68d50000 - 0x00007ffc68d5a000 	C:\Program Files\Microsoft\jdk-11.0.18.10-hotspot\bin\jimage.dll
0x00007ffc54700000 - 0x00007ffc54718000 	C:\Program Files\Microsoft\jdk-11.0.18.10-hotspot\bin\zip.dll
0x00007ffc81720000 - 0x00007ffc81f36000 	C:\WINDOWS\System32\SHELL32.dll
0x00007ffc7d850000 - 0x00007ffc7e13a000 	C:\WINDOWS\SYSTEM32\windows.storage.dll
0x00007ffc7d710000 - 0x00007ffc7d84e000 	C:\WINDOWS\SYSTEM32\wintypes.dll
0x00007ffc821e0000 - 0x00007ffc822d3000 	C:\WINDOWS\System32\SHCORE.dll
0x00007ffc80870000 - 0x00007ffc808ce000 	C:\WINDOWS\System32\shlwapi.dll
0x00007ffc7f800000 - 0x00007ffc7f826000 	C:\WINDOWS\SYSTEM32\profapi.dll
0x00007ffc27e90000 - 0x00007ffc27ea9000 	C:\Program Files\Microsoft\jdk-11.0.18.10-hotspot\bin\net.dll
0x00007ffc79850000 - 0x00007ffc79987000 	C:\WINDOWS\SYSTEM32\WINHTTP.dll
0x00007ffc7ed40000 - 0x00007ffc7eda9000 	C:\WINDOWS\system32\mswsock.dll
0x00007ffc27e70000 - 0x00007ffc27e83000 	C:\Program Files\Microsoft\jdk-11.0.18.10-hotspot\bin\nio.dll

dbghelp: loaded successfully - version: 4.0.5 - missing functions: none
symbol engine: initialized successfully - sym options: 0x614 - pdb path: .;C:\Program Files\Microsoft\jdk-11.0.18.10-hotspot\bin;C:\WINDOWS\SYSTEM32;C:\WINDOWS\WinSxS\amd64_microsoft.windows.common-controls_6595b64144ccf1df_6.0.22621.2070_none_2713e6537381f706;C:\Program Files\Microsoft\jdk-11.0.18.10-hotspot\bin\server

VM Arguments:
java_command: org.jetbrains.kotlin.cli.jvm.K2JVMCompiler @C:\Users\BUTA\Downloads\APPP-master\AwesomeProject\node_modules\react-native-gesture-handler\android\build\20230905_8108518534711466157.compiler.options
java_class_path (initial): C:\Users\BUTA\.gradle\caches\modules-2\files-2.1\org.jetbrains.kotlin\kotlin-compiler-embeddable\1.6.21\97bdd5a752ce73b58ef16c17bc7f0ea2faff7a2e\kotlin-compiler-embeddable-1.6.21.jar;C:\Users\BUTA\.gradle\caches\modules-2\files-2.1\org.jetbrains.kotlin\kotlin-reflect\1.6.21\5dc3574d9b7bebfcb4ec6b10ada4aaa9e140bd0b\kotlin-reflect-1.6.21.jar;C:\Users\BUTA\.gradle\caches\modules-2\files-2.1\org.jetbrains.kotlin\kotlin-stdlib\1.6.21\11ef67f1900634fd951bad28c53ec957fabbe5b8\kotlin-stdlib-1.6.21.jar;C:\Users\BUTA\.gradle\caches\modules-2\files-2.1\org.jetbrains.kotlin\kotlin-script-runtime\1.6.21\99c6675100da5d6d5b1c5a1032f27f28008d101b\kotlin-script-runtime-1.6.21.jar;C:\Users\BUTA\.gradle\caches\modules-2\files-2.1\org.jetbrains.kotlin\kotlin-daemon-embeddable\1.6.21\46b78cf392e1c4f10854c3cadba44abb7b82250f\kotlin-daemon-embeddable-1.6.21.jar;C:\Users\BUTA\.gradle\caches\modules-2\files-2.1\org.jetbrains.intellij.deps\trove4j\1.0.20200330\3afb14d5f9ceb459d724e907a21145e8ff394f02\trove4j-1.0.20200330.jar;C:\Users\BUTA\.gradle\caches\modules-2\files-2.1\net.java.dev.jna\jna\5.6.0\330f2244e9030119ab3030fc3fededc86713d9cc\jna-5.6.0.jar;C:\Users\BUTA\.gradle\caches\modules-2\files-2.1\org.jetbrains.kotlin\kotlin-stdlib-common\1.6.21\5e5b55c26dbc80372a920aef60eb774b714559b8\kotlin-stdlib-common-1.6.21.jar;C:\Users\BUTA\.gradle\caches\modules-2\files-2.1\org.jetbrains\annotations\13.0\919f0dfe192fb4e063e7dacadee7f8bb9a2672a9\annotations-13.0.jar
Launcher Type: SUN_STANDARD

[Global flags]
     intx CICompilerCount                          = 4                                         {product} {ergonomic}
     uint ConcGCThreads                            = 2                                         {product} {ergonomic}
     uint G1ConcRefinementThreads                  = 8                                         {product} {ergonomic}
   size_t G1HeapRegionSize                         = 1048576                                   {product} {ergonomic}
    uintx GCDrainStackTargetSize                   = 64                                        {product} {ergonomic}
   size_t InitialHeapSize                          = 130023424                                 {product} {ergonomic}
   size_t MarkStackSize                            = 4194304                                   {product} {ergonomic}
   size_t MaxHeapSize                              = 2057306112                                {product} {ergonomic}
   size_t MaxNewSize                               = 1234173952                                {product} {ergonomic}
   size_t MinHeapDeltaBytes                        = 1048576                                   {product} {ergonomic}
    uintx NonNMethodCodeHeapSize                   = 5836300                                {pd product} {ergonomic}
    uintx NonProfiledCodeHeapSize                  = 122910970                              {pd product} {ergonomic}
    uintx ProfiledCodeHeapSize                     = 122910970                              {pd product} {ergonomic}
    uintx ReservedCodeCacheSize                    = 251658240                              {pd product} {ergonomic}
     bool SegmentedCodeCache                       = true                                      {product} {ergonomic}
     bool UseCompressedClassPointers               = true                                 {lp64_product} {ergonomic}
     bool UseCompressedOops                        = true                                 {lp64_product} {ergonomic}
     bool UseG1GC                                  = true                                      {product} {ergonomic}
     bool UseLargePagesIndividualAllocation        = false                                  {pd product} {ergonomic}

Logging:
Log output configuration:
 #0: stdout all=warning uptime,level,tags
 #1: stderr all=off uptime,level,tags

Environment Variables:
JAVA_HOME=C:\Program Files\Microsoft\jdk-11.0.18.10-hotspot\
CLASSPATH=C:\Users\BUTA\Downloads\APPP-master\AwesomeProject\android\\gradle\wrapper\gradle-wrapper.jar
PATH=C:\Users\BUTA\Downloads\APPP-master\AwesomeProject\node_modules\.bin;C:\Users\BUTA\Downloads\APPP-master\AwesomeProject\node_modules\.bin;C:\Users\BUTA\Downloads\APPP-master\node_modules\.bin;C:\Users\BUTA\Downloads\node_modules\.bin;C:\Users\BUTA\node_modules\.bin;C:\Users\node_modules\.bin;C:\node_modules\.bin;C:\Program Files\nodejs\node_modules\npm\node_modules\@npmcli\run-script\lib\node-gyp-bin;C:\Program Files\Microsoft\jdk-11.0.18.10-hotspot\bin;C:\WINDOWS\system32;C:\WINDOWS;C:\WINDOWS\System32\Wbem;C:\WINDOWS\System32\WindowsPowerShell\v1.0\;C:\WINDOWS\System32\OpenSSH\;C:\ProgramData\chocolatey\bin;C:\Program Files\nodejs\;C:\Users\BUTA\AppData\Local\Android\Sdk;D:\programs\MySQL;C:\Program Files\Git\cmd;C:\Program Files\Microsoft SQL Server\150\Tools\Binn\;C:\Program Files\Microsoft SQL Server\Client SDK\ODBC\170\Tools\Binn\;C:\Program Files\dotnet\;C:\Program Files (x86)\Microsoft SQL Server\160\Tools\Binn\;C:\Program Files\Microsoft SQL Server\160\Tools\Binn\;C:\Program Files\Microsoft SQL Server\160\DTS\Binn\;C:\Program Files (x86)\Microsoft SQL Server\160\DTS\Binn\;C:\Program Files\Azure Data Studio\bin;C:\Users\BUTA\AppData\Local\Android\Sdk\platform-tools;C:\Users\BUTA\AppData\Local\Android\Sdk\tools;C:\Users\BUTA\AppData\Local\Microsoft\WindowsApps;C:\Users\BUTA\AppData\Roaming\npm;C:\Users\BUTA\AppData\Local\Programs\Microsoft VS Code\bin;
USERNAME=BUTA
LANG=en_US.UTF-8
OS=Windows_NT
PROCESSOR_IDENTIFIER=Intel64 Family 6 Model 140 Stepping 1, GenuineIntel
TMP=C:\Users\BUTA\AppData\Local\Temp
TEMP=C:\Users\BUTA\AppData\Local\Temp



---------------  S Y S T E M  ---------------

OS: Windows 11 , 64 bit Build 22621 (10.0.22621.2070)
OS uptime: 0 days 1:27 hours
Hyper-V role detected

CPU:total 8 (initial active 8) (4 cores per cpu, 2 threads per core) family 6 model 140 stepping 1 microcode 0xac, cmov, cx8, fxsr, mmx, sse, sse2, sse3, ssse3, sse4.1, sse4.2, popcnt, avx, avx2, aes, clmul, erms, 3dnowpref, lzcnt, ht, tsc, tscinvbit, bmi1, bmi2, adx, evex, sha, fma

Memory: 4k page, system-wide physical 7847M (935M free)
TotalPageFile size 18471M (AvailPageFile size 337M)
current process WorkingSet (physical memory assigned to process): 54M, peak: 54M
current process commit charge ("private bytes"): 206M, peak: 206M

vm_info: OpenJDK 64-Bit Server VM (11.0.18+10-LTS) for windows-amd64 JRE (11.0.18+10-LTS), built on Jan 18 2023 15:56:47 by "MicrosoftCorporation" with MS VC++ 15.9 (VS2017)

END.
