#
# There is insufficient memory for the Java Runtime Environment to continue.
# Native memory allocation (mmap) failed to map 33554432 bytes for Failed to commit area from 0x000000008d200000 to 0x000000008f200000 of length 33554432.
# Possible reasons:
#   The system is out of physical RAM or swap space
#   The process is running with CompressedOops enabled, and the Java Heap may be blocking the growth of the native heap
# Possible solutions:
#   Reduce memory load on the system
#   Increase physical memory or swap space
#   Check if swap backing store is full
#   Decrease Java heap size (-Xmx/-Xms)
#   Decrease number of Java threads
#   Decrease Java thread stack sizes (-Xss)
#   Set larger code cache with -XX:ReservedCodeCacheSize=
#   JVM is running with Unscaled Compressed Oops mode in which the Java heap is
#     placed in the first 4GB address space. The Java Heap base address is the
#     maximum limit for the native heap growth. Please use -XX:HeapBaseMinAddress
#     to set the Java Heap base and to place the Java Heap above 4GB virtual address.
# This output file may be truncated or incomplete.
#
#  Out of Memory Error (./src/hotspot/os/windows/os_windows.cpp:3386), pid=13500, tid=10624
#
# JRE version: OpenJDK Runtime Environment Microsoft-7208460 (11.0.18+10) (build 11.0.18+10-LTS)
# Java VM: OpenJDK 64-Bit Server VM Microsoft-7208460 (11.0.18+10-LTS, mixed mode, tiered, compressed oops, g1 gc, windows-amd64)
# No core dump will be written. Minidumps are not enabled by default on client versions of Windows
#

---------------  S U M M A R Y ------------

Command Line: org.jetbrains.kotlin.cli.jvm.K2JVMCompiler @C:\Users\BUTA\Downloads\APPP-master\AwesomeProject\node_modules\react-native-gesture-handler\android\build\20230911_654903004797633602.compiler.options

Host: 11th Gen Intel(R) Core(TM) i5-1135G7 @ 2.40GHz, 8 cores, 7G,  Windows 11 , 64 bit Build 22621 (10.0.22621.2070)
Time: Mon Sep 11 12:48:14 2023 Azerbaijan Standard Time elapsed time: 4.889023 seconds (0d 0h 0m 4s)

---------------  T H R E A D  ---------------

Current thread (0x000001e107229000):  VMThread "VM Thread" [stack: 0x000000282f700000,0x000000282f800000] [id=10624]

Stack: [0x000000282f700000,0x000000282f800000]
[error occurred during error reporting (printing stack bounds), id 0xc0000005, EXCEPTION_ACCESS_VIOLATION (0xc0000005) at pc=0x000001e170b412e7]

Native frames: (J=compiled Java code, j=interpreted, Vv=VM code, C=native code)
V  [jvm.dll+0x62bf8a]
V  [jvm.dll+0x7b8fb9]
V  [jvm.dll+0x7ba6a8]
V  [jvm.dll+0x7bace5]
V  [jvm.dll+0x7bac9b]
V  [jvm.dll+0x62b317]
V  [jvm.dll+0x62ba28]
C  [ntdll.dll+0xa3dff]
C  [ntdll.dll+0x1e456]
C  [ntdll.dll+0xa2dee]
C  0x000001e170b412e7

VM_Operation (0x000000282f1fc1f0): G1CollectForAllocation, mode: safepoint, requested by thread 0x000001e1683d0000


---------------  P R O C E S S  ---------------

Threads class SMR info:
_java_thread_list=0x000001e109a9e350, length=10, elements={
0x000001e1683d0000, 0x000001e107250000, 0x000001e10725b000, 0x000001e107268800,
0x000001e107269800, 0x000001e107b72800, 0x000001e107b76000, 0x000001e107b7b000,
0x000001e107bcc000, 0x000001e107d53800
}

Java Threads: ( => current thread )
  0x000001e1683d0000 JavaThread "main" [_thread_blocked, id=8484, stack(0x000000282f100000,0x000000282f200000)]
  0x000001e107250000 JavaThread "Reference Handler" daemon [_thread_blocked, id=5076, stack(0x000000282f800000,0x000000282f900000)]
  0x000001e10725b000 JavaThread "Finalizer" daemon [_thread_blocked, id=1312, stack(0x000000282f900000,0x000000282fa00000)]
  0x000001e107268800 JavaThread "Signal Dispatcher" daemon [_thread_blocked, id=4604, stack(0x000000282fb00000,0x000000282fc00000)]
  0x000001e107269800 JavaThread "Attach Listener" daemon [_thread_blocked, id=12024, stack(0x000000282fc00000,0x000000282fd00000)]
  0x000001e107b72800 JavaThread "Service Thread" daemon [_thread_blocked, id=14868, stack(0x000000282fd00000,0x000000282fe00000)]
  0x000001e107b76000 JavaThread "C2 CompilerThread0" daemon [_thread_blocked, id=7064, stack(0x000000282fe00000,0x000000282ff00000)]
  0x000001e107b7b000 JavaThread "C1 CompilerThread0" daemon [_thread_blocked, id=13564, stack(0x000000282ff00000,0x0000002830000000)]
  0x000001e107bcc000 JavaThread "Sweeper thread" daemon [_thread_blocked, id=5296, stack(0x0000002830000000,0x0000002830100000)]
  0x000001e107d53800 JavaThread "Common-Cleaner" daemon [_thread_blocked, id=13368, stack(0x0000002830200000,0x0000002830300000)]

Other Threads:
=>0x000001e107229000 VMThread "VM Thread" [stack: 0x000000282f700000,0x000000282f800000] [id=10624]
  0x000001e107d49800 WatcherThread [stack: 0x0000002830100000,0x0000002830200000] [id=15088]
  0x000001e1683eb000 GCTaskThread "GC Thread#0" [stack: 0x000000282f200000,0x000000282f300000] [id=1768]
  0x000001e108320800 GCTaskThread "GC Thread#1" [stack: 0x0000002830400000,0x0000002830500000] [id=1880]
  0x000001e16841c800 ConcurrentGCThread "G1 Main Marker" [stack: 0x000000282f300000,0x000000282f400000] [id=8056]
  0x000001e16841d800 ConcurrentGCThread "G1 Conc#0" [stack: 0x000000282f400000,0x000000282f500000] [id=2684]
  0x000001e1085d6800 ConcurrentGCThread "G1 Conc#1" [stack: 0x0000002830300000,0x0000002830400000] [id=528]
  0x000001e16849d800 ConcurrentGCThread "G1 Refine#0" [stack: 0x000000282f500000,0x000000282f600000] [id=3828]
  0x000001e10b7cd800 ConcurrentGCThread "G1 Refine#1" [stack: 0x0000002830700000,0x0000002830800000] [id=14324]
  0x000001e10708a800 ConcurrentGCThread "G1 Young RemSet Sampling" [stack: 0x000000282f600000,0x000000282f700000] [id=9820]

Threads with active compile tasks:

VM state:at safepoint (normal execution)

VM Mutex/Monitor currently owned by a thread:  ([mutex/lock_event])
[0x000001e1683cb5a0] Threads_lock - owner thread: 0x000001e107229000
[0x000001e1683cb000] Heap_lock - owner thread: 0x000001e1683d0000

Heap address: 0x0000000085600000, size: 1962 MB, Compressed Oops mode: 32-bit
Narrow klass base: 0x0000000000000000, Narrow klass shift: 3
Compressed class space size: 1073741824 Address: 0x0000000100000000

Heap:
 garbage-first heap   total 159744K, used 23587K [0x0000000085600000, 0x0000000100000000)
  region size 1024K, 5 young (5120K), 5 survivors (5120K)
 Metaspace       used 41933K, capacity 42349K, committed 42620K, reserved 1087488K
  class space    used 4957K, capacity 5124K, committed 5248K, reserved 1048576K
Heap Regions: E=young(eden), S=young(survivor), O=old, HS=humongous(starts), HC=humongous(continues), CS=collection set, F=free, A=archive, TAMS=top-at-mark-start (previous, next)
|   0|0x0000000085600000, 0x0000000085700000, 0x0000000085700000|100%|HS|  |TAMS 0x0000000085700000, 0x0000000085600000| Complete 
|   1|0x0000000085700000, 0x0000000085800000, 0x0000000085800000|100%|HC|  |TAMS 0x0000000085800000, 0x0000000085700000| Complete 
|   2|0x0000000085800000, 0x0000000085900000, 0x0000000085900000|100%|HC|  |TAMS 0x0000000085900000, 0x0000000085800000| Complete 
|   3|0x0000000085900000, 0x0000000085a00000, 0x0000000085a00000|100%|HS|  |TAMS 0x0000000085a00000, 0x0000000085900000| Complete 
|   4|0x0000000085a00000, 0x0000000085b00000, 0x0000000085b00000|100%|HC|  |TAMS 0x0000000085b00000, 0x0000000085a00000| Complete 
|   5|0x0000000085b00000, 0x0000000085c00000, 0x0000000085c00000|100%|HC|  |TAMS 0x0000000085c00000, 0x0000000085b00000| Complete 
|   6|0x0000000085c00000, 0x0000000085c00000, 0x0000000085d00000|  0%| F|  |TAMS 0x0000000085c00000, 0x0000000085c00000| Untracked 
|   7|0x0000000085d00000, 0x0000000085d00000, 0x0000000085e00000|  0%| F|  |TAMS 0x0000000085d00000, 0x0000000085d00000| Untracked 
|   8|0x0000000085e00000, 0x0000000085f00000, 0x0000000085f00000|100%| O|  |TAMS 0x0000000085f00000, 0x0000000085e00000| Untracked 
|   9|0x0000000085f00000, 0x0000000086000000, 0x0000000086000000|100%| O|  |TAMS 0x0000000086000000, 0x0000000085f00000| Untracked 
|  10|0x0000000086000000, 0x0000000086100000, 0x0000000086100000|100%| O|  |TAMS 0x0000000086100000, 0x0000000086000000| Untracked 
|  11|0x0000000086100000, 0x0000000086200000, 0x0000000086200000|100%| O|  |TAMS 0x0000000086200000, 0x0000000086100000| Untracked 
|  12|0x0000000086200000, 0x0000000086300000, 0x0000000086300000|100%| O|  |TAMS 0x0000000086300000, 0x0000000086200000| Untracked 
|  13|0x0000000086300000, 0x0000000086400000, 0x0000000086400000|100%| O|  |TAMS 0x0000000086327400, 0x0000000086300000| Untracked 
|  14|0x0000000086400000, 0x0000000086500000, 0x0000000086500000|100%| O|  |TAMS 0x0000000086400000, 0x0000000086400000| Untracked 
|  15|0x0000000086500000, 0x0000000086600000, 0x0000000086600000|100%| O|  |TAMS 0x0000000086500000, 0x0000000086500000| Untracked 
|  16|0x0000000086600000, 0x0000000086700000, 0x0000000086700000|100%| O|  |TAMS 0x0000000086600000, 0x0000000086600000| Untracked 
|  17|0x0000000086700000, 0x0000000086800000, 0x0000000086800000|100%| O|  |TAMS 0x0000000086700000, 0x0000000086700000| Untracked 
|  18|0x0000000086800000, 0x0000000086900000, 0x0000000086900000|100%| O|  |TAMS 0x0000000086800000, 0x0000000086800000| Untracked 
|  19|0x0000000086900000, 0x0000000086a00000, 0x0000000086a00000|100%| O|  |TAMS 0x0000000086900000, 0x0000000086900000| Untracked 
|  20|0x0000000086a00000, 0x0000000086a85000, 0x0000000086b00000| 51%| O|  |TAMS 0x0000000086a00000, 0x0000000086a00000| Untracked 
|  21|0x0000000086b00000, 0x0000000086b00000, 0x0000000086c00000|  0%| F|  |TAMS 0x0000000086b00000, 0x0000000086b00000| Untracked 
|  22|0x0000000086c00000, 0x0000000086c00000, 0x0000000086d00000|  0%| F|  |TAMS 0x0000000086c00000, 0x0000000086c00000| Untracked 
|  23|0x0000000086d00000, 0x0000000086d00000, 0x0000000086e00000|  0%| F|  |TAMS 0x0000000086d00000, 0x0000000086d00000| Untracked 
|  24|0x0000000086e00000, 0x0000000086e00000, 0x0000000086f00000|  0%| F|  |TAMS 0x0000000086e00000, 0x0000000086e00000| Untracked 
|  25|0x0000000086f00000, 0x0000000086f00000, 0x0000000087000000|  0%| F|  |TAMS 0x0000000086f00000, 0x0000000086f00000| Untracked 
|  26|0x0000000087000000, 0x0000000087000000, 0x0000000087100000|  0%| F|  |TAMS 0x0000000087000000, 0x0000000087000000| Untracked 
|  27|0x0000000087100000, 0x0000000087100000, 0x0000000087200000|  0%| F|  |TAMS 0x0000000087100000, 0x0000000087100000| Untracked 
|  28|0x0000000087200000, 0x0000000087200000, 0x0000000087300000|  0%| F|  |TAMS 0x0000000087200000, 0x0000000087200000| Untracked 
|  29|0x0000000087300000, 0x0000000087300000, 0x0000000087400000|  0%| F|  |TAMS 0x0000000087300000, 0x0000000087300000| Untracked 
|  30|0x0000000087400000, 0x0000000087400000, 0x0000000087500000|  0%| F|  |TAMS 0x0000000087400000, 0x0000000087400000| Untracked 
|  31|0x0000000087500000, 0x0000000087500000, 0x0000000087600000|  0%| F|  |TAMS 0x0000000087500000, 0x0000000087500000| Untracked 
|  32|0x0000000087600000, 0x0000000087600000, 0x0000000087700000|  0%| F|  |TAMS 0x0000000087600000, 0x0000000087600000| Untracked 
|  33|0x0000000087700000, 0x0000000087700000, 0x0000000087800000|  0%| F|  |TAMS 0x0000000087700000, 0x0000000087700000| Untracked 
|  34|0x0000000087800000, 0x0000000087800000, 0x0000000087900000|  0%| F|  |TAMS 0x0000000087800000, 0x0000000087800000| Untracked 
|  35|0x0000000087900000, 0x0000000087900000, 0x0000000087a00000|  0%| F|  |TAMS 0x0000000087900000, 0x0000000087900000| Untracked 
|  36|0x0000000087a00000, 0x0000000087a00000, 0x0000000087b00000|  0%| F|  |TAMS 0x0000000087a00000, 0x0000000087a00000| Untracked 
|  37|0x0000000087b00000, 0x0000000087b00000, 0x0000000087c00000|  0%| F|  |TAMS 0x0000000087b00000, 0x0000000087b00000| Untracked 
|  38|0x0000000087c00000, 0x0000000087c00000, 0x0000000087d00000|  0%| F|  |TAMS 0x0000000087c00000, 0x0000000087c00000| Untracked 
|  39|0x0000000087d00000, 0x0000000087d00000, 0x0000000087e00000|  0%| F|  |TAMS 0x0000000087d00000, 0x0000000087d00000| Untracked 
|  40|0x0000000087e00000, 0x0000000087e00000, 0x0000000087f00000|  0%| F|  |TAMS 0x0000000087e00000, 0x0000000087e00000| Untracked 
|  41|0x0000000087f00000, 0x0000000087f00000, 0x0000000088000000|  0%| F|  |TAMS 0x0000000087f00000, 0x0000000087f00000| Untracked 
|  42|0x0000000088000000, 0x0000000088000000, 0x0000000088100000|  0%| F|  |TAMS 0x0000000088000000, 0x0000000088000000| Untracked 
|  43|0x0000000088100000, 0x0000000088100000, 0x0000000088200000|  0%| F|  |TAMS 0x0000000088100000, 0x0000000088100000| Untracked 
|  44|0x0000000088200000, 0x0000000088200000, 0x0000000088300000|  0%| F|  |TAMS 0x0000000088200000, 0x0000000088200000| Untracked 
|  45|0x0000000088300000, 0x0000000088300000, 0x0000000088400000|  0%| F|  |TAMS 0x0000000088300000, 0x0000000088300000| Untracked 
|  46|0x0000000088400000, 0x0000000088400000, 0x0000000088500000|  0%| F|  |TAMS 0x0000000088400000, 0x0000000088400000| Untracked 
|  47|0x0000000088500000, 0x0000000088500000, 0x0000000088600000|  0%| F|  |TAMS 0x0000000088500000, 0x0000000088500000| Untracked 
|  48|0x0000000088600000, 0x0000000088600000, 0x0000000088700000|  0%| F|  |TAMS 0x0000000088600000, 0x0000000088600000| Untracked 
|  49|0x0000000088700000, 0x0000000088700000, 0x0000000088800000|  0%| F|  |TAMS 0x0000000088700000, 0x0000000088700000| Untracked 
|  50|0x0000000088800000, 0x0000000088800000, 0x0000000088900000|  0%| F|  |TAMS 0x0000000088800000, 0x0000000088800000| Untracked 
|  51|0x0000000088900000, 0x0000000088900000, 0x0000000088a00000|  0%| F|  |TAMS 0x0000000088900000, 0x0000000088900000| Untracked 
|  52|0x0000000088a00000, 0x0000000088a00000, 0x0000000088b00000|  0%| F|  |TAMS 0x0000000088a00000, 0x0000000088a00000| Untracked 
|  53|0x0000000088b00000, 0x0000000088b00000, 0x0000000088c00000|  0%| F|  |TAMS 0x0000000088b00000, 0x0000000088b00000| Untracked 
|  54|0x0000000088c00000, 0x0000000088c00000, 0x0000000088d00000|  0%| F|  |TAMS 0x0000000088c00000, 0x0000000088c00000| Untracked 
|  55|0x0000000088d00000, 0x0000000088d00000, 0x0000000088e00000|  0%| F|  |TAMS 0x0000000088d00000, 0x0000000088d00000| Untracked 
|  56|0x0000000088e00000, 0x0000000088e00000, 0x0000000088f00000|  0%| F|  |TAMS 0x0000000088e00000, 0x0000000088e00000| Untracked 
|  57|0x0000000088f00000, 0x0000000088f00000, 0x0000000089000000|  0%| F|  |TAMS 0x0000000088f00000, 0x0000000088f00000| Untracked 
|  58|0x0000000089000000, 0x0000000089000000, 0x0000000089100000|  0%| F|  |TAMS 0x0000000089000000, 0x0000000089000000| Untracked 
|  59|0x0000000089100000, 0x0000000089100000, 0x0000000089200000|  0%| F|  |TAMS 0x0000000089100000, 0x0000000089100000| Untracked 
|  60|0x0000000089200000, 0x0000000089200000, 0x0000000089300000|  0%| F|  |TAMS 0x0000000089200000, 0x0000000089200000| Untracked 
|  61|0x0000000089300000, 0x0000000089300000, 0x0000000089400000|  0%| F|  |TAMS 0x0000000089300000, 0x0000000089300000| Untracked 
|  62|0x0000000089400000, 0x0000000089400000, 0x0000000089500000|  0%| F|  |TAMS 0x0000000089400000, 0x0000000089400000| Untracked 
|  63|0x0000000089500000, 0x0000000089500000, 0x0000000089600000|  0%| F|  |TAMS 0x0000000089500000, 0x0000000089500000| Untracked 
|  64|0x0000000089600000, 0x0000000089600000, 0x0000000089700000|  0%| F|  |TAMS 0x0000000089600000, 0x0000000089600000| Untracked 
|  65|0x0000000089700000, 0x0000000089700000, 0x0000000089800000|  0%| F|  |TAMS 0x0000000089700000, 0x0000000089700000| Untracked 
|  66|0x0000000089800000, 0x0000000089800000, 0x0000000089900000|  0%| F|  |TAMS 0x0000000089800000, 0x0000000089800000| Untracked 
|  67|0x0000000089900000, 0x0000000089900000, 0x0000000089a00000|  0%| F|  |TAMS 0x0000000089900000, 0x0000000089900000| Untracked 
|  68|0x0000000089a00000, 0x0000000089a00000, 0x0000000089b00000|  0%| F|  |TAMS 0x0000000089a00000, 0x0000000089a00000| Untracked 
|  69|0x0000000089b00000, 0x0000000089b00000, 0x0000000089c00000|  0%| F|  |TAMS 0x0000000089b00000, 0x0000000089b00000| Untracked 
|  70|0x0000000089c00000, 0x0000000089c00000, 0x0000000089d00000|  0%| F|  |TAMS 0x0000000089c00000, 0x0000000089c00000| Untracked 
|  71|0x0000000089d00000, 0x0000000089d00000, 0x0000000089e00000|  0%| F|  |TAMS 0x0000000089d00000, 0x0000000089d00000| Untracked 
|  72|0x0000000089e00000, 0x0000000089e00000, 0x0000000089f00000|  0%| F|  |TAMS 0x0000000089e00000, 0x0000000089e00000| Untracked 
|  73|0x0000000089f00000, 0x0000000089f00000, 0x000000008a000000|  0%| F|  |TAMS 0x0000000089f00000, 0x0000000089f00000| Untracked 
|  74|0x000000008a000000, 0x000000008a000000, 0x000000008a100000|  0%| F|  |TAMS 0x000000008a000000, 0x000000008a000000| Untracked 
|  75|0x000000008a100000, 0x000000008a100000, 0x000000008a200000|  0%| F|  |TAMS 0x000000008a100000, 0x000000008a100000| Untracked 
|  76|0x000000008a200000, 0x000000008a200000, 0x000000008a300000|  0%| F|  |TAMS 0x000000008a200000, 0x000000008a200000| Untracked 
|  77|0x000000008a300000, 0x000000008a383fb8, 0x000000008a400000| 51%| S|CS|TAMS 0x000000008a300000, 0x000000008a300000| Complete 
|  78|0x000000008a400000, 0x000000008a500000, 0x000000008a500000|100%| S|CS|TAMS 0x000000008a400000, 0x000000008a400000| Complete 
|  79|0x000000008a500000, 0x000000008a600000, 0x000000008a600000|100%| S|CS|TAMS 0x000000008a500000, 0x000000008a500000| Complete 
|  80|0x000000008a600000, 0x000000008a700000, 0x000000008a700000|100%| S|CS|TAMS 0x000000008a600000, 0x000000008a600000| Complete 
|  81|0x000000008a700000, 0x000000008a800000, 0x000000008a800000|100%| S|CS|TAMS 0x000000008a700000, 0x000000008a700000| Complete 
|  82|0x000000008a800000, 0x000000008a800000, 0x000000008a900000|  0%| F|  |TAMS 0x000000008a800000, 0x000000008a800000| Untracked 
|  83|0x000000008a900000, 0x000000008a900000, 0x000000008aa00000|  0%| F|  |TAMS 0x000000008a900000, 0x000000008a900000| Untracked 
|  84|0x000000008aa00000, 0x000000008aa00000, 0x000000008ab00000|  0%| F|  |TAMS 0x000000008aa00000, 0x000000008aa00000| Untracked 
|  85|0x000000008ab00000, 0x000000008ab00000, 0x000000008ac00000|  0%| F|  |TAMS 0x000000008ab00000, 0x000000008ab00000| Untracked 
|  86|0x000000008ac00000, 0x000000008ac00000, 0x000000008ad00000|  0%| F|  |TAMS 0x000000008ac00000, 0x000000008ac00000| Untracked 
|  87|0x000000008ad00000, 0x000000008ad00000, 0x000000008ae00000|  0%| F|  |TAMS 0x000000008ad00000, 0x000000008ad00000| Untracked 
|  88|0x000000008ae00000, 0x000000008ae00000, 0x000000008af00000|  0%| F|  |TAMS 0x000000008ae00000, 0x000000008ae00000| Untracked 
|  89|0x000000008af00000, 0x000000008af00000, 0x000000008b000000|  0%| F|  |TAMS 0x000000008af00000, 0x000000008af00000| Untracked 
|  90|0x000000008b000000, 0x000000008b000000, 0x000000008b100000|  0%| F|  |TAMS 0x000000008b000000, 0x000000008b000000| Untracked 
|  91|0x000000008b100000, 0x000000008b100000, 0x000000008b200000|  0%| F|  |TAMS 0x000000008b100000, 0x000000008b100000| Untracked 
|  92|0x000000008b200000, 0x000000008b200000, 0x000000008b300000|  0%| F|  |TAMS 0x000000008b200000, 0x000000008b200000| Untracked 
|  93|0x000000008b300000, 0x000000008b300000, 0x000000008b400000|  0%| F|  |TAMS 0x000000008b300000, 0x000000008b300000| Untracked 
|  94|0x000000008b400000, 0x000000008b400000, 0x000000008b500000|  0%| F|  |TAMS 0x000000008b400000, 0x000000008b400000| Untracked 
|  95|0x000000008b500000, 0x000000008b500000, 0x000000008b600000|  0%| F|  |TAMS 0x000000008b500000, 0x000000008b500000| Untracked 
|  96|0x000000008b600000, 0x000000008b600000, 0x000000008b700000|  0%| F|  |TAMS 0x000000008b600000, 0x000000008b600000| Untracked 
|  97|0x000000008b700000, 0x000000008b700000, 0x000000008b800000|  0%| F|  |TAMS 0x000000008b700000, 0x000000008b700000| Untracked 
|  98|0x000000008b800000, 0x000000008b800000, 0x000000008b900000|  0%| F|  |TAMS 0x000000008b800000, 0x000000008b800000| Untracked 
|  99|0x000000008b900000, 0x000000008b900000, 0x000000008ba00000|  0%| F|  |TAMS 0x000000008b900000, 0x000000008b900000| Untracked 
| 100|0x000000008ba00000, 0x000000008ba00000, 0x000000008bb00000|  0%| F|  |TAMS 0x000000008ba00000, 0x000000008ba00000| Untracked 
| 101|0x000000008bb00000, 0x000000008bb00000, 0x000000008bc00000|  0%| F|  |TAMS 0x000000008bb00000, 0x000000008bb00000| Untracked 
| 102|0x000000008bc00000, 0x000000008bc00000, 0x000000008bd00000|  0%| F|  |TAMS 0x000000008bc00000, 0x000000008bc00000| Untracked 
| 103|0x000000008bd00000, 0x000000008bd00000, 0x000000008be00000|  0%| F|  |TAMS 0x000000008bd00000, 0x000000008bd00000| Untracked 
| 104|0x000000008be00000, 0x000000008be00000, 0x000000008bf00000|  0%| F|  |TAMS 0x000000008be00000, 0x000000008be00000| Untracked 
| 105|0x000000008bf00000, 0x000000008bf00000, 0x000000008c000000|  0%| F|  |TAMS 0x000000008bf00000, 0x000000008bf00000| Untracked 
| 106|0x000000008c000000, 0x000000008c000000, 0x000000008c100000|  0%| F|  |TAMS 0x000000008c000000, 0x000000008c000000| Untracked 
| 107|0x000000008c100000, 0x000000008c100000, 0x000000008c200000|  0%| F|  |TAMS 0x000000008c100000, 0x000000008c100000| Untracked 
| 108|0x000000008c200000, 0x000000008c200000, 0x000000008c300000|  0%| F|  |TAMS 0x000000008c200000, 0x000000008c200000| Untracked 
| 109|0x000000008c300000, 0x000000008c300000, 0x000000008c400000|  0%| F|  |TAMS 0x000000008c300000, 0x000000008c300000| Untracked 
| 110|0x000000008c400000, 0x000000008c400000, 0x000000008c500000|  0%| F|  |TAMS 0x000000008c400000, 0x000000008c400000| Untracked 
| 111|0x000000008c500000, 0x000000008c500000, 0x000000008c600000|  0%| F|  |TAMS 0x000000008c500000, 0x000000008c500000| Untracked 
| 112|0x000000008c600000, 0x000000008c600000, 0x000000008c700000|  0%| F|  |TAMS 0x000000008c600000, 0x000000008c600000| Untracked 
| 113|0x000000008c700000, 0x000000008c700000, 0x000000008c800000|  0%| F|  |TAMS 0x000000008c700000, 0x000000008c700000| Untracked 
| 114|0x000000008c800000, 0x000000008c800000, 0x000000008c900000|  0%| F|  |TAMS 0x000000008c800000, 0x000000008c800000| Untracked 
| 115|0x000000008c900000, 0x000000008c900000, 0x000000008ca00000|  0%| F|  |TAMS 0x000000008c900000, 0x000000008c900000| Untracked 
| 116|0x000000008ca00000, 0x000000008ca00000, 0x000000008cb00000|  0%| F|  |TAMS 0x000000008ca00000, 0x000000008ca00000| Untracked 
| 117|0x000000008cb00000, 0x000000008cb00000, 0x000000008cc00000|  0%| F|  |TAMS 0x000000008cb00000, 0x000000008cb00000| Untracked 
| 118|0x000000008cc00000, 0x000000008cc00000, 0x000000008cd00000|  0%| F|  |TAMS 0x000000008cc00000, 0x000000008cc00000| Untracked 
| 119|0x000000008cd00000, 0x000000008cd00000, 0x000000008ce00000|  0%| F|  |TAMS 0x000000008cd00000, 0x000000008cd00000| Untracked 
| 120|0x000000008ce00000, 0x000000008ce00000, 0x000000008cf00000|  0%| F|  |TAMS 0x000000008ce00000, 0x000000008ce00000| Untracked 
| 121|0x000000008cf00000, 0x000000008cf00000, 0x000000008d000000|  0%| F|  |TAMS 0x000000008cf00000, 0x000000008cf00000| Untracked 
| 122|0x000000008d000000, 0x000000008d000000, 0x000000008d100000|  0%| F|  |TAMS 0x000000008d000000, 0x000000008d000000| Untracked 
| 123|0x000000008d100000, 0x000000008d100000, 0x000000008d200000|  0%| F|  |TAMS 0x000000008d100000, 0x000000008d100000| Untracked 

Card table byte_map: [0x000001e1003e0000,0x000001e1007c0000] _byte_map_base: 0x000001e0fffb5000

Marking Bits (Prev, Next): (CMBitMap*) 0x000001e168413be8, (CMBitMap*) 0x000001e168413c20
 Prev Bits: [0x000001e100ba0000, 0x000001e102a48000)
 Next Bits: [0x000001e102a50000, 0x000001e1048f8000)

Polling page: 0x000001e1663b0000

Metaspace:

Usage:
  Non-class:     36.35 MB capacity,    36.11 MB (>99%) used,   189.27 KB ( <1%) free+waste,    59.19 KB ( <1%) overhead. 
      Class:      5.00 MB capacity,     4.84 MB ( 97%) used,   140.52 KB (  3%) free+waste,    26.25 KB ( <1%) overhead. 
       Both:     41.36 MB capacity,    40.95 MB (>99%) used,   329.78 KB ( <1%) free+waste,    85.44 KB ( <1%) overhead. 

Virtual space:
  Non-class space:       38.00 MB reserved,      36.50 MB ( 96%) committed 
      Class space:        1.00 GB reserved,       5.13 MB ( <1%) committed 
             Both:        1.04 GB reserved,      41.62 MB (  4%) committed 

Chunk freelists:
   Non-Class:  83.00 KB
       Class:  28.00 KB
        Both:  111.00 KB

MaxMetaspaceSize: 17179869184.00 GB
CompressedClassSpaceSize: 1.00 GB
Initial GC threshold: 20.80 MB
Current GC threshold: 53.12 MB
CDS: off

CodeHeap 'non-profiled nmethods': size=120000Kb used=1284Kb max_used=1284Kb free=118715Kb
 bounds [0x000001e178610000, 0x000001e178880000, 0x000001e17fb40000]
CodeHeap 'profiled nmethods': size=120000Kb used=6034Kb max_used=6034Kb free=113965Kb
 bounds [0x000001e1710e0000, 0x000001e1716d0000, 0x000001e178610000]
CodeHeap 'non-nmethods': size=5760Kb used=1266Kb max_used=1298Kb free=4493Kb
 bounds [0x000001e170b40000, 0x000001e170db0000, 0x000001e1710e0000]
 total_blobs=3508 nmethods=2965 adapters=455
 compilation: enabled
              stopped_count=0, restarted_count=0
 full_count=0

Compilation events (20 events):
Event: 4.835 Thread 0x000001e107b7b000 2957   !   3       org.jetbrains.kotlin.container.SingletonTypeComponentDescriptor::createInstanceOf (207 bytes)
Event: 4.837 Thread 0x000001e107b7b000 nmethod 2957 0x000001e1716bb690 code [0x000001e1716bbb80, 0x000001e1716be378]
Event: 4.837 Thread 0x000001e107b7b000 2956       3       org.jetbrains.kotlin.container.SingletonTypeComponentDescriptor::createInstance (16 bytes)
Event: 4.838 Thread 0x000001e107b7b000 nmethod 2956 0x000001e1716bf410 code [0x000001e1716bf640, 0x000001e1716bfc08]
Event: 4.838 Thread 0x000001e107b7b000 2958       1       org.jetbrains.kotlin.container.SetterInfo::component1 (5 bytes)
Event: 4.838 Thread 0x000001e107b7b000 nmethod 2958 0x000001e178750110 code [0x000001e1787502c0, 0x000001e178750378]
Event: 4.847 Thread 0x000001e107b76000 2959       4       jdk.internal.ref.PhantomCleanable::<init> (49 bytes)
Event: 4.861 Thread 0x000001e107b76000 nmethod 2959 0x000001e178750410 code [0x000001e1787505c0, 0x000001e178751078]
Event: 4.868 Thread 0x000001e107b7b000 2960       3       java.lang.String::substring (58 bytes)
Event: 4.868 Thread 0x000001e107b7b000 nmethod 2960 0x000001e1716bfe90 code [0x000001e1716c00c0, 0x000001e1716c0748]
Event: 4.869 Thread 0x000001e107b7b000 2961       3       java.lang.String::hashCode (49 bytes)
Event: 4.869 Thread 0x000001e107b7b000 nmethod 2961 0x000001e1716c0990 code [0x000001e1716c0b80, 0x000001e1716c0f88]
Event: 4.869 Thread 0x000001e107b7b000 2962       3       java.lang.String::indexOf (7 bytes)
Event: 4.870 Thread 0x000001e107b7b000 nmethod 2962 0x000001e1716c1110 code [0x000001e1716c1300, 0x000001e1716c15f8]
Event: 4.871 Thread 0x000001e107b7b000 2963       3       java.lang.ClassLoader::findLoadedClass (16 bytes)
Event: 4.871 Thread 0x000001e107b7b000 nmethod 2963 0x000001e1716c1710 code [0x000001e1716c18e0, 0x000001e1716c1ab8]
Event: 4.871 Thread 0x000001e107b7b000 2964   !   3       java.util.zip.ZipFile::getEntry (73 bytes)
Event: 4.872 Thread 0x000001e107b7b000 nmethod 2964 0x000001e1716c1b90 code [0x000001e1716c1da0, 0x000001e1716c23e8]
Event: 4.872 Thread 0x000001e107b7b000 2965   !   3       jdk.internal.loader.BuiltinClassLoader::loadClassOrNull (143 bytes)
Event: 4.873 Thread 0x000001e107b7b000 nmethod 2965 0x000001e1716c2710 code [0x000001e1716c2a80, 0x000001e1716c41e8]

GC Heap History (9 events):
Event: 0.808 GC heap before
{Heap before GC invocations=0 (full 0):
 garbage-first heap   total 126976K, used 27648K [0x0000000085600000, 0x0000000100000000)
  region size 1024K, 24 young (24576K), 0 survivors (0K)
 Metaspace       used 12391K, capacity 12504K, committed 12800K, reserved 1060864K
  class space    used 1150K, capacity 1207K, committed 1280K, reserved 1048576K
}
Event: 0.819 GC heap after
{Heap after GC invocations=1 (full 0):
 garbage-first heap   total 126976K, used 5806K [0x0000000085600000, 0x0000000100000000)
  region size 1024K, 3 young (3072K), 3 survivors (3072K)
 Metaspace       used 12391K, capacity 12504K, committed 12800K, reserved 1060864K
  class space    used 1150K, capacity 1207K, committed 1280K, reserved 1048576K
}
Event: 1.742 GC heap before
{Heap before GC invocations=1 (full 0):
 garbage-first heap   total 126976K, used 41646K [0x0000000085600000, 0x0000000100000000)
  region size 1024K, 39 young (39936K), 3 survivors (3072K)
 Metaspace       used 20979K, capacity 21182K, committed 21248K, reserved 1069056K
  class space    used 2215K, capacity 2280K, committed 2304K, reserved 1048576K
}
Event: 1.757 GC heap after
{Heap after GC invocations=2 (full 0):
 garbage-first heap   total 126976K, used 9216K [0x0000000085600000, 0x0000000100000000)
  region size 1024K, 6 young (6144K), 6 survivors (6144K)
 Metaspace       used 20979K, capacity 21182K, committed 21248K, reserved 1069056K
  class space    used 2215K, capacity 2280K, committed 2304K, reserved 1048576K
}
Event: 3.317 GC heap before
{Heap before GC invocations=3 (full 0):
 garbage-first heap   total 126976K, used 60416K [0x0000000085600000, 0x0000000100000000)
  region size 1024K, 52 young (53248K), 6 survivors (6144K)
 Metaspace       used 31900K, capacity 32346K, committed 32636K, reserved 1077248K
  class space    used 3936K, capacity 4116K, committed 4224K, reserved 1048576K
}
Event: 3.355 GC heap after
{Heap after GC invocations=4 (full 0):
 garbage-first heap   total 126976K, used 20637K [0x0000000085600000, 0x0000000100000000)
  region size 1024K, 7 young (7168K), 7 survivors (7168K)
 Metaspace       used 31900K, capacity 32346K, committed 32636K, reserved 1077248K
  class space    used 3936K, capacity 4116K, committed 4224K, reserved 1048576K
}
Event: 3.683 GC heap before
{Heap before GC invocations=5 (full 0):
 garbage-first heap   total 126976K, used 27805K [0x0000000085600000, 0x0000000100000000)
  region size 1024K, 14 young (14336K), 7 survivors (7168K)
 Metaspace       used 33755K, capacity 34175K, committed 34300K, reserved 1079296K
  class space    used 4167K, capacity 4342K, committed 4352K, reserved 1048576K
}
Event: 3.697 GC heap after
{Heap after GC invocations=6 (full 0):
 garbage-first heap   total 126976K, used 22036K [0x0000000085600000, 0x0000000100000000)
  region size 1024K, 1 young (1024K), 1 survivors (1024K)
 Metaspace       used 33755K, capacity 34175K, committed 34300K, reserved 1079296K
  class space    used 4167K, capacity 4342K, committed 4352K, reserved 1048576K
}
Event: 4.876 GC heap before
{Heap before GC invocations=6 (full 0):
 garbage-first heap   total 126976K, used 64020K [0x0000000085600000, 0x0000000100000000)
  region size 1024K, 42 young (43008K), 1 survivors (1024K)
 Metaspace       used 41933K, capacity 42349K, committed 42620K, reserved 1087488K
  class space    used 4957K, capacity 5124K, committed 5248K, reserved 1048576K
}

Deoptimization events (20 events):
Event: 4.862 Thread 0x000001e1683d0000 Uncommon trap: trap_request=0xffffff4d fr.pc=0x000001e178647d6c relative=0x0000000000000c4c
Event: 4.863 Thread 0x000001e1683d0000 Uncommon trap: reason=unstable_if action=reinterpret pc=0x000001e178647d6c method=java.lang.StringCoding.encodeUTF8(B[BZ)[B @ 2 c2
Event: 4.863 Thread 0x000001e1683d0000 DEOPT PACKING pc=0x000001e178647d6c sp=0x000000282f1f5f50
Event: 4.863 Thread 0x000001e1683d0000 DEOPT UNPACKING pc=0x000001e170b485af sp=0x000000282f1f5d40 mode 2
Event: 4.863 Thread 0x000001e1683d0000 Uncommon trap: trap_request=0xffffff4d fr.pc=0x000001e17871c98c relative=0x00000000000002cc
Event: 4.863 Thread 0x000001e1683d0000 Uncommon trap: reason=unstable_if action=reinterpret pc=0x000001e17871c98c method=sun.net.www.ParseUtil.firstEncodeIndex(Ljava/lang/String;)I @ 27 c2
Event: 4.863 Thread 0x000001e1683d0000 DEOPT PACKING pc=0x000001e17871c98c sp=0x000000282f1f6080
Event: 4.863 Thread 0x000001e1683d0000 DEOPT UNPACKING pc=0x000001e170b485af sp=0x000000282f1f5ea8 mode 2
Event: 4.863 Thread 0x000001e1683d0000 Uncommon trap: trap_request=0xffffff4d fr.pc=0x000001e1786d3fb8 relative=0x0000000000000198
Event: 4.863 Thread 0x000001e1683d0000 Uncommon trap: reason=unstable_if action=reinterpret pc=0x000001e1786d3fb8 method=java.lang.String.indexOf(II)I @ 4 c2
Event: 4.863 Thread 0x000001e1683d0000 DEOPT PACKING pc=0x000001e1786d3fb8 sp=0x000000282f1f5d10
Event: 4.863 Thread 0x000001e1683d0000 DEOPT UNPACKING pc=0x000001e170b485af sp=0x000000282f1f5cc0 mode 2
Event: 4.863 Thread 0x000001e1683d0000 Uncommon trap: trap_request=0xffffff4d fr.pc=0x000001e1786d4ab4 relative=0x0000000000000194
Event: 4.863 Thread 0x000001e1683d0000 Uncommon trap: reason=unstable_if action=reinterpret pc=0x000001e1786d4ab4 method=java.lang.String.startsWith(Ljava/lang/String;I)Z @ 46 c2
Event: 4.863 Thread 0x000001e1683d0000 DEOPT PACKING pc=0x000001e1786d4ab4 sp=0x000000282f1f5e10
Event: 4.863 Thread 0x000001e1683d0000 DEOPT UNPACKING pc=0x000001e170b485af sp=0x000000282f1f5d78 mode 2
Event: 4.864 Thread 0x000001e1683d0000 Uncommon trap: trap_request=0xffffff4d fr.pc=0x000001e1787454a4 relative=0x0000000000000644
Event: 4.864 Thread 0x000001e1683d0000 Uncommon trap: reason=unstable_if action=reinterpret pc=0x000001e1787454a4 method=java.lang.String.lastIndexOf(II)I @ 4 c2
Event: 4.864 Thread 0x000001e1683d0000 DEOPT PACKING pc=0x000001e1787454a4 sp=0x000000282f1f5e80
Event: 4.864 Thread 0x000001e1683d0000 DEOPT UNPACKING pc=0x000001e170b485af sp=0x000000282f1f5d70 mode 2

Classes redefined (0 events):
No events

Internal exceptions (20 events):
Event: 1.714 Thread 0x000001e1683d0000 Exception <a 'java/lang/NoSuchMethodError'{0x000000008aca30a8}: 'long java.lang.invoke.DirectMethodHandle$Holder.invokeStaticInit(java.lang.Object)'> (0x000000008aca30a8) thrown at [./src/hotspot/share/interpreter/linkResolver.cpp, line 773]
Event: 1.815 Thread 0x000001e1683d0000 Exception <a 'java/lang/NoSuchMethodError'{0x000000008cffe8d8}: 'int java.lang.invoke.DirectMethodHandle$Holder.invokeStaticInit(java.lang.Object, java.lang.Object, java.lang.Object)'> (0x000000008cffe8d8) thrown at [./src/hotspot/share/interpreter/linkResolver.cpp, line 773]
Event: 1.820 Thread 0x000001e1683d0000 Exception <a 'java/lang/NoSuchMethodError'{0x000000008ce2a660}: 'int java.lang.invoke.DirectMethodHandle$Holder.invokeStaticInit(java.lang.Object, java.lang.Object)'> (0x000000008ce2a660) thrown at [./src/hotspot/share/interpreter/linkResolver.cpp, line 773]
Event: 1.874 Thread 0x000001e1683d0000 Exception <a 'java/lang/NoSuchMethodError'{0x000000008cc3d9f0}: 'void java.lang.invoke.DirectMethodHandle$Holder.invokeSpecial(java.lang.Object, java.lang.Object)'> (0x000000008cc3d9f0) thrown at [./src/hotspot/share/interpreter/linkResolver.cpp, line 773]
Event: 2.103 Thread 0x000001e1683d0000 Exception <a 'java/lang/NoSuchMethodError'{0x000000008c426140}: 'java.lang.Object java.lang.invoke.DirectMethodHandle$Holder.invokeStatic(java.lang.Object, java.lang.Object, java.lang.Object, java.lang.Object, java.lang.Object, java.lang.Object, java.lang.Object, java.lang.Object, java.lang.Object, java.lang.Object, java.lang.Object, java.lang.Object, java.lang.Object, java.lang.Object, java.lang.Object)'> (0x000000008c426140) thrown at [./src/hotspot/share/interpreter/linkResolver.cpp, line 773]
Event: 2.104 Thread 0x000001e1683d0000 Exception <a 'java/lang/NoSuchMethodError'{0x000000008c434148}: 'java.lang.Object java.lang.invoke.DirectMethodHandle$Holder.invokeStatic(java.lang.Object, java.lang.Object, java.lang.Object, java.lang.Object, java.lang.Object, java.lang.Object, java.lang.Object, java.lang.Object, java.lang.Object, java.lang.Object, java.lang.Object, java.lang.Object, java.lang.Object, java.lang.Object, java.lang.Object, java.lang.Object)'> (0x000000008c434148) thrown at [./src/hotspot/share/interpreter/linkResolver.cpp, l
Event: 2.105 Thread 0x000001e1683d0000 Exception <a 'java/lang/NoSuchMethodError'{0x000000008c442060}: 'java.lang.Object java.lang.invoke.DirectMethodHandle$Holder.invokeSpecial(java.lang.Object, java.lang.Object, int, int, java.lang.Object, java.lang.Object, java.lang.Object)'> (0x000000008c442060) thrown at [./src/hotspot/share/interpreter/linkResolver.cpp, line 773]
Event: 2.105 Thread 0x000001e1683d0000 Exception <a 'java/lang/NoSuchMethodError'{0x000000008c445898}: 'java.lang.Object java.lang.invoke.DelegatingMethodHandle$Holder.reinvoke_L(java.lang.Object, int, int, java.lang.Object, java.lang.Object, java.lang.Object)'> (0x000000008c445898) thrown at [./src/hotspot/share/interpreter/linkResolver.cpp, line 773]
Event: 2.106 Thread 0x000001e1683d0000 Exception <a 'java/lang/NoSuchMethodError'{0x000000008c449c20}: 'java.lang.Object java.lang.invoke.DirectMethodHandle$Holder.invokeStatic(java.lang.Object, java.lang.Object, java.lang.Object, java.lang.Object, int)'> (0x000000008c449c20) thrown at [./src/hotspot/share/interpreter/linkResolver.cpp, line 773]
Event: 2.156 Thread 0x000001e1683d0000 Exception <a 'sun/nio/fs/WindowsException'{0x000000008c38a538}> (0x000000008c38a538) thrown at [./src/hotspot/share/prims/jni.cpp, line 617]
Event: 2.156 Thread 0x000001e1683d0000 Exception <a 'sun/nio/fs/WindowsException'{0x000000008c38adb0}> (0x000000008c38adb0) thrown at [./src/hotspot/share/prims/jni.cpp, line 617]
Event: 2.156 Thread 0x000001e1683d0000 Exception <a 'sun/nio/fs/WindowsException'{0x000000008c38b638}> (0x000000008c38b638) thrown at [./src/hotspot/share/prims/jni.cpp, line 617]
Event: 2.156 Thread 0x000001e1683d0000 Exception <a 'sun/nio/fs/WindowsException'{0x000000008c38c020}> (0x000000008c38c020) thrown at [./src/hotspot/share/prims/jni.cpp, line 617]
Event: 2.157 Thread 0x000001e1683d0000 Exception <a 'sun/nio/fs/WindowsException'{0x000000008c38c908}> (0x000000008c38c908) thrown at [./src/hotspot/share/prims/jni.cpp, line 617]
Event: 2.157 Thread 0x000001e1683d0000 Exception <a 'sun/nio/fs/WindowsException'{0x000000008c38d240}> (0x000000008c38d240) thrown at [./src/hotspot/share/prims/jni.cpp, line 617]
Event: 2.159 Thread 0x000001e1683d0000 Exception <a 'java/lang/NoSuchMethodError'{0x000000008c393a00}: 'void java.lang.invoke.DirectMethodHandle$Holder.invokeStatic(java.lang.Object, java.lang.Object, java.lang.Object, java.lang.Object)'> (0x000000008c393a00) thrown at [./src/hotspot/share/interpreter/linkResolver.cpp, line 773]
Event: 2.251 Thread 0x000001e1683d0000 Exception <a 'java/lang/NoSuchMethodError'{0x000000008bf755d0}: 'void java.lang.invoke.DirectMethodHandle$Holder.invokeStaticInit(java.lang.Object, java.lang.Object)'> (0x000000008bf755d0) thrown at [./src/hotspot/share/interpreter/linkResolver.cpp, line 773]
Event: 2.352 Thread 0x000001e1683d0000 Exception <a 'java/lang/NoSuchMethodError'{0x000000008bb923b8}: 'void java.lang.invoke.DirectMethodHandle$Holder.invokeVirtual(java.lang.Object, java.lang.Object)'> (0x000000008bb923b8) thrown at [./src/hotspot/share/interpreter/linkResolver.cpp, line 773]
Event: 2.364 Thread 0x000001e1683d0000 Exception <a 'java/lang/NoSuchMethodError'{0x000000008ba10d38}: 'int java.lang.invoke.DirectMethodHandle$Holder.invokeVirtual(java.lang.Object, java.lang.Object)'> (0x000000008ba10d38) thrown at [./src/hotspot/share/interpreter/linkResolver.cpp, line 773]
Event: 3.846 Thread 0x000001e1683d0000 Exception <a 'java/lang/NoSuchMethodError'{0x000000008cc23c70}: 'java.lang.Object java.lang.invoke.DirectMethodHandle$Holder.invokeVirtual(java.lang.Object, java.lang.Object, java.lang.Object)'> (0x000000008cc23c70) thrown at [./src/hotspot/share/interpreter/linkResolver.cpp, line 773]

Events (20 events):
Event: 4.869 loading class javaslang/collection/HashArrayMappedTrieModule$EmptyNode done
Event: 4.869 loading class javaslang/collection/HashArrayMappedTrieModule$AbstractNode
Event: 4.869 loading class javaslang/collection/HashArrayMappedTrieModule$AbstractNode done
Event: 4.869 loading class javaslang/collection/HashArrayMappedTrieModule$LeafSingleton
Event: 4.869 loading class javaslang/collection/HashArrayMappedTrieModule$LeafSingleton done
Event: 4.870 loading class javaslang/collection/HashArrayMappedTrieModule$LeafNode
Event: 4.870 loading class javaslang/collection/HashArrayMappedTrieModule$LeafNode done
Event: 4.870 loading class org/jetbrains/kotlin/com/google/common/collect/HashMultimap
Event: 4.870 loading class org/jetbrains/kotlin/com/google/common/collect/HashMultimap done
Event: 4.871 loading class org/jetbrains/kotlin/com/google/common/collect/HashMultimapGwtSerializationDependencies
Event: 4.871 loading class org/jetbrains/kotlin/com/google/common/collect/HashMultimapGwtSerializationDependencies done
Event: 4.871 loading class kotlin/jvm/internal/Ref$ObjectRef
Event: 4.871 loading class kotlin/jvm/internal/Ref$ObjectRef done
Event: 4.872 loading class org/jetbrains/kotlin/resolve/ExceptionWrappingKtVisitorVoid
Event: 4.872 loading class org/jetbrains/kotlin/resolve/ExceptionWrappingKtVisitorVoid done
Event: 4.874 loading class org/jetbrains/kotlin/resolve/LazyTopDownAnalyzer$analyzeDeclarations$1
Event: 4.874 loading class org/jetbrains/kotlin/resolve/LazyTopDownAnalyzer$analyzeDeclarations$1 done
Event: 4.876 loading class org/jetbrains/kotlin/resolve/BindingContext$1
Event: 4.876 loading class org/jetbrains/kotlin/resolve/BindingContext$1 done
Event: 4.876 Executing VM operation: G1CollectForAllocation


Dynamic libraries:
0x00007ff762060000 - 0x00007ff76206d000 	C:\Program Files\Microsoft\jdk-11.0.18.10-hotspot\bin\java.exe
0x00007ffaeed90000 - 0x00007ffaeefa4000 	C:\WINDOWS\SYSTEM32\ntdll.dll
0x00007ffaeea90000 - 0x00007ffaeeb54000 	C:\WINDOWS\System32\KERNEL32.DLL
0x00007ffaec5c0000 - 0x00007ffaec964000 	C:\WINDOWS\System32\KERNELBASE.dll
0x00007ffaec420000 - 0x00007ffaec531000 	C:\WINDOWS\System32\ucrtbase.dll
0x00007ffac2b20000 - 0x00007ffac2b37000 	C:\Program Files\Microsoft\jdk-11.0.18.10-hotspot\bin\jli.dll
0x00007ffaee210000 - 0x00007ffaee3ba000 	C:\WINDOWS\System32\USER32.dll
0x00007ffaec290000 - 0x00007ffaec2b6000 	C:\WINDOWS\System32\win32u.dll
0x00007ffaee130000 - 0x00007ffaee159000 	C:\WINDOWS\System32\GDI32.dll
0x00007ffaec170000 - 0x00007ffaec289000 	C:\WINDOWS\System32\gdi32full.dll
0x00007ffaec380000 - 0x00007ffaec41a000 	C:\WINDOWS\System32\msvcp_win.dll
0x00007ffac1c70000 - 0x00007ffac1c85000 	C:\Program Files\Microsoft\jdk-11.0.18.10-hotspot\bin\VCRUNTIME140.dll
0x00007ffacf840000 - 0x00007ffacfacf000 	C:\WINDOWS\WinSxS\amd64_microsoft.windows.common-controls_6595b64144ccf1df_6.0.22621.2070_none_2713e6537381f706\COMCTL32.dll
0x00007ffaeeca0000 - 0x00007ffaeed47000 	C:\WINDOWS\System32\msvcrt.dll
0x00007ffaedd90000 - 0x00007ffaeddc1000 	C:\WINDOWS\System32\IMM32.DLL
0x00007ffab6f20000 - 0x00007ffab6fbb000 	C:\Program Files\Microsoft\jdk-11.0.18.10-hotspot\bin\msvcp140.dll
0x00007ffaae400000 - 0x00007ffaaef92000 	C:\Program Files\Microsoft\jdk-11.0.18.10-hotspot\bin\server\jvm.dll
0x00007ffaedfe0000 - 0x00007ffaee090000 	C:\WINDOWS\System32\ADVAPI32.dll
0x00007ffaee160000 - 0x00007ffaee206000 	C:\WINDOWS\System32\sechost.dll
0x00007ffaee840000 - 0x00007ffaee957000 	C:\WINDOWS\System32\RPCRT4.dll
0x00007ffaeec40000 - 0x00007ffaeec48000 	C:\WINDOWS\System32\PSAPI.DLL
0x00007ffae6040000 - 0x00007ffae6049000 	C:\WINDOWS\SYSTEM32\WSOCK32.dll
0x00007ffaedf60000 - 0x00007ffaedfd1000 	C:\WINDOWS\System32\WS2_32.dll
0x00007ffae0ec0000 - 0x00007ffae0ef4000 	C:\WINDOWS\SYSTEM32\WINMM.dll
0x00007ffae4c40000 - 0x00007ffae4c4a000 	C:\WINDOWS\SYSTEM32\VERSION.dll
0x00007ffaeb120000 - 0x00007ffaeb138000 	C:\WINDOWS\SYSTEM32\kernel.appcore.dll
0x00007ffad4e20000 - 0x00007ffad4e30000 	C:\Program Files\Microsoft\jdk-11.0.18.10-hotspot\bin\verify.dll
0x00007ffae9790000 - 0x00007ffae99be000 	C:\WINDOWS\SYSTEM32\DBGHELP.DLL
0x00007ffaed7f0000 - 0x00007ffaedb7a000 	C:\WINDOWS\System32\combase.dll
0x00007ffaedcb0000 - 0x00007ffaedd87000 	C:\WINDOWS\System32\OLEAUT32.dll
0x00007ffad4830000 - 0x00007ffad4862000 	C:\WINDOWS\SYSTEM32\dbgcore.DLL
0x00007ffaec540000 - 0x00007ffaec5ba000 	C:\WINDOWS\System32\bcryptPrimitives.dll
0x00007ffac1c40000 - 0x00007ffac1c68000 	C:\Program Files\Microsoft\jdk-11.0.18.10-hotspot\bin\java.dll
0x00007ffad2c50000 - 0x00007ffad2c5a000 	C:\Program Files\Microsoft\jdk-11.0.18.10-hotspot\bin\jimage.dll
0x00007ffac0b30000 - 0x00007ffac0b48000 	C:\Program Files\Microsoft\jdk-11.0.18.10-hotspot\bin\zip.dll
0x00007ffaecb50000 - 0x00007ffaed366000 	C:\WINDOWS\System32\SHELL32.dll
0x00007ffaea0f0000 - 0x00007ffaea9da000 	C:\WINDOWS\SYSTEM32\windows.storage.dll
0x00007ffae9fb0000 - 0x00007ffaea0ee000 	C:\WINDOWS\SYSTEM32\wintypes.dll
0x00007ffaede60000 - 0x00007ffaedf53000 	C:\WINDOWS\System32\SHCORE.dll
0x00007ffaee090000 - 0x00007ffaee0ee000 	C:\WINDOWS\System32\shlwapi.dll
0x00007ffaec0a0000 - 0x00007ffaec0c6000 	C:\WINDOWS\SYSTEM32\profapi.dll
0x00007ffac0b10000 - 0x00007ffac0b29000 	C:\Program Files\Microsoft\jdk-11.0.18.10-hotspot\bin\net.dll
0x00007ffae6060000 - 0x00007ffae6197000 	C:\WINDOWS\SYSTEM32\WINHTTP.dll
0x00007ffaeb5e0000 - 0x00007ffaeb649000 	C:\WINDOWS\system32\mswsock.dll
0x00007ffac0360000 - 0x00007ffac0373000 	C:\Program Files\Microsoft\jdk-11.0.18.10-hotspot\bin\nio.dll

dbghelp: loaded successfully - version: 4.0.5 - missing functions: none
symbol engine: initialized successfully - sym options: 0x614 - pdb path: .;C:\Program Files\Microsoft\jdk-11.0.18.10-hotspot\bin;C:\WINDOWS\SYSTEM32;C:\WINDOWS\WinSxS\amd64_microsoft.windows.common-controls_6595b64144ccf1df_6.0.22621.2070_none_2713e6537381f706;C:\Program Files\Microsoft\jdk-11.0.18.10-hotspot\bin\server

VM Arguments:
java_command: org.jetbrains.kotlin.cli.jvm.K2JVMCompiler @C:\Users\BUTA\Downloads\APPP-master\AwesomeProject\node_modules\react-native-gesture-handler\android\build\20230911_654903004797633602.compiler.options
java_class_path (initial): C:\Users\BUTA\.gradle\caches\modules-2\files-2.1\org.jetbrains.kotlin\kotlin-compiler-embeddable\1.6.21\97bdd5a752ce73b58ef16c17bc7f0ea2faff7a2e\kotlin-compiler-embeddable-1.6.21.jar;C:\Users\BUTA\.gradle\caches\modules-2\files-2.1\org.jetbrains.kotlin\kotlin-reflect\1.6.21\5dc3574d9b7bebfcb4ec6b10ada4aaa9e140bd0b\kotlin-reflect-1.6.21.jar;C:\Users\BUTA\.gradle\caches\modules-2\files-2.1\org.jetbrains.kotlin\kotlin-stdlib\1.6.21\11ef67f1900634fd951bad28c53ec957fabbe5b8\kotlin-stdlib-1.6.21.jar;C:\Users\BUTA\.gradle\caches\modules-2\files-2.1\org.jetbrains.kotlin\kotlin-script-runtime\1.6.21\99c6675100da5d6d5b1c5a1032f27f28008d101b\kotlin-script-runtime-1.6.21.jar;C:\Users\BUTA\.gradle\caches\modules-2\files-2.1\org.jetbrains.kotlin\kotlin-daemon-embeddable\1.6.21\46b78cf392e1c4f10854c3cadba44abb7b82250f\kotlin-daemon-embeddable-1.6.21.jar;C:\Users\BUTA\.gradle\caches\modules-2\files-2.1\org.jetbrains.intellij.deps\trove4j\1.0.20200330\3afb14d5f9ceb459d724e907a21145e8ff394f02\trove4j-1.0.20200330.jar;C:\Users\BUTA\.gradle\caches\modules-2\files-2.1\net.java.dev.jna\jna\5.6.0\330f2244e9030119ab3030fc3fededc86713d9cc\jna-5.6.0.jar;C:\Users\BUTA\.gradle\caches\modules-2\files-2.1\org.jetbrains.kotlin\kotlin-stdlib-common\1.6.21\5e5b55c26dbc80372a920aef60eb774b714559b8\kotlin-stdlib-common-1.6.21.jar;C:\Users\BUTA\.gradle\caches\modules-2\files-2.1\org.jetbrains\annotations\13.0\919f0dfe192fb4e063e7dacadee7f8bb9a2672a9\annotations-13.0.jar
Launcher Type: SUN_STANDARD

[Global flags]
     intx CICompilerCount                          = 4                                         {product} {ergonomic}
     uint ConcGCThreads                            = 2                                         {product} {ergonomic}
     uint G1ConcRefinementThreads                  = 8                                         {product} {ergonomic}
   size_t G1HeapRegionSize                         = 1048576                                   {product} {ergonomic}
    uintx GCDrainStackTargetSize                   = 64                                        {product} {ergonomic}
   size_t InitialHeapSize                          = 130023424                                 {product} {ergonomic}
   size_t MarkStackSize                            = 4194304                                   {product} {ergonomic}
   size_t MaxHeapSize                              = 2057306112                                {product} {ergonomic}
   size_t MaxNewSize                               = 1234173952                                {product} {ergonomic}
   size_t MinHeapDeltaBytes                        = 1048576                                   {product} {ergonomic}
    uintx NonNMethodCodeHeapSize                   = 5836300                                {pd product} {ergonomic}
    uintx NonProfiledCodeHeapSize                  = 122910970                              {pd product} {ergonomic}
    uintx ProfiledCodeHeapSize                     = 122910970                              {pd product} {ergonomic}
    uintx ReservedCodeCacheSize                    = 251658240                              {pd product} {ergonomic}
     bool SegmentedCodeCache                       = true                                      {product} {ergonomic}
     bool UseCompressedClassPointers               = true                                 {lp64_product} {ergonomic}
     bool UseCompressedOops                        = true                                 {lp64_product} {ergonomic}
     bool UseG1GC                                  = true                                      {product} {ergonomic}
     bool UseLargePagesIndividualAllocation        = false                                  {pd product} {ergonomic}

Logging:
Log output configuration:
 #0: stdout all=warning uptime,level,tags
 #1: stderr all=off uptime,level,tags

Environment Variables:
JAVA_HOME=C:\Program Files\Microsoft\jdk-11.0.18.10-hotspot\
CLASSPATH=C:\Users\BUTA\Downloads\APPP-master\AwesomeProject\android\\gradle\wrapper\gradle-wrapper.jar
PATH=C:\Users\BUTA\Downloads\APPP-master\AwesomeProject\node_modules\.bin;C:\Users\BUTA\Downloads\APPP-master\AwesomeProject\node_modules\.bin;C:\Users\BUTA\Downloads\APPP-master\node_modules\.bin;C:\Users\BUTA\Downloads\node_modules\.bin;C:\Users\BUTA\node_modules\.bin;C:\Users\node_modules\.bin;C:\node_modules\.bin;C:\Program Files\nodejs\node_modules\npm\node_modules\@npmcli\run-script\lib\node-gyp-bin;C:\Program Files\Google\Chrome\Application;C:\Program Files (x86)\VMware\VMware Player\bin\;C:\Program Files\Microsoft\jdk-11.0.18.10-hotspot\bin;C:\WINDOWS\system32;C:\WINDOWS;C:\WINDOWS\System32\Wbem;C:\WINDOWS\System32\WindowsPowerShell\v1.0\;C:\WINDOWS\System32\OpenSSH\;C:\ProgramData\chocolatey\bin;C:\Program Files\nodejs\;C:\Users\BUTA\AppData\Local\Android\Sdk;D:\programs\MySQL;C:\Program Files\Git\cmd;C:\Program Files\Microsoft SQL Server\150\Tools\Binn\;C:\Program Files\Microsoft SQL Server\Client SDK\ODBC\170\Tools\Binn\;C:\Program Files\dotnet\;C:\Program Files (x86)\Microsoft SQL Server\160\Tools\Binn\;C:\Program Files\Microsoft SQL Server\160\Tools\Binn\;C:\Program Files\Microsoft SQL Server\160\DTS\Binn\;C:\Program Files (x86)\Microsoft SQL Server\160\DTS\Binn\;C:\Program Files\Azure Data Studio\bin;C:\Users\BUTA\AppData\Local\Android\Sdk\platform-tools;C:\Users\BUTA\AppData\Local\Android\Sdk\tools;C:\Users\BUTA\AppData\Local\Microsoft\WindowsApps;C:\Users\BUTA\AppData\Roaming\npm;C:\Users\BUTA\AppData\Local\Programs\Microsoft VS Code\bin;C:\Program Files\Oracle\VirtualBox;
USERNAME=BUTA
LANG=en_US.UTF-8
OS=Windows_NT
PROCESSOR_IDENTIFIER=Intel64 Family 6 Model 140 Stepping 1, GenuineIntel
TMP=C:\Users\BUTA\AppData\Local\Temp
TEMP=C:\Users\BUTA\AppData\Local\Temp



---------------  S Y S T E M  ---------------

OS: Windows 11 , 64 bit Build 22621 (10.0.22621.2070)
OS uptime: 0 days 1:37 hours
Hyper-V role detected

CPU:total 8 (initial active 8) (4 cores per cpu, 2 threads per core) family 6 model 140 stepping 1 microcode 0xac, cmov, cx8, fxsr, mmx, sse, sse2, sse3, ssse3, sse4.1, sse4.2, popcnt, avx, avx2, aes, clmul, erms, 3dnowpref, lzcnt, ht, tsc, tscinvbit, bmi1, bmi2, adx, evex, sha, fma

Memory: 4k page, system-wide physical 7847M (575M free)
TotalPageFile size 16984M (AvailPageFile size 29M)
current process WorkingSet (physical memory assigned to process): 202M, peak: 202M
current process commit charge ("private bytes"): 287M, peak: 319M

vm_info: OpenJDK 64-Bit Server VM (11.0.18+10-LTS) for windows-amd64 JRE (11.0.18+10-LTS), built on Jan 18 2023 15:56:47 by "MicrosoftCorporation" with MS VC++ 15.9 (VS2017)

END.
