#
# There is insufficient memory for the Java Runtime Environment to continue.
# Native memory allocation (malloc) failed to allocate 499376 bytes for Chunk::new
# Possible reasons:
#   The system is out of physical RAM or swap space
#   The process is running with CompressedOops enabled, and the Java Heap may be blocking the growth of the native heap
# Possible solutions:
#   Reduce memory load on the system
#   Increase physical memory or swap space
#   Check if swap backing store is full
#   Decrease Java heap size (-Xmx/-Xms)
#   Decrease number of Java threads
#   Decrease Java thread stack sizes (-Xss)
#   Set larger code cache with -XX:ReservedCodeCacheSize=
#   JVM is running with Zero Based Compressed Oops mode in which the Java heap is
#     placed in the first 32GB address space. The Java Heap base address is the
#     maximum limit for the native heap growth. Please use -XX:HeapBaseMinAddress
#     to set the Java Heap base and to place the Java Heap above 32GB virtual address.
# This output file may be truncated or incomplete.
#
#  Out of Memory Error (./src/hotspot/share/memory/arena.cpp:197), pid=7636, tid=15888
#
# JRE version: OpenJDK Runtime Environment Microsoft-7208460 (11.0.18+10) (build 11.0.18+10-LTS)
# Java VM: OpenJDK 64-Bit Server VM Microsoft-7208460 (11.0.18+10-LTS, mixed mode, tiered, compressed oops, g1 gc, windows-amd64)
# No core dump will be written. Minidumps are not enabled by default on client versions of Windows
#

---------------  S U M M A R Y ------------

Command Line: --add-opens=java.base/java.util=ALL-UNNAMED --add-opens=java.base/java.lang=ALL-UNNAMED --add-opens=java.base/java.lang.invoke=ALL-UNNAMED --add-opens=java.base/java.util=ALL-UNNAMED --add-opens=java.prefs/java.util.prefs=ALL-UNNAMED --add-opens=java.prefs/java.util.prefs=ALL-UNNAMED --add-opens=java.base/java.nio.charset=ALL-UNNAMED --add-opens=java.base/java.net=ALL-UNNAMED --add-opens=java.base/java.util.concurrent.atomic=ALL-UNNAMED -Xmx4096m -Dfile.encoding=windows-1252 -Duser.country=US -Duser.language=en -Duser.variant org.gradle.launcher.daemon.bootstrap.GradleDaemon 7.5

Host: 11th Gen Intel(R) Core(TM) i5-1135G7 @ 2.40GHz, 8 cores, 7G,  Windows 11 , 64 bit Build 22621 (10.0.22621.2070)
Time: Mon Aug 28 16:57:57 2023 Azerbaijan Standard Time elapsed time: 10.340579 seconds (0d 0h 0m 10s)

---------------  T H R E A D  ---------------

Current thread (0x0000018ba309c000):  JavaThread "C2 CompilerThread0" daemon [_thread_in_native, id=15888, stack(0x00000070fc200000,0x00000070fc300000)]


Current CompileTask:
C2:  10340 2194       4       java.lang.reflect.ProxyGenerator$ConstantPool::getUtf8 (18 bytes)

Stack: [0x00000070fc200000,0x00000070fc300000]
Native frames: (J=compiled Java code, j=interpreted, Vv=VM code, C=native code)
V  [jvm.dll+0x62bf8a]
V  [jvm.dll+0x7b8fb9]
V  [jvm.dll+0x7ba6a8]
V  [jvm.dll+0x7bad83]
V  [jvm.dll+0x250248]
V  [jvm.dll+0xc260c]
V  [jvm.dll+0xc2bcc]
V  [jvm.dll+0x35e1c7]
V  [jvm.dll+0x32a373]
V  [jvm.dll+0x3296aa]
V  [jvm.dll+0x2093b3]
V  [jvm.dll+0x20850d]
V  [jvm.dll+0x18a4b1]
V  [jvm.dll+0x217eec]
V  [jvm.dll+0x21612b]
V  [jvm.dll+0x77bac0]
V  [jvm.dll+0x7749f4]
V  [jvm.dll+0x62adf5]
C  [ucrtbase.dll+0x29363]
C  [KERNEL32.DLL+0x126ad]
C  [ntdll.dll+0x5aa68]


---------------  P R O C E S S  ---------------

Threads class SMR info:
_java_thread_list=0x0000018ba5988740, length=24, elements={
0x0000018bfe995800, 0x0000018ba3042800, 0x0000018ba3043800, 0x0000018ba3098800,
0x0000018ba3099000, 0x0000018ba309a000, 0x0000018ba309c000, 0x0000018ba309f000,
0x0000018ba30a2800, 0x0000018ba318a000, 0x0000018ba53ff000, 0x0000018ba4fd9000,
0x0000018ba4698000, 0x0000018ba3ef3000, 0x0000018ba4460800, 0x0000018ba4461000,
0x0000018ba4623800, 0x0000018ba31eb000, 0x0000018ba31ec000, 0x0000018ba35bd800,
0x0000018ba37c2000, 0x0000018ba37c3000, 0x0000018ba37c0800, 0x0000018ba37c1000
}

Java Threads: ( => current thread )
  0x0000018bfe995800 JavaThread "main" [_thread_blocked, id=9332, stack(0x00000070fb600000,0x00000070fb700000)]
  0x0000018ba3042800 JavaThread "Reference Handler" daemon [_thread_blocked, id=6148, stack(0x00000070fbd00000,0x00000070fbe00000)]
  0x0000018ba3043800 JavaThread "Finalizer" daemon [_thread_blocked, id=17368, stack(0x00000070fbe00000,0x00000070fbf00000)]
  0x0000018ba3098800 JavaThread "Signal Dispatcher" daemon [_thread_blocked, id=18848, stack(0x00000070fbf00000,0x00000070fc000000)]
  0x0000018ba3099000 JavaThread "Attach Listener" daemon [_thread_blocked, id=20424, stack(0x00000070fc000000,0x00000070fc100000)]
  0x0000018ba309a000 JavaThread "Service Thread" daemon [_thread_blocked, id=18928, stack(0x00000070fc100000,0x00000070fc200000)]
=>0x0000018ba309c000 JavaThread "C2 CompilerThread0" daemon [_thread_in_native, id=15888, stack(0x00000070fc200000,0x00000070fc300000)]
  0x0000018ba309f000 JavaThread "C1 CompilerThread0" daemon [_thread_blocked, id=11164, stack(0x00000070fc300000,0x00000070fc400000)]
  0x0000018ba30a2800 JavaThread "Sweeper thread" daemon [_thread_blocked, id=19416, stack(0x00000070fc400000,0x00000070fc500000)]
  0x0000018ba318a000 JavaThread "Common-Cleaner" daemon [_thread_blocked, id=5052, stack(0x00000070fc500000,0x00000070fc600000)]
  0x0000018ba53ff000 JavaThread "Daemon health stats" [_thread_blocked, id=20056, stack(0x00000070fc800000,0x00000070fc900000)]
  0x0000018ba4fd9000 JavaThread "Incoming local TCP Connector on port 53166" [_thread_in_native, id=14652, stack(0x00000070fc900000,0x00000070fca00000)]
  0x0000018ba4698000 JavaThread "Daemon periodic checks" [_thread_blocked, id=18504, stack(0x00000070fca00000,0x00000070fcb00000)]
  0x0000018ba3ef3000 JavaThread "Daemon" [_thread_blocked, id=6656, stack(0x00000070fcb00000,0x00000070fcc00000)]
  0x0000018ba4460800 JavaThread "Handler for socket connection from /127.0.0.1:53166 to /127.0.0.1:53167" [_thread_in_native, id=11504, stack(0x00000070fcc00000,0x00000070fcd00000)]
  0x0000018ba4461000 JavaThread "Cancel handler" [_thread_blocked, id=12208, stack(0x00000070fcd00000,0x00000070fce00000)]
  0x0000018ba4623800 JavaThread "Daemon worker" [_thread_blocked, id=7876, stack(0x00000070fce00000,0x00000070fcf00000)]
  0x0000018ba31eb000 JavaThread "Asynchronous log dispatcher for DefaultDaemonConnection: socket connection from /127.0.0.1:53166 to /127.0.0.1:53167" [_thread_blocked, id=7292, stack(0x00000070fcf00000,0x00000070fd000000)]
  0x0000018ba31ec000 JavaThread "Stdin handler" [_thread_blocked, id=18292, stack(0x00000070fd000000,0x00000070fd100000)]
  0x0000018ba35bd800 JavaThread "Daemon client event forwarder" [_thread_blocked, id=11524, stack(0x00000070fd100000,0x00000070fd200000)]
  0x0000018ba37c2000 JavaThread "Cache worker for journal cache (C:\Users\BUTA\.gradle\caches\journal-1)" [_thread_blocked, id=18028, stack(0x00000070fd800000,0x00000070fd900000)]
  0x0000018ba37c3000 JavaThread "File lock request listener" [_thread_in_native, id=5504, stack(0x00000070fd900000,0x00000070fda00000)]
  0x0000018ba37c0800 JavaThread "Cache worker for file hash cache (C:\Users\BUTA\.gradle\caches\7.5\fileHashes)" [_thread_blocked, id=6092, stack(0x00000070fda00000,0x00000070fdb00000)]
  0x0000018ba37c1000 JavaThread "File lock release action executor" [_thread_blocked, id=19640, stack(0x00000070fdc00000,0x00000070fdd00000)]

Other Threads:
  0x0000018ba280e800 VMThread "VM Thread" [stack: 0x00000070fbc00000,0x00000070fbd00000] [id=16536]
  0x0000018ba320e800 WatcherThread [stack: 0x00000070fc600000,0x00000070fc700000] [id=20112]
  0x0000018bfe9ad800 GCTaskThread "GC Thread#0" [stack: 0x00000070fb700000,0x00000070fb800000] [id=19532]
  0x0000018ba3d7d800 GCTaskThread "GC Thread#1" [stack: 0x00000070fc700000,0x00000070fc800000] [id=20268]
  0x0000018ba37cb800 GCTaskThread "GC Thread#2" [stack: 0x00000070fd200000,0x00000070fd300000] [id=12224]
  0x0000018ba4187800 GCTaskThread "GC Thread#3" [stack: 0x00000070fd300000,0x00000070fd400000] [id=13512]
  0x0000018ba4188000 GCTaskThread "GC Thread#4" [stack: 0x00000070fd400000,0x00000070fd500000] [id=15384]
  0x0000018ba3c7e800 GCTaskThread "GC Thread#5" [stack: 0x00000070fd500000,0x00000070fd600000] [id=6756]
  0x0000018ba3c7f000 GCTaskThread "GC Thread#6" [stack: 0x00000070fd600000,0x00000070fd700000] [id=2912]
  0x0000018ba414d800 GCTaskThread "GC Thread#7" [stack: 0x00000070fd700000,0x00000070fd800000] [id=15004]
  0x0000018bfea0a800 ConcurrentGCThread "G1 Main Marker" [stack: 0x00000070fb800000,0x00000070fb900000] [id=1292]
  0x0000018bfea0b800 ConcurrentGCThread "G1 Conc#0" [stack: 0x00000070fb900000,0x00000070fba00000] [id=20440]
  0x0000018ba3335800 ConcurrentGCThread "G1 Conc#1" [stack: 0x00000070fdb00000,0x00000070fdc00000] [id=2584]
  0x0000018bfea5e000 ConcurrentGCThread "G1 Refine#0" [stack: 0x00000070fba00000,0x00000070fbb00000] [id=11776]
  0x0000018ba2668800 ConcurrentGCThread "G1 Young RemSet Sampling" [stack: 0x00000070fbb00000,0x00000070fbc00000] [id=18356]

Threads with active compile tasks:
C2 CompilerThread0    10382 2194       4       java.lang.reflect.ProxyGenerator$ConstantPool::getUtf8 (18 bytes)

VM state:at safepoint (normal execution)

VM Mutex/Monitor currently owned by a thread:  ([mutex/lock_event])
[0x0000018bfe9910e0] Threads_lock - owner thread: 0x0000018ba280e800
[0x0000018bfe9919e0] Heap_lock - owner thread: 0x0000018ba4623800

Heap address: 0x0000000700000000, size: 4096 MB, Compressed Oops mode: Zero based, Oop shift amount: 3
Narrow klass base: 0x0000000800000000, Narrow klass shift: 0
Compressed class space size: 1073741824 Address: 0x0000000800000000

Heap:
 garbage-first heap   total 126976K, used 63601K [0x0000000700000000, 0x0000000800000000)
  region size 1024K, 48 young (49152K), 3 survivors (3072K)
 Metaspace       used 25276K, capacity 25851K, committed 25904K, reserved 1071104K
  class space    used 3211K, capacity 3415K, committed 3456K, reserved 1048576K
Heap Regions: E=young(eden), S=young(survivor), O=old, HS=humongous(starts), HC=humongous(continues), CS=collection set, F=free, A=archive, TAMS=top-at-mark-start (previous, next)
|   0|0x0000000700000000, 0x0000000700100000, 0x0000000700100000|100%| O|  |TAMS 0x0000000700100000, 0x0000000700000000| Untracked 
|   1|0x0000000700100000, 0x0000000700200000, 0x0000000700200000|100%| O|  |TAMS 0x0000000700200000, 0x0000000700100000| Untracked 
|   2|0x0000000700200000, 0x0000000700300000, 0x0000000700300000|100%| O|  |TAMS 0x0000000700300000, 0x0000000700200000| Untracked 
|   3|0x0000000700300000, 0x0000000700400000, 0x0000000700400000|100%|HS|  |TAMS 0x0000000700400000, 0x0000000700300000| Complete 
|   4|0x0000000700400000, 0x0000000700500000, 0x0000000700500000|100%|HC|  |TAMS 0x0000000700500000, 0x0000000700400000| Complete 
|   5|0x0000000700500000, 0x0000000700600000, 0x0000000700600000|100%|HC|  |TAMS 0x0000000700600000, 0x0000000700500000| Complete 
|   6|0x0000000700600000, 0x0000000700700000, 0x0000000700700000|100%| O|  |TAMS 0x0000000700700000, 0x0000000700600000| Untracked 
|   7|0x0000000700700000, 0x0000000700800000, 0x0000000700800000|100%| O|  |TAMS 0x0000000700800000, 0x0000000700700000| Untracked 
|   8|0x0000000700800000, 0x0000000700900000, 0x0000000700900000|100%| O|  |TAMS 0x0000000700900000, 0x0000000700800000| Untracked 
|   9|0x0000000700900000, 0x0000000700a00000, 0x0000000700a00000|100%| O|  |TAMS 0x0000000700a00000, 0x0000000700900000| Untracked 
|  10|0x0000000700a00000, 0x0000000700b00000, 0x0000000700b00000|100%| O|  |TAMS 0x0000000700b00000, 0x0000000700a00000| Untracked 
|  11|0x0000000700b00000, 0x0000000700c00000, 0x0000000700c00000|100%| O|  |TAMS 0x0000000700c00000, 0x0000000700b00000| Untracked 
|  12|0x0000000700c00000, 0x0000000700d00000, 0x0000000700d00000|100%| O|  |TAMS 0x0000000700d00000, 0x0000000700c00000| Untracked 
|  13|0x0000000700d00000, 0x0000000700e00000, 0x0000000700e00000|100%| O|  |TAMS 0x0000000700e00000, 0x0000000700d00000| Untracked 
|  14|0x0000000700e00000, 0x0000000700f00000, 0x0000000700f00000|100%| O|  |TAMS 0x0000000700f00000, 0x0000000700e00000| Untracked 
|  15|0x0000000700f00000, 0x0000000701000000, 0x0000000701000000|100%| O|  |TAMS 0x0000000701000000, 0x0000000700f00000| Untracked 
|  16|0x0000000701000000, 0x000000070101c400, 0x0000000701100000| 11%| O|  |TAMS 0x000000070101c400, 0x0000000701000000| Untracked 
|  17|0x0000000701100000, 0x0000000701100000, 0x0000000701200000|  0%| F|  |TAMS 0x0000000701100000, 0x0000000701100000| Untracked 
|  18|0x0000000701200000, 0x0000000701200000, 0x0000000701300000|  0%| F|  |TAMS 0x0000000701200000, 0x0000000701200000| Untracked 
|  19|0x0000000701300000, 0x0000000701300000, 0x0000000701400000|  0%| F|  |TAMS 0x0000000701300000, 0x0000000701300000| Untracked 
|  20|0x0000000701400000, 0x0000000701400000, 0x0000000701500000|  0%| F|  |TAMS 0x0000000701400000, 0x0000000701400000| Untracked 
|  21|0x0000000701500000, 0x0000000701500000, 0x0000000701600000|  0%| F|  |TAMS 0x0000000701500000, 0x0000000701500000| Untracked 
|  22|0x0000000701600000, 0x0000000701600000, 0x0000000701700000|  0%| F|  |TAMS 0x0000000701600000, 0x0000000701600000| Untracked 
|  23|0x0000000701700000, 0x0000000701700000, 0x0000000701800000|  0%| F|  |TAMS 0x0000000701700000, 0x0000000701700000| Untracked 
|  24|0x0000000701800000, 0x0000000701800000, 0x0000000701900000|  0%| F|  |TAMS 0x0000000701800000, 0x0000000701800000| Untracked 
|  25|0x0000000701900000, 0x0000000701900000, 0x0000000701a00000|  0%| F|  |TAMS 0x0000000701900000, 0x0000000701900000| Untracked 
|  26|0x0000000701a00000, 0x0000000701a00000, 0x0000000701b00000|  0%| F|  |TAMS 0x0000000701a00000, 0x0000000701a00000| Untracked 
|  27|0x0000000701b00000, 0x0000000701b00000, 0x0000000701c00000|  0%| F|  |TAMS 0x0000000701b00000, 0x0000000701b00000| Untracked 
|  28|0x0000000701c00000, 0x0000000701c00000, 0x0000000701d00000|  0%| F|  |TAMS 0x0000000701c00000, 0x0000000701c00000| Untracked 
|  29|0x0000000701d00000, 0x0000000701d00000, 0x0000000701e00000|  0%| F|  |TAMS 0x0000000701d00000, 0x0000000701d00000| Untracked 
|  30|0x0000000701e00000, 0x0000000701e00000, 0x0000000701f00000|  0%| F|  |TAMS 0x0000000701e00000, 0x0000000701e00000| Untracked 
|  31|0x0000000701f00000, 0x0000000701f00000, 0x0000000702000000|  0%| F|  |TAMS 0x0000000701f00000, 0x0000000701f00000| Untracked 
|  32|0x0000000702000000, 0x0000000702000000, 0x0000000702100000|  0%| F|  |TAMS 0x0000000702000000, 0x0000000702000000| Untracked 
|  33|0x0000000702100000, 0x0000000702100000, 0x0000000702200000|  0%| F|  |TAMS 0x0000000702100000, 0x0000000702100000| Untracked 
|  34|0x0000000702200000, 0x0000000702200000, 0x0000000702300000|  0%| F|  |TAMS 0x0000000702200000, 0x0000000702200000| Untracked 
|  35|0x0000000702300000, 0x0000000702300000, 0x0000000702400000|  0%| F|  |TAMS 0x0000000702300000, 0x0000000702300000| Untracked 
|  36|0x0000000702400000, 0x0000000702400000, 0x0000000702500000|  0%| F|  |TAMS 0x0000000702400000, 0x0000000702400000| Untracked 
|  37|0x0000000702500000, 0x0000000702500000, 0x0000000702600000|  0%| F|  |TAMS 0x0000000702500000, 0x0000000702500000| Untracked 
|  38|0x0000000702600000, 0x0000000702600000, 0x0000000702700000|  0%| F|  |TAMS 0x0000000702600000, 0x0000000702600000| Untracked 
|  39|0x0000000702700000, 0x0000000702700000, 0x0000000702800000|  0%| F|  |TAMS 0x0000000702700000, 0x0000000702700000| Untracked 
|  40|0x0000000702800000, 0x0000000702800000, 0x0000000702900000|  0%| F|  |TAMS 0x0000000702800000, 0x0000000702800000| Untracked 
|  41|0x0000000702900000, 0x0000000702900000, 0x0000000702a00000|  0%| F|  |TAMS 0x0000000702900000, 0x0000000702900000| Untracked 
|  42|0x0000000702a00000, 0x0000000702a00000, 0x0000000702b00000|  0%| F|  |TAMS 0x0000000702a00000, 0x0000000702a00000| Untracked 
|  43|0x0000000702b00000, 0x0000000702b00000, 0x0000000702c00000|  0%| F|  |TAMS 0x0000000702b00000, 0x0000000702b00000| Untracked 
|  44|0x0000000702c00000, 0x0000000702c00000, 0x0000000702d00000|  0%| F|  |TAMS 0x0000000702c00000, 0x0000000702c00000| Untracked 
|  45|0x0000000702d00000, 0x0000000702d00000, 0x0000000702e00000|  0%| F|  |TAMS 0x0000000702d00000, 0x0000000702d00000| Untracked 
|  46|0x0000000702e00000, 0x0000000702e00000, 0x0000000702f00000|  0%| F|  |TAMS 0x0000000702e00000, 0x0000000702e00000| Untracked 
|  47|0x0000000702f00000, 0x0000000702f00000, 0x0000000703000000|  0%| F|  |TAMS 0x0000000702f00000, 0x0000000702f00000| Untracked 
|  48|0x0000000703000000, 0x0000000703000000, 0x0000000703100000|  0%| F|  |TAMS 0x0000000703000000, 0x0000000703000000| Untracked 
|  49|0x0000000703100000, 0x0000000703100000, 0x0000000703200000|  0%| F|  |TAMS 0x0000000703100000, 0x0000000703100000| Untracked 
|  50|0x0000000703200000, 0x0000000703200000, 0x0000000703300000|  0%| F|  |TAMS 0x0000000703200000, 0x0000000703200000| Untracked 
|  51|0x0000000703300000, 0x0000000703300000, 0x0000000703400000|  0%| F|  |TAMS 0x0000000703300000, 0x0000000703300000| Untracked 
|  52|0x0000000703400000, 0x0000000703400000, 0x0000000703500000|  0%| F|  |TAMS 0x0000000703400000, 0x0000000703400000| Untracked 
|  53|0x0000000703500000, 0x0000000703500000, 0x0000000703600000|  0%| F|  |TAMS 0x0000000703500000, 0x0000000703500000| Untracked 
|  54|0x0000000703600000, 0x0000000703600000, 0x0000000703700000|  0%| F|  |TAMS 0x0000000703600000, 0x0000000703600000| Untracked 
|  55|0x0000000703700000, 0x0000000703700000, 0x0000000703800000|  0%| F|  |TAMS 0x0000000703700000, 0x0000000703700000| Untracked 
|  56|0x0000000703800000, 0x0000000703800000, 0x0000000703900000|  0%| F|  |TAMS 0x0000000703800000, 0x0000000703800000| Untracked 
|  57|0x0000000703900000, 0x0000000703900000, 0x0000000703a00000|  0%| F|  |TAMS 0x0000000703900000, 0x0000000703900000| Untracked 
|  58|0x0000000703a00000, 0x0000000703a00000, 0x0000000703b00000|  0%| F|  |TAMS 0x0000000703a00000, 0x0000000703a00000| Untracked 
|  59|0x0000000703b00000, 0x0000000703b00000, 0x0000000703c00000|  0%| F|  |TAMS 0x0000000703b00000, 0x0000000703b00000| Untracked 
|  60|0x0000000703c00000, 0x0000000703c00000, 0x0000000703d00000|  0%| F|  |TAMS 0x0000000703c00000, 0x0000000703c00000| Untracked 
|  61|0x0000000703d00000, 0x0000000703d00000, 0x0000000703e00000|  0%| F|  |TAMS 0x0000000703d00000, 0x0000000703d00000| Untracked 
|  62|0x0000000703e00000, 0x0000000703e00000, 0x0000000703f00000|  0%| F|  |TAMS 0x0000000703e00000, 0x0000000703e00000| Untracked 
|  63|0x0000000703f00000, 0x0000000703f00000, 0x0000000704000000|  0%| F|  |TAMS 0x0000000703f00000, 0x0000000703f00000| Untracked 
|  64|0x0000000704000000, 0x0000000704000000, 0x0000000704100000|  0%| F|  |TAMS 0x0000000704000000, 0x0000000704000000| Untracked 
|  65|0x0000000704100000, 0x0000000704100000, 0x0000000704200000|  0%| F|  |TAMS 0x0000000704100000, 0x0000000704100000| Untracked 
|  66|0x0000000704200000, 0x0000000704200000, 0x0000000704300000|  0%| F|  |TAMS 0x0000000704200000, 0x0000000704200000| Untracked 
|  67|0x0000000704300000, 0x0000000704300000, 0x0000000704400000|  0%| F|  |TAMS 0x0000000704300000, 0x0000000704300000| Untracked 
|  68|0x0000000704400000, 0x0000000704400000, 0x0000000704500000|  0%| F|  |TAMS 0x0000000704400000, 0x0000000704400000| Untracked 
|  69|0x0000000704500000, 0x0000000704500000, 0x0000000704600000|  0%| F|  |TAMS 0x0000000704500000, 0x0000000704500000| Untracked 
|  70|0x0000000704600000, 0x0000000704600000, 0x0000000704700000|  0%| F|  |TAMS 0x0000000704600000, 0x0000000704600000| Untracked 
|  71|0x0000000704700000, 0x0000000704700000, 0x0000000704800000|  0%| F|  |TAMS 0x0000000704700000, 0x0000000704700000| Untracked 
|  72|0x0000000704800000, 0x0000000704800000, 0x0000000704900000|  0%| F|  |TAMS 0x0000000704800000, 0x0000000704800000| Untracked 
|  73|0x0000000704900000, 0x0000000704900000, 0x0000000704a00000|  0%| F|  |TAMS 0x0000000704900000, 0x0000000704900000| Untracked 
|  74|0x0000000704a00000, 0x0000000704a00000, 0x0000000704b00000|  0%| F|  |TAMS 0x0000000704a00000, 0x0000000704a00000| Untracked 
|  75|0x0000000704b00000, 0x0000000704b72d78, 0x0000000704c00000| 44%| S|CS|TAMS 0x0000000704b00000, 0x0000000704b00000| Complete 
|  76|0x0000000704c00000, 0x0000000704d00000, 0x0000000704d00000|100%| S|CS|TAMS 0x0000000704c00000, 0x0000000704c00000| Complete 
|  77|0x0000000704d00000, 0x0000000704e00000, 0x0000000704e00000|100%| S|CS|TAMS 0x0000000704d00000, 0x0000000704d00000| Complete 
|  78|0x0000000704e00000, 0x0000000704e00000, 0x0000000704f00000|  0%| F|  |TAMS 0x0000000704e00000, 0x0000000704e00000| Untracked 
|  79|0x0000000704f00000, 0x0000000704f00000, 0x0000000705000000|  0%| F|  |TAMS 0x0000000704f00000, 0x0000000704f00000| Untracked 
|  80|0x0000000705000000, 0x0000000705000000, 0x0000000705100000|  0%| F|  |TAMS 0x0000000705000000, 0x0000000705000000| Untracked 
|  81|0x0000000705100000, 0x0000000705100000, 0x0000000705200000|  0%| F|  |TAMS 0x0000000705100000, 0x0000000705100000| Untracked 
|  82|0x0000000705200000, 0x0000000705200000, 0x0000000705300000|  0%| F|  |TAMS 0x0000000705200000, 0x0000000705200000| Untracked 
|  83|0x0000000705300000, 0x0000000705300000, 0x0000000705400000|  0%| F|  |TAMS 0x0000000705300000, 0x0000000705300000| Untracked 
|  84|0x0000000705400000, 0x0000000705400000, 0x0000000705500000|  0%| F|  |TAMS 0x0000000705400000, 0x0000000705400000| Untracked 
|  85|0x0000000705500000, 0x0000000705500000, 0x0000000705600000|  0%| F|  |TAMS 0x0000000705500000, 0x0000000705500000| Untracked 
|  86|0x0000000705600000, 0x0000000705600000, 0x0000000705700000|  0%| F|  |TAMS 0x0000000705600000, 0x0000000705600000| Untracked 
|  87|0x0000000705700000, 0x0000000705700000, 0x0000000705800000|  0%| F|  |TAMS 0x0000000705700000, 0x0000000705700000| Untracked 
|  88|0x0000000705800000, 0x0000000705800000, 0x0000000705900000|  0%| F|  |TAMS 0x0000000705800000, 0x0000000705800000| Untracked 
|  89|0x0000000705900000, 0x0000000705900000, 0x0000000705a00000|  0%| F|  |TAMS 0x0000000705900000, 0x0000000705900000| Untracked 
|  90|0x0000000705a00000, 0x0000000705a00000, 0x0000000705b00000|  0%| F|  |TAMS 0x0000000705a00000, 0x0000000705a00000| Untracked 
|  91|0x0000000705b00000, 0x0000000705b00000, 0x0000000705c00000|  0%| F|  |TAMS 0x0000000705b00000, 0x0000000705b00000| Untracked 
|  92|0x0000000705c00000, 0x0000000705c00000, 0x0000000705d00000|  0%| F|  |TAMS 0x0000000705c00000, 0x0000000705c00000| Untracked 
|  93|0x0000000705d00000, 0x0000000705d00000, 0x0000000705e00000|  0%| F|  |TAMS 0x0000000705d00000, 0x0000000705d00000| Untracked 
|  94|0x0000000705e00000, 0x0000000705e00000, 0x0000000705f00000|  0%| F|  |TAMS 0x0000000705e00000, 0x0000000705e00000| Untracked 
|  95|0x0000000705f00000, 0x0000000705f00000, 0x0000000706000000|  0%| F|  |TAMS 0x0000000705f00000, 0x0000000705f00000| Untracked 
|  96|0x0000000706000000, 0x0000000706000000, 0x0000000706100000|  0%| F|  |TAMS 0x0000000706000000, 0x0000000706000000| Untracked 
|  97|0x0000000706100000, 0x0000000706100000, 0x0000000706200000|  0%| F|  |TAMS 0x0000000706100000, 0x0000000706100000| Untracked 
|  98|0x0000000706200000, 0x0000000706200000, 0x0000000706300000|  0%| F|  |TAMS 0x0000000706200000, 0x0000000706200000| Untracked 
|  99|0x0000000706300000, 0x0000000706300000, 0x0000000706400000|  0%| F|  |TAMS 0x0000000706300000, 0x0000000706300000| Untracked 
| 100|0x0000000706400000, 0x0000000706400000, 0x0000000706500000|  0%| F|  |TAMS 0x0000000706400000, 0x0000000706400000| Untracked 
| 101|0x0000000706500000, 0x0000000706500000, 0x0000000706600000|  0%| F|  |TAMS 0x0000000706500000, 0x0000000706500000| Untracked 
| 102|0x0000000706600000, 0x0000000706600000, 0x0000000706700000|  0%| F|  |TAMS 0x0000000706600000, 0x0000000706600000| Untracked 
| 103|0x0000000706700000, 0x0000000706700000, 0x0000000706800000|  0%| F|  |TAMS 0x0000000706700000, 0x0000000706700000| Untracked 
| 104|0x0000000706800000, 0x0000000706800000, 0x0000000706900000|  0%| F|  |TAMS 0x0000000706800000, 0x0000000706800000| Untracked 
| 105|0x0000000706900000, 0x0000000706900000, 0x0000000706a00000|  0%| F|  |TAMS 0x0000000706900000, 0x0000000706900000| Untracked 
| 106|0x0000000706a00000, 0x0000000706a00000, 0x0000000706b00000|  0%| F|  |TAMS 0x0000000706a00000, 0x0000000706a00000| Untracked 
| 107|0x0000000706b00000, 0x0000000706b00000, 0x0000000706c00000|  0%| F|  |TAMS 0x0000000706b00000, 0x0000000706b00000| Untracked 
| 108|0x0000000706c00000, 0x0000000706c00000, 0x0000000706d00000|  0%| F|  |TAMS 0x0000000706c00000, 0x0000000706c00000| Untracked 
| 109|0x0000000706d00000, 0x0000000706d00000, 0x0000000706e00000|  0%| F|  |TAMS 0x0000000706d00000, 0x0000000706d00000| Untracked 
| 110|0x0000000706e00000, 0x0000000706e00000, 0x0000000706f00000|  0%| F|  |TAMS 0x0000000706e00000, 0x0000000706e00000| Untracked 
| 111|0x0000000706f00000, 0x0000000706f00000, 0x0000000707000000|  0%| F|  |TAMS 0x0000000706f00000, 0x0000000706f00000| Untracked 
| 112|0x0000000707000000, 0x0000000707000000, 0x0000000707100000|  0%| F|  |TAMS 0x0000000707000000, 0x0000000707000000| Untracked 
| 113|0x0000000707100000, 0x0000000707100000, 0x0000000707200000|  0%| F|  |TAMS 0x0000000707100000, 0x0000000707100000| Untracked 
| 114|0x0000000707200000, 0x0000000707200000, 0x0000000707300000|  0%| F|  |TAMS 0x0000000707200000, 0x0000000707200000| Untracked 
| 115|0x0000000707300000, 0x0000000707300000, 0x0000000707400000|  0%| F|  |TAMS 0x0000000707300000, 0x0000000707300000| Untracked 
| 116|0x0000000707400000, 0x0000000707400000, 0x0000000707500000|  0%| F|  |TAMS 0x0000000707400000, 0x0000000707400000| Untracked 
| 117|0x0000000707500000, 0x0000000707500000, 0x0000000707600000|  0%| F|  |TAMS 0x0000000707500000, 0x0000000707500000| Untracked 
| 118|0x0000000707600000, 0x0000000707600000, 0x0000000707700000|  0%| F|  |TAMS 0x0000000707600000, 0x0000000707600000| Untracked 
| 119|0x0000000707700000, 0x0000000707700000, 0x0000000707800000|  0%| F|  |TAMS 0x0000000707700000, 0x0000000707700000| Untracked 
| 120|0x0000000707800000, 0x0000000707800000, 0x0000000707900000|  0%| F|  |TAMS 0x0000000707800000, 0x0000000707800000| Untracked 
| 121|0x0000000707900000, 0x0000000707900000, 0x0000000707a00000|  0%| F|  |TAMS 0x0000000707900000, 0x0000000707900000| Untracked 
| 122|0x0000000707a00000, 0x0000000707a00000, 0x0000000707b00000|  0%| F|  |TAMS 0x0000000707a00000, 0x0000000707a00000| Untracked 
| 123|0x0000000707b00000, 0x0000000707b80c10, 0x0000000707c00000| 50%| E|  |TAMS 0x0000000707b00000, 0x0000000707b00000| Complete 

Card table byte_map: [0x0000018bff5a0000,0x0000018bffda0000] _byte_map_base: 0x0000018bfbda0000

Marking Bits (Prev, Next): (CMBitMap*) 0x0000018bfe9f9760, (CMBitMap*) 0x0000018bfe9f9728
 Prev Bits: [0x0000018b9bea0000, 0x0000018b9fea0000)
 Next Bits: [0x0000018b97ea0000, 0x0000018b9bea0000)

Polling page: 0x0000018bfe160000

Metaspace:

Usage:
  Non-class:     21.91 MB capacity,    21.55 MB ( 98%) used,   318.27 KB (  1%) free+waste,    47.06 KB ( <1%) overhead. 
      Class:      3.34 MB capacity,     3.14 MB ( 94%) used,   179.50 KB (  5%) free+waste,    23.56 KB ( <1%) overhead. 
       Both:     25.25 MB capacity,    24.69 MB ( 98%) used,   497.77 KB (  2%) free+waste,    70.63 KB ( <1%) overhead. 

Virtual space:
  Non-class space:       22.00 MB reserved,      21.92 MB (>99%) committed 
      Class space:        1.00 GB reserved,       3.38 MB ( <1%) committed 
             Both:        1.02 GB reserved,      25.30 MB (  2%) committed 

Chunk freelists:
   Non-Class:  9.00 KB
       Class:  7.00 KB
        Both:  16.00 KB

MaxMetaspaceSize: 17179869184.00 GB
CompressedClassSpaceSize: 1.00 GB
Initial GC threshold: 20.80 MB
Current GC threshold: 35.08 MB
CDS: off

CodeHeap 'non-profiled nmethods': size=120000Kb used=1028Kb max_used=1028Kb free=118971Kb
 bounds [0x0000018b90170000, 0x0000018b903e0000, 0x0000018b976a0000]
CodeHeap 'profiled nmethods': size=120000Kb used=4892Kb max_used=4892Kb free=115108Kb
 bounds [0x0000018b88c40000, 0x0000018b89110000, 0x0000018b90170000]
CodeHeap 'non-nmethods': size=5760Kb used=1241Kb max_used=1267Kb free=4518Kb
 bounds [0x0000018b886a0000, 0x0000018b88910000, 0x0000018b88c40000]
 total_blobs=2780 nmethods=2273 adapters=418
 compilation: enabled
              stopped_count=0, restarted_count=0
 full_count=0

Compilation events (20 events):
Event: 10.336 Thread 0x0000018ba309f000 2245       3       org.gradle.configuration.DefaultImportsReader$2::processLine (70 bytes)
Event: 10.337 Thread 0x0000018ba309f000 nmethod 2245 0x0000018b890f2910 code [0x0000018b890f2c20, 0x0000018b890f3f88]
Event: 10.337 Thread 0x0000018ba309f000 2252       3       com.google.common.base.Splitter$1::<init> (10 bytes)
Event: 10.337 Thread 0x0000018ba309f000 nmethod 2252 0x0000018b890f4710 code [0x0000018b890f48c0, 0x0000018b890f4a78]
Event: 10.337 Thread 0x0000018ba309f000 2253       3       com.google.common.base.Splitter::<init> (12 bytes)
Event: 10.337 Thread 0x0000018ba309f000 nmethod 2253 0x0000018b890f4b90 code [0x0000018b890f4d60, 0x0000018b890f5058]
Event: 10.337 Thread 0x0000018ba309f000 2254       3       com.google.common.base.CharMatcher::none (4 bytes)
Event: 10.337 Thread 0x0000018ba309f000 nmethod 2254 0x0000018b890f5190 code [0x0000018b890f5340, 0x0000018b890f5438]
Event: 10.337 Thread 0x0000018ba309f000 2266       3       com.google.common.collect.ImmutableEntry::<init> (15 bytes)
Event: 10.337 Thread 0x0000018ba309f000 nmethod 2266 0x0000018b890f5510 code [0x0000018b890f56e0, 0x0000018b890f5958]
Event: 10.337 Thread 0x0000018ba309f000 2267       3       com.google.common.collect.AbstractMapEntry::<init> (5 bytes)
Event: 10.337 Thread 0x0000018ba309f000 nmethod 2267 0x0000018b890f5a90 code [0x0000018b890f5c40, 0x0000018b890f5d98]
Event: 10.337 Thread 0x0000018ba309f000 2268       3       com.google.common.collect.ImmutableMapEntry::<init> (12 bytes)
Event: 10.338 Thread 0x0000018ba309f000 nmethod 2268 0x0000018b890f5e90 code [0x0000018b890f6060, 0x0000018b890f6368]
Event: 10.338 Thread 0x0000018ba309f000 2265       1       com.google.common.collect.ImmutableMapEntry::getNextInKeyBucket (2 bytes)
Event: 10.338 Thread 0x0000018ba309f000 nmethod 2265 0x0000018b90270d10 code [0x0000018b90270ec0, 0x0000018b90270f78]
Event: 10.338 Thread 0x0000018ba309f000 2270       3       com.google.common.collect.RegularImmutableMap::makeImmutable (44 bytes)
Event: 10.338 Thread 0x0000018ba309f000 nmethod 2270 0x0000018b890f6490 code [0x0000018b890f66a0, 0x0000018b890f6f58]
Event: 10.338 Thread 0x0000018ba309f000 2271       1       com.google.common.collect.ImmutableMapEntry$NonTerminalImmutableMapEntry::getNextInKeyBucket (5 bytes)
Event: 10.338 Thread 0x0000018ba309f000 nmethod 2271 0x0000018b90271010 code [0x0000018b902711c0, 0x0000018b90271278]

GC Heap History (6 events):
Event: 2.270 GC heap before
{Heap before GC invocations=0 (full 0):
 garbage-first heap   total 126976K, used 29696K [0x0000000700000000, 0x0000000800000000)
  region size 1024K, 24 young (24576K), 0 survivors (0K)
 Metaspace       used 9730K, capacity 9968K, committed 10112K, reserved 1058816K
  class space    used 986K, capacity 1069K, committed 1152K, reserved 1048576K
}
Event: 2.328 GC heap after
{Heap after GC invocations=1 (full 0):
 garbage-first heap   total 126976K, used 9374K [0x0000000700000000, 0x0000000800000000)
  region size 1024K, 3 young (3072K), 3 survivors (3072K)
 Metaspace       used 9730K, capacity 9968K, committed 10112K, reserved 1058816K
  class space    used 986K, capacity 1069K, committed 1152K, reserved 1048576K
}
Event: 9.334 GC heap before
{Heap before GC invocations=1 (full 0):
 garbage-first heap   total 126976K, used 83102K [0x0000000700000000, 0x0000000800000000)
  region size 1024K, 74 young (75776K), 3 survivors (3072K)
 Metaspace       used 18015K, capacity 18376K, committed 18688K, reserved 1064960K
  class space    used 2104K, capacity 2213K, committed 2304K, reserved 1048576K
}
Event: 9.384 GC heap after
{Heap after GC invocations=2 (full 0):
 garbage-first heap   total 126976K, used 16735K [0x0000000700000000, 0x0000000800000000)
  region size 1024K, 10 young (10240K), 10 survivors (10240K)
 Metaspace       used 18015K, capacity 18376K, committed 18688K, reserved 1064960K
  class space    used 2104K, capacity 2213K, committed 2304K, reserved 1048576K
}
Event: 9.807 GC heap before
{Heap before GC invocations=2 (full 0):
 garbage-first heap   total 126976K, used 35167K [0x0000000700000000, 0x0000000800000000)
  region size 1024K, 30 young (30720K), 10 survivors (10240K)
 Metaspace       used 20707K, capacity 21137K, committed 21296K, reserved 1069056K
  class space    used 2474K, capacity 2626K, committed 2688K, reserved 1048576K
}
Event: 9.816 GC heap after
{Heap after GC invocations=3 (full 0):
 garbage-first heap   total 126976K, used 17521K [0x0000000700000000, 0x0000000800000000)
  region size 1024K, 1 young (1024K), 1 survivors (1024K)
 Metaspace       used 20707K, capacity 21137K, committed 21296K, reserved 1069056K
  class space    used 2474K, capacity 2626K, committed 2688K, reserved 1048576K
}

Deoptimization events (20 events):
Event: 9.632 Thread 0x0000018ba4623800 Uncommon trap: trap_request=0xffffffc6 fr.pc=0x0000018b901ee364 relative=0x0000000000000124
Event: 9.632 Thread 0x0000018ba4623800 Uncommon trap: reason=bimorphic_or_optimized_type_check action=maybe_recompile pc=0x0000018b901ee364 method=java.util.AbstractList$Itr.next()Ljava/lang/Object; @ 14 c2
Event: 9.632 Thread 0x0000018ba4623800 DEOPT PACKING pc=0x0000018b901ee364 sp=0x00000070fcefc570
Event: 9.632 Thread 0x0000018ba4623800 DEOPT UNPACKING pc=0x0000018b886a85af sp=0x00000070fcefc508 mode 2
Event: 9.633 Thread 0x0000018ba4623800 Uncommon trap: trap_request=0xffffff4d fr.pc=0x0000018b901e6c80 relative=0x0000000000000540
Event: 9.633 Thread 0x0000018ba4623800 Uncommon trap: reason=unstable_if action=reinterpret pc=0x0000018b901e6c80 method=java.io.File.getName()Ljava/lang/String; @ 16 c2
Event: 9.633 Thread 0x0000018ba4623800 DEOPT PACKING pc=0x0000018b901e6c80 sp=0x00000070fcefcfb0
Event: 9.633 Thread 0x0000018ba4623800 DEOPT UNPACKING pc=0x0000018b886a85af sp=0x00000070fcefcf80 mode 2
Event: 9.633 Thread 0x0000018ba4623800 Uncommon trap: trap_request=0xffffff4d fr.pc=0x0000018b901e6334 relative=0x0000000000000474
Event: 9.633 Thread 0x0000018ba4623800 Uncommon trap: reason=unstable_if action=reinterpret pc=0x0000018b901e6334 method=java.lang.String.substring(I)Ljava/lang/String; @ 34 c2
Event: 9.633 Thread 0x0000018ba4623800 DEOPT PACKING pc=0x0000018b901e6334 sp=0x00000070fcefcf30
Event: 9.633 Thread 0x0000018ba4623800 DEOPT UNPACKING pc=0x0000018b886a85af sp=0x00000070fcefcf08 mode 2
Event: 9.886 Thread 0x0000018ba4623800 Uncommon trap: trap_request=0xffffff4d fr.pc=0x0000018b9024cfbc relative=0x00000000000003bc
Event: 9.886 Thread 0x0000018ba4623800 Uncommon trap: reason=unstable_if action=reinterpret pc=0x0000018b9024cfbc method=jdk.internal.org.objectweb.asm.Type.getArgumentsAndReturnSizes(Ljava/lang/String;)I @ 88 c2
Event: 9.886 Thread 0x0000018ba4623800 DEOPT PACKING pc=0x0000018b9024cfbc sp=0x00000070fcef9b30
Event: 9.886 Thread 0x0000018ba4623800 DEOPT UNPACKING pc=0x0000018b886a85af sp=0x00000070fcef9ab8 mode 2
Event: 10.100 Thread 0x0000018ba4623800 Uncommon trap: trap_request=0xffffff4d fr.pc=0x0000018b90216b14 relative=0x0000000000000254
Event: 10.100 Thread 0x0000018ba4623800 Uncommon trap: reason=unstable_if action=reinterpret pc=0x0000018b90216b14 method=java.util.concurrent.ConcurrentHashMap.get(Ljava/lang/Object;)Ljava/lang/Object; @ 76 c2
Event: 10.100 Thread 0x0000018ba4623800 DEOPT PACKING pc=0x0000018b90216b14 sp=0x00000070fcef8c50
Event: 10.100 Thread 0x0000018ba4623800 DEOPT UNPACKING pc=0x0000018b886a85af sp=0x00000070fcef8bb8 mode 2

Classes redefined (0 events):
No events

Internal exceptions (20 events):
Event: 9.222 Thread 0x0000018ba4623800 Exception <a 'java/lang/NoSuchMethodError'{0x0000000703a89d38}: 'void java.lang.invoke.DelegatingMethodHandle$Holder.reinvoke_L(java.lang.Object, java.lang.Object, java.lang.Object, java.lang.Object, java.lang.Object, java.lang.Object, java.lang.Object)'> (0x0000000703a89d38) thrown at [./src/hotspot/share/interpreter/linkResolver.cpp, line 773]
Event: 9.326 Thread 0x0000018ba4623800 Exception <a 'java/lang/NoSuchMethodError'{0x00000007032a97c8}: 'void java.lang.invoke.DirectMethodHandle$Holder.invokeStaticInit(java.lang.Object)'> (0x00000007032a97c8) thrown at [./src/hotspot/share/interpreter/linkResolver.cpp, line 773]
Event: 9.393 Thread 0x0000018ba4623800 Exception <a 'java/lang/NoSuchMethodError'{0x0000000707b9ba10}: 'java.lang.Object java.lang.invoke.DirectMethodHandle$Holder.invokeStatic(java.lang.Object, java.lang.Object, java.lang.Object, int)'> (0x0000000707b9ba10) thrown at [./src/hotspot/share/interpreter/linkResolver.cpp, line 773]
Event: 9.394 Thread 0x0000018ba4623800 Exception <a 'java/lang/NoSuchMethodError'{0x0000000707b9fbd8}: 'java.lang.Object java.lang.invoke.DirectMethodHandle$Holder.invokeSpecial(java.lang.Object, java.lang.Object, java.lang.Object, java.lang.Object, int)'> (0x0000000707b9fbd8) thrown at [./src/hotspot/share/interpreter/linkResolver.cpp, line 773]
Event: 9.394 Thread 0x0000018ba4623800 Exception <a 'java/lang/NoSuchMethodError'{0x0000000707ba35c0}: 'java.lang.Object java.lang.invoke.Invokers$Holder.linkToTargetMethod(java.lang.Object, java.lang.Object, int, java.lang.Object)'> (0x0000000707ba35c0) thrown at [./src/hotspot/share/interpreter/linkResolver.cpp, line 773]
Event: 9.679 Thread 0x0000018ba4623800 Exception <a 'java/lang/NoSuchMethodError'{0x000000070716afe8}: 'java.lang.Object java.lang.invoke.Invokers$Holder.linkToTargetMethod(java.lang.Object, java.lang.Object, java.lang.Object, java.lang.Object, java.lang.Object, java.lang.Object)'> (0x000000070716afe8) thrown at [./src/hotspot/share/interpreter/linkResolver.cpp, line 773]
Event: 9.824 Thread 0x0000018ba4623800 Exception <a 'java/lang/NoSuchMethodError'{0x0000000707b5c8e0}: 'int java.lang.invoke.DirectMethodHandle$Holder.invokeSpecialIFC(java.lang.Object, java.lang.Object, java.lang.Object, java.lang.Object)'> (0x0000000707b5c8e0) thrown at [./src/hotspot/share/interpreter/linkResolver.cpp, line 773]
Event: 9.826 Thread 0x0000018ba4623800 Exception <a 'java/lang/NoSuchMethodError'{0x0000000707b6a898}: 'java.lang.Object java.lang.invoke.DirectMethodHandle$Holder.invokeInterface(java.lang.Object, java.lang.Object, java.lang.Object)'> (0x0000000707b6a898) thrown at [./src/hotspot/share/interpreter/linkResolver.cpp, line 773]
Event: 9.826 Thread 0x0000018ba4623800 Exception <a 'java/lang/IncompatibleClassChangeError'{0x0000000707b6dd70}: Found class java.lang.Object, but interface was expected> (0x0000000707b6dd70) thrown at [./src/hotspot/share/interpreter/linkResolver.cpp, line 839]
Event: 9.928 Thread 0x0000018ba4623800 Exception <a 'java/lang/NoSuchMethodError'{0x0000000707327268}: 'void java.lang.invoke.DirectMethodHandle$Holder.invokeSpecial(java.lang.Object, java.lang.Object, java.lang.Object, java.lang.Object, java.lang.Object)'> (0x0000000707327268) thrown at [./src/hotspot/share/interpreter/linkResolver.cpp, line 773]
Event: 9.962 Thread 0x0000018ba4623800 Exception <a 'java/lang/NoSuchMethodError'{0x000000070718b940}: 'java.lang.Object java.lang.invoke.DirectMethodHandle$Holder.invokeSpecial(java.lang.Object, java.lang.Object, java.lang.Object, java.lang.Object, java.lang.Object, java.lang.Object, java.lang.Object, java.lang.Object, java.lang.Object)'> (0x000000070718b940) thrown at [./src/hotspot/share/interpreter/linkResolver.cpp, line 773]
Event: 10.047 Thread 0x0000018ba4623800 Exception <a 'java/lang/NoSuchMethodError'{0x00000007066f8a18}: 'java.lang.Object java.lang.invoke.DirectMethodHandle$Holder.invokeVirtual(java.lang.Object, java.lang.Object, java.lang.Object, java.lang.Object)'> (0x00000007066f8a18) thrown at [./src/hotspot/share/interpreter/linkResolver.cpp, line 773]
Event: 10.150 Thread 0x0000018ba4623800 Exception <a 'java/lang/NoSuchMethodError'{0x0000000705f79b00}: 'void java.lang.invoke.DirectMethodHandle$Holder.invokeSpecial(java.lang.Object, java.lang.Object, java.lang.Object, java.lang.Object, java.lang.Object, java.lang.Object)'> (0x0000000705f79b00) thrown at [./src/hotspot/share/interpreter/linkResolver.cpp, line 773]
Event: 10.154 Thread 0x0000018ba4623800 Exception <a 'java/lang/NoSuchMethodError'{0x0000000705fa7e90}: 'java.lang.Object java.lang.invoke.DirectMethodHandle$Holder.invokeSpecial(java.lang.Object, java.lang.Object, java.lang.Object, java.lang.Object, java.lang.Object, java.lang.Object, java.lang.Object, java.lang.Object, int, int)'> (0x0000000705fa7e90) thrown at [./src/hotspot/share/interpreter/linkResolver.cpp, line 773]
Event: 10.156 Thread 0x0000018ba4623800 Exception <a 'java/lang/NoSuchMethodError'{0x0000000705fc4a60}: 'java.lang.Object java.lang.invoke.Invokers$Holder.linkToTargetMethod(java.lang.Object, java.lang.Object, java.lang.Object, java.lang.Object, java.lang.Object, java.lang.Object, java.lang.Object)'> (0x0000000705fc4a60) thrown at [./src/hotspot/share/interpreter/linkResolver.cpp, line 773]
Event: 10.177 Thread 0x0000018ba4623800 Exception <a 'java/lang/NoSuchMethodError'{0x0000000705ef9980}: 'void java.lang.invoke.DirectMethodHandle$Holder.invokeSpecial(java.lang.Object, java.lang.Object, java.lang.Object, java.lang.Object, java.lang.Object, java.lang.Object, java.lang.Object)'> (0x0000000705ef9980) thrown at [./src/hotspot/share/interpreter/linkResolver.cpp, line 773]
Event: 10.181 Thread 0x0000018ba4623800 Exception <a 'java/lang/NoSuchMethodError'{0x0000000705d3d078}: 'java.lang.Object java.lang.invoke.DirectMethodHandle$Holder.invokeStatic(java.lang.Object, java.lang.Object, java.lang.Object, int, java.lang.Object, java.lang.Object)'> (0x0000000705d3d078) thrown at [./src/hotspot/share/interpreter/linkResolver.cpp, line 773]
Event: 10.182 Thread 0x0000018ba4623800 Exception <a 'java/lang/NoSuchMethodError'{0x0000000705d44788}: 'java.lang.Object java.lang.invoke.Invokers$Holder.linkToTargetMethod(java.lang.Object, java.lang.Object, int, java.lang.Object, java.lang.Object, java.lang.Object)'> (0x0000000705d44788) thrown at [./src/hotspot/share/interpreter/linkResolver.cpp, line 773]
Event: 10.208 Thread 0x0000018ba4623800 Exception <a 'java/lang/NoSuchMethodError'{0x0000000705b01bd0}: 'java.lang.Object java.lang.invoke.DirectMethodHandle$Holder.invokeVirtual(java.lang.Object, java.lang.Object, java.lang.Object, java.lang.Object, java.lang.Object, java.lang.Object, java.lang.Object, java.lang.Object, java.lang.Object, java.lang.Object, java.lang.Object, java.lang.Object, java.lang.Object, java.lang.Object, java.lang.Object, java.lang.Object, java.lang.Object, java.lang.Object, java.lang.Object, java.lang.Object, java.lang.Ob
Event: 10.290 Thread 0x0000018ba4623800 Exception <a 'java/lang/NoSuchMethodError'{0x00000007053821b8}: 'int java.lang.invoke.DirectMethodHandle$Holder.invokeStaticInit(java.lang.Object, java.lang.Object, java.lang.Object)'> (0x00000007053821b8) thrown at [./src/hotspot/share/interpreter/linkResolver.cpp, line 773]

Events (20 events):
Event: 10.322 loading class com/google/common/base/Splitter$1$1
Event: 10.322 loading class com/google/common/base/Splitter$1$1 done
Event: 10.323 loading class com/google/common/base/AbstractIterator$State
Event: 10.323 loading class com/google/common/base/AbstractIterator$State done
Event: 10.323 loading class com/google/common/base/AbstractIterator$1
Event: 10.323 loading class com/google/common/base/AbstractIterator$1 done
Event: 10.335 loading class org/gradle/groovy/scripts/internal/CompiledScript
Event: 10.335 loading class org/gradle/groovy/scripts/internal/CompiledScript done
Event: 10.335 loading class org/codehaus/groovy/control/MultipleCompilationErrorsException
Event: 10.335 loading class org/codehaus/groovy/control/MultipleCompilationErrorsException done
Event: 10.336 loading class org/codehaus/groovy/control/CompilationFailedException
Event: 10.336 loading class org/codehaus/groovy/control/CompilationFailedException done
Event: 10.336 loading class groovy/lang/GroovyRuntimeException
Event: 10.336 loading class groovy/lang/GroovyRuntimeException done
Event: 10.336 loading class groovy/lang/GroovyResourceLoader
Event: 10.336 loading class groovy/lang/GroovyResourceLoader done
Event: 10.336 loading class groovy/lang/GroovyClassLoader
Event: 10.336 loading class groovy/lang/GroovyClassLoader done
Event: 10.338 loading class org/gradle/groovy/scripts/internal/DefaultScriptCompilationHandler$1
Event: 10.338 loading class org/gradle/groovy/scripts/internal/DefaultScriptCompilationHandler$1 done


Dynamic libraries:
0x00007ff720f00000 - 0x00007ff720f0d000 	C:\Program Files\Microsoft\jdk-11.0.18.10-hotspot\bin\java.exe
0x00007ffd61010000 - 0x00007ffd61224000 	C:\WINDOWS\SYSTEM32\ntdll.dll
0x00007ffd5fc10000 - 0x00007ffd5fcd4000 	C:\WINDOWS\System32\KERNEL32.DLL
0x00007ffd5e3f0000 - 0x00007ffd5e794000 	C:\WINDOWS\System32\KERNELBASE.dll
0x00007ffd5eba0000 - 0x00007ffd5ecb1000 	C:\WINDOWS\System32\ucrtbase.dll
0x00007ffd3e250000 - 0x00007ffd3e267000 	C:\Program Files\Microsoft\jdk-11.0.18.10-hotspot\bin\jli.dll
0x00007ffd60980000 - 0x00007ffd60b2a000 	C:\WINDOWS\System32\USER32.dll
0x00007ffd5eab0000 - 0x00007ffd5ead6000 	C:\WINDOWS\System32\win32u.dll
0x00007ffd60dd0000 - 0x00007ffd60df9000 	C:\WINDOWS\System32\GDI32.dll
0x00007ffd3ef40000 - 0x00007ffd3ef55000 	C:\Program Files\Microsoft\jdk-11.0.18.10-hotspot\bin\VCRUNTIME140.dll
0x00007ffd5e7a0000 - 0x00007ffd5e8b9000 	C:\WINDOWS\System32\gdi32full.dll
0x00007ffd3b6a0000 - 0x00007ffd3b92f000 	C:\WINDOWS\WinSxS\amd64_microsoft.windows.common-controls_6595b64144ccf1df_6.0.22621.2070_none_2713e6537381f706\COMCTL32.dll
0x00007ffd5ed30000 - 0x00007ffd5edca000 	C:\WINDOWS\System32\msvcp_win.dll
0x00007ffd60d20000 - 0x00007ffd60dc7000 	C:\WINDOWS\System32\msvcrt.dll
0x00007ffd5ef80000 - 0x00007ffd5efb1000 	C:\WINDOWS\System32\IMM32.DLL
0x00007ffd169e0000 - 0x00007ffd16a7b000 	C:\Program Files\Microsoft\jdk-11.0.18.10-hotspot\bin\msvcp140.dll
0x00007ffcfda70000 - 0x00007ffcfe602000 	C:\Program Files\Microsoft\jdk-11.0.18.10-hotspot\bin\server\jvm.dll
0x00007ffd5fb60000 - 0x00007ffd5fc10000 	C:\WINDOWS\System32\ADVAPI32.dll
0x00007ffd606a0000 - 0x00007ffd60746000 	C:\WINDOWS\System32\sechost.dll
0x00007ffd60eb0000 - 0x00007ffd60fc7000 	C:\WINDOWS\System32\RPCRT4.dll
0x00007ffd5f3e0000 - 0x00007ffd5f3e8000 	C:\WINDOWS\System32\PSAPI.DLL
0x00007ffd432d0000 - 0x00007ffd432d9000 	C:\WINDOWS\SYSTEM32\WSOCK32.dll
0x00007ffd60620000 - 0x00007ffd60691000 	C:\WINDOWS\System32\WS2_32.dll
0x00007ffd54150000 - 0x00007ffd54184000 	C:\WINDOWS\SYSTEM32\WINMM.dll
0x00007ffd57a50000 - 0x00007ffd57a5a000 	C:\WINDOWS\SYSTEM32\VERSION.dll
0x00007ffd5d3a0000 - 0x00007ffd5d3b8000 	C:\WINDOWS\SYSTEM32\kernel.appcore.dll
0x00007ffd42c90000 - 0x00007ffd42ca0000 	C:\Program Files\Microsoft\jdk-11.0.18.10-hotspot\bin\verify.dll
0x00007ffd5b920000 - 0x00007ffd5bb4e000 	C:\WINDOWS\SYSTEM32\DBGHELP.DLL
0x00007ffd5f040000 - 0x00007ffd5f3ca000 	C:\WINDOWS\System32\combase.dll
0x00007ffd60b30000 - 0x00007ffd60c07000 	C:\WINDOWS\System32\OLEAUT32.dll
0x00007ffd41cf0000 - 0x00007ffd41d22000 	C:\WINDOWS\SYSTEM32\dbgcore.DLL
0x00007ffd5e8c0000 - 0x00007ffd5e93a000 	C:\WINDOWS\System32\bcryptPrimitives.dll
0x00007ffd25cb0000 - 0x00007ffd25cd8000 	C:\Program Files\Microsoft\jdk-11.0.18.10-hotspot\bin\java.dll
0x00007ffd42780000 - 0x00007ffd4278a000 	C:\Program Files\Microsoft\jdk-11.0.18.10-hotspot\bin\jimage.dll
0x00007ffd34540000 - 0x00007ffd34558000 	C:\Program Files\Microsoft\jdk-11.0.18.10-hotspot\bin\zip.dll
0x00007ffd5fd60000 - 0x00007ffd60576000 	C:\WINDOWS\System32\SHELL32.dll
0x00007ffd5c370000 - 0x00007ffd5cc5a000 	C:\WINDOWS\SYSTEM32\windows.storage.dll
0x00007ffd5c230000 - 0x00007ffd5c36e000 	C:\WINDOWS\SYSTEM32\wintypes.dll
0x00007ffd5edd0000 - 0x00007ffd5eec3000 	C:\WINDOWS\System32\SHCORE.dll
0x00007ffd60e50000 - 0x00007ffd60eae000 	C:\WINDOWS\System32\shlwapi.dll
0x00007ffd5e320000 - 0x00007ffd5e346000 	C:\WINDOWS\SYSTEM32\profapi.dll
0x00007ffd310b0000 - 0x00007ffd310c9000 	C:\Program Files\Microsoft\jdk-11.0.18.10-hotspot\bin\net.dll
0x00007ffd58cc0000 - 0x00007ffd58df7000 	C:\WINDOWS\SYSTEM32\WINHTTP.dll
0x00007ffd5d860000 - 0x00007ffd5d8c9000 	C:\WINDOWS\system32\mswsock.dll
0x00007ffd2f860000 - 0x00007ffd2f873000 	C:\Program Files\Microsoft\jdk-11.0.18.10-hotspot\bin\nio.dll
0x00007ffd46bc0000 - 0x00007ffd46be7000 	C:\Users\BUTA\.gradle\native\e1d6ef7f7dcc3fd88c89a11ec53ec762bb8ba0a96d01ffa2cd45eb1d1d8dd5c5\windows-amd64\native-platform.dll
0x00007ffd34340000 - 0x00007ffd34484000 	C:\Users\BUTA\.gradle\native\0d407fdbe67a94daf76414ababcb853783967236a71b16ec16e742cd7a986fd3\windows-amd64\native-platform-file-events.dll
0x00007ffd41200000 - 0x00007ffd41209000 	C:\Program Files\Microsoft\jdk-11.0.18.10-hotspot\bin\management.dll
0x00007ffd3eb60000 - 0x00007ffd3eb6b000 	C:\Program Files\Microsoft\jdk-11.0.18.10-hotspot\bin\management_ext.dll
0x00007ffd5db80000 - 0x00007ffd5db9b000 	C:\WINDOWS\SYSTEM32\CRYPTSP.dll
0x00007ffd5d360000 - 0x00007ffd5d395000 	C:\WINDOWS\system32\rsaenh.dll
0x00007ffd5d900000 - 0x00007ffd5d92c000 	C:\WINDOWS\SYSTEM32\USERENV.dll
0x00007ffd5dca0000 - 0x00007ffd5dcc8000 	C:\WINDOWS\SYSTEM32\bcrypt.dll
0x00007ffd5db60000 - 0x00007ffd5db6c000 	C:\WINDOWS\SYSTEM32\CRYPTBASE.dll
0x00007ffd5cec0000 - 0x00007ffd5ceed000 	C:\WINDOWS\SYSTEM32\IPHLPAPI.DLL
0x00007ffd5f3d0000 - 0x00007ffd5f3d9000 	C:\WINDOWS\System32\NSI.dll
0x00007ffd57a80000 - 0x00007ffd57a99000 	C:\WINDOWS\SYSTEM32\dhcpcsvc6.DLL
0x00007ffd57a60000 - 0x00007ffd57a7f000 	C:\WINDOWS\SYSTEM32\dhcpcsvc.DLL
0x00007ffd5cef0000 - 0x00007ffd5cfe3000 	C:\WINDOWS\SYSTEM32\DNSAPI.dll

dbghelp: loaded successfully - version: 4.0.5 - missing functions: none
symbol engine: initialized successfully - sym options: 0x614 - pdb path: .;C:\Program Files\Microsoft\jdk-11.0.18.10-hotspot\bin;C:\WINDOWS\SYSTEM32;C:\WINDOWS\WinSxS\amd64_microsoft.windows.common-controls_6595b64144ccf1df_6.0.22621.2070_none_2713e6537381f706;C:\Program Files\Microsoft\jdk-11.0.18.10-hotspot\bin\server;C:\Users\BUTA\.gradle\native\e1d6ef7f7dcc3fd88c89a11ec53ec762bb8ba0a96d01ffa2cd45eb1d1d8dd5c5\windows-amd64;C:\Users\BUTA\.gradle\native\0d407fdbe67a94daf76414ababcb853783967236a71b16ec16e742cd7a986fd3\windows-amd64

VM Arguments:
jvm_args: --add-opens=java.base/java.util=ALL-UNNAMED --add-opens=java.base/java.lang=ALL-UNNAMED --add-opens=java.base/java.lang.invoke=ALL-UNNAMED --add-opens=java.base/java.util=ALL-UNNAMED --add-opens=java.prefs/java.util.prefs=ALL-UNNAMED --add-opens=java.prefs/java.util.prefs=ALL-UNNAMED --add-opens=java.base/java.nio.charset=ALL-UNNAMED --add-opens=java.base/java.net=ALL-UNNAMED --add-opens=java.base/java.util.concurrent.atomic=ALL-UNNAMED -Xmx4096m -Dfile.encoding=windows-1252 -Duser.country=US -Duser.language=en -Duser.variant 
java_command: org.gradle.launcher.daemon.bootstrap.GradleDaemon 7.5
java_class_path (initial): C:\Users\BUTA\.gradle\wrapper\dists\gradle-7.5-all\6qsw290k5lz422uaf8jf6m7co\gradle-7.5\lib\gradle-launcher-7.5.jar
Launcher Type: SUN_STANDARD

[Global flags]
     intx CICompilerCount                          = 4                                         {product} {ergonomic}
     uint ConcGCThreads                            = 2                                         {product} {ergonomic}
     uint G1ConcRefinementThreads                  = 8                                         {product} {ergonomic}
   size_t G1HeapRegionSize                         = 1048576                                   {product} {ergonomic}
    uintx GCDrainStackTargetSize                   = 64                                        {product} {ergonomic}
   size_t InitialHeapSize                          = 130023424                                 {product} {ergonomic}
   size_t MarkStackSize                            = 4194304                                   {product} {ergonomic}
   size_t MaxHeapSize                              = 4294967296                                {product} {command line}
   size_t MaxNewSize                               = 2576351232                                {product} {ergonomic}
   size_t MinHeapDeltaBytes                        = 1048576                                   {product} {ergonomic}
    uintx NonNMethodCodeHeapSize                   = 5836300                                {pd product} {ergonomic}
    uintx NonProfiledCodeHeapSize                  = 122910970                              {pd product} {ergonomic}
    uintx ProfiledCodeHeapSize                     = 122910970                              {pd product} {ergonomic}
    uintx ReservedCodeCacheSize                    = 251658240                              {pd product} {ergonomic}
     bool SegmentedCodeCache                       = true                                      {product} {ergonomic}
     bool UseCompressedClassPointers               = true                                 {lp64_product} {ergonomic}
     bool UseCompressedOops                        = true                                 {lp64_product} {ergonomic}
     bool UseG1GC                                  = true                                      {product} {ergonomic}
     bool UseLargePagesIndividualAllocation        = false                                  {pd product} {ergonomic}

Logging:
Log output configuration:
 #0: stdout all=warning uptime,level,tags
 #1: stderr all=off uptime,level,tags

Environment Variables:
JAVA_HOME=C:\Program Files\Microsoft\jdk-11.0.18.10-hotspot\
CLASSPATH=C:\Users\BUTA\OneDrive\Desktop\isMobileApp\AwesomeProject\android\\gradle\wrapper\gradle-wrapper.jar
PATH=C:\Users\BUTA\OneDrive\Desktop\isMobileApp\AwesomeProject\node_modules\.bin;C:\Users\BUTA\OneDrive\Desktop\isMobileApp\AwesomeProject\node_modules\.bin;C:\Users\BUTA\OneDrive\Desktop\isMobileApp\node_modules\.bin;C:\Users\BUTA\OneDrive\Desktop\node_modules\.bin;C:\Users\BUTA\OneDrive\node_modules\.bin;C:\Users\BUTA\node_modules\.bin;C:\Users\node_modules\.bin;C:\node_modules\.bin;C:\Program Files\nodejs\node_modules\npm\node_modules\@npmcli\run-script\lib\node-gyp-bin;C:\Users\BUTA\OneDrive\Desktop\isMobileApp\AwesomeProject\node_modules\.bin;C:\Users\BUTA\OneDrive\Desktop\isMobileApp\AwesomeProject\node_modules\.bin;C:\Users\BUTA\OneDrive\Desktop\isMobileApp\node_modules\.bin;C:\Users\BUTA\OneDrive\Desktop\node_modules\.bin;C:\Users\BUTA\OneDrive\node_modules\.bin;C:\Users\BUTA\node_modules\.bin;C:\Users\node_modules\.bin;C:\node_modules\.bin;C:\Program Files\nodejs\node_modules\npm\node_modules\@npmcli\run-script\lib\node-gyp-bin;C:\Program Files\Microsoft\jdk-11.0.18.10-hotspot\bin;C:\WINDOWS\system32;C:\WINDOWS;C:\WINDOWS\System32\Wbem;C:\WINDOWS\System32\WindowsPowerShell\v1.0\;C:\WINDOWS\System32\OpenSSH\;C:\ProgramData\chocolatey\bin;C:\Program Files\nodejs\;C:\Users\BUTA\AppData\Local\Android\Sdk;D:\programs\MySQL;C:\Program Files\Git\cmd;C:\Program Files\Microsoft SQL Server\150\Tools\Binn\;C:\Program Files\Microsoft SQL Server\Client SDK\ODBC\170\Tools\Binn\;C:\Program Files\dotnet\;C:\Program Files (x86)\Microsoft SQL Server\160\Tools\Binn\;C:\Program Files\Microsoft SQL Server\160\Tools\Binn\;C:\Program Files\Microsoft SQL Server\160\DTS\Binn\;C:\Program Files (x86)\Microsoft SQL Server\160\DTS\Binn\;C:\Program Files\Azure Data Studio\bin;C:\Users\BUTA\AppData\Local\Android\Sdk\platform-tools;C:\Users\BUTA\AppData\Local\Android\Sdk\tools;C:\Users\BUTA\AppData\Local\Microsoft\WindowsApps;C:\Users\BUTA\AppData\Roaming\npm;C:\Users\BUTA\AppData\Local\Programs\Microsoft VS Code\bin;
USERNAME=BUTA
LANG=en_US.UTF-8
OS=Windows_NT
PROCESSOR_IDENTIFIER=Intel64 Family 6 Model 140 Stepping 1, GenuineIntel
TMP=C:\Users\BUTA\AppData\Local\Temp
TEMP=C:\Users\BUTA\AppData\Local\Temp



---------------  S Y S T E M  ---------------

OS: Windows 11 , 64 bit Build 22621 (10.0.22621.2070)
OS uptime: 3 days 3:59 hours
Hyper-V role detected

CPU:total 8 (initial active 8) (4 cores per cpu, 2 threads per core) family 6 model 140 stepping 1 microcode 0x8a, cmov, cx8, fxsr, mmx, sse, sse2, sse3, ssse3, sse4.1, sse4.2, popcnt, avx, avx2, aes, clmul, erms, 3dnowpref, lzcnt, ht, tsc, tscinvbit, bmi1, bmi2, adx, evex, sha, fma

Memory: 4k page, system-wide physical 7847M (128M free)
TotalPageFile size 22371M (AvailPageFile size 2M)
current process WorkingSet (physical memory assigned to process): 197M, peak: 197M
current process commit charge ("private bytes"): 267M, peak: 267M

vm_info: OpenJDK 64-Bit Server VM (11.0.18+10-LTS) for windows-amd64 JRE (11.0.18+10-LTS), built on Jan 18 2023 15:56:47 by "MicrosoftCorporation" with MS VC++ 15.9 (VS2017)

END.
