#
# There is insufficient memory for the Java Runtime Environment to continue.
# Native memory allocation (mmap) failed to map 53477376 bytes for Failed to commit area from 0x000000070ff00000 to 0x0000000713200000 of length 53477376.
# Possible reasons:
#   The system is out of physical RAM or swap space
#   The process is running with CompressedOops enabled, and the Java Heap may be blocking the growth of the native heap
# Possible solutions:
#   Reduce memory load on the system
#   Increase physical memory or swap space
#   Check if swap backing store is full
#   Decrease Java heap size (-Xmx/-Xms)
#   Decrease number of Java threads
#   Decrease Java thread stack sizes (-Xss)
#   Set larger code cache with -XX:ReservedCodeCacheSize=
#   JVM is running with Zero Based Compressed Oops mode in which the Java heap is
#     placed in the first 32GB address space. The Java Heap base address is the
#     maximum limit for the native heap growth. Please use -XX:HeapBaseMinAddress
#     to set the Java Heap base and to place the Java Heap above 32GB virtual address.
# This output file may be truncated or incomplete.
#
#  Out of Memory Error (./src/hotspot/os/windows/os_windows.cpp:3386), pid=18160, tid=14400
#
# JRE version: OpenJDK Runtime Environment Microsoft-7208460 (11.0.18+10) (build 11.0.18+10-LTS)
# Java VM: OpenJDK 64-Bit Server VM Microsoft-7208460 (11.0.18+10-LTS, mixed mode, tiered, compressed oops, g1 gc, windows-amd64)
# No core dump will be written. Minidumps are not enabled by default on client versions of Windows
#

---------------  S U M M A R Y ------------

Command Line: --add-opens=java.base/java.util=ALL-UNNAMED --add-opens=java.base/java.lang=ALL-UNNAMED --add-opens=java.base/java.lang.invoke=ALL-UNNAMED --add-opens=java.base/java.util=ALL-UNNAMED --add-opens=java.prefs/java.util.prefs=ALL-UNNAMED --add-opens=java.prefs/java.util.prefs=ALL-UNNAMED --add-opens=java.base/java.nio.charset=ALL-UNNAMED --add-opens=java.base/java.net=ALL-UNNAMED --add-opens=java.base/java.util.concurrent.atomic=ALL-UNNAMED -Xmx4096m -Dfile.encoding=windows-1252 -Duser.country=US -Duser.language=en -Duser.variant org.gradle.launcher.daemon.bootstrap.GradleDaemon 7.5

Host: 11th Gen Intel(R) Core(TM) i5-1135G7 @ 2.40GHz, 8 cores, 7G,  Windows 11 , 64 bit Build 22621 (10.0.22621.2070)
Time: Thu Aug 31 12:42:37 2023 Azerbaijan Standard Time elapsed time: 195.363769 seconds (0d 0h 3m 15s)

---------------  T H R E A D  ---------------

Current thread (0x0000024f44a6c800):  VMThread "VM Thread" [stack: 0x000000a733000000,0x000000a733100000] [id=14400]

Stack: [0x000000a733000000,0x000000a733100000]
[error occurred during error reporting (printing stack bounds), id 0xc0000005, EXCEPTION_ACCESS_VIOLATION (0xc0000005) at pc=0x0000024f293a12e7]

Native frames: (J=compiled Java code, j=interpreted, Vv=VM code, C=native code)
V  [jvm.dll+0x62bf8a]
V  [jvm.dll+0x7b8fb9]
V  [jvm.dll+0x7ba6a8]
V  [jvm.dll+0x7bace5]
V  [jvm.dll+0x7bac9b]
V  [jvm.dll+0x62b317]
V  [jvm.dll+0x62ba28]
C  [ntdll.dll+0xa3dff]
C  [ntdll.dll+0x1e456]
C  [ntdll.dll+0xa2dee]
C  0x0000024f293a12e7

VM_Operation (0x000000a73bff8860): G1CollectForAllocation, mode: safepoint, requested by thread 0x0000024f471cc800


---------------  P R O C E S S  ---------------

Threads class SMR info:
_java_thread_list=0x0000024f515bcb60, length=137, elements={
0x0000024f20c34800, 0x0000024f44a72800, 0x0000024f452a2000, 0x0000024f45302800,
0x0000024f45305800, 0x0000024f45306800, 0x0000024f45309000, 0x0000024f4530a000,
0x0000024f45310000, 0x0000024f45428800, 0x0000024f45d62800, 0x0000024f472e5800,
0x0000024f462b4800, 0x0000024f460a6000, 0x0000024f46162800, 0x0000024f46d69800,
0x0000024f46740000, 0x0000024f455b9800, 0x0000024f466f5800, 0x0000024f46d44000,
0x0000024f46d42000, 0x0000024f46d44800, 0x0000024f46d45800, 0x0000024f46d46800,
0x0000024f46d47000, 0x0000024f46d43000, 0x0000024f46d41800, 0x0000024f46d48000,
0x0000024f46771000, 0x0000024f46772000, 0x0000024f4676d000, 0x0000024f4676e000,
0x0000024f4676f000, 0x0000024f46773000, 0x0000024f46773800, 0x0000024f46774800,
0x0000024f46775800, 0x0000024f4676f800, 0x0000024f46770800, 0x0000024f46779800,
0x0000024f46776000, 0x0000024f4677a000, 0x0000024f46778800, 0x0000024f4677b000,
0x0000024f46778000, 0x0000024f46777000, 0x0000024f47c6f800, 0x0000024f47c6d000,
0x0000024f47c6d800, 0x0000024f47c70000, 0x0000024f47c71000, 0x0000024f47c6b800,
0x0000024f47c6e800, 0x0000024f47c72000, 0x0000024f47c6c000, 0x0000024f47c75000,
0x0000024f47c76000, 0x0000024f47c74800, 0x0000024f47c72800, 0x0000024f47c73800,
0x0000024f47c76800, 0x0000024f47c77800, 0x0000024f47c78800, 0x0000024f47c79000,
0x0000024f47c7a000, 0x0000024f4cea4800, 0x0000024f4cea7000, 0x0000024f4ceab000,
0x0000024f4cea7800, 0x0000024f4cea8800, 0x0000024f4cea6000, 0x0000024f4ceaa000,
0x0000024f4cea5800, 0x0000024f4ceb0800, 0x0000024f4ceac800, 0x0000024f4cead800,
0x0000024f4ceb1800, 0x0000024f4ceae800, 0x0000024f4ceb0000, 0x0000024f4ceac000,
0x0000024f4ceb2800, 0x0000024f4ceb3000, 0x0000024f4b1b0800, 0x0000024f4b1b0000,
0x0000024f4b1b2000, 0x0000024f4b1b7000, 0x0000024f4b1b5800, 0x0000024f4b1b1800,
0x0000024f4b1b4800, 0x0000024f4b1b8000, 0x0000024f4b1b4000, 0x0000024f4b1b6800,
0x0000024f4b1b3000, 0x0000024f4b1ba800, 0x0000024f4b1b8800, 0x0000024f4b1bb000,
0x0000024f4b1b9800, 0x0000024f4b1bd800, 0x0000024f4b1bc000, 0x0000024f4b1bd000,
0x0000024f4b1be800, 0x0000024f49559800, 0x0000024f4955b800, 0x0000024f4955c800,
0x0000024f4955a000, 0x0000024f49557800, 0x0000024f49558800, 0x0000024f4955b000,
0x0000024f49557000, 0x0000024f4955e000, 0x0000024f4955f000, 0x0000024f4955d800,
0x0000024f49564800, 0x0000024f49560000, 0x0000024f49562800, 0x0000024f49565800,
0x0000024f49563000, 0x0000024f49560800, 0x0000024f49561800, 0x0000024f49564000,
0x0000024f471c3800, 0x0000024f471c6000, 0x0000024f471c1000, 0x0000024f471c4800,
0x0000024f471c2000, 0x0000024f471c0000, 0x0000024f471c8800, 0x0000024f471c7800,
0x0000024f471c6800, 0x0000024f471c2800, 0x0000024f471c9000, 0x0000024f471ca000,
0x0000024f471cb000, 0x0000024f471c5000, 0x0000024f471cb800, 0x0000024f471cc800,
0x0000024f471ce000
}

Java Threads: ( => current thread )
  0x0000024f20c34800 JavaThread "main" [_thread_blocked, id=6364, stack(0x000000a732a00000,0x000000a732b00000)]
  0x0000024f44a72800 JavaThread "Reference Handler" daemon [_thread_blocked, id=4244, stack(0x000000a733100000,0x000000a733200000)]
  0x0000024f452a2000 JavaThread "Finalizer" daemon [_thread_blocked, id=9528, stack(0x000000a733200000,0x000000a733300000)]
  0x0000024f45302800 JavaThread "Signal Dispatcher" daemon [_thread_blocked, id=15744, stack(0x000000a733300000,0x000000a733400000)]
  0x0000024f45305800 JavaThread "Attach Listener" daemon [_thread_blocked, id=16696, stack(0x000000a733400000,0x000000a733500000)]
  0x0000024f45306800 JavaThread "Service Thread" daemon [_thread_blocked, id=15208, stack(0x000000a733500000,0x000000a733600000)]
  0x0000024f45309000 JavaThread "C2 CompilerThread0" daemon [_thread_blocked, id=10884, stack(0x000000a733600000,0x000000a733700000)]
  0x0000024f4530a000 JavaThread "C1 CompilerThread0" daemon [_thread_blocked, id=17048, stack(0x000000a733700000,0x000000a733800000)]
  0x0000024f45310000 JavaThread "Sweeper thread" daemon [_thread_blocked, id=15648, stack(0x000000a733800000,0x000000a733900000)]
  0x0000024f45428800 JavaThread "Common-Cleaner" daemon [_thread_blocked, id=16512, stack(0x000000a733900000,0x000000a733a00000)]
  0x0000024f45d62800 JavaThread "Daemon health stats" [_thread_blocked, id=13308, stack(0x000000a733c00000,0x000000a733d00000)]
  0x0000024f472e5800 JavaThread "Incoming local TCP Connector on port 60064" [_thread_in_native, id=7128, stack(0x000000a733d00000,0x000000a733e00000)]
  0x0000024f462b4800 JavaThread "Daemon periodic checks" [_thread_blocked, id=17912, stack(0x000000a733e00000,0x000000a733f00000)]
  0x0000024f460a6000 JavaThread "Daemon" [_thread_blocked, id=18232, stack(0x000000a733f00000,0x000000a734000000)]
  0x0000024f46162800 JavaThread "Handler for socket connection from /127.0.0.1:60064 to /127.0.0.1:60071" [_thread_in_native, id=1600, stack(0x000000a734000000,0x000000a734100000)]
  0x0000024f46d69800 JavaThread "Cancel handler" [_thread_blocked, id=10788, stack(0x000000a734100000,0x000000a734200000)]
  0x0000024f46740000 JavaThread "Daemon worker" [_thread_blocked, id=14108, stack(0x000000a734200000,0x000000a734300000)]
  0x0000024f455b9800 JavaThread "Asynchronous log dispatcher for DefaultDaemonConnection: socket connection from /127.0.0.1:60064 to /127.0.0.1:60071" [_thread_blocked, id=9288, stack(0x000000a734300000,0x000000a734400000)]
  0x0000024f466f5800 JavaThread "Daemon client event forwarder" [_thread_blocked, id=11972, stack(0x000000a734500000,0x000000a734600000)]
  0x0000024f46d44000 JavaThread "Cache worker for journal cache (C:\Users\BUTA\.gradle\caches\journal-1)" [_thread_blocked, id=16888, stack(0x000000a734d00000,0x000000a734e00000)]
  0x0000024f46d42000 JavaThread "File lock request listener" [_thread_in_native, id=9312, stack(0x000000a734e00000,0x000000a734f00000)]
  0x0000024f46d44800 JavaThread "File lock release action executor" [_thread_blocked, id=4348, stack(0x000000a734f00000,0x000000a735000000)]
  0x0000024f46d45800 JavaThread "Cache worker for file hash cache (C:\Users\BUTA\.gradle\caches\7.5\fileHashes)" [_thread_blocked, id=18372, stack(0x000000a735000000,0x000000a735100000)]
  0x0000024f46d46800 JavaThread "File watcher server" daemon [_thread_in_native, id=6628, stack(0x000000a735200000,0x000000a735300000)]
  0x0000024f46d47000 JavaThread "File watcher consumer" daemon [_thread_blocked, id=8592, stack(0x000000a735300000,0x000000a735400000)]
  0x0000024f46d43000 JavaThread "Cache worker for checksums cache (C:\Users\BUTA\OneDrive\Desktop\isMobileApp\AwesomeProject\android\.gradle\7.5\checksums)" [_thread_blocked, id=18020, stack(0x000000a735400000,0x000000a735500000)]
  0x0000024f46d41800 JavaThread "Cache worker for cache directory md-rule (C:\Users\BUTA\.gradle\caches\7.5\md-rule)" [_thread_blocked, id=18060, stack(0x000000a735500000,0x000000a735600000)]
  0x0000024f46d48000 JavaThread "Cache worker for file content cache (C:\Users\BUTA\.gradle\caches\7.5\fileContent)" [_thread_blocked, id=18084, stack(0x000000a735600000,0x000000a735700000)]
  0x0000024f46771000 JavaThread "Cache worker for file hash cache (C:\Users\BUTA\OneDrive\Desktop\isMobileApp\AwesomeProject\android\.gradle\7.5\fileHashes)" [_thread_blocked, id=12848, stack(0x000000a735700000,0x000000a735800000)]
  0x0000024f46772000 JavaThread "Cache worker for cache directory md-supplier (C:\Users\BUTA\.gradle\caches\7.5\md-supplier)" [_thread_blocked, id=4524, stack(0x000000a735800000,0x000000a735900000)]
  0x0000024f4676d000 JavaThread "Cache worker for execution history cache (C:\Users\BUTA\.gradle\caches\7.5\executionHistory)" [_thread_blocked, id=14376, stack(0x000000a735900000,0x000000a735a00000)]
  0x0000024f4676e000 JavaThread "jar transforms" [_thread_blocked, id=13328, stack(0x000000a735a00000,0x000000a735b00000)]
  0x0000024f4676f000 JavaThread "jar transforms Thread 2" [_thread_blocked, id=17772, stack(0x000000a732700000,0x000000a732800000)]
  0x0000024f46773000 JavaThread "jar transforms Thread 3" [_thread_blocked, id=11648, stack(0x000000a735b00000,0x000000a735c00000)]
  0x0000024f46773800 JavaThread "jar transforms Thread 4" [_thread_blocked, id=2776, stack(0x000000a735c00000,0x000000a735d00000)]
  0x0000024f46774800 JavaThread "Cache worker for kotlin-dsl (C:\Users\BUTA\.gradle\caches\7.5\kotlin-dsl)" [_thread_blocked, id=16652, stack(0x000000a732900000,0x000000a732a00000)]
  0x0000024f46775800 JavaThread "jar transforms Thread 5" [_thread_blocked, id=1668, stack(0x000000a732800000,0x000000a732900000)]
  0x0000024f4676f800 JavaThread "jar transforms Thread 6" [_thread_blocked, id=1536, stack(0x000000a734400000,0x000000a734500000)]
  0x0000024f46770800 JavaThread "Cache worker for dependencies-accessors (C:\Users\BUTA\OneDrive\Desktop\isMobileApp\AwesomeProject\android\.gradle\7.5\dependencies-accessors)" [_thread_blocked, id=17976, stack(0x000000a735f00000,0x000000a736000000)]
  0x0000024f46779800 JavaThread "Cache worker for Build Output Cleanup Cache (C:\Users\BUTA\OneDrive\Desktop\isMobileApp\AwesomeProject\node_modules\@react-native\gradle-plugin\.gradle\buildOutputCleanup)" [_thread_blocked, id=14560, stack(0x000000a736100000,0x000000a736200000)]
  0x0000024f46776000 JavaThread "jar transforms Thread 7" [_thread_blocked, id=17308, stack(0x000000a736000000,0x000000a736100000)]
  0x0000024f4677a000 JavaThread "Unconstrained build operations" [_thread_blocked, id=10048, stack(0x000000a736200000,0x000000a736300000)]
  0x0000024f46778800 JavaThread "Unconstrained build operations Thread 2" [_thread_blocked, id=4428, stack(0x000000a736300000,0x000000a736400000)]
  0x0000024f4677b000 JavaThread "Unconstrained build operations Thread 3" [_thread_blocked, id=16280, stack(0x000000a736400000,0x000000a736500000)]
  0x0000024f46778000 JavaThread "Unconstrained build operations Thread 4" [_thread_blocked, id=15880, stack(0x000000a736500000,0x000000a736600000)]
  0x0000024f46777000 JavaThread "Unconstrained build operations Thread 5" [_thread_blocked, id=5332, stack(0x000000a736600000,0x000000a736700000)]
  0x0000024f47c6f800 JavaThread "Unconstrained build operations Thread 6" [_thread_blocked, id=14992, stack(0x000000a736700000,0x000000a736800000)]
  0x0000024f47c6d000 JavaThread "Unconstrained build operations Thread 7" [_thread_blocked, id=6348, stack(0x000000a736800000,0x000000a736900000)]
  0x0000024f47c6d800 JavaThread "Unconstrained build operations Thread 8" [_thread_blocked, id=15472, stack(0x000000a736900000,0x000000a736a00000)]
  0x0000024f47c70000 JavaThread "Unconstrained build operations Thread 9" [_thread_blocked, id=17040, stack(0x000000a736a00000,0x000000a736b00000)]
  0x0000024f47c71000 JavaThread "Unconstrained build operations Thread 10" [_thread_blocked, id=12192, stack(0x000000a736b00000,0x000000a736c00000)]
  0x0000024f47c6b800 JavaThread "Unconstrained build operations Thread 11" [_thread_blocked, id=8560, stack(0x000000a736c00000,0x000000a736d00000)]
  0x0000024f47c6e800 JavaThread "Unconstrained build operations Thread 12" [_thread_blocked, id=5420, stack(0x000000a736d00000,0x000000a736e00000)]
  0x0000024f47c72000 JavaThread "Unconstrained build operations Thread 13" [_thread_blocked, id=13812, stack(0x000000a736e00000,0x000000a736f00000)]
  0x0000024f47c6c000 JavaThread "Unconstrained build operations Thread 14" [_thread_blocked, id=15784, stack(0x000000a736f00000,0x000000a737000000)]
  0x0000024f47c75000 JavaThread "Unconstrained build operations Thread 15" [_thread_blocked, id=6216, stack(0x000000a737000000,0x000000a737100000)]
  0x0000024f47c76000 JavaThread "Unconstrained build operations Thread 16" [_thread_blocked, id=8532, stack(0x000000a737100000,0x000000a737200000)]
  0x0000024f47c74800 JavaThread "Unconstrained build operations Thread 17" [_thread_blocked, id=6924, stack(0x000000a737200000,0x000000a737300000)]
  0x0000024f47c72800 JavaThread "Unconstrained build operations Thread 18" [_thread_blocked, id=3056, stack(0x000000a737300000,0x000000a737400000)]
  0x0000024f47c73800 JavaThread "Unconstrained build operations Thread 19" [_thread_blocked, id=4680, stack(0x000000a737400000,0x000000a737500000)]
  0x0000024f47c76800 JavaThread "Unconstrained build operations Thread 20" [_thread_blocked, id=14824, stack(0x000000a737500000,0x000000a737600000)]
  0x0000024f47c77800 JavaThread "Unconstrained build operations Thread 21" [_thread_blocked, id=16116, stack(0x000000a737600000,0x000000a737700000)]
  0x0000024f47c78800 JavaThread "Unconstrained build operations Thread 22" [_thread_blocked, id=9020, stack(0x000000a737700000,0x000000a737800000)]
  0x0000024f47c79000 JavaThread "Unconstrained build operations Thread 23" [_thread_blocked, id=1548, stack(0x000000a737800000,0x000000a737900000)]
  0x0000024f47c7a000 JavaThread "Unconstrained build operations Thread 24" [_thread_blocked, id=5308, stack(0x000000a737900000,0x000000a737a00000)]
  0x0000024f4cea4800 JavaThread "Unconstrained build operations Thread 25" [_thread_blocked, id=16092, stack(0x000000a737a00000,0x000000a737b00000)]
  0x0000024f4cea7000 JavaThread "Unconstrained build operations Thread 26" [_thread_blocked, id=1568, stack(0x000000a737b00000,0x000000a737c00000)]
  0x0000024f4ceab000 JavaThread "jar transforms Thread 8" [_thread_blocked, id=17996, stack(0x000000a737c00000,0x000000a737d00000)]
  0x0000024f4cea7800 JavaThread "Memory manager" [_thread_blocked, id=5372, stack(0x000000a737e00000,0x000000a737f00000)]
  0x0000024f4cea8800 JavaThread "Cache worker for Build Output Cleanup Cache (C:\Users\BUTA\OneDrive\Desktop\isMobileApp\AwesomeProject\android\.gradle\buildOutputCleanup)" [_thread_blocked, id=9748, stack(0x000000a737f00000,0x000000a738000000)]
  0x0000024f4cea6000 JavaThread "Execution worker" [_thread_blocked, id=13056, stack(0x000000a738100000,0x000000a738200000)]
  0x0000024f4ceaa000 JavaThread "Execution worker Thread 2" [_thread_blocked, id=13468, stack(0x000000a738200000,0x000000a738300000)]
  0x0000024f4cea5800 JavaThread "Execution worker Thread 3" [_thread_blocked, id=10708, stack(0x000000a738300000,0x000000a738400000)]
  0x0000024f4ceb0800 JavaThread "Execution worker Thread 4" [_thread_blocked, id=12952, stack(0x000000a738400000,0x000000a738500000)]
  0x0000024f4ceac800 JavaThread "Execution worker Thread 5" [_thread_blocked, id=14940, stack(0x000000a738500000,0x000000a738600000)]
  0x0000024f4cead800 JavaThread "Execution worker Thread 6" [_thread_blocked, id=16716, stack(0x000000a738600000,0x000000a738700000)]
  0x0000024f4ceb1800 JavaThread "Execution worker Thread 7" [_thread_blocked, id=836, stack(0x000000a738700000,0x000000a738800000)]
  0x0000024f4ceae800 JavaThread "Cache worker for execution history cache (C:\Users\BUTA\OneDrive\Desktop\isMobileApp\AwesomeProject\node_modules\@react-native\gradle-plugin\.gradle\7.5\executionHistory)" [_thread_blocked, id=15404, stack(0x000000a738800000,0x000000a738900000)]
  0x0000024f4ceb0000 JavaThread "Unconstrained build operations Thread 27" [_thread_blocked, id=14392, stack(0x000000a738900000,0x000000a738a00000)]
  0x0000024f4ceac000 JavaThread "Unconstrained build operations Thread 28" [_thread_blocked, id=2348, stack(0x000000a738a00000,0x000000a738b00000)]
  0x0000024f4ceb2800 JavaThread "Unconstrained build operations Thread 29" [_thread_blocked, id=16140, stack(0x000000a738b00000,0x000000a738c00000)]
  0x0000024f4ceb3000 JavaThread "Unconstrained build operations Thread 30" [_thread_blocked, id=18240, stack(0x000000a738c00000,0x000000a738d00000)]
  0x0000024f4b1b0800 JavaThread "Unconstrained build operations Thread 31" [_thread_blocked, id=11768, stack(0x000000a737d00000,0x000000a737e00000)]
  0x0000024f4b1b0000 JavaThread "Unconstrained build operations Thread 32" [_thread_blocked, id=4656, stack(0x000000a738d00000,0x000000a738e00000)]
  0x0000024f4b1b2000 JavaThread "Unconstrained build operations Thread 33" [_thread_blocked, id=12756, stack(0x000000a738e00000,0x000000a738f00000)]
  0x0000024f4b1b7000 JavaThread "Unconstrained build operations Thread 34" [_thread_blocked, id=10648, stack(0x000000a738f00000,0x000000a739000000)]
  0x0000024f4b1b5800 JavaThread "Unconstrained build operations Thread 35" [_thread_blocked, id=14904, stack(0x000000a739000000,0x000000a739100000)]
  0x0000024f4b1b1800 JavaThread "Unconstrained build operations Thread 36" [_thread_blocked, id=12608, stack(0x000000a739100000,0x000000a739200000)]
  0x0000024f4b1b4800 JavaThread "Unconstrained build operations Thread 37" [_thread_blocked, id=14748, stack(0x000000a739200000,0x000000a739300000)]
  0x0000024f4b1b8000 JavaThread "Unconstrained build operations Thread 38" [_thread_blocked, id=13020, stack(0x000000a739300000,0x000000a739400000)]
  0x0000024f4b1b4000 JavaThread "Unconstrained build operations Thread 39" [_thread_blocked, id=8820, stack(0x000000a739400000,0x000000a739500000)]
  0x0000024f4b1b6800 JavaThread "Unconstrained build operations Thread 40" [_thread_blocked, id=14332, stack(0x000000a739500000,0x000000a739600000)]
  0x0000024f4b1b3000 JavaThread "Unconstrained build operations Thread 41" [_thread_blocked, id=14368, stack(0x000000a739600000,0x000000a739700000)]
  0x0000024f4b1ba800 JavaThread "Unconstrained build operations Thread 42" [_thread_blocked, id=14212, stack(0x000000a739700000,0x000000a739800000)]
  0x0000024f4b1b8800 JavaThread "Unconstrained build operations Thread 43" [_thread_blocked, id=14564, stack(0x000000a739800000,0x000000a739900000)]
  0x0000024f4b1bb000 JavaThread "Unconstrained build operations Thread 44" [_thread_blocked, id=10880, stack(0x000000a739900000,0x000000a739a00000)]
  0x0000024f4b1b9800 JavaThread "Unconstrained build operations Thread 45" [_thread_blocked, id=9580, stack(0x000000a739a00000,0x000000a739b00000)]
  0x0000024f4b1bd800 JavaThread "Unconstrained build operations Thread 46" [_thread_blocked, id=17116, stack(0x000000a739b00000,0x000000a739c00000)]
  0x0000024f4b1bc000 JavaThread "Unconstrained build operations Thread 47" [_thread_blocked, id=9524, stack(0x000000a739c00000,0x000000a739d00000)]
  0x0000024f4b1bd000 JavaThread "Unconstrained build operations Thread 48" [_thread_blocked, id=12836, stack(0x000000a739d00000,0x000000a739e00000)]
  0x0000024f4b1be800 JavaThread "Unconstrained build operations Thread 49" [_thread_blocked, id=2780, stack(0x000000a739e00000,0x000000a739f00000)]
  0x0000024f49559800 JavaThread "Unconstrained build operations Thread 50" [_thread_blocked, id=18212, stack(0x000000a739f00000,0x000000a73a000000)]
  0x0000024f4955b800 JavaThread "Unconstrained build operations Thread 51" [_thread_blocked, id=16592, stack(0x000000a73a000000,0x000000a73a100000)]
  0x0000024f4955c800 JavaThread "Unconstrained build operations Thread 52" [_thread_blocked, id=11164, stack(0x000000a73a100000,0x000000a73a200000)]
  0x0000024f4955a000 JavaThread "Unconstrained build operations Thread 53" [_thread_blocked, id=14388, stack(0x000000a73a200000,0x000000a73a300000)]
  0x0000024f49557800 JavaThread "Unconstrained build operations Thread 54" [_thread_blocked, id=4872, stack(0x000000a73a300000,0x000000a73a400000)]
  0x0000024f49558800 JavaThread "Unconstrained build operations Thread 55" [_thread_blocked, id=15668, stack(0x000000a73a400000,0x000000a73a500000)]
  0x0000024f4955b000 JavaThread "Unconstrained build operations Thread 56" [_thread_blocked, id=2740, stack(0x000000a73a500000,0x000000a73a600000)]
  0x0000024f49557000 JavaThread "Unconstrained build operations Thread 57" [_thread_blocked, id=15344, stack(0x000000a73a600000,0x000000a73a700000)]
  0x0000024f4955e000 JavaThread "Unconstrained build operations Thread 58" [_thread_blocked, id=16784, stack(0x000000a73a700000,0x000000a73a800000)]
  0x0000024f4955f000 JavaThread "Unconstrained build operations Thread 59" [_thread_blocked, id=5316, stack(0x000000a73a800000,0x000000a73a900000)]
  0x0000024f4955d800 JavaThread "Unconstrained build operations Thread 60" [_thread_blocked, id=8516, stack(0x000000a73a900000,0x000000a73aa00000)]
  0x0000024f49564800 JavaThread "Unconstrained build operations Thread 61" [_thread_blocked, id=9536, stack(0x000000a73aa00000,0x000000a73ab00000)]
  0x0000024f49560000 JavaThread "Unconstrained build operations Thread 62" [_thread_blocked, id=5476, stack(0x000000a73ab00000,0x000000a73ac00000)]
  0x0000024f49562800 JavaThread "Unconstrained build operations Thread 63" [_thread_blocked, id=10664, stack(0x000000a73ac00000,0x000000a73ad00000)]
  0x0000024f49565800 JavaThread "Unconstrained build operations Thread 64" [_thread_blocked, id=17012, stack(0x000000a73ad00000,0x000000a73ae00000)]
  0x0000024f49563000 JavaThread "Unconstrained build operations Thread 65" [_thread_blocked, id=18208, stack(0x000000a73ae00000,0x000000a73af00000)]
  0x0000024f49560800 JavaThread "Unconstrained build operations Thread 66" [_thread_blocked, id=9140, stack(0x000000a73af00000,0x000000a73b000000)]
  0x0000024f49561800 JavaThread "Unconstrained build operations Thread 67" [_thread_blocked, id=948, stack(0x000000a73b000000,0x000000a73b100000)]
  0x0000024f49564000 JavaThread "Unconstrained build operations Thread 68" [_thread_blocked, id=14428, stack(0x000000a73b100000,0x000000a73b200000)]
  0x0000024f471c3800 JavaThread "Unconstrained build operations Thread 69" [_thread_blocked, id=14772, stack(0x000000a73b200000,0x000000a73b300000)]
  0x0000024f471c6000 JavaThread "Unconstrained build operations Thread 70" [_thread_blocked, id=16660, stack(0x000000a73b300000,0x000000a73b400000)]
  0x0000024f471c1000 JavaThread "Unconstrained build operations Thread 71" [_thread_blocked, id=8748, stack(0x000000a73b400000,0x000000a73b500000)]
  0x0000024f471c4800 JavaThread "Unconstrained build operations Thread 72" [_thread_blocked, id=10724, stack(0x000000a73b500000,0x000000a73b600000)]
  0x0000024f471c2000 JavaThread "Unconstrained build operations Thread 73" [_thread_blocked, id=6840, stack(0x000000a73b600000,0x000000a73b700000)]
  0x0000024f471c0000 JavaThread "Unconstrained build operations Thread 74" [_thread_blocked, id=10132, stack(0x000000a73b700000,0x000000a73b800000)]
  0x0000024f471c8800 JavaThread "Unconstrained build operations Thread 75" [_thread_blocked, id=14328, stack(0x000000a73b800000,0x000000a73b900000)]
  0x0000024f471c7800 JavaThread "Unconstrained build operations Thread 76" [_thread_blocked, id=2792, stack(0x000000a73b900000,0x000000a73ba00000)]
  0x0000024f471c6800 JavaThread "Unconstrained build operations Thread 77" [_thread_blocked, id=14796, stack(0x000000a73ba00000,0x000000a73bb00000)]
  0x0000024f471c2800 JavaThread "Unconstrained build operations Thread 78" [_thread_blocked, id=17948, stack(0x000000a73bb00000,0x000000a73bc00000)]
  0x0000024f471c9000 JavaThread "Unconstrained build operations Thread 79" [_thread_blocked, id=18376, stack(0x000000a73bc00000,0x000000a73bd00000)]
  0x0000024f471ca000 JavaThread "Unconstrained build operations Thread 80" [_thread_blocked, id=13280, stack(0x000000a73bd00000,0x000000a73be00000)]
  0x0000024f471cb000 JavaThread "build event listener" [_thread_blocked, id=8100, stack(0x000000a735d00000,0x000000a735e00000)]
  0x0000024f471c5000 JavaThread "pool-3-thread-1" [_thread_blocked, id=16220, stack(0x000000a738000000,0x000000a738100000)]
  0x0000024f471cb800 JavaThread "build event listener" [_thread_blocked, id=6116, stack(0x000000a73be00000,0x000000a73bf00000)]
  0x0000024f471cc800 JavaThread "included builds Thread 2" [_thread_blocked, id=2808, stack(0x000000a73bf00000,0x000000a73c000000)]
  0x0000024f471ce000 JavaThread "Cache worker for execution history cache (C:\Users\BUTA\OneDrive\Desktop\isMobileApp\AwesomeProject\android\.gradle\7.5\executionHistory)" [_thread_blocked, id=19352, stack(0x000000a73c000000,0x000000a73c100000)]

Other Threads:
=>0x0000024f44a6c800 VMThread "VM Thread" [stack: 0x000000a733000000,0x000000a733100000] [id=14400]
  0x0000024f454a8000 WatcherThread [stack: 0x000000a733a00000,0x000000a733b00000] [id=13532]
  0x0000024f20c4d000 GCTaskThread "GC Thread#0" [stack: 0x000000a732b00000,0x000000a732c00000] [id=6884]
  0x0000024f462e8000 GCTaskThread "GC Thread#1" [stack: 0x000000a733b00000,0x000000a733c00000] [id=18296]
  0x0000024f45948000 GCTaskThread "GC Thread#2" [stack: 0x000000a734600000,0x000000a734700000] [id=7744]
  0x0000024f46aee800 GCTaskThread "GC Thread#3" [stack: 0x000000a734700000,0x000000a734800000] [id=3228]
  0x0000024f46aef000 GCTaskThread "GC Thread#4" [stack: 0x000000a734800000,0x000000a734900000] [id=18340]
  0x0000024f464fd800 GCTaskThread "GC Thread#5" [stack: 0x000000a734900000,0x000000a734a00000] [id=2492]
  0x0000024f464fe000 GCTaskThread "GC Thread#6" [stack: 0x000000a734a00000,0x000000a734b00000] [id=18220]
  0x0000024f46cd5000 GCTaskThread "GC Thread#7" [stack: 0x000000a734b00000,0x000000a734c00000] [id=400]
  0x0000024f20cab800 ConcurrentGCThread "G1 Main Marker" [stack: 0x000000a732c00000,0x000000a732d00000] [id=13656]
  0x0000024f20cac800 ConcurrentGCThread "G1 Conc#0" [stack: 0x000000a732d00000,0x000000a732e00000] [id=8896]
  0x0000024f4744e000 ConcurrentGCThread "G1 Conc#1" [stack: 0x000000a735100000,0x000000a735200000] [id=17808]
  0x0000024f20cfd800 ConcurrentGCThread "G1 Refine#0" [stack: 0x000000a732e00000,0x000000a732f00000] [id=16224]
  0x0000024f46dec800 ConcurrentGCThread "G1 Refine#1" [stack: 0x000000a734c00000,0x000000a734d00000] [id=7868]
  0x0000024f20cfe000 ConcurrentGCThread "G1 Young RemSet Sampling" [stack: 0x000000a732f00000,0x000000a733000000] [id=14464]

Threads with active compile tasks:
C2 CompilerThread0   195472 14612       4       java.lang.Class::getGenericSuperclass (28 bytes)
C1 CompilerThread0   195473 14646       3       org.gradle.api.internal.file.copy.DefaultCopySpec$DefaultCopySpecAddress::unroll (56 bytes)

VM state:at safepoint (normal execution)

VM Mutex/Monitor currently owned by a thread:  ([mutex/lock_event])
[0x0000024f20c2fbb0] Threads_lock - owner thread: 0x0000024f44a6c800
[0x0000024f20c2f7c0] Heap_lock - owner thread: 0x0000024f471cc800

Heap address: 0x0000000700000000, size: 4096 MB, Compressed Oops mode: Zero based, Oop shift amount: 3
Narrow klass base: 0x0000000800000000, Narrow klass shift: 0
Compressed class space size: 1073741824 Address: 0x0000000800000000

Heap:
 garbage-first heap   total 313344K, used 218172K [0x0000000700000000, 0x0000000800000000)
  region size 1024K, 2 young (2048K), 2 survivors (2048K)
 Metaspace       used 114476K, capacity 120264K, committed 120328K, reserved 1153024K
  class space    used 14979K, capacity 17141K, committed 17152K, reserved 1048576K
Heap Regions: E=young(eden), S=young(survivor), O=old, HS=humongous(starts), HC=humongous(continues), CS=collection set, F=free, A=archive, TAMS=top-at-mark-start (previous, next)
|   0|0x0000000700000000, 0x0000000700100000, 0x0000000700100000|100%| O|  |TAMS 0x0000000700100000, 0x0000000700000000| Untracked 
|   1|0x0000000700100000, 0x0000000700200000, 0x0000000700200000|100%| O|  |TAMS 0x0000000700200000, 0x0000000700100000| Untracked 
|   2|0x0000000700200000, 0x0000000700300000, 0x0000000700300000|100%| O|  |TAMS 0x0000000700300000, 0x0000000700200000| Untracked 
|   3|0x0000000700300000, 0x0000000700400000, 0x0000000700400000|100%|HS|  |TAMS 0x0000000700400000, 0x0000000700300000| Complete 
|   4|0x0000000700400000, 0x0000000700500000, 0x0000000700500000|100%|HC|  |TAMS 0x0000000700500000, 0x0000000700400000| Complete 
|   5|0x0000000700500000, 0x0000000700600000, 0x0000000700600000|100%|HC|  |TAMS 0x0000000700600000, 0x0000000700500000| Complete 
|   6|0x0000000700600000, 0x0000000700700000, 0x0000000700700000|100%| O|  |TAMS 0x0000000700700000, 0x0000000700600000| Untracked 
|   7|0x0000000700700000, 0x0000000700800000, 0x0000000700800000|100%| O|  |TAMS 0x0000000700800000, 0x0000000700700000| Untracked 
|   8|0x0000000700800000, 0x0000000700900000, 0x0000000700900000|100%| O|  |TAMS 0x0000000700900000, 0x0000000700800000| Untracked 
|   9|0x0000000700900000, 0x0000000700a00000, 0x0000000700a00000|100%| O|  |TAMS 0x0000000700a00000, 0x0000000700900000| Untracked 
|  10|0x0000000700a00000, 0x0000000700b00000, 0x0000000700b00000|100%| O|  |TAMS 0x0000000700b00000, 0x0000000700a00000| Untracked 
|  11|0x0000000700b00000, 0x0000000700c00000, 0x0000000700c00000|100%| O|  |TAMS 0x0000000700c00000, 0x0000000700b00000| Untracked 
|  12|0x0000000700c00000, 0x0000000700d00000, 0x0000000700d00000|100%| O|  |TAMS 0x0000000700d00000, 0x0000000700c00000| Untracked 
|  13|0x0000000700d00000, 0x0000000700e00000, 0x0000000700e00000|100%| O|  |TAMS 0x0000000700e00000, 0x0000000700d00000| Untracked 
|  14|0x0000000700e00000, 0x0000000700f00000, 0x0000000700f00000|100%| O|  |TAMS 0x0000000700f00000, 0x0000000700e00000| Untracked 
|  15|0x0000000700f00000, 0x0000000701000000, 0x0000000701000000|100%| O|  |TAMS 0x0000000701000000, 0x0000000700f00000| Untracked 
|  16|0x0000000701000000, 0x0000000701100000, 0x0000000701100000|100%| O|  |TAMS 0x0000000701100000, 0x0000000701000000| Untracked 
|  17|0x0000000701100000, 0x0000000701200000, 0x0000000701200000|100%| O|  |TAMS 0x0000000701200000, 0x0000000701100000| Untracked 
|  18|0x0000000701200000, 0x0000000701300000, 0x0000000701300000|100%| O|  |TAMS 0x0000000701300000, 0x0000000701200000| Untracked 
|  19|0x0000000701300000, 0x0000000701400000, 0x0000000701400000|100%| O|  |TAMS 0x0000000701400000, 0x0000000701300000| Untracked 
|  20|0x0000000701400000, 0x0000000701500000, 0x0000000701500000|100%| O|  |TAMS 0x0000000701500000, 0x0000000701400000| Untracked 
|  21|0x0000000701500000, 0x0000000701600000, 0x0000000701600000|100%| O|  |TAMS 0x0000000701600000, 0x0000000701500000| Untracked 
|  22|0x0000000701600000, 0x0000000701700000, 0x0000000701700000|100%| O|  |TAMS 0x0000000701700000, 0x0000000701600000| Untracked 
|  23|0x0000000701700000, 0x0000000701800000, 0x0000000701800000|100%| O|  |TAMS 0x0000000701800000, 0x0000000701700000| Untracked 
|  24|0x0000000701800000, 0x0000000701900000, 0x0000000701900000|100%| O|  |TAMS 0x0000000701900000, 0x0000000701800000| Untracked 
|  25|0x0000000701900000, 0x0000000701a00000, 0x0000000701a00000|100%| O|  |TAMS 0x0000000701a00000, 0x0000000701900000| Untracked 
|  26|0x0000000701a00000, 0x0000000701b00000, 0x0000000701b00000|100%| O|  |TAMS 0x0000000701b00000, 0x0000000701a00000| Untracked 
|  27|0x0000000701b00000, 0x0000000701c00000, 0x0000000701c00000|100%| O|  |TAMS 0x0000000701c00000, 0x0000000701b00000| Untracked 
|  28|0x0000000701c00000, 0x0000000701d00000, 0x0000000701d00000|100%| O|  |TAMS 0x0000000701d00000, 0x0000000701c00000| Untracked 
|  29|0x0000000701d00000, 0x0000000701e00000, 0x0000000701e00000|100%|HS|  |TAMS 0x0000000701e00000, 0x0000000701d00000| Complete 
|  30|0x0000000701e00000, 0x0000000701f00000, 0x0000000701f00000|100%|HC|  |TAMS 0x0000000701f00000, 0x0000000701e00000| Complete 
|  31|0x0000000701f00000, 0x0000000702000000, 0x0000000702000000|100%|HS|  |TAMS 0x0000000702000000, 0x0000000701f00000| Complete 
|  32|0x0000000702000000, 0x0000000702100000, 0x0000000702100000|100%|HC|  |TAMS 0x0000000702100000, 0x0000000702000000| Complete 
|  33|0x0000000702100000, 0x0000000702200000, 0x0000000702200000|100%|HC|  |TAMS 0x0000000702200000, 0x0000000702100000| Complete 
|  34|0x0000000702200000, 0x0000000702300000, 0x0000000702300000|100%|HC|  |TAMS 0x0000000702300000, 0x0000000702200000| Complete 
|  35|0x0000000702300000, 0x0000000702400000, 0x0000000702400000|100%| O|  |TAMS 0x0000000702400000, 0x0000000702300000| Untracked 
|  36|0x0000000702400000, 0x0000000702500000, 0x0000000702500000|100%| O|  |TAMS 0x0000000702500000, 0x0000000702400000| Untracked 
|  37|0x0000000702500000, 0x0000000702600000, 0x0000000702600000|100%| O|  |TAMS 0x0000000702600000, 0x0000000702500000| Untracked 
|  38|0x0000000702600000, 0x0000000702700000, 0x0000000702700000|100%| O|  |TAMS 0x0000000702700000, 0x0000000702600000| Untracked 
|  39|0x0000000702700000, 0x0000000702800000, 0x0000000702800000|100%| O|  |TAMS 0x0000000702800000, 0x0000000702700000| Untracked 
|  40|0x0000000702800000, 0x0000000702900000, 0x0000000702900000|100%| O|  |TAMS 0x0000000702900000, 0x0000000702800000| Untracked 
|  41|0x0000000702900000, 0x0000000702a00000, 0x0000000702a00000|100%| O|  |TAMS 0x0000000702a00000, 0x0000000702900000| Untracked 
|  42|0x0000000702a00000, 0x0000000702b00000, 0x0000000702b00000|100%| O|  |TAMS 0x0000000702b00000, 0x0000000702a00000| Untracked 
|  43|0x0000000702b00000, 0x0000000702c00000, 0x0000000702c00000|100%| O|  |TAMS 0x0000000702c00000, 0x0000000702b00000| Untracked 
|  44|0x0000000702c00000, 0x0000000702d00000, 0x0000000702d00000|100%| O|  |TAMS 0x0000000702d00000, 0x0000000702c00000| Untracked 
|  45|0x0000000702d00000, 0x0000000702e00000, 0x0000000702e00000|100%| O|  |TAMS 0x0000000702e00000, 0x0000000702d00000| Untracked 
|  46|0x0000000702e00000, 0x0000000702f00000, 0x0000000702f00000|100%| O|  |TAMS 0x0000000702f00000, 0x0000000702e00000| Untracked 
|  47|0x0000000702f00000, 0x0000000703000000, 0x0000000703000000|100%|HS|  |TAMS 0x0000000703000000, 0x0000000702f00000| Complete 
|  48|0x0000000703000000, 0x0000000703100000, 0x0000000703100000|100%|HS|  |TAMS 0x0000000703100000, 0x0000000703000000| Complete 
|  49|0x0000000703100000, 0x0000000703200000, 0x0000000703200000|100%| O|  |TAMS 0x0000000703200000, 0x0000000703100000| Untracked 
|  50|0x0000000703200000, 0x0000000703300000, 0x0000000703300000|100%| O|  |TAMS 0x0000000703300000, 0x0000000703200000| Untracked 
|  51|0x0000000703300000, 0x0000000703400000, 0x0000000703400000|100%| O|  |TAMS 0x0000000703400000, 0x0000000703300000| Untracked 
|  52|0x0000000703400000, 0x0000000703500000, 0x0000000703500000|100%| O|  |TAMS 0x0000000703500000, 0x0000000703400000| Untracked 
|  53|0x0000000703500000, 0x0000000703600000, 0x0000000703600000|100%| O|  |TAMS 0x0000000703600000, 0x0000000703500000| Untracked 
|  54|0x0000000703600000, 0x0000000703700000, 0x0000000703700000|100%| O|  |TAMS 0x0000000703700000, 0x0000000703600000| Untracked 
|  55|0x0000000703700000, 0x0000000703800000, 0x0000000703800000|100%| O|  |TAMS 0x0000000703800000, 0x0000000703700000| Untracked 
|  56|0x0000000703800000, 0x0000000703900000, 0x0000000703900000|100%| O|  |TAMS 0x0000000703900000, 0x0000000703800000| Untracked 
|  57|0x0000000703900000, 0x0000000703a00000, 0x0000000703a00000|100%| O|  |TAMS 0x0000000703a00000, 0x0000000703900000| Untracked 
|  58|0x0000000703a00000, 0x0000000703b00000, 0x0000000703b00000|100%| O|  |TAMS 0x0000000703b00000, 0x0000000703a00000| Untracked 
|  59|0x0000000703b00000, 0x0000000703c00000, 0x0000000703c00000|100%| O|  |TAMS 0x0000000703c00000, 0x0000000703b00000| Untracked 
|  60|0x0000000703c00000, 0x0000000703d00000, 0x0000000703d00000|100%| O|  |TAMS 0x0000000703d00000, 0x0000000703c00000| Untracked 
|  61|0x0000000703d00000, 0x0000000703e00000, 0x0000000703e00000|100%| O|  |TAMS 0x0000000703e00000, 0x0000000703d00000| Untracked 
|  62|0x0000000703e00000, 0x0000000703f00000, 0x0000000703f00000|100%| O|  |TAMS 0x0000000703f00000, 0x0000000703e00000| Untracked 
|  63|0x0000000703f00000, 0x0000000704000000, 0x0000000704000000|100%| O|  |TAMS 0x0000000704000000, 0x0000000703f00000| Untracked 
|  64|0x0000000704000000, 0x0000000704100000, 0x0000000704100000|100%| O|  |TAMS 0x0000000704100000, 0x0000000704000000| Untracked 
|  65|0x0000000704100000, 0x0000000704200000, 0x0000000704200000|100%| O|  |TAMS 0x0000000704200000, 0x0000000704100000| Untracked 
|  66|0x0000000704200000, 0x0000000704300000, 0x0000000704300000|100%| O|  |TAMS 0x0000000704300000, 0x0000000704200000| Untracked 
|  67|0x0000000704300000, 0x0000000704400000, 0x0000000704400000|100%| O|  |TAMS 0x0000000704400000, 0x0000000704300000| Untracked 
|  68|0x0000000704400000, 0x0000000704500000, 0x0000000704500000|100%| O|  |TAMS 0x0000000704500000, 0x0000000704400000| Untracked 
|  69|0x0000000704500000, 0x0000000704600000, 0x0000000704600000|100%| O|  |TAMS 0x0000000704600000, 0x0000000704500000| Untracked 
|  70|0x0000000704600000, 0x0000000704700000, 0x0000000704700000|100%| O|  |TAMS 0x0000000704700000, 0x0000000704600000| Untracked 
|  71|0x0000000704700000, 0x0000000704800000, 0x0000000704800000|100%| O|  |TAMS 0x0000000704800000, 0x0000000704700000| Untracked 
|  72|0x0000000704800000, 0x0000000704900000, 0x0000000704900000|100%| O|  |TAMS 0x0000000704900000, 0x0000000704800000| Untracked 
|  73|0x0000000704900000, 0x0000000704a00000, 0x0000000704a00000|100%| O|  |TAMS 0x0000000704a00000, 0x0000000704900000| Untracked 
|  74|0x0000000704a00000, 0x0000000704b00000, 0x0000000704b00000|100%| O|  |TAMS 0x0000000704b00000, 0x0000000704a00000| Untracked 
|  75|0x0000000704b00000, 0x0000000704c00000, 0x0000000704c00000|100%| O|  |TAMS 0x0000000704c00000, 0x0000000704b00000| Untracked 
|  76|0x0000000704c00000, 0x0000000704d00000, 0x0000000704d00000|100%| O|  |TAMS 0x0000000704d00000, 0x0000000704c00000| Untracked 
|  77|0x0000000704d00000, 0x0000000704e00000, 0x0000000704e00000|100%| O|  |TAMS 0x0000000704e00000, 0x0000000704d00000| Untracked 
|  78|0x0000000704e00000, 0x0000000704f00000, 0x0000000704f00000|100%| O|  |TAMS 0x0000000704f00000, 0x0000000704e00000| Untracked 
|  79|0x0000000704f00000, 0x0000000705000000, 0x0000000705000000|100%| O|  |TAMS 0x0000000705000000, 0x0000000704f00000| Untracked 
|  80|0x0000000705000000, 0x0000000705100000, 0x0000000705100000|100%| O|  |TAMS 0x0000000705100000, 0x0000000705000000| Untracked 
|  81|0x0000000705100000, 0x0000000705200000, 0x0000000705200000|100%| O|  |TAMS 0x0000000705200000, 0x0000000705100000| Untracked 
|  82|0x0000000705200000, 0x0000000705300000, 0x0000000705300000|100%| O|  |TAMS 0x0000000705300000, 0x0000000705200000| Untracked 
|  83|0x0000000705300000, 0x0000000705400000, 0x0000000705400000|100%| O|  |TAMS 0x0000000705400000, 0x0000000705300000| Untracked 
|  84|0x0000000705400000, 0x0000000705500000, 0x0000000705500000|100%| O|  |TAMS 0x0000000705500000, 0x0000000705400000| Untracked 
|  85|0x0000000705500000, 0x0000000705600000, 0x0000000705600000|100%| O|  |TAMS 0x0000000705600000, 0x0000000705500000| Untracked 
|  86|0x0000000705600000, 0x0000000705700000, 0x0000000705700000|100%| O|  |TAMS 0x0000000705700000, 0x0000000705600000| Untracked 
|  87|0x0000000705700000, 0x0000000705800000, 0x0000000705800000|100%| O|  |TAMS 0x0000000705800000, 0x0000000705700000| Untracked 
|  88|0x0000000705800000, 0x0000000705900000, 0x0000000705900000|100%| O|  |TAMS 0x0000000705900000, 0x0000000705800000| Untracked 
|  89|0x0000000705900000, 0x0000000705a00000, 0x0000000705a00000|100%| O|  |TAMS 0x0000000705a00000, 0x0000000705900000| Untracked 
|  90|0x0000000705a00000, 0x0000000705b00000, 0x0000000705b00000|100%|HS|  |TAMS 0x0000000705b00000, 0x0000000705a00000| Complete 
|  91|0x0000000705b00000, 0x0000000705c00000, 0x0000000705c00000|100%|HC|  |TAMS 0x0000000705c00000, 0x0000000705b00000| Complete 
|  92|0x0000000705c00000, 0x0000000705d00000, 0x0000000705d00000|100%|HS|  |TAMS 0x0000000705d00000, 0x0000000705c00000| Complete 
|  93|0x0000000705d00000, 0x0000000705e00000, 0x0000000705e00000|100%|HC|  |TAMS 0x0000000705e00000, 0x0000000705d00000| Complete 
|  94|0x0000000705e00000, 0x0000000705f00000, 0x0000000705f00000|100%|HC|  |TAMS 0x0000000705f00000, 0x0000000705e00000| Complete 
|  95|0x0000000705f00000, 0x0000000706000000, 0x0000000706000000|100%|HC|  |TAMS 0x0000000706000000, 0x0000000705f00000| Complete 
|  96|0x0000000706000000, 0x0000000706100000, 0x0000000706100000|100%| O|  |TAMS 0x0000000706100000, 0x0000000706000000| Untracked 
|  97|0x0000000706100000, 0x0000000706200000, 0x0000000706200000|100%| O|  |TAMS 0x0000000706200000, 0x0000000706100000| Untracked 
|  98|0x0000000706200000, 0x0000000706300000, 0x0000000706300000|100%| O|  |TAMS 0x0000000706300000, 0x0000000706200000| Untracked 
|  99|0x0000000706300000, 0x0000000706400000, 0x0000000706400000|100%| O|  |TAMS 0x0000000706400000, 0x0000000706300000| Untracked 
| 100|0x0000000706400000, 0x0000000706500000, 0x0000000706500000|100%| O|  |TAMS 0x0000000706500000, 0x0000000706400000| Untracked 
| 101|0x0000000706500000, 0x0000000706600000, 0x0000000706600000|100%| O|  |TAMS 0x0000000706600000, 0x0000000706500000| Untracked 
| 102|0x0000000706600000, 0x0000000706700000, 0x0000000706700000|100%|HS|  |TAMS 0x0000000706700000, 0x0000000706600000| Complete 
| 103|0x0000000706700000, 0x0000000706800000, 0x0000000706800000|100%|HC|  |TAMS 0x0000000706800000, 0x0000000706700000| Complete 
| 104|0x0000000706800000, 0x0000000706900000, 0x0000000706900000|100%|HC|  |TAMS 0x0000000706900000, 0x0000000706800000| Complete 
| 105|0x0000000706900000, 0x0000000706a00000, 0x0000000706a00000|100%|HS|  |TAMS 0x0000000706a00000, 0x0000000706900000| Complete 
| 106|0x0000000706a00000, 0x0000000706b00000, 0x0000000706b00000|100%|HC|  |TAMS 0x0000000706b00000, 0x0000000706a00000| Complete 
| 107|0x0000000706b00000, 0x0000000706c00000, 0x0000000706c00000|100%| O|  |TAMS 0x0000000706c00000, 0x0000000706b00000| Untracked 
| 108|0x0000000706c00000, 0x0000000706d00000, 0x0000000706d00000|100%| O|  |TAMS 0x0000000706d00000, 0x0000000706c00000| Untracked 
| 109|0x0000000706d00000, 0x0000000706e00000, 0x0000000706e00000|100%| O|  |TAMS 0x0000000706e00000, 0x0000000706d00000| Untracked 
| 110|0x0000000706e00000, 0x0000000706f00000, 0x0000000706f00000|100%| O|  |TAMS 0x0000000706f00000, 0x0000000706e00000| Untracked 
| 111|0x0000000706f00000, 0x0000000707000000, 0x0000000707000000|100%| O|  |TAMS 0x0000000707000000, 0x0000000706f00000| Untracked 
| 112|0x0000000707000000, 0x0000000707100000, 0x0000000707100000|100%| O|  |TAMS 0x0000000707100000, 0x0000000707000000| Untracked 
| 113|0x0000000707100000, 0x0000000707200000, 0x0000000707200000|100%| O|  |TAMS 0x0000000707200000, 0x0000000707100000| Untracked 
| 114|0x0000000707200000, 0x0000000707300000, 0x0000000707300000|100%| O|  |TAMS 0x0000000707300000, 0x0000000707200000| Untracked 
| 115|0x0000000707300000, 0x0000000707400000, 0x0000000707400000|100%| O|  |TAMS 0x0000000707400000, 0x0000000707300000| Untracked 
| 116|0x0000000707400000, 0x0000000707500000, 0x0000000707500000|100%| O|  |TAMS 0x0000000707500000, 0x0000000707400000| Untracked 
| 117|0x0000000707500000, 0x0000000707600000, 0x0000000707600000|100%|HS|  |TAMS 0x0000000707600000, 0x0000000707500000| Complete 
| 118|0x0000000707600000, 0x0000000707700000, 0x0000000707700000|100%| O|  |TAMS 0x0000000707700000, 0x0000000707600000| Untracked 
| 119|0x0000000707700000, 0x0000000707800000, 0x0000000707800000|100%|HS|  |TAMS 0x0000000707800000, 0x0000000707700000| Complete 
| 120|0x0000000707800000, 0x0000000707900000, 0x0000000707900000|100%|HS|  |TAMS 0x0000000707900000, 0x0000000707800000| Complete 
| 121|0x0000000707900000, 0x0000000707a00000, 0x0000000707a00000|100%|HS|  |TAMS 0x0000000707a00000, 0x0000000707900000| Complete 
| 122|0x0000000707a00000, 0x0000000707b00000, 0x0000000707b00000|100%| O|  |TAMS 0x0000000707b00000, 0x0000000707a00000| Untracked 
| 123|0x0000000707b00000, 0x0000000707c00000, 0x0000000707c00000|100%| O|  |TAMS 0x0000000707c00000, 0x0000000707b00000| Untracked 
| 124|0x0000000707c00000, 0x0000000707d00000, 0x0000000707d00000|100%| O|  |TAMS 0x0000000707d00000, 0x0000000707c00000| Untracked 
| 125|0x0000000707d00000, 0x0000000707e00000, 0x0000000707e00000|100%| O|  |TAMS 0x0000000707e00000, 0x0000000707d00000| Untracked 
| 126|0x0000000707e00000, 0x0000000707f00000, 0x0000000707f00000|100%| O|  |TAMS 0x0000000707f00000, 0x0000000707e00000| Untracked 
| 127|0x0000000707f00000, 0x0000000708000000, 0x0000000708000000|100%| O|  |TAMS 0x0000000708000000, 0x0000000707f00000| Untracked 
| 128|0x0000000708000000, 0x0000000708100000, 0x0000000708100000|100%| O|  |TAMS 0x0000000708100000, 0x0000000708000000| Untracked 
| 129|0x0000000708100000, 0x0000000708200000, 0x0000000708200000|100%|HS|  |TAMS 0x0000000708200000, 0x0000000708100000| Complete 
| 130|0x0000000708200000, 0x0000000708300000, 0x0000000708300000|100%|HC|  |TAMS 0x0000000708300000, 0x0000000708200000| Complete 
| 131|0x0000000708300000, 0x0000000708400000, 0x0000000708400000|100%|HS|  |TAMS 0x0000000708400000, 0x0000000708300000| Complete 
| 132|0x0000000708400000, 0x0000000708500000, 0x0000000708500000|100%| O|  |TAMS 0x0000000708500000, 0x0000000708400000| Untracked 
| 133|0x0000000708500000, 0x0000000708600000, 0x0000000708600000|100%|HS|  |TAMS 0x0000000708600000, 0x0000000708500000| Complete 
| 134|0x0000000708600000, 0x0000000708700000, 0x0000000708700000|100%| O|  |TAMS 0x0000000708700000, 0x0000000708600000| Untracked 
| 135|0x0000000708700000, 0x0000000708800000, 0x0000000708800000|100%| O|  |TAMS 0x0000000708800000, 0x0000000708700000| Untracked 
| 136|0x0000000708800000, 0x0000000708900000, 0x0000000708900000|100%| O|  |TAMS 0x0000000708900000, 0x0000000708800000| Untracked 
| 137|0x0000000708900000, 0x0000000708a00000, 0x0000000708a00000|100%|HS|  |TAMS 0x0000000708a00000, 0x0000000708900000| Complete 
| 138|0x0000000708a00000, 0x0000000708b00000, 0x0000000708b00000|100%|HC|  |TAMS 0x0000000708b00000, 0x0000000708a00000| Complete 
| 139|0x0000000708b00000, 0x0000000708c00000, 0x0000000708c00000|100%|HC|  |TAMS 0x0000000708c00000, 0x0000000708b00000| Complete 
| 140|0x0000000708c00000, 0x0000000708d00000, 0x0000000708d00000|100%|HS|  |TAMS 0x0000000708d00000, 0x0000000708c00000| Complete 
| 141|0x0000000708d00000, 0x0000000708e00000, 0x0000000708e00000|100%|HC|  |TAMS 0x0000000708e00000, 0x0000000708d00000| Complete 
| 142|0x0000000708e00000, 0x0000000708f00000, 0x0000000708f00000|100%| O|  |TAMS 0x0000000708f00000, 0x0000000708e00000| Untracked 
| 143|0x0000000708f00000, 0x0000000709000000, 0x0000000709000000|100%|HS|  |TAMS 0x0000000709000000, 0x0000000708f00000| Complete 
| 144|0x0000000709000000, 0x0000000709100000, 0x0000000709100000|100%| O|  |TAMS 0x0000000709100000, 0x0000000709000000| Untracked 
| 145|0x0000000709100000, 0x0000000709200000, 0x0000000709200000|100%| O|  |TAMS 0x0000000709200000, 0x0000000709100000| Untracked 
| 146|0x0000000709200000, 0x0000000709300000, 0x0000000709300000|100%| O|  |TAMS 0x0000000709300000, 0x0000000709200000| Untracked 
| 147|0x0000000709300000, 0x0000000709400000, 0x0000000709400000|100%| O|  |TAMS 0x0000000709400000, 0x0000000709300000| Untracked 
| 148|0x0000000709400000, 0x0000000709500000, 0x0000000709500000|100%| O|  |TAMS 0x0000000709500000, 0x0000000709400000| Untracked 
| 149|0x0000000709500000, 0x0000000709600000, 0x0000000709600000|100%| O|  |TAMS 0x0000000709600000, 0x0000000709500000| Untracked 
| 150|0x0000000709600000, 0x0000000709700000, 0x0000000709700000|100%| O|  |TAMS 0x0000000709700000, 0x0000000709600000| Untracked 
| 151|0x0000000709700000, 0x0000000709800000, 0x0000000709800000|100%| O|  |TAMS 0x0000000709800000, 0x0000000709700000| Untracked 
| 152|0x0000000709800000, 0x0000000709900000, 0x0000000709900000|100%| O|  |TAMS 0x0000000709900000, 0x0000000709800000| Untracked 
| 153|0x0000000709900000, 0x0000000709a00000, 0x0000000709a00000|100%| O|  |TAMS 0x0000000709a00000, 0x0000000709900000| Untracked 
| 154|0x0000000709a00000, 0x0000000709b00000, 0x0000000709b00000|100%| O|  |TAMS 0x0000000709b00000, 0x0000000709a00000| Untracked 
| 155|0x0000000709b00000, 0x0000000709c00000, 0x0000000709c00000|100%| O|  |TAMS 0x0000000709c00000, 0x0000000709b00000| Untracked 
| 156|0x0000000709c00000, 0x0000000709d00000, 0x0000000709d00000|100%| O|  |TAMS 0x0000000709d00000, 0x0000000709c00000| Untracked 
| 157|0x0000000709d00000, 0x0000000709e00000, 0x0000000709e00000|100%| O|  |TAMS 0x0000000709e00000, 0x0000000709d00000| Untracked 
| 158|0x0000000709e00000, 0x0000000709f00000, 0x0000000709f00000|100%| O|  |TAMS 0x0000000709f00000, 0x0000000709e00000| Untracked 
| 159|0x0000000709f00000, 0x000000070a000000, 0x000000070a000000|100%| O|  |TAMS 0x000000070a000000, 0x0000000709f00000| Untracked 
| 160|0x000000070a000000, 0x000000070a100000, 0x000000070a100000|100%| O|  |TAMS 0x000000070a100000, 0x000000070a000000| Untracked 
| 161|0x000000070a100000, 0x000000070a200000, 0x000000070a200000|100%| O|  |TAMS 0x000000070a200000, 0x000000070a100000| Untracked 
| 162|0x000000070a200000, 0x000000070a300000, 0x000000070a300000|100%| O|  |TAMS 0x000000070a300000, 0x000000070a200000| Untracked 
| 163|0x000000070a300000, 0x000000070a400000, 0x000000070a400000|100%|HS|  |TAMS 0x000000070a400000, 0x000000070a300000| Complete 
| 164|0x000000070a400000, 0x000000070a500000, 0x000000070a500000|100%|HS|  |TAMS 0x000000070a500000, 0x000000070a400000| Complete 
| 165|0x000000070a500000, 0x000000070a600000, 0x000000070a600000|100%|HC|  |TAMS 0x000000070a600000, 0x000000070a500000| Complete 
| 166|0x000000070a600000, 0x000000070a700000, 0x000000070a700000|100%|HC|  |TAMS 0x000000070a700000, 0x000000070a600000| Complete 
| 167|0x000000070a700000, 0x000000070a800000, 0x000000070a800000|100%| O|  |TAMS 0x000000070a800000, 0x000000070a700000| Untracked 
| 168|0x000000070a800000, 0x000000070a900000, 0x000000070a900000|100%| O|  |TAMS 0x000000070a900000, 0x000000070a800000| Untracked 
| 169|0x000000070a900000, 0x000000070aa00000, 0x000000070aa00000|100%| O|  |TAMS 0x000000070aa00000, 0x000000070a900000| Untracked 
| 170|0x000000070aa00000, 0x000000070ab00000, 0x000000070ab00000|100%| O|  |TAMS 0x000000070ab00000, 0x000000070aa00000| Untracked 
| 171|0x000000070ab00000, 0x000000070ac00000, 0x000000070ac00000|100%| O|  |TAMS 0x000000070ac00000, 0x000000070ab00000| Untracked 
| 172|0x000000070ac00000, 0x000000070ad00000, 0x000000070ad00000|100%| O|  |TAMS 0x000000070ad00000, 0x000000070ac00000| Untracked 
| 173|0x000000070ad00000, 0x000000070ae00000, 0x000000070ae00000|100%| O|  |TAMS 0x000000070ae00000, 0x000000070ad00000| Untracked 
| 174|0x000000070ae00000, 0x000000070af00000, 0x000000070af00000|100%| O|  |TAMS 0x000000070af00000, 0x000000070ae00000| Untracked 
| 175|0x000000070af00000, 0x000000070b000000, 0x000000070b000000|100%| O|  |TAMS 0x000000070b000000, 0x000000070af00000| Untracked 
| 176|0x000000070b000000, 0x000000070b100000, 0x000000070b100000|100%| O|  |TAMS 0x000000070b100000, 0x000000070b000000| Untracked 
| 177|0x000000070b100000, 0x000000070b200000, 0x000000070b200000|100%|HS|  |TAMS 0x000000070b200000, 0x000000070b100000| Complete 
| 178|0x000000070b200000, 0x000000070b300000, 0x000000070b300000|100%| O|  |TAMS 0x000000070b300000, 0x000000070b200000| Untracked 
| 179|0x000000070b300000, 0x000000070b400000, 0x000000070b400000|100%|HS|  |TAMS 0x000000070b400000, 0x000000070b300000| Complete 
| 180|0x000000070b400000, 0x000000070b500000, 0x000000070b500000|100%| O|  |TAMS 0x000000070b500000, 0x000000070b400000| Untracked 
| 181|0x000000070b500000, 0x000000070b600000, 0x000000070b600000|100%| O|  |TAMS 0x000000070b600000, 0x000000070b500000| Untracked 
| 182|0x000000070b600000, 0x000000070b700000, 0x000000070b700000|100%| O|  |TAMS 0x000000070b700000, 0x000000070b600000| Untracked 
| 183|0x000000070b700000, 0x000000070b800000, 0x000000070b800000|100%| O|  |TAMS 0x000000070b800000, 0x000000070b700000| Untracked 
| 184|0x000000070b800000, 0x000000070b900000, 0x000000070b900000|100%| O|  |TAMS 0x000000070b900000, 0x000000070b800000| Untracked 
| 185|0x000000070b900000, 0x000000070ba00000, 0x000000070ba00000|100%| O|  |TAMS 0x000000070ba00000, 0x000000070b900000| Untracked 
| 186|0x000000070ba00000, 0x000000070bb00000, 0x000000070bb00000|100%| O|  |TAMS 0x000000070bb00000, 0x000000070ba00000| Untracked 
| 187|0x000000070bb00000, 0x000000070bc00000, 0x000000070bc00000|100%| O|  |TAMS 0x000000070bc00000, 0x000000070bb00000| Untracked 
| 188|0x000000070bc00000, 0x000000070bd00000, 0x000000070bd00000|100%| O|  |TAMS 0x000000070bd00000, 0x000000070bc00000| Untracked 
| 189|0x000000070bd00000, 0x000000070be00000, 0x000000070be00000|100%| O|  |TAMS 0x000000070be00000, 0x000000070bd00000| Untracked 
| 190|0x000000070be00000, 0x000000070bf00000, 0x000000070bf00000|100%| O|  |TAMS 0x000000070bf00000, 0x000000070be00000| Untracked 
| 191|0x000000070bf00000, 0x000000070c000000, 0x000000070c000000|100%|HS|  |TAMS 0x000000070c000000, 0x000000070bf00000| Complete 
| 192|0x000000070c000000, 0x000000070c100000, 0x000000070c100000|100%|HC|  |TAMS 0x000000070c100000, 0x000000070c000000| Complete 
| 193|0x000000070c100000, 0x000000070c200000, 0x000000070c200000|100%|HC|  |TAMS 0x000000070c200000, 0x000000070c100000| Complete 
| 194|0x000000070c200000, 0x000000070c300000, 0x000000070c300000|100%| O|  |TAMS 0x000000070c200000, 0x000000070c200000| Untracked 
| 195|0x000000070c300000, 0x000000070c400000, 0x000000070c400000|100%| O|  |TAMS 0x000000070c300000, 0x000000070c300000| Untracked 
| 196|0x000000070c400000, 0x000000070c500000, 0x000000070c500000|100%| O|  |TAMS 0x000000070c400000, 0x000000070c400000| Untracked 
| 197|0x000000070c500000, 0x000000070c600000, 0x000000070c600000|100%| O|  |TAMS 0x000000070c600000, 0x000000070c500000| Untracked 
| 198|0x000000070c600000, 0x000000070c700000, 0x000000070c700000|100%| O|  |TAMS 0x000000070c600000, 0x000000070c600000| Untracked 
| 199|0x000000070c700000, 0x000000070c800000, 0x000000070c800000|100%| O|  |TAMS 0x000000070c800000, 0x000000070c700000| Untracked 
| 200|0x000000070c800000, 0x000000070c900000, 0x000000070c900000|100%| O|  |TAMS 0x000000070c800000, 0x000000070c800000| Untracked 
| 201|0x000000070c900000, 0x000000070ca00000, 0x000000070ca00000|100%| O|  |TAMS 0x000000070ca00000, 0x000000070c900000| Untracked 
| 202|0x000000070ca00000, 0x000000070cb00000, 0x000000070cb00000|100%| O|  |TAMS 0x000000070ca00000, 0x000000070ca00000| Untracked 
| 203|0x000000070cb00000, 0x000000070cc00000, 0x000000070cc00000|100%| O|  |TAMS 0x000000070cb00000, 0x000000070cb00000| Untracked 
| 204|0x000000070cc00000, 0x000000070cd00000, 0x000000070cd00000|100%| O|  |TAMS 0x000000070cc00000, 0x000000070cc00000| Untracked 
| 205|0x000000070cd00000, 0x000000070ce00000, 0x000000070ce00000|100%| O|  |TAMS 0x000000070cd00000, 0x000000070cd00000| Untracked 
| 206|0x000000070ce00000, 0x000000070cf00000, 0x000000070cf00000|100%| O|  |TAMS 0x000000070cf00000, 0x000000070ce00000| Untracked 
| 207|0x000000070cf00000, 0x000000070d000000, 0x000000070d000000|100%| O|  |TAMS 0x000000070cf00000, 0x000000070cf00000| Untracked 
| 208|0x000000070d000000, 0x000000070d100000, 0x000000070d100000|100%| O|  |TAMS 0x000000070d000000, 0x000000070d000000| Untracked 
| 209|0x000000070d100000, 0x000000070d10f200, 0x000000070d200000|  5%| O|  |TAMS 0x000000070d100000, 0x000000070d100000| Untracked 
| 210|0x000000070d200000, 0x000000070d300000, 0x000000070d300000|100%| O|  |TAMS 0x000000070d23f000, 0x000000070d200000| Untracked 
| 211|0x000000070d300000, 0x000000070d400000, 0x000000070d400000|100%| O|  |TAMS 0x000000070d300000, 0x000000070d300000| Untracked 
| 212|0x000000070d400000, 0x000000070d400000, 0x000000070d500000|  0%| F|  |TAMS 0x000000070d400000, 0x000000070d400000| Untracked 
| 213|0x000000070d500000, 0x000000070d500000, 0x000000070d600000|  0%| F|  |TAMS 0x000000070d500000, 0x000000070d500000| Untracked 
| 214|0x000000070d600000, 0x000000070d600000, 0x000000070d700000|  0%| F|  |TAMS 0x000000070d600000, 0x000000070d600000| Untracked 
| 215|0x000000070d700000, 0x000000070d700000, 0x000000070d800000|  0%| F|  |TAMS 0x000000070d700000, 0x000000070d700000| Untracked 
| 216|0x000000070d800000, 0x000000070d800000, 0x000000070d900000|  0%| F|  |TAMS 0x000000070d800000, 0x000000070d800000| Untracked 
| 217|0x000000070d900000, 0x000000070d900000, 0x000000070da00000|  0%| F|  |TAMS 0x000000070d900000, 0x000000070d900000| Untracked 
| 218|0x000000070da00000, 0x000000070da00000, 0x000000070db00000|  0%| F|  |TAMS 0x000000070da00000, 0x000000070da00000| Untracked 
| 219|0x000000070db00000, 0x000000070db00000, 0x000000070dc00000|  0%| F|  |TAMS 0x000000070db00000, 0x000000070db00000| Untracked 
| 220|0x000000070dc00000, 0x000000070dc00000, 0x000000070dd00000|  0%| F|  |TAMS 0x000000070dc00000, 0x000000070dc00000| Untracked 
| 221|0x000000070dd00000, 0x000000070dd00000, 0x000000070de00000|  0%| F|  |TAMS 0x000000070dd00000, 0x000000070dd00000| Untracked 
| 222|0x000000070de00000, 0x000000070de00000, 0x000000070df00000|  0%| F|  |TAMS 0x000000070de00000, 0x000000070de00000| Untracked 
| 223|0x000000070df00000, 0x000000070df00000, 0x000000070e000000|  0%| F|  |TAMS 0x000000070df00000, 0x000000070df00000| Untracked 
| 224|0x000000070e000000, 0x000000070e000000, 0x000000070e100000|  0%| F|  |TAMS 0x000000070e000000, 0x000000070e000000| Untracked 
| 225|0x000000070e100000, 0x000000070e100000, 0x000000070e200000|  0%| F|  |TAMS 0x000000070e100000, 0x000000070e100000| Untracked 
| 226|0x000000070e200000, 0x000000070e200000, 0x000000070e300000|  0%| F|  |TAMS 0x000000070e200000, 0x000000070e200000| Untracked 
| 227|0x000000070e300000, 0x000000070e300000, 0x000000070e400000|  0%| F|  |TAMS 0x000000070e300000, 0x000000070e300000| Untracked 
| 228|0x000000070e400000, 0x000000070e400000, 0x000000070e500000|  0%| F|  |TAMS 0x000000070e400000, 0x000000070e400000| Untracked 
| 229|0x000000070e500000, 0x000000070e500000, 0x000000070e600000|  0%| F|  |TAMS 0x000000070e500000, 0x000000070e500000| Untracked 
| 230|0x000000070e600000, 0x000000070e600000, 0x000000070e700000|  0%| F|  |TAMS 0x000000070e600000, 0x000000070e600000| Untracked 
| 231|0x000000070e700000, 0x000000070e700000, 0x000000070e800000|  0%| F|  |TAMS 0x000000070e700000, 0x000000070e700000| Untracked 
| 232|0x000000070e800000, 0x000000070e800000, 0x000000070e900000|  0%| F|  |TAMS 0x000000070e800000, 0x000000070e800000| Untracked 
| 233|0x000000070e900000, 0x000000070e900000, 0x000000070ea00000|  0%| F|  |TAMS 0x000000070e900000, 0x000000070e900000| Untracked 
| 234|0x000000070ea00000, 0x000000070ea00000, 0x000000070eb00000|  0%| F|  |TAMS 0x000000070ea00000, 0x000000070ea00000| Untracked 
| 235|0x000000070eb00000, 0x000000070eb00000, 0x000000070ec00000|  0%| F|  |TAMS 0x000000070eb00000, 0x000000070eb00000| Untracked 
| 236|0x000000070ec00000, 0x000000070ec00000, 0x000000070ed00000|  0%| F|  |TAMS 0x000000070ec00000, 0x000000070ec00000| Untracked 
| 237|0x000000070ed00000, 0x000000070ed00000, 0x000000070ee00000|  0%| F|  |TAMS 0x000000070ed00000, 0x000000070ed00000| Untracked 
| 238|0x000000070ee00000, 0x000000070ee00000, 0x000000070ef00000|  0%| F|  |TAMS 0x000000070ee00000, 0x000000070ee00000| Untracked 
| 239|0x000000070ef00000, 0x000000070f000000, 0x000000070f000000|100%| S|CS|TAMS 0x000000070ef00000, 0x000000070ef00000| Complete 
| 240|0x000000070f000000, 0x000000070f100000, 0x000000070f100000|100%| S|CS|TAMS 0x000000070f000000, 0x000000070f000000| Complete 
| 241|0x000000070f100000, 0x000000070f100000, 0x000000070f200000|  0%| F|  |TAMS 0x000000070f100000, 0x000000070f100000| Untracked 
| 242|0x000000070f200000, 0x000000070f200000, 0x000000070f300000|  0%| F|  |TAMS 0x000000070f200000, 0x000000070f200000| Untracked 
| 243|0x000000070f300000, 0x000000070f300000, 0x000000070f400000|  0%| F|  |TAMS 0x000000070f300000, 0x000000070f300000| Untracked 
| 244|0x000000070f400000, 0x000000070f400000, 0x000000070f500000|  0%| F|  |TAMS 0x000000070f400000, 0x000000070f400000| Untracked 
| 245|0x000000070f500000, 0x000000070f500000, 0x000000070f600000|  0%| F|  |TAMS 0x000000070f500000, 0x000000070f500000| Untracked 
| 246|0x000000070f600000, 0x000000070f600000, 0x000000070f700000|  0%| F|  |TAMS 0x000000070f600000, 0x000000070f600000| Untracked 
| 247|0x000000070f700000, 0x000000070f700000, 0x000000070f800000|  0%| F|  |TAMS 0x000000070f700000, 0x000000070f700000| Untracked 
| 248|0x000000070f800000, 0x000000070f800000, 0x000000070f900000|  0%| F|  |TAMS 0x000000070f800000, 0x000000070f800000| Untracked 
| 249|0x000000070f900000, 0x000000070f900000, 0x000000070fa00000|  0%| F|  |TAMS 0x000000070f900000, 0x000000070f900000| Untracked 
| 250|0x000000070fa00000, 0x000000070fa00000, 0x000000070fb00000|  0%| F|  |TAMS 0x000000070fa00000, 0x000000070fa00000| Untracked 
| 251|0x000000070fb00000, 0x000000070fb00000, 0x000000070fc00000|  0%| F|  |TAMS 0x000000070fb00000, 0x000000070fb00000| Untracked 
| 252|0x000000070fc00000, 0x000000070fc00000, 0x000000070fd00000|  0%| F|  |TAMS 0x000000070fc00000, 0x000000070fc00000| Untracked 
| 253|0x000000070fd00000, 0x000000070fd00000, 0x000000070fe00000|  0%| F|  |TAMS 0x000000070fd00000, 0x000000070fd00000| Untracked 
| 254|0x000000070fe00000, 0x000000070fe00000, 0x000000070ff00000|  0%| F|  |TAMS 0x000000070fe00000, 0x000000070fe00000| Untracked 

Card table byte_map: [0x0000024f38ed0000,0x0000024f396d0000] _byte_map_base: 0x0000024f356d0000

Marking Bits (Prev, Next): (CMBitMap*) 0x0000024f20c9ad28, (CMBitMap*) 0x0000024f20c9ad60
 Prev Bits: [0x0000024f39ed0000, 0x0000024f3ded0000)
 Next Bits: [0x0000024f3ded0000, 0x0000024f41ed0000)

Polling page: 0x0000024f20400000

Metaspace:

Usage:
  Non-class:    100.71 MB capacity,    97.17 MB ( 96%) used,     3.16 MB (  3%) free+waste,   386.13 KB ( <1%) overhead. 
      Class:     16.74 MB capacity,    14.63 MB ( 87%) used,     1.93 MB ( 12%) free+waste,   183.44 KB (  1%) overhead. 
       Both:    117.45 MB capacity,   111.79 MB ( 95%) used,     5.10 MB (  4%) free+waste,   569.56 KB ( <1%) overhead. 

Virtual space:
  Non-class space:      102.00 MB reserved,     100.76 MB ( 99%) committed 
      Class space:        1.00 GB reserved,      16.75 MB (  2%) committed 
             Both:        1.10 GB reserved,     117.51 MB ( 10%) committed 

Chunk freelists:
   Non-Class:  1.00 KB
       Class:  0 bytes
        Both:  1.00 KB

MaxMetaspaceSize: 17179869184.00 GB
CompressedClassSpaceSize: 1.00 GB
Initial GC threshold: 20.80 MB
Current GC threshold: 185.22 MB
CDS: off

CodeHeap 'non-profiled nmethods': size=120000Kb used=10046Kb max_used=10046Kb free=109953Kb
 bounds [0x0000024f30e70000, 0x0000024f31840000, 0x0000024f383a0000]
CodeHeap 'profiled nmethods': size=120000Kb used=34179Kb max_used=34179Kb free=85820Kb
 bounds [0x0000024f29940000, 0x0000024f2bab0000, 0x0000024f30e70000]
CodeHeap 'non-nmethods': size=5760Kb used=2428Kb max_used=2473Kb free=3331Kb
 bounds [0x0000024f293a0000, 0x0000024f29620000, 0x0000024f29940000]
 total_blobs=15500 nmethods=14559 adapters=852
 compilation: enabled
              stopped_count=0, restarted_count=0
 full_count=0

Compilation events (20 events):
Event: 195.325 Thread 0x0000024f4530a000 nmethod 14636 0x0000024f2ba9b990 code [0x0000024f2ba9bba0, 0x0000024f2ba9c278]
Event: 195.325 Thread 0x0000024f4530a000 14637       3       org.gradle.api.internal.WithEstimatedSize$Estimates::isKnownToHaveConstantTimeSizeMethod (33 bytes)
Event: 195.325 Thread 0x0000024f4530a000 nmethod 14637 0x0000024f2ba9c390 code [0x0000024f2ba9c540, 0x0000024f2ba9c778]
Event: 195.325 Thread 0x0000024f4530a000 14638       1       org.gradle.api.DefaultTask_Decorated::publicType (3 bytes)
Event: 195.325 Thread 0x0000024f45309000 nmethod 14576 0x0000024f3183dc90 code [0x0000024f3183de60, 0x0000024f3183e7d8]
Event: 195.325 Thread 0x0000024f4530a000 nmethod 14638 0x0000024f3183ea10 code [0x0000024f3183ebc0, 0x0000024f3183ec78]
Event: 195.325 Thread 0x0000024f45309000 14610       4       java.util.regex.CharPredicates$$Lambda$603/0x000000080069cc40::is (5 bytes)
Event: 195.326 Thread 0x0000024f45309000 nmethod 14610 0x0000024f3183ed10 code [0x0000024f3183eea0, 0x0000024f3183ef78]
Event: 195.326 Thread 0x0000024f45309000 14641       4       org.gradle.tooling.internal.provider.runner.TaskOperationMapper$PostProcessors::finished (43 bytes)
Event: 195.330 Thread 0x0000024f4530a000 14642       3       kotlin.ranges.RangesKt___RangesKt::coerceAtLeast (11 bytes)
Event: 195.330 Thread 0x0000024f4530a000 nmethod 14642 0x0000024f2ba9c810 code [0x0000024f2ba9c9c0, 0x0000024f2ba9caf8]
Event: 195.332 Thread 0x0000024f45309000 nmethod 14641 0x0000024f3183f090 code [0x0000024f3183f260, 0x0000024f3183f628]
Event: 195.332 Thread 0x0000024f45309000 14612       4       java.lang.Class::getGenericSuperclass (28 bytes)
Event: 195.337 Thread 0x0000024f4530a000 14643       3       com.android.build.api.artifact.impl.ArtifactsImpl::setTaskInputToFinalProduct (26 bytes)
Event: 195.339 Thread 0x0000024f4530a000 nmethod 14643 0x0000024f2ba9cb90 code [0x0000024f2ba9d0a0, 0x0000024f2ba9f288]
Event: 195.341 Thread 0x0000024f4530a000 14644       3       org.gradle.api.internal.file.copy.DefaultCopySpec::from (13 bytes)
Event: 195.342 Thread 0x0000024f4530a000 nmethod 14644 0x0000024f2ba9fe90 code [0x0000024f2baa0040, 0x0000024f2baa0228]
Event: 195.342 Thread 0x0000024f4530a000 14645       3       org.gradle.api.internal.file.copy.DefaultCopySpec::fireChildSpecListeners (43 bytes)
Event: 195.342 Thread 0x0000024f4530a000 nmethod 14645 0x0000024f2baa0310 code [0x0000024f2baa0520, 0x0000024f2baa0b18]
Event: 195.342 Thread 0x0000024f4530a000 14646       3       org.gradle.api.internal.file.copy.DefaultCopySpec$DefaultCopySpecAddress::unroll (56 bytes)

GC Heap History (20 events):
Event: 191.999 GC heap after
{Heap after GC invocations=140 (full 0):
 garbage-first heap   total 214016K, used 202959K [0x0000000700000000, 0x0000000800000000)
  region size 1024K, 2 young (2048K), 2 survivors (2048K)
 Metaspace       used 106724K, capacity 112289K, committed 112392K, reserved 1146880K
  class space    used 14016K, capacity 16108K, committed 16128K, reserved 1048576K
}
Event: 192.182 GC heap before
{Heap before GC invocations=140 (full 0):
 garbage-first heap   total 214016K, used 211151K [0x0000000700000000, 0x0000000800000000)
  region size 1024K, 10 young (10240K), 2 survivors (2048K)
 Metaspace       used 107493K, capacity 113129K, committed 113288K, reserved 1146880K
  class space    used 14089K, capacity 16188K, committed 16256K, reserved 1048576K
}
Event: 192.187 GC heap after
{Heap after GC invocations=141 (full 0):
 garbage-first heap   total 216064K, used 205052K [0x0000000700000000, 0x0000000800000000)
  region size 1024K, 2 young (2048K), 2 survivors (2048K)
 Metaspace       used 107493K, capacity 113129K, committed 113288K, reserved 1146880K
  class space    used 14089K, capacity 16188K, committed 16256K, reserved 1048576K
}
Event: 192.639 GC heap before
{Heap before GC invocations=142 (full 0):
 garbage-first heap   total 216064K, used 212220K [0x0000000700000000, 0x0000000800000000)
  region size 1024K, 10 young (10240K), 2 survivors (2048K)
 Metaspace       used 108435K, capacity 114024K, committed 114056K, reserved 1146880K
  class space    used 14168K, capacity 16250K, committed 16256K, reserved 1048576K
}
Event: 192.645 GC heap after
{Heap after GC invocations=143 (full 0):
 garbage-first heap   total 261120K, used 205748K [0x0000000700000000, 0x0000000800000000)
  region size 1024K, 1 young (1024K), 1 survivors (1024K)
 Metaspace       used 108435K, capacity 114024K, committed 114056K, reserved 1146880K
  class space    used 14168K, capacity 16250K, committed 16256K, reserved 1048576K
}
Event: 193.014 GC heap before
{Heap before GC invocations=143 (full 0):
 garbage-first heap   total 261120K, used 220084K [0x0000000700000000, 0x0000000800000000)
  region size 1024K, 15 young (15360K), 1 survivors (1024K)
 Metaspace       used 109203K, capacity 114855K, committed 115080K, reserved 1148928K
  class space    used 14291K, capacity 16392K, committed 16512K, reserved 1048576K
}
Event: 193.017 GC heap after
{Heap after GC invocations=144 (full 0):
 garbage-first heap   total 261120K, used 206122K [0x0000000700000000, 0x0000000800000000)
  region size 1024K, 1 young (1024K), 1 survivors (1024K)
 Metaspace       used 109203K, capacity 114855K, committed 115080K, reserved 1148928K
  class space    used 14291K, capacity 16392K, committed 16512K, reserved 1048576K
}
Event: 193.343 GC heap before
{Heap before GC invocations=144 (full 0):
 garbage-first heap   total 261120K, used 221482K [0x0000000700000000, 0x0000000800000000)
  region size 1024K, 16 young (16384K), 1 survivors (1024K)
 Metaspace       used 110073K, capacity 115738K, committed 115976K, reserved 1148928K
  class space    used 14410K, capacity 16530K, committed 16640K, reserved 1048576K
}
Event: 193.345 GC heap after
{Heap after GC invocations=145 (full 0):
 garbage-first heap   total 261120K, used 206908K [0x0000000700000000, 0x0000000800000000)
  region size 1024K, 2 young (2048K), 2 survivors (2048K)
 Metaspace       used 110073K, capacity 115738K, committed 115976K, reserved 1148928K
  class space    used 14410K, capacity 16530K, committed 16640K, reserved 1048576K
}
Event: 193.664 GC heap before
{Heap before GC invocations=145 (full 0):
 garbage-first heap   total 261120K, used 222268K [0x0000000700000000, 0x0000000800000000)
  region size 1024K, 17 young (17408K), 2 survivors (2048K)
 Metaspace       used 110969K, capacity 116630K, committed 116744K, reserved 1148928K
  class space    used 14525K, capacity 16632K, committed 16640K, reserved 1048576K
}
Event: 193.668 GC heap after
{Heap after GC invocations=146 (full 0):
 garbage-first heap   total 261120K, used 207696K [0x0000000700000000, 0x0000000800000000)
  region size 1024K, 3 young (3072K), 3 survivors (3072K)
 Metaspace       used 110969K, capacity 116630K, committed 116744K, reserved 1148928K
  class space    used 14525K, capacity 16632K, committed 16640K, reserved 1048576K
}
Event: 193.942 GC heap before
{Heap before GC invocations=146 (full 0):
 garbage-first heap   total 261120K, used 222032K [0x0000000700000000, 0x0000000800000000)
  region size 1024K, 18 young (18432K), 3 survivors (3072K)
 Metaspace       used 111813K, capacity 117478K, committed 117640K, reserved 1150976K
  class space    used 14646K, capacity 16762K, committed 16768K, reserved 1048576K
}
Event: 193.945 GC heap after
{Heap after GC invocations=147 (full 0):
 garbage-first heap   total 261120K, used 208741K [0x0000000700000000, 0x0000000800000000)
  region size 1024K, 2 young (2048K), 2 survivors (2048K)
 Metaspace       used 111813K, capacity 117478K, committed 117640K, reserved 1150976K
  class space    used 14646K, capacity 16762K, committed 16768K, reserved 1048576K
}
Event: 194.406 GC heap before
{Heap before GC invocations=147 (full 0):
 garbage-first heap   total 261120K, used 225125K [0x0000000700000000, 0x0000000800000000)
  region size 1024K, 18 young (18432K), 2 survivors (2048K)
 Metaspace       used 113104K, capacity 118840K, committed 119176K, reserved 1150976K
  class space    used 14798K, capacity 16935K, committed 17024K, reserved 1048576K
}
Event: 194.410 GC heap after
{Heap after GC invocations=148 (full 0):
 garbage-first heap   total 261120K, used 210072K [0x0000000700000000, 0x0000000800000000)
  region size 1024K, 3 young (3072K), 3 survivors (3072K)
 Metaspace       used 113104K, capacity 118840K, committed 119176K, reserved 1150976K
  class space    used 14798K, capacity 16935K, committed 17024K, reserved 1048576K
}
Event: 194.731 GC heap before
{Heap before GC invocations=148 (full 0):
 garbage-first heap   total 261120K, used 225432K [0x0000000700000000, 0x0000000800000000)
  region size 1024K, 18 young (18432K), 3 survivors (3072K)
 Metaspace       used 113729K, capacity 119484K, committed 119688K, reserved 1153024K
  class space    used 14888K, capacity 17018K, committed 17024K, reserved 1048576K
}
Event: 194.735 GC heap after
{Heap after GC invocations=149 (full 0):
 garbage-first heap   total 261120K, used 211860K [0x0000000700000000, 0x0000000800000000)
  region size 1024K, 3 young (3072K), 3 survivors (3072K)
 Metaspace       used 113729K, capacity 119484K, committed 119688K, reserved 1153024K
  class space    used 14888K, capacity 17018K, committed 17024K, reserved 1048576K
}
Event: 195.076 GC heap before
{Heap before GC invocations=149 (full 0):
 garbage-first heap   total 261120K, used 227220K [0x0000000700000000, 0x0000000800000000)
  region size 1024K, 18 young (18432K), 3 survivors (3072K)
 Metaspace       used 114348K, capacity 120100K, committed 120328K, reserved 1153024K
  class space    used 14970K, capacity 17125K, committed 17152K, reserved 1048576K
}
Event: 195.080 GC heap after
{Heap after GC invocations=150 (full 0):
 garbage-first heap   total 261120K, used 213865K [0x0000000700000000, 0x0000000800000000)
  region size 1024K, 2 young (2048K), 2 survivors (2048K)
 Metaspace       used 114348K, capacity 120100K, committed 120328K, reserved 1153024K
  class space    used 14970K, capacity 17125K, committed 17152K, reserved 1048576K
}
Event: 195.342 GC heap before
{Heap before GC invocations=150 (full 0):
 garbage-first heap   total 261120K, used 228201K [0x0000000700000000, 0x0000000800000000)
  region size 1024K, 16 young (16384K), 2 survivors (2048K)
 Metaspace       used 114476K, capacity 120264K, committed 120328K, reserved 1153024K
  class space    used 14979K, capacity 17141K, committed 17152K, reserved 1048576K
}

Deoptimization events (20 events):
Event: 194.964 Thread 0x0000024f471cc800 DEOPT PACKING pc=0x0000024f31810df0 sp=0x000000a73bff8020
Event: 194.964 Thread 0x0000024f471cc800 DEOPT UNPACKING pc=0x0000024f293a85af sp=0x000000a73bff7fd0 mode 2
Event: 195.034 Thread 0x0000024f471cc800 Uncommon trap: trap_request=0xffffffd6 fr.pc=0x0000024f31810df0 relative=0x0000000000000bb0
Event: 195.034 Thread 0x0000024f471cc800 Uncommon trap: reason=array_check action=maybe_recompile pc=0x0000024f31810df0 method=com.google.common.collect.RegularImmutableMap.fromEntryArray(I[Ljava/util/Map$Entry;)Lcom/google/common/collect/ImmutableMap; @ 157 c2
Event: 195.034 Thread 0x0000024f471cc800 DEOPT PACKING pc=0x0000024f31810df0 sp=0x000000a73bff7f50
Event: 195.034 Thread 0x0000024f471cc800 DEOPT UNPACKING pc=0x0000024f293a85af sp=0x000000a73bff7f00 mode 2
Event: 195.034 Thread 0x0000024f471cc800 Uncommon trap: trap_request=0xffffffd6 fr.pc=0x0000024f31810df0 relative=0x0000000000000bb0
Event: 195.034 Thread 0x0000024f471cc800 Uncommon trap: reason=array_check action=maybe_recompile pc=0x0000024f31810df0 method=com.google.common.collect.RegularImmutableMap.fromEntryArray(I[Ljava/util/Map$Entry;)Lcom/google/common/collect/ImmutableMap; @ 157 c2
Event: 195.034 Thread 0x0000024f471cc800 DEOPT PACKING pc=0x0000024f31810df0 sp=0x000000a73bff7f50
Event: 195.034 Thread 0x0000024f471cc800 DEOPT UNPACKING pc=0x0000024f293a85af sp=0x000000a73bff7f00 mode 2
Event: 195.034 Thread 0x0000024f471cc800 Uncommon trap: trap_request=0xffffffd6 fr.pc=0x0000024f31810df0 relative=0x0000000000000bb0
Event: 195.034 Thread 0x0000024f471cc800 Uncommon trap: reason=array_check action=maybe_recompile pc=0x0000024f31810df0 method=com.google.common.collect.RegularImmutableMap.fromEntryArray(I[Ljava/util/Map$Entry;)Lcom/google/common/collect/ImmutableMap; @ 157 c2
Event: 195.034 Thread 0x0000024f471cc800 DEOPT PACKING pc=0x0000024f31810df0 sp=0x000000a73bff7f50
Event: 195.034 Thread 0x0000024f471cc800 DEOPT UNPACKING pc=0x0000024f293a85af sp=0x000000a73bff7f00 mode 2
Event: 195.156 Thread 0x0000024f471cc800 DEOPT PACKING pc=0x0000024f2b8fe8da sp=0x000000a73bff8e30
Event: 195.156 Thread 0x0000024f471cc800 DEOPT UNPACKING pc=0x0000024f293e9d0e sp=0x000000a73bff82d8 mode 0
Event: 195.160 Thread 0x0000024f471cc800 DEOPT PACKING pc=0x0000024f2b8fe8da sp=0x000000a73bff8e30
Event: 195.160 Thread 0x0000024f471cc800 DEOPT UNPACKING pc=0x0000024f293e9d0e sp=0x000000a73bff82d8 mode 0
Event: 195.185 Thread 0x0000024f471cc800 DEOPT PACKING pc=0x0000024f2b8fe8da sp=0x000000a73bff8e30
Event: 195.185 Thread 0x0000024f471cc800 DEOPT UNPACKING pc=0x0000024f293e9d0e sp=0x000000a73bff82d8 mode 0

Classes redefined (0 events):
No events

Internal exceptions (20 events):
Event: 192.625 Thread 0x0000024f471cc800 Implicit null exception at 0x0000024f317b8007 to 0x0000024f317b80ef
Event: 193.216 Thread 0x0000024f471cc800 Implicit null exception at 0x0000024f317d0222 to 0x0000024f317d09f8
Event: 193.231 Thread 0x0000024f471cc800 Implicit null exception at 0x0000024f317d1339 to 0x0000024f317d1c24
Event: 193.294 Thread 0x0000024f471cc800 Implicit null exception at 0x0000024f317d6040 to 0x0000024f317d60fc
Event: 193.349 Thread 0x0000024f471cc800 Implicit null exception at 0x0000024f317d5072 to 0x0000024f317d5650
Event: 193.380 Thread 0x0000024f471cc800 Implicit null exception at 0x0000024f317d7cd6 to 0x0000024f317d83fc
Event: 193.380 Thread 0x0000024f471cc800 Implicit null exception at 0x0000024f317d2721 to 0x0000024f317d2800
Event: 194.176 Thread 0x0000024f471cc800 Exception <a 'java/lang/NoSuchMethodError'{0x000000070f6ce480}: 'int java.lang.invoke.DirectMethodHandle$Holder.invokeStatic(java.lang.Object, int, int, java.lang.Object)'> (0x000000070f6ce480) thrown at [./src/hotspot/share/interpreter/linkResolver.cpp, line 773]
Event: 194.601 Thread 0x0000024f471cc800 Exception <a 'java/lang/ClassNotFoundException'{0x000000070f5535e8}: com/google/gms/googleservices/GoogleServicesTask_DecoratedBeanInfo> (0x000000070f5535e8) thrown at [./src/hotspot/share/classfile/systemDictionary.cpp, line 230]
Event: 194.602 Thread 0x0000024f471cc800 Exception <a 'java/lang/ClassNotFoundException'{0x000000070f57d3b0}: com/google/gms/googleservices/GoogleServicesTask_DecoratedCustomizer> (0x000000070f57d3b0) thrown at [./src/hotspot/share/classfile/systemDictionary.cpp, line 230]
Event: 194.623 Thread 0x0000024f471cc800 Exception <a 'java/lang/ClassNotFoundException'{0x000000070f432588}: org/gradle/api/internal/file/DefaultFilePropertyFactory$DefaultDirectoryVarBeanInfo> (0x000000070f432588) thrown at [./src/hotspot/share/classfile/systemDictionary.cpp, line 230]
Event: 194.624 Thread 0x0000024f471cc800 Exception <a 'java/lang/ClassNotFoundException'{0x000000070f45d6f8}: org/gradle/api/internal/file/DefaultFilePropertyFactory$AbstractFileVarBeanInfo> (0x000000070f45d6f8) thrown at [./src/hotspot/share/classfile/systemDictionary.cpp, line 230]
Event: 194.625 Thread 0x0000024f471cc800 Exception <a 'java/lang/ClassNotFoundException'{0x000000070f483360}: org/gradle/api/internal/provider/DefaultPropertyBeanInfo> (0x000000070f483360) thrown at [./src/hotspot/share/classfile/systemDictionary.cpp, line 230]
Event: 194.626 Thread 0x0000024f471cc800 Exception <a 'java/lang/ClassNotFoundException'{0x000000070f4a9528}: org/gradle/api/internal/provider/AbstractPropertyBeanInfo> (0x000000070f4a9528) thrown at [./src/hotspot/share/classfile/systemDictionary.cpp, line 230]
Event: 194.626 Thread 0x0000024f471cc800 Exception <a 'java/lang/ClassNotFoundException'{0x000000070f4d1188}: org/gradle/api/internal/provider/AbstractPropertyCustomizer> (0x000000070f4d1188) thrown at [./src/hotspot/share/classfile/systemDictionary.cpp, line 230]
Event: 194.629 Thread 0x0000024f471cc800 Exception <a 'java/lang/ClassNotFoundException'{0x000000070f303188}: org/gradle/api/internal/provider/DefaultPropertyCustomizer> (0x000000070f303188) thrown at [./src/hotspot/share/classfile/systemDictionary.cpp, line 230]
Event: 194.632 Thread 0x0000024f471cc800 Exception <a 'java/lang/ClassNotFoundException'{0x000000070f340968}: org/gradle/api/internal/file/DefaultFilePropertyFactory$AbstractFileVarCustomizer> (0x000000070f340968) thrown at [./src/hotspot/share/classfile/systemDictionary.cpp, line 230]
Event: 194.637 Thread 0x0000024f471cc800 Exception <a 'java/lang/ClassNotFoundException'{0x000000070f3b0988}: org/gradle/api/internal/file/DefaultFilePropertyFactory$DefaultDirectoryVarCustomizer> (0x000000070f3b0988) thrown at [./src/hotspot/share/classfile/systemDictionary.cpp, line 230]
Event: 194.653 Thread 0x0000024f471cc800 Exception <a 'java/lang/ClassNotFoundException'{0x000000070f2c7018}: org/gradle/api/internal/file/collections/DefaultConfigurableFileCollectionBeanInfo> (0x000000070f2c7018) thrown at [./src/hotspot/share/classfile/systemDictionary.cpp, line 230]
Event: 194.653 Thread 0x0000024f471cc800 Exception <a 'java/lang/ClassNotFoundException'{0x000000070f2f3ea0}: org/gradle/api/internal/file/collections/DefaultConfigurableFileCollectionCustomizer> (0x000000070f2f3ea0) thrown at [./src/hotspot/share/classfile/systemDictionary.cpp, line 230]

Events (20 events):
Event: 194.889 Executing VM operation: RevokeBias done
Event: 194.889 Executing VM operation: RevokeBias
Event: 194.889 Executing VM operation: RevokeBias done
Event: 194.923 loading class com/android/ide/common/resources/ResourceCompilationService
Event: 194.923 loading class com/android/ide/common/resources/ResourceCompilationService done
Event: 194.923 loading class com/android/build/gradle/tasks/VerifyLibraryResourcesTask$Companion
Event: 194.923 loading class com/android/build/gradle/tasks/VerifyLibraryResourcesTask$Companion done
Event: 194.944 loading class com/android/builder/internal/aapt/AaptException
Event: 194.944 loading class com/android/builder/internal/aapt/AaptException done
Event: 194.969 Executing VM operation: RevokeBias
Event: 194.969 Executing VM operation: RevokeBias done
Event: 194.970 Executing VM operation: RevokeBias
Event: 194.970 Executing VM operation: RevokeBias done
Event: 195.001 Executing VM operation: BulkRevokeBias
Event: 195.002 Executing VM operation: BulkRevokeBias done
Event: 195.003 loading class com/android/build/gradle/internal/res/GenerateLibraryRFileTask$TestRuntimeStubRClassCreationAction$configure$1
Event: 195.003 loading class com/android/build/gradle/internal/res/GenerateLibraryRFileTask$TestRuntimeStubRClassCreationAction$configure$1 done
Event: 195.075 Executing VM operation: G1CollectForAllocation
Event: 195.080 Executing VM operation: G1CollectForAllocation done
Event: 195.342 Executing VM operation: G1CollectForAllocation


Dynamic libraries:
0x00007ff7877f0000 - 0x00007ff7877fd000 	C:\Program Files\Microsoft\jdk-11.0.18.10-hotspot\bin\java.exe
0x00007ffd016d0000 - 0x00007ffd018e4000 	C:\WINDOWS\SYSTEM32\ntdll.dll
0x00007ffcffdf0000 - 0x00007ffcffeb4000 	C:\WINDOWS\System32\KERNEL32.DLL
0x00007ffcfeab0000 - 0x00007ffcfee54000 	C:\WINDOWS\System32\KERNELBASE.dll
0x00007ffcff070000 - 0x00007ffcff181000 	C:\WINDOWS\System32\ucrtbase.dll
0x00007ffc7a2b0000 - 0x00007ffc7a2c5000 	C:\Program Files\Microsoft\jdk-11.0.18.10-hotspot\bin\VCRUNTIME140.dll
0x00007ffc7a2d0000 - 0x00007ffc7a2e7000 	C:\Program Files\Microsoft\jdk-11.0.18.10-hotspot\bin\jli.dll
0x00007ffd00bc0000 - 0x00007ffd00d6a000 	C:\WINDOWS\System32\USER32.dll
0x00007ffcff040000 - 0x00007ffcff066000 	C:\WINDOWS\System32\win32u.dll
0x00007ffd00d70000 - 0x00007ffd00d99000 	C:\WINDOWS\System32\GDI32.dll
0x00007ffcfee60000 - 0x00007ffcfef79000 	C:\WINDOWS\System32\gdi32full.dll
0x00007ffcff3f0000 - 0x00007ffcff48a000 	C:\WINDOWS\System32\msvcp_win.dll
0x00007ffcdbc40000 - 0x00007ffcdbecf000 	C:\WINDOWS\WinSxS\amd64_microsoft.windows.common-controls_6595b64144ccf1df_6.0.22621.2070_none_2713e6537381f706\COMCTL32.dll
0x00007ffcff8a0000 - 0x00007ffcff947000 	C:\WINDOWS\System32\msvcrt.dll
0x00007ffcffdb0000 - 0x00007ffcffde1000 	C:\WINDOWS\System32\IMM32.DLL
0x00007ffc7a120000 - 0x00007ffc7a1bb000 	C:\Program Files\Microsoft\jdk-11.0.18.10-hotspot\bin\msvcp140.dll
0x00007ffc6dc00000 - 0x00007ffc6e792000 	C:\Program Files\Microsoft\jdk-11.0.18.10-hotspot\bin\server\jvm.dll
0x00007ffcff630000 - 0x00007ffcff6e0000 	C:\WINDOWS\System32\ADVAPI32.dll
0x00007ffcff570000 - 0x00007ffcff616000 	C:\WINDOWS\System32\sechost.dll
0x00007ffd00aa0000 - 0x00007ffd00bb7000 	C:\WINDOWS\System32\RPCRT4.dll
0x00007ffd00f60000 - 0x00007ffd00f68000 	C:\WINDOWS\System32\PSAPI.DLL
0x00007ffccc560000 - 0x00007ffccc569000 	C:\WINDOWS\SYSTEM32\WSOCK32.dll
0x00007ffd00da0000 - 0x00007ffd00e11000 	C:\WINDOWS\System32\WS2_32.dll
0x00007ffcf2bb0000 - 0x00007ffcf2be4000 	C:\WINDOWS\SYSTEM32\WINMM.dll
0x00007ffcf8090000 - 0x00007ffcf809a000 	C:\WINDOWS\SYSTEM32\VERSION.dll
0x00007ffcfda60000 - 0x00007ffcfda78000 	C:\WINDOWS\SYSTEM32\kernel.appcore.dll
0x00007ffcb71e0000 - 0x00007ffcb71f0000 	C:\Program Files\Microsoft\jdk-11.0.18.10-hotspot\bin\verify.dll
0x00007ffcfc370000 - 0x00007ffcfc59e000 	C:\WINDOWS\SYSTEM32\DBGHELP.DLL
0x00007ffd00710000 - 0x00007ffd00a9a000 	C:\WINDOWS\System32\combase.dll
0x00007ffd00e20000 - 0x00007ffd00ef7000 	C:\WINDOWS\System32\OLEAUT32.dll
0x00007ffce8300000 - 0x00007ffce8332000 	C:\WINDOWS\SYSTEM32\dbgcore.DLL
0x00007ffcff190000 - 0x00007ffcff20a000 	C:\WINDOWS\System32\bcryptPrimitives.dll
0x00007ffc7a280000 - 0x00007ffc7a2a8000 	C:\Program Files\Microsoft\jdk-11.0.18.10-hotspot\bin\java.dll
0x00007ffcafd00000 - 0x00007ffcafd0a000 	C:\Program Files\Microsoft\jdk-11.0.18.10-hotspot\bin\jimage.dll
0x00007ffc6d990000 - 0x00007ffc6d9a8000 	C:\Program Files\Microsoft\jdk-11.0.18.10-hotspot\bin\zip.dll
0x00007ffcffec0000 - 0x00007ffd006d6000 	C:\WINDOWS\System32\SHELL32.dll
0x00007ffcfca30000 - 0x00007ffcfd31a000 	C:\WINDOWS\SYSTEM32\windows.storage.dll
0x00007ffcfc8f0000 - 0x00007ffcfca2e000 	C:\WINDOWS\SYSTEM32\wintypes.dll
0x00007ffd01540000 - 0x00007ffd01633000 	C:\WINDOWS\System32\SHCORE.dll
0x00007ffd00f00000 - 0x00007ffd00f5e000 	C:\WINDOWS\System32\shlwapi.dll
0x00007ffcfe9e0000 - 0x00007ffcfea06000 	C:\WINDOWS\SYSTEM32\profapi.dll
0x00007ffc6dbe0000 - 0x00007ffc6dbf9000 	C:\Program Files\Microsoft\jdk-11.0.18.10-hotspot\bin\net.dll
0x00007ffcf92e0000 - 0x00007ffcf9417000 	C:\WINDOWS\SYSTEM32\WINHTTP.dll
0x00007ffcfdf20000 - 0x00007ffcfdf89000 	C:\WINDOWS\system32\mswsock.dll
0x00007ffc6dbc0000 - 0x00007ffc6dbd3000 	C:\Program Files\Microsoft\jdk-11.0.18.10-hotspot\bin\nio.dll
0x00007ffcf9de0000 - 0x00007ffcf9e07000 	C:\Users\BUTA\.gradle\native\e1d6ef7f7dcc3fd88c89a11ec53ec762bb8ba0a96d01ffa2cd45eb1d1d8dd5c5\windows-amd64\native-platform.dll
0x00007ffc6c3d0000 - 0x00007ffc6c514000 	C:\Users\BUTA\.gradle\native\0d407fdbe67a94daf76414ababcb853783967236a71b16ec16e742cd7a986fd3\windows-amd64\native-platform-file-events.dll
0x00007ffcafc00000 - 0x00007ffcafc09000 	C:\Program Files\Microsoft\jdk-11.0.18.10-hotspot\bin\management.dll
0x00007ffcafbf0000 - 0x00007ffcafbfb000 	C:\Program Files\Microsoft\jdk-11.0.18.10-hotspot\bin\management_ext.dll
0x00007ffcfe240000 - 0x00007ffcfe25b000 	C:\WINDOWS\SYSTEM32\CRYPTSP.dll
0x00007ffcfda20000 - 0x00007ffcfda55000 	C:\WINDOWS\system32\rsaenh.dll
0x00007ffcfdfc0000 - 0x00007ffcfdfec000 	C:\WINDOWS\SYSTEM32\USERENV.dll
0x00007ffcfe360000 - 0x00007ffcfe388000 	C:\WINDOWS\SYSTEM32\bcrypt.dll
0x00007ffcfe220000 - 0x00007ffcfe22c000 	C:\WINDOWS\SYSTEM32\CRYPTBASE.dll
0x00007ffcfd580000 - 0x00007ffcfd5ad000 	C:\WINDOWS\SYSTEM32\IPHLPAPI.DLL
0x00007ffcff620000 - 0x00007ffcff629000 	C:\WINDOWS\System32\NSI.dll
0x00007ffcf9060000 - 0x00007ffcf9079000 	C:\WINDOWS\SYSTEM32\dhcpcsvc6.DLL
0x00007ffcf9040000 - 0x00007ffcf905f000 	C:\WINDOWS\SYSTEM32\dhcpcsvc.DLL
0x00007ffcfd5b0000 - 0x00007ffcfd6a3000 	C:\WINDOWS\SYSTEM32\DNSAPI.dll

dbghelp: loaded successfully - version: 4.0.5 - missing functions: none
symbol engine: initialized successfully - sym options: 0x614 - pdb path: .;C:\Program Files\Microsoft\jdk-11.0.18.10-hotspot\bin;C:\WINDOWS\SYSTEM32;C:\WINDOWS\WinSxS\amd64_microsoft.windows.common-controls_6595b64144ccf1df_6.0.22621.2070_none_2713e6537381f706;C:\Program Files\Microsoft\jdk-11.0.18.10-hotspot\bin\server;C:\Users\BUTA\.gradle\native\e1d6ef7f7dcc3fd88c89a11ec53ec762bb8ba0a96d01ffa2cd45eb1d1d8dd5c5\windows-amd64;C:\Users\BUTA\.gradle\native\0d407fdbe67a94daf76414ababcb853783967236a71b16ec16e742cd7a986fd3\windows-amd64

VM Arguments:
jvm_args: --add-opens=java.base/java.util=ALL-UNNAMED --add-opens=java.base/java.lang=ALL-UNNAMED --add-opens=java.base/java.lang.invoke=ALL-UNNAMED --add-opens=java.base/java.util=ALL-UNNAMED --add-opens=java.prefs/java.util.prefs=ALL-UNNAMED --add-opens=java.prefs/java.util.prefs=ALL-UNNAMED --add-opens=java.base/java.nio.charset=ALL-UNNAMED --add-opens=java.base/java.net=ALL-UNNAMED --add-opens=java.base/java.util.concurrent.atomic=ALL-UNNAMED -Xmx4096m -Dfile.encoding=windows-1252 -Duser.country=US -Duser.language=en -Duser.variant 
java_command: org.gradle.launcher.daemon.bootstrap.GradleDaemon 7.5
java_class_path (initial): C:\Users\BUTA\.gradle\wrapper\dists\gradle-7.5-all\6qsw290k5lz422uaf8jf6m7co\gradle-7.5\lib\gradle-launcher-7.5.jar
Launcher Type: SUN_STANDARD

[Global flags]
     intx CICompilerCount                          = 4                                         {product} {ergonomic}
     uint ConcGCThreads                            = 2                                         {product} {ergonomic}
     uint G1ConcRefinementThreads                  = 8                                         {product} {ergonomic}
   size_t G1HeapRegionSize                         = 1048576                                   {product} {ergonomic}
    uintx GCDrainStackTargetSize                   = 64                                        {product} {ergonomic}
   size_t InitialHeapSize                          = 130023424                                 {product} {ergonomic}
   size_t MarkStackSize                            = 4194304                                   {product} {ergonomic}
   size_t MaxHeapSize                              = 4294967296                                {product} {command line}
   size_t MaxNewSize                               = 2576351232                                {product} {ergonomic}
   size_t MinHeapDeltaBytes                        = 1048576                                   {product} {ergonomic}
    uintx NonNMethodCodeHeapSize                   = 5836300                                {pd product} {ergonomic}
    uintx NonProfiledCodeHeapSize                  = 122910970                              {pd product} {ergonomic}
    uintx ProfiledCodeHeapSize                     = 122910970                              {pd product} {ergonomic}
    uintx ReservedCodeCacheSize                    = 251658240                              {pd product} {ergonomic}
     bool SegmentedCodeCache                       = true                                      {product} {ergonomic}
     bool UseCompressedClassPointers               = true                                 {lp64_product} {ergonomic}
     bool UseCompressedOops                        = true                                 {lp64_product} {ergonomic}
     bool UseG1GC                                  = true                                      {product} {ergonomic}
     bool UseLargePagesIndividualAllocation        = false                                  {pd product} {ergonomic}

Logging:
Log output configuration:
 #0: stdout all=warning uptime,level,tags
 #1: stderr all=off uptime,level,tags

Environment Variables:
JAVA_HOME=C:\Program Files\Microsoft\jdk-11.0.18.10-hotspot\
CLASSPATH=C:\Users\BUTA\OneDrive\Desktop\isMobileApp\AwesomeProject\android\\gradle\wrapper\gradle-wrapper.jar
PATH=C:\Users\BUTA\OneDrive\Desktop\isMobileApp\AwesomeProject\node_modules\.bin;C:\Users\BUTA\OneDrive\Desktop\isMobileApp\AwesomeProject\node_modules\.bin;C:\Users\BUTA\OneDrive\Desktop\isMobileApp\node_modules\.bin;C:\Users\BUTA\OneDrive\Desktop\node_modules\.bin;C:\Users\BUTA\OneDrive\node_modules\.bin;C:\Users\BUTA\node_modules\.bin;C:\Users\node_modules\.bin;C:\node_modules\.bin;C:\Program Files\nodejs\node_modules\npm\node_modules\@npmcli\run-script\lib\node-gyp-bin;C:\Users\BUTA\OneDrive\Desktop\isMobileApp\AwesomeProject\node_modules\.bin;C:\Users\BUTA\OneDrive\Desktop\isMobileApp\node_modules\.bin;C:\Users\BUTA\OneDrive\Desktop\node_modules\.bin;C:\Users\BUTA\OneDrive\node_modules\.bin;C:\Users\BUTA\node_modules\.bin;C:\Users\node_modules\.bin;C:\node_modules\.bin;C:\Program Files\nodejs\node_modules\npm\node_modules\@npmcli\run-script\lib\node-gyp-bin;C:\Program Files\Microsoft\jdk-11.0.18.10-hotspot\bin;C:\WINDOWS\system32;C:\WINDOWS;C:\WINDOWS\System32\Wbem;C:\WINDOWS\System32\WindowsPowerShell\v1.0\;C:\WINDOWS\System32\OpenSSH\;C:\ProgramData\chocolatey\bin;C:\Program Files\nodejs\;C:\Users\BUTA\AppData\Local\Android\Sdk;D:\programs\MySQL;C:\Program Files\Git\cmd;C:\Program Files\Microsoft SQL Server\150\Tools\Binn\;C:\Program Files\Microsoft SQL Server\Client SDK\ODBC\170\Tools\Binn\;C:\Program Files\dotnet\;C:\Program Files (x86)\Microsoft SQL Server\160\Tools\Binn\;C:\Program Files\Microsoft SQL Server\160\Tools\Binn\;C:\Program Files\Microsoft SQL Server\160\DTS\Binn\;C:\Program Files (x86)\Microsoft SQL Server\160\DTS\Binn\;C:\Program Files\Azure Data Studio\bin;C:\Users\BUTA\AppData\Local\Android\Sdk\platform-tools;C:\Users\BUTA\AppData\Local\Android\Sdk\tools;C:\Users\BUTA\AppData\Local\Microsoft\WindowsApps;C:\Users\BUTA\AppData\Roaming\npm;C:\Users\BUTA\AppData\Local\Programs\Microsoft VS Code\bin;
USERNAME=BUTA
LANG=en_US.UTF-8
OS=Windows_NT
PROCESSOR_IDENTIFIER=Intel64 Family 6 Model 140 Stepping 1, GenuineIntel
TMP=C:\Users\BUTA\AppData\Local\Temp
TEMP=C:\Users\BUTA\AppData\Local\Temp



---------------  S Y S T E M  ---------------

OS: Windows 11 , 64 bit Build 22621 (10.0.22621.2070)
OS uptime: 0 days 3:39 hours
Hyper-V role detected

CPU:total 8 (initial active 8) (4 cores per cpu, 2 threads per core) family 6 model 140 stepping 1 microcode 0xac, cmov, cx8, fxsr, mmx, sse, sse2, sse3, ssse3, sse4.1, sse4.2, popcnt, avx, avx2, aes, clmul, erms, 3dnowpref, lzcnt, ht, tsc, tscinvbit, bmi1, bmi2, adx, evex, sha, fma

Memory: 4k page, system-wide physical 7847M (422M free)
TotalPageFile size 22371M (AvailPageFile size 31M)
current process WorkingSet (physical memory assigned to process): 461M, peak: 461M
current process commit charge ("private bytes"): 634M, peak: 685M

vm_info: OpenJDK 64-Bit Server VM (11.0.18+10-LTS) for windows-amd64 JRE (11.0.18+10-LTS), built on Jan 18 2023 15:56:47 by "MicrosoftCorporation" with MS VC++ 15.9 (VS2017)

END.
