#
# There is insufficient memory for the Java Runtime Environment to continue.
# Native memory allocation (malloc) failed to allocate 1865776 bytes for Chunk::new
# Possible reasons:
#   The system is out of physical RAM or swap space
#   The process is running with CompressedOops enabled, and the Java Heap may be blocking the growth of the native heap
# Possible solutions:
#   Reduce memory load on the system
#   Increase physical memory or swap space
#   Check if swap backing store is full
#   Decrease Java heap size (-Xmx/-Xms)
#   Decrease number of Java threads
#   Decrease Java thread stack sizes (-Xss)
#   Set larger code cache with -XX:ReservedCodeCacheSize=
#   JVM is running with Unscaled Compressed Oops mode in which the Java heap is
#     placed in the first 4GB address space. The Java Heap base address is the
#     maximum limit for the native heap growth. Please use -XX:HeapBaseMinAddress
#     to set the Java Heap base and to place the Java Heap above 4GB virtual address.
# This output file may be truncated or incomplete.
#
#  Out of Memory Error (./src/hotspot/share/memory/arena.cpp:197), pid=17312, tid=12148
#
# JRE version: OpenJDK Runtime Environment Microsoft-7208460 (11.0.18+10) (build 11.0.18+10-LTS)
# Java VM: OpenJDK 64-Bit Server VM Microsoft-7208460 (11.0.18+10-LTS, mixed mode, tiered, compressed oops, g1 gc, windows-amd64)
# No core dump will be written. Minidumps are not enabled by default on client versions of Windows
#

---------------  S U M M A R Y ------------

Command Line: org.jetbrains.kotlin.cli.jvm.K2JVMCompiler @C:\Users\BUTA\Downloads\APPP-master\AwesomeProject\node_modules\react-native-webview\android\build\20230905_5512632715842431172.compiler.options

Host: 11th Gen Intel(R) Core(TM) i5-1135G7 @ 2.40GHz, 8 cores, 7G,  Windows 11 , 64 bit Build 22621 (10.0.22621.2070)
Time: Tue Sep  5 12:43:42 2023 Azerbaijan Standard Time elapsed time: 17.086157 seconds (0d 0h 0m 17s)

---------------  T H R E A D  ---------------

Current thread (0x000001de4ad67800):  JavaThread "C2 CompilerThread1" daemon [_thread_in_native, id=12148, stack(0x000000a001500000,0x000000a001600000)]


Current CompileTask:
C2:  17086 3125       4       java.lang.ClassLoader::loadClass (7 bytes)

Stack: [0x000000a001500000,0x000000a001600000]
Native frames: (J=compiled Java code, j=interpreted, Vv=VM code, C=native code)
V  [jvm.dll+0x62bf8a]
V  [jvm.dll+0x7b8fb9]
V  [jvm.dll+0x7ba6a8]
V  [jvm.dll+0x7bad83]
V  [jvm.dll+0x250248]
V  [jvm.dll+0xc260c]
V  [jvm.dll+0xc2bcc]
V  [jvm.dll+0x35e182]
V  [jvm.dll+0x32a373]
V  [jvm.dll+0x3296aa]
V  [jvm.dll+0x2093b3]
V  [jvm.dll+0x20850d]
V  [jvm.dll+0x18a4b1]
V  [jvm.dll+0x217eec]
V  [jvm.dll+0x21612b]
V  [jvm.dll+0x77bac0]
V  [jvm.dll+0x7749f4]
V  [jvm.dll+0x62adf5]
C  [ucrtbase.dll+0x29363]
C  [KERNEL32.DLL+0x126ad]
C  [ntdll.dll+0x5aa68]


---------------  P R O C E S S  ---------------

Threads class SMR info:
_java_thread_list=0x000001de4814fa70, length=11, elements={
0x000001de27091800, 0x000001de466e4800, 0x000001de466e7800, 0x000001de46746800,
0x000001de46747800, 0x000001de46749800, 0x000001de466f1000, 0x000001de466f4000,
0x000001de466f5000, 0x000001de46850800, 0x000001de4ad67800
}

Java Threads: ( => current thread )
  0x000001de27091800 JavaThread "main" [_thread_in_Java, id=9904, stack(0x000000a000200000,0x000000a000300000)]
  0x000001de466e4800 JavaThread "Reference Handler" daemon [_thread_blocked, id=7624, stack(0x000000a000900000,0x000000a000a00000)]
  0x000001de466e7800 JavaThread "Finalizer" daemon [_thread_blocked, id=8176, stack(0x000000a000a00000,0x000000a000b00000)]
  0x000001de46746800 JavaThread "Signal Dispatcher" daemon [_thread_blocked, id=14044, stack(0x000000a000b00000,0x000000a000c00000)]
  0x000001de46747800 JavaThread "Attach Listener" daemon [_thread_blocked, id=1544, stack(0x000000a000c00000,0x000000a000d00000)]
  0x000001de46749800 JavaThread "Service Thread" daemon [_thread_blocked, id=9084, stack(0x000000a000d00000,0x000000a000e00000)]
  0x000001de466f1000 JavaThread "C2 CompilerThread0" daemon [_thread_blocked, id=16268, stack(0x000000a000e00000,0x000000a000f00000)]
  0x000001de466f4000 JavaThread "C1 CompilerThread0" daemon [_thread_blocked, id=8760, stack(0x000000a000f00000,0x000000a001000000)]
  0x000001de466f5000 JavaThread "Sweeper thread" daemon [_thread_blocked, id=15372, stack(0x000000a001000000,0x000000a001100000)]
  0x000001de46850800 JavaThread "Common-Cleaner" daemon [_thread_blocked, id=13632, stack(0x000000a001200000,0x000000a001300000)]
=>0x000001de4ad67800 JavaThread "C2 CompilerThread1" daemon [_thread_in_native, id=12148, stack(0x000000a001500000,0x000000a001600000)]

Other Threads:
  0x000001de45eb0800 VMThread "VM Thread" [stack: 0x000000a000800000,0x000000a000900000] [id=4784]
  0x000001de4684e800 WatcherThread [stack: 0x000000a001100000,0x000000a001200000] [id=11308]
  0x000001de270ab000 GCTaskThread "GC Thread#0" [stack: 0x000000a000300000,0x000000a000400000] [id=16336]
  0x000001de46e47800 GCTaskThread "GC Thread#1" [stack: 0x000000a001300000,0x000000a001400000] [id=3612]
  0x000001de270d9000 ConcurrentGCThread "G1 Main Marker" [stack: 0x000000a000400000,0x000000a000500000] [id=3552]
  0x000001de270db800 ConcurrentGCThread "G1 Conc#0" [stack: 0x000000a000500000,0x000000a000600000] [id=8700]
  0x000001de47297800 ConcurrentGCThread "G1 Conc#1" [stack: 0x000000a001400000,0x000000a001500000] [id=16308]
  0x000001de45d06800 ConcurrentGCThread "G1 Refine#0" [stack: 0x000000a000600000,0x000000a000700000] [id=11992]
  0x000001de45d09800 ConcurrentGCThread "G1 Young RemSet Sampling" [stack: 0x000000a000700000,0x000000a000800000] [id=3660]

Threads with active compile tasks:
C2 CompilerThread1    17111 3125       4       java.lang.ClassLoader::loadClass (7 bytes)

VM state:not at safepoint (normal execution)

VM Mutex/Monitor currently owned by a thread: None

Heap address: 0x0000000085600000, size: 1962 MB, Compressed Oops mode: 32-bit
Narrow klass base: 0x0000000000000000, Narrow klass shift: 3
Compressed class space size: 1073741824 Address: 0x0000000100000000

Heap:
 garbage-first heap   total 126976K, used 55661K [0x0000000085600000, 0x0000000100000000)
  region size 1024K, 38 young (38912K), 3 survivors (3072K)
 Metaspace       used 43226K, capacity 43684K, committed 43984K, reserved 1087488K
  class space    used 5075K, capacity 5266K, committed 5372K, reserved 1048576K
Heap Regions: E=young(eden), S=young(survivor), O=old, HS=humongous(starts), HC=humongous(continues), CS=collection set, F=free, A=archive, TAMS=top-at-mark-start (previous, next)
|   0|0x0000000085600000, 0x0000000085700000, 0x0000000085700000|100%|HS|  |TAMS 0x0000000085700000, 0x0000000085600000| Complete 
|   1|0x0000000085700000, 0x0000000085800000, 0x0000000085800000|100%|HC|  |TAMS 0x0000000085800000, 0x0000000085700000| Complete 
|   2|0x0000000085800000, 0x0000000085900000, 0x0000000085900000|100%|HC|  |TAMS 0x0000000085900000, 0x0000000085800000| Complete 
|   3|0x0000000085900000, 0x0000000085a00000, 0x0000000085a00000|100%|HS|  |TAMS 0x0000000085a00000, 0x0000000085900000| Complete 
|   4|0x0000000085a00000, 0x0000000085b00000, 0x0000000085b00000|100%|HC|  |TAMS 0x0000000085b00000, 0x0000000085a00000| Complete 
|   5|0x0000000085b00000, 0x0000000085c00000, 0x0000000085c00000|100%|HC|  |TAMS 0x0000000085c00000, 0x0000000085b00000| Complete 
|   6|0x0000000085c00000, 0x0000000085c00000, 0x0000000085d00000|  0%| F|  |TAMS 0x0000000085c00000, 0x0000000085c00000| Untracked 
|   7|0x0000000085d00000, 0x0000000085d00000, 0x0000000085e00000|  0%| F|  |TAMS 0x0000000085d00000, 0x0000000085d00000| Untracked 
|   8|0x0000000085e00000, 0x0000000085f00000, 0x0000000085f00000|100%| O|  |TAMS 0x0000000085f00000, 0x0000000085e00000| Untracked 
|   9|0x0000000085f00000, 0x0000000086000000, 0x0000000086000000|100%| O|  |TAMS 0x0000000086000000, 0x0000000085f00000| Untracked 
|  10|0x0000000086000000, 0x0000000086100000, 0x0000000086100000|100%| O|  |TAMS 0x0000000086100000, 0x0000000086000000| Untracked 
|  11|0x0000000086100000, 0x0000000086200000, 0x0000000086200000|100%| O|  |TAMS 0x0000000086200000, 0x0000000086100000| Untracked 
|  12|0x0000000086200000, 0x0000000086300000, 0x0000000086300000|100%| O|  |TAMS 0x0000000086300000, 0x0000000086200000| Untracked 
|  13|0x0000000086300000, 0x0000000086400000, 0x0000000086400000|100%| O|  |TAMS 0x0000000086400000, 0x0000000086300000| Untracked 
|  14|0x0000000086400000, 0x0000000086500000, 0x0000000086500000|100%| O|  |TAMS 0x0000000086500000, 0x0000000086400000| Untracked 
|  15|0x0000000086500000, 0x0000000086600000, 0x0000000086600000|100%| O|  |TAMS 0x0000000086600000, 0x0000000086500000| Untracked 
|  16|0x0000000086600000, 0x0000000086700000, 0x0000000086700000|100%| O|  |TAMS 0x0000000086700000, 0x0000000086600000| Untracked 
|  17|0x0000000086700000, 0x0000000086800000, 0x0000000086800000|100%| O|  |TAMS 0x0000000086800000, 0x0000000086700000| Untracked 
|  18|0x0000000086800000, 0x0000000086900000, 0x0000000086900000|100%| O|  |TAMS 0x0000000086900000, 0x0000000086800000| Untracked 
|  19|0x0000000086900000, 0x00000000869c7200, 0x0000000086a00000| 77%| O|  |TAMS 0x00000000869c7200, 0x0000000086900000| Untracked 
|  20|0x0000000086a00000, 0x0000000086a00000, 0x0000000086b00000|  0%| F|  |TAMS 0x0000000086a00000, 0x0000000086a00000| Untracked 
|  21|0x0000000086b00000, 0x0000000086b00000, 0x0000000086c00000|  0%| F|  |TAMS 0x0000000086b00000, 0x0000000086b00000| Untracked 
|  22|0x0000000086c00000, 0x0000000086c00000, 0x0000000086d00000|  0%| F|  |TAMS 0x0000000086c00000, 0x0000000086c00000| Untracked 
|  23|0x0000000086d00000, 0x0000000086d00000, 0x0000000086e00000|  0%| F|  |TAMS 0x0000000086d00000, 0x0000000086d00000| Untracked 
|  24|0x0000000086e00000, 0x0000000086e00000, 0x0000000086f00000|  0%| F|  |TAMS 0x0000000086e00000, 0x0000000086e00000| Untracked 
|  25|0x0000000086f00000, 0x0000000086f00000, 0x0000000087000000|  0%| F|  |TAMS 0x0000000086f00000, 0x0000000086f00000| Untracked 
|  26|0x0000000087000000, 0x0000000087000000, 0x0000000087100000|  0%| F|  |TAMS 0x0000000087000000, 0x0000000087000000| Untracked 
|  27|0x0000000087100000, 0x0000000087100000, 0x0000000087200000|  0%| F|  |TAMS 0x0000000087100000, 0x0000000087100000| Untracked 
|  28|0x0000000087200000, 0x0000000087200000, 0x0000000087300000|  0%| F|  |TAMS 0x0000000087200000, 0x0000000087200000| Untracked 
|  29|0x0000000087300000, 0x0000000087300000, 0x0000000087400000|  0%| F|  |TAMS 0x0000000087300000, 0x0000000087300000| Untracked 
|  30|0x0000000087400000, 0x0000000087400000, 0x0000000087500000|  0%| F|  |TAMS 0x0000000087400000, 0x0000000087400000| Untracked 
|  31|0x0000000087500000, 0x0000000087500000, 0x0000000087600000|  0%| F|  |TAMS 0x0000000087500000, 0x0000000087500000| Untracked 
|  32|0x0000000087600000, 0x0000000087600000, 0x0000000087700000|  0%| F|  |TAMS 0x0000000087600000, 0x0000000087600000| Untracked 
|  33|0x0000000087700000, 0x0000000087700000, 0x0000000087800000|  0%| F|  |TAMS 0x0000000087700000, 0x0000000087700000| Untracked 
|  34|0x0000000087800000, 0x0000000087800000, 0x0000000087900000|  0%| F|  |TAMS 0x0000000087800000, 0x0000000087800000| Untracked 
|  35|0x0000000087900000, 0x0000000087900000, 0x0000000087a00000|  0%| F|  |TAMS 0x0000000087900000, 0x0000000087900000| Untracked 
|  36|0x0000000087a00000, 0x0000000087a00000, 0x0000000087b00000|  0%| F|  |TAMS 0x0000000087a00000, 0x0000000087a00000| Untracked 
|  37|0x0000000087b00000, 0x0000000087b00000, 0x0000000087c00000|  0%| F|  |TAMS 0x0000000087b00000, 0x0000000087b00000| Untracked 
|  38|0x0000000087c00000, 0x0000000087c00000, 0x0000000087d00000|  0%| F|  |TAMS 0x0000000087c00000, 0x0000000087c00000| Untracked 
|  39|0x0000000087d00000, 0x0000000087d00000, 0x0000000087e00000|  0%| F|  |TAMS 0x0000000087d00000, 0x0000000087d00000| Untracked 
|  40|0x0000000087e00000, 0x0000000087e00000, 0x0000000087f00000|  0%| F|  |TAMS 0x0000000087e00000, 0x0000000087e00000| Untracked 
|  41|0x0000000087f00000, 0x0000000087f00000, 0x0000000088000000|  0%| F|  |TAMS 0x0000000087f00000, 0x0000000087f00000| Untracked 
|  42|0x0000000088000000, 0x0000000088000000, 0x0000000088100000|  0%| F|  |TAMS 0x0000000088000000, 0x0000000088000000| Untracked 
|  43|0x0000000088100000, 0x0000000088100000, 0x0000000088200000|  0%| F|  |TAMS 0x0000000088100000, 0x0000000088100000| Untracked 
|  44|0x0000000088200000, 0x0000000088200000, 0x0000000088300000|  0%| F|  |TAMS 0x0000000088200000, 0x0000000088200000| Untracked 
|  45|0x0000000088300000, 0x0000000088300000, 0x0000000088400000|  0%| F|  |TAMS 0x0000000088300000, 0x0000000088300000| Untracked 
|  46|0x0000000088400000, 0x0000000088400000, 0x0000000088500000|  0%| F|  |TAMS 0x0000000088400000, 0x0000000088400000| Untracked 
|  47|0x0000000088500000, 0x0000000088500000, 0x0000000088600000|  0%| F|  |TAMS 0x0000000088500000, 0x0000000088500000| Untracked 
|  48|0x0000000088600000, 0x0000000088600000, 0x0000000088700000|  0%| F|  |TAMS 0x0000000088600000, 0x0000000088600000| Untracked 
|  49|0x0000000088700000, 0x0000000088700000, 0x0000000088800000|  0%| F|  |TAMS 0x0000000088700000, 0x0000000088700000| Untracked 
|  50|0x0000000088800000, 0x0000000088800000, 0x0000000088900000|  0%| F|  |TAMS 0x0000000088800000, 0x0000000088800000| Untracked 
|  51|0x0000000088900000, 0x0000000088900000, 0x0000000088a00000|  0%| F|  |TAMS 0x0000000088900000, 0x0000000088900000| Untracked 
|  52|0x0000000088a00000, 0x0000000088a00000, 0x0000000088b00000|  0%| F|  |TAMS 0x0000000088a00000, 0x0000000088a00000| Untracked 
|  53|0x0000000088b00000, 0x0000000088b00000, 0x0000000088c00000|  0%| F|  |TAMS 0x0000000088b00000, 0x0000000088b00000| Untracked 
|  54|0x0000000088c00000, 0x0000000088c00000, 0x0000000088d00000|  0%| F|  |TAMS 0x0000000088c00000, 0x0000000088c00000| Untracked 
|  55|0x0000000088d00000, 0x0000000088d00000, 0x0000000088e00000|  0%| F|  |TAMS 0x0000000088d00000, 0x0000000088d00000| Untracked 
|  56|0x0000000088e00000, 0x0000000088e00000, 0x0000000088f00000|  0%| F|  |TAMS 0x0000000088e00000, 0x0000000088e00000| Untracked 
|  57|0x0000000088f00000, 0x0000000088f00000, 0x0000000089000000|  0%| F|  |TAMS 0x0000000088f00000, 0x0000000088f00000| Untracked 
|  58|0x0000000089000000, 0x0000000089000000, 0x0000000089100000|  0%| F|  |TAMS 0x0000000089000000, 0x0000000089000000| Untracked 
|  59|0x0000000089100000, 0x0000000089100000, 0x0000000089200000|  0%| F|  |TAMS 0x0000000089100000, 0x0000000089100000| Untracked 
|  60|0x0000000089200000, 0x0000000089200000, 0x0000000089300000|  0%| F|  |TAMS 0x0000000089200000, 0x0000000089200000| Untracked 
|  61|0x0000000089300000, 0x0000000089300000, 0x0000000089400000|  0%| F|  |TAMS 0x0000000089300000, 0x0000000089300000| Untracked 
|  62|0x0000000089400000, 0x0000000089400000, 0x0000000089500000|  0%| F|  |TAMS 0x0000000089400000, 0x0000000089400000| Untracked 
|  63|0x0000000089500000, 0x0000000089500000, 0x0000000089600000|  0%| F|  |TAMS 0x0000000089500000, 0x0000000089500000| Untracked 
|  64|0x0000000089600000, 0x0000000089600000, 0x0000000089700000|  0%| F|  |TAMS 0x0000000089600000, 0x0000000089600000| Untracked 
|  65|0x0000000089700000, 0x0000000089700000, 0x0000000089800000|  0%| F|  |TAMS 0x0000000089700000, 0x0000000089700000| Untracked 
|  66|0x0000000089800000, 0x0000000089800000, 0x0000000089900000|  0%| F|  |TAMS 0x0000000089800000, 0x0000000089800000| Untracked 
|  67|0x0000000089900000, 0x0000000089900000, 0x0000000089a00000|  0%| F|  |TAMS 0x0000000089900000, 0x0000000089900000| Untracked 
|  68|0x0000000089a00000, 0x0000000089a00000, 0x0000000089b00000|  0%| F|  |TAMS 0x0000000089a00000, 0x0000000089a00000| Untracked 
|  69|0x0000000089b00000, 0x0000000089b00000, 0x0000000089c00000|  0%| F|  |TAMS 0x0000000089b00000, 0x0000000089b00000| Untracked 
|  70|0x0000000089c00000, 0x0000000089c00000, 0x0000000089d00000|  0%| F|  |TAMS 0x0000000089c00000, 0x0000000089c00000| Untracked 
|  71|0x0000000089d00000, 0x0000000089d00000, 0x0000000089e00000|  0%| F|  |TAMS 0x0000000089d00000, 0x0000000089d00000| Untracked 
|  72|0x0000000089e00000, 0x0000000089e00000, 0x0000000089f00000|  0%| F|  |TAMS 0x0000000089e00000, 0x0000000089e00000| Untracked 
|  73|0x0000000089f00000, 0x0000000089f00000, 0x000000008a000000|  0%| F|  |TAMS 0x0000000089f00000, 0x0000000089f00000| Untracked 
|  74|0x000000008a000000, 0x000000008a000000, 0x000000008a100000|  0%| F|  |TAMS 0x000000008a000000, 0x000000008a000000| Untracked 
|  75|0x000000008a100000, 0x000000008a100000, 0x000000008a200000|  0%| F|  |TAMS 0x000000008a100000, 0x000000008a100000| Untracked 
|  76|0x000000008a200000, 0x000000008a200000, 0x000000008a300000|  0%| F|  |TAMS 0x000000008a200000, 0x000000008a200000| Untracked 
|  77|0x000000008a300000, 0x000000008a300000, 0x000000008a400000|  0%| F|  |TAMS 0x000000008a300000, 0x000000008a300000| Untracked 
|  78|0x000000008a400000, 0x000000008a400000, 0x000000008a500000|  0%| F|  |TAMS 0x000000008a400000, 0x000000008a400000| Untracked 
|  79|0x000000008a500000, 0x000000008a500000, 0x000000008a600000|  0%| F|  |TAMS 0x000000008a500000, 0x000000008a500000| Untracked 
|  80|0x000000008a600000, 0x000000008a600000, 0x000000008a700000|  0%| F|  |TAMS 0x000000008a600000, 0x000000008a600000| Untracked 
|  81|0x000000008a700000, 0x000000008a700000, 0x000000008a800000|  0%| F|  |TAMS 0x000000008a700000, 0x000000008a700000| Untracked 
|  82|0x000000008a800000, 0x000000008a800000, 0x000000008a900000|  0%| F|  |TAMS 0x000000008a800000, 0x000000008a800000| Untracked 
|  83|0x000000008a900000, 0x000000008a900000, 0x000000008aa00000|  0%| F|  |TAMS 0x000000008a900000, 0x000000008a900000| Untracked 
|  84|0x000000008aa00000, 0x000000008aa00000, 0x000000008ab00000|  0%| F|  |TAMS 0x000000008aa00000, 0x000000008aa00000| Untracked 
|  85|0x000000008ab00000, 0x000000008ab00000, 0x000000008ac00000|  0%| F|  |TAMS 0x000000008ab00000, 0x000000008ab00000| Untracked 
|  86|0x000000008ac00000, 0x000000008ac80800, 0x000000008ad00000| 50%| E|  |TAMS 0x000000008ac00000, 0x000000008ac00000| Complete 
|  87|0x000000008ad00000, 0x000000008ae00000, 0x000000008ae00000|100%| E|CS|TAMS 0x000000008ad00000, 0x000000008ad00000| Complete 
|  88|0x000000008ae00000, 0x000000008af00000, 0x000000008af00000|100%| E|CS|TAMS 0x000000008ae00000, 0x000000008ae00000| Complete 
|  89|0x000000008af00000, 0x000000008b000000, 0x000000008b000000|100%| E|CS|TAMS 0x000000008af00000, 0x000000008af00000| Complete 
|  90|0x000000008b000000, 0x000000008b100000, 0x000000008b100000|100%| E|CS|TAMS 0x000000008b000000, 0x000000008b000000| Complete 
|  91|0x000000008b100000, 0x000000008b200000, 0x000000008b200000|100%| E|CS|TAMS 0x000000008b100000, 0x000000008b100000| Complete 
|  92|0x000000008b200000, 0x000000008b300000, 0x000000008b300000|100%| E|CS|TAMS 0x000000008b200000, 0x000000008b200000| Complete 
|  93|0x000000008b300000, 0x000000008b400000, 0x000000008b400000|100%| E|CS|TAMS 0x000000008b300000, 0x000000008b300000| Complete 
|  94|0x000000008b400000, 0x000000008b500000, 0x000000008b500000|100%| E|CS|TAMS 0x000000008b400000, 0x000000008b400000| Complete 
|  95|0x000000008b500000, 0x000000008b600000, 0x000000008b600000|100%| E|CS|TAMS 0x000000008b500000, 0x000000008b500000| Complete 
|  96|0x000000008b600000, 0x000000008b700000, 0x000000008b700000|100%| E|CS|TAMS 0x000000008b600000, 0x000000008b600000| Complete 
|  97|0x000000008b700000, 0x000000008b800000, 0x000000008b800000|100%| E|CS|TAMS 0x000000008b700000, 0x000000008b700000| Complete 
|  98|0x000000008b800000, 0x000000008b900000, 0x000000008b900000|100%| E|CS|TAMS 0x000000008b800000, 0x000000008b800000| Complete 
|  99|0x000000008b900000, 0x000000008ba00000, 0x000000008ba00000|100%| E|CS|TAMS 0x000000008b900000, 0x000000008b900000| Complete 
| 100|0x000000008ba00000, 0x000000008bb00000, 0x000000008bb00000|100%| E|CS|TAMS 0x000000008ba00000, 0x000000008ba00000| Complete 
| 101|0x000000008bb00000, 0x000000008bc00000, 0x000000008bc00000|100%| E|CS|TAMS 0x000000008bb00000, 0x000000008bb00000| Complete 
| 102|0x000000008bc00000, 0x000000008bd00000, 0x000000008bd00000|100%| E|CS|TAMS 0x000000008bc00000, 0x000000008bc00000| Complete 
| 103|0x000000008bd00000, 0x000000008be00000, 0x000000008be00000|100%| E|CS|TAMS 0x000000008bd00000, 0x000000008bd00000| Complete 
| 104|0x000000008be00000, 0x000000008bf00000, 0x000000008bf00000|100%| E|CS|TAMS 0x000000008be00000, 0x000000008be00000| Complete 
| 105|0x000000008bf00000, 0x000000008c000000, 0x000000008c000000|100%| E|CS|TAMS 0x000000008bf00000, 0x000000008bf00000| Complete 
| 106|0x000000008c000000, 0x000000008c094370, 0x000000008c100000| 57%| S|CS|TAMS 0x000000008c000000, 0x000000008c000000| Complete 
| 107|0x000000008c100000, 0x000000008c200000, 0x000000008c200000|100%| S|CS|TAMS 0x000000008c100000, 0x000000008c100000| Complete 
| 108|0x000000008c200000, 0x000000008c300000, 0x000000008c300000|100%| S|CS|TAMS 0x000000008c200000, 0x000000008c200000| Complete 
| 109|0x000000008c300000, 0x000000008c400000, 0x000000008c400000|100%| E|CS|TAMS 0x000000008c300000, 0x000000008c300000| Complete 
| 110|0x000000008c400000, 0x000000008c500000, 0x000000008c500000|100%| E|CS|TAMS 0x000000008c400000, 0x000000008c400000| Complete 
| 111|0x000000008c500000, 0x000000008c600000, 0x000000008c600000|100%| E|CS|TAMS 0x000000008c500000, 0x000000008c500000| Complete 
| 112|0x000000008c600000, 0x000000008c700000, 0x000000008c700000|100%| E|CS|TAMS 0x000000008c600000, 0x000000008c600000| Complete 
| 113|0x000000008c700000, 0x000000008c800000, 0x000000008c800000|100%| E|CS|TAMS 0x000000008c700000, 0x000000008c700000| Complete 
| 114|0x000000008c800000, 0x000000008c900000, 0x000000008c900000|100%| E|CS|TAMS 0x000000008c800000, 0x000000008c800000| Complete 
| 115|0x000000008c900000, 0x000000008ca00000, 0x000000008ca00000|100%| E|CS|TAMS 0x000000008c900000, 0x000000008c900000| Complete 
| 116|0x000000008ca00000, 0x000000008cb00000, 0x000000008cb00000|100%| E|CS|TAMS 0x000000008ca00000, 0x000000008ca00000| Complete 
| 117|0x000000008cb00000, 0x000000008cc00000, 0x000000008cc00000|100%| E|CS|TAMS 0x000000008cb00000, 0x000000008cb00000| Complete 
| 118|0x000000008cc00000, 0x000000008cd00000, 0x000000008cd00000|100%| E|CS|TAMS 0x000000008cc00000, 0x000000008cc00000| Complete 
| 119|0x000000008cd00000, 0x000000008ce00000, 0x000000008ce00000|100%| E|CS|TAMS 0x000000008cd00000, 0x000000008cd00000| Complete 
| 120|0x000000008ce00000, 0x000000008cf00000, 0x000000008cf00000|100%| E|CS|TAMS 0x000000008ce00000, 0x000000008ce00000| Complete 
| 121|0x000000008cf00000, 0x000000008d000000, 0x000000008d000000|100%| E|CS|TAMS 0x000000008cf00000, 0x000000008cf00000| Complete 
| 122|0x000000008d000000, 0x000000008d100000, 0x000000008d100000|100%| E|CS|TAMS 0x000000008d000000, 0x000000008d000000| Complete 
| 123|0x000000008d100000, 0x000000008d200000, 0x000000008d200000|100%| E|CS|TAMS 0x000000008d100000, 0x000000008d100000| Complete 

Card table byte_map: [0x000001de3ef10000,0x000001de3f2f0000] _byte_map_base: 0x000001de3eae5000

Marking Bits (Prev, Next): (CMBitMap*) 0x000001de270d0b08, (CMBitMap*) 0x000001de270d0b40
 Prev Bits: [0x000001de3f6d0000, 0x000001de41578000)
 Next Bits: [0x000001de41580000, 0x000001de43428000)

Polling page: 0x000001de25080000

Metaspace:

Usage:
  Non-class:     37.52 MB capacity,    37.26 MB (>99%) used,   204.80 KB ( <1%) free+waste,    62.13 KB ( <1%) overhead. 
      Class:      5.14 MB capacity,     4.96 MB ( 96%) used,   163.56 KB (  3%) free+waste,    27.38 KB ( <1%) overhead. 
       Both:     42.66 MB capacity,    42.21 MB ( 99%) used,   368.36 KB ( <1%) free+waste,    89.50 KB ( <1%) overhead. 

Virtual space:
  Non-class space:       38.00 MB reserved,      37.71 MB (>99%) committed 
      Class space:        1.00 GB reserved,       5.25 MB ( <1%) committed 
             Both:        1.04 GB reserved,      42.95 MB (  4%) committed 

Chunk freelists:
   Non-Class:  130.00 KB
       Class:  14.00 KB
        Both:  144.00 KB

MaxMetaspaceSize: 17179869184.00 GB
CompressedClassSpaceSize: 1.00 GB
Initial GC threshold: 20.80 MB
Current GC threshold: 59.09 MB
CDS: off

CodeHeap 'non-profiled nmethods': size=120000Kb used=1265Kb max_used=1265Kb free=118734Kb
 bounds [0x000001de372d0000, 0x000001de37540000, 0x000001de3e800000]
CodeHeap 'profiled nmethods': size=120000Kb used=6384Kb max_used=6384Kb free=113616Kb
 bounds [0x000001de2fda0000, 0x000001de303e0000, 0x000001de372d0000]
CodeHeap 'non-nmethods': size=5760Kb used=1265Kb max_used=1294Kb free=4494Kb
 bounds [0x000001de2f800000, 0x000001de2fa70000, 0x000001de2fda0000]
 total_blobs=3726 nmethods=3192 adapters=446
 compilation: enabled
              stopped_count=0, restarted_count=0
 full_count=0

Compilation events (20 events):
Event: 17.028 Thread 0x000001de466f4000 3159       3       org.jetbrains.kotlin.com.intellij.util.containers.TreeTraversal$P::iterator (67 bytes)
Event: 17.028 Thread 0x000001de466f4000 nmethod 3159 0x000001de303c9b10 code [0x000001de303c9d00, 0x000001de303ca178]
Event: 17.028 Thread 0x000001de466f4000 3160       1       org.jetbrains.kotlin.com.intellij.psi.impl.source.tree.LeafElement::getLastChildNode (2 bytes)
Event: 17.028 Thread 0x000001de466f4000 nmethod 3160 0x000001de3740c190 code [0x000001de3740c340, 0x000001de3740c3f8]
Event: 17.028 Thread 0x000001de466f4000 3161       3       org.jetbrains.kotlin.com.intellij.util.containers.JBIterator::hasNext (20 bytes)
Event: 17.028 Thread 0x000001de466f4000 nmethod 3161 0x000001de303ca290 code [0x000001de303ca440, 0x000001de303ca5e8]
Event: 17.028 Thread 0x000001de466f4000 3162       3       org.jetbrains.kotlin.com.intellij.psi.stubs.MostlyUShortIntList::get (28 bytes)
Event: 17.029 Thread 0x000001de466f4000 nmethod 3162 0x000001de303ca690 code [0x000001de303ca880, 0x000001de303cac28]
Event: 17.029 Thread 0x000001de466f4000 3164       3       org.jetbrains.kotlin.psi.stubs.elements.KtStubElementType::shouldCreateStub (51 bytes)
Event: 17.029 Thread 0x000001de466f4000 nmethod 3164 0x000001de303cae10 code [0x000001de303cb0c0, 0x000001de303cc188]
Event: 17.029 Thread 0x000001de466f4000 3165       3       org.jetbrains.kotlin.psi.stubs.elements.KtStubElementType::createStubDependingOnParent (41 bytes)
Event: 17.030 Thread 0x000001de466f4000 nmethod 3165 0x000001de303cc490 code [0x000001de303cc6a0, 0x000001de303cce38]
Event: 17.030 Thread 0x000001de466f4000 3163       3       org.jetbrains.kotlin.com.intellij.util.containers.UnsignedShortArrayList::getQuick (7 bytes)
Event: 17.030 Thread 0x000001de466f4000 nmethod 3163 0x000001de303cd010 code [0x000001de303cd1c0, 0x000001de303cd2f8]
Event: 17.061 Thread 0x000001de466f4000 3166       3       org.jetbrains.kotlin.com.intellij.psi.stubs.MostlyUShortIntList::add (38 bytes)
Event: 17.061 Thread 0x000001de466f4000 nmethod 3166 0x000001de303cd410 code [0x000001de303cd680, 0x000001de303cde28]
Event: 17.061 Thread 0x000001de466f4000 3167       3       org.jetbrains.kotlin.com.intellij.util.containers.UnsignedShortArrayList::add (27 bytes)
Event: 17.062 Thread 0x000001de466f4000 nmethod 3167 0x000001de303ce190 code [0x000001de303ce360, 0x000001de303ce5e8]
Event: 17.062 Thread 0x000001de466f4000 3168       3       org.jetbrains.kotlin.com.intellij.util.containers.UnsignedShortArrayList::ensureCapacity (57 bytes)
Event: 17.062 Thread 0x000001de466f4000 nmethod 3168 0x000001de303ce790 code [0x000001de303ce960, 0x000001de303ceca8]

GC Heap History (8 events):
Event: 3.586 GC heap before
{Heap before GC invocations=0 (full 0):
 garbage-first heap   total 126976K, used 27648K [0x0000000085600000, 0x0000000100000000)
  region size 1024K, 24 young (24576K), 0 survivors (0K)
 Metaspace       used 12344K, capacity 12501K, committed 12800K, reserved 1060864K
  class space    used 1147K, capacity 1206K, committed 1280K, reserved 1048576K
}
Event: 3.603 GC heap after
{Heap after GC invocations=1 (full 0):
 garbage-first heap   total 126976K, used 5923K [0x0000000085600000, 0x0000000100000000)
  region size 1024K, 3 young (3072K), 3 survivors (3072K)
 Metaspace       used 12344K, capacity 12501K, committed 12800K, reserved 1060864K
  class space    used 1147K, capacity 1206K, committed 1280K, reserved 1048576K
}
Event: 8.325 GC heap before
{Heap before GC invocations=1 (full 0):
 garbage-first heap   total 126976K, used 41763K [0x0000000085600000, 0x0000000100000000)
  region size 1024K, 39 young (39936K), 3 survivors (3072K)
 Metaspace       used 20971K, capacity 21183K, committed 21248K, reserved 1069056K
  class space    used 2201K, capacity 2280K, committed 2304K, reserved 1048576K
}
Event: 8.341 GC heap after
{Heap after GC invocations=2 (full 0):
 garbage-first heap   total 126976K, used 9384K [0x0000000085600000, 0x0000000100000000)
  region size 1024K, 7 young (7168K), 7 survivors (7168K)
 Metaspace       used 20971K, capacity 21183K, committed 21248K, reserved 1069056K
  class space    used 2201K, capacity 2280K, committed 2304K, reserved 1048576K
}
Event: 13.642 GC heap before
{Heap before GC invocations=3 (full 0):
 garbage-first heap   total 126976K, used 62632K [0x0000000085600000, 0x0000000100000000)
  region size 1024K, 54 young (55296K), 7 survivors (7168K)
 Metaspace       used 32547K, capacity 33005K, committed 33276K, reserved 1079296K
  class space    used 4031K, capacity 4212K, committed 4348K, reserved 1048576K
}
Event: 13.669 GC heap after
{Heap after GC invocations=4 (full 0):
 garbage-first heap   total 126976K, used 20480K [0x0000000085600000, 0x0000000100000000)
  region size 1024K, 7 young (7168K), 7 survivors (7168K)
 Metaspace       used 32547K, capacity 33005K, committed 33276K, reserved 1079296K
  class space    used 4031K, capacity 4212K, committed 4348K, reserved 1048576K
}
Event: 14.498 GC heap before
{Heap before GC invocations=4 (full 0):
 garbage-first heap   total 126976K, used 34816K [0x0000000085600000, 0x0000000100000000)
  region size 1024K, 22 young (22528K), 7 survivors (7168K)
 Metaspace       used 35451K, capacity 35919K, committed 36048K, reserved 1081344K
  class space    used 4338K, capacity 4542K, committed 4604K, reserved 1048576K
}
Event: 14.524 GC heap after
{Heap after GC invocations=5 (full 0):
 garbage-first heap   total 126976K, used 20845K [0x0000000085600000, 0x0000000100000000)
  region size 1024K, 3 young (3072K), 3 survivors (3072K)
 Metaspace       used 35451K, capacity 35919K, committed 36048K, reserved 1081344K
  class space    used 4338K, capacity 4542K, committed 4604K, reserved 1048576K
}

Deoptimization events (20 events):
Event: 16.144 Thread 0x000001de27091800 Uncommon trap: trap_request=0xffffff4d fr.pc=0x000001de37306e6c relative=0x0000000000000c4c
Event: 16.145 Thread 0x000001de27091800 Uncommon trap: reason=unstable_if action=reinterpret pc=0x000001de37306e6c method=java.lang.StringCoding.encodeUTF8(B[BZ)[B @ 2 c2
Event: 16.145 Thread 0x000001de27091800 DEOPT PACKING pc=0x000001de37306e6c sp=0x000000a0002f5980
Event: 16.145 Thread 0x000001de27091800 DEOPT UNPACKING pc=0x000001de2f8085af sp=0x000000a0002f5770 mode 2
Event: 16.145 Thread 0x000001de27091800 Uncommon trap: trap_request=0xffffff4d fr.pc=0x000001de373c5b14 relative=0x0000000000000bb4
Event: 16.145 Thread 0x000001de27091800 Uncommon trap: reason=unstable_if action=reinterpret pc=0x000001de373c5b14 method=sun.net.www.ParseUtil.firstEncodeIndex(Ljava/lang/String;)I @ 27 c2
Event: 16.145 Thread 0x000001de27091800 DEOPT PACKING pc=0x000001de373c5b14 sp=0x000000a0002f5a10
Event: 16.145 Thread 0x000001de27091800 DEOPT UNPACKING pc=0x000001de2f8085af sp=0x000000a0002f5888 mode 2
Event: 16.145 Thread 0x000001de27091800 Uncommon trap: trap_request=0xffffff4d fr.pc=0x000001de3739fa38 relative=0x0000000000000198
Event: 16.145 Thread 0x000001de27091800 Uncommon trap: reason=unstable_if action=reinterpret pc=0x000001de3739fa38 method=java.lang.String.indexOf(II)I @ 4 c2
Event: 16.145 Thread 0x000001de27091800 DEOPT PACKING pc=0x000001de3739fa38 sp=0x000000a0002f56f0
Event: 16.145 Thread 0x000001de27091800 DEOPT UNPACKING pc=0x000001de2f8085af sp=0x000000a0002f56a0 mode 2
Event: 16.145 Thread 0x000001de27091800 Uncommon trap: trap_request=0xffffff4d fr.pc=0x000001de373a0834 relative=0x0000000000000194
Event: 16.145 Thread 0x000001de27091800 Uncommon trap: reason=unstable_if action=reinterpret pc=0x000001de373a0834 method=java.lang.String.startsWith(Ljava/lang/String;I)Z @ 46 c2
Event: 16.145 Thread 0x000001de27091800 DEOPT PACKING pc=0x000001de373a0834 sp=0x000000a0002f57f0
Event: 16.145 Thread 0x000001de27091800 DEOPT UNPACKING pc=0x000001de2f8085af sp=0x000000a0002f5758 mode 2
Event: 16.145 Thread 0x000001de27091800 Uncommon trap: trap_request=0xffffff4d fr.pc=0x000001de373f7824 relative=0x0000000000000644
Event: 16.145 Thread 0x000001de27091800 Uncommon trap: reason=unstable_if action=reinterpret pc=0x000001de373f7824 method=java.lang.String.lastIndexOf(II)I @ 4 c2
Event: 16.145 Thread 0x000001de27091800 DEOPT PACKING pc=0x000001de373f7824 sp=0x000000a0002f5860
Event: 16.145 Thread 0x000001de27091800 DEOPT UNPACKING pc=0x000001de2f8085af sp=0x000000a0002f5750 mode 2

Classes redefined (0 events):
No events

Internal exceptions (20 events):
Event: 5.074 Thread 0x000001de27091800 Exception <a 'java/lang/NoSuchMethodError'{0x000000008be97038}: 'int java.lang.invoke.DirectMethodHandle$Holder.invokeSpecial(java.lang.Object, java.lang.Object, java.lang.Object, java.lang.Object)'> (0x000000008be97038) thrown at [./src/hotspot/share/interpreter/linkResolver.cpp, line 773]
Event: 5.076 Thread 0x000001de27091800 Exception <a 'java/lang/NoSuchMethodError'{0x000000008bea5e18}: 'int java.lang.invoke.DelegatingMethodHandle$Holder.reinvoke_L(java.lang.Object, java.lang.Object, java.lang.Object, long, int)'> (0x000000008bea5e18) thrown at [./src/hotspot/share/interpreter/linkResolver.cpp, line 773]
Event: 6.770 Thread 0x000001de27091800 Exception <a 'java/lang/NoSuchMethodError'{0x000000008bafe628}: 'int java.lang.invoke.DirectMethodHandle$Holder.invokeSpecialIFC(java.lang.Object, java.lang.Object, int)'> (0x000000008bafe628) thrown at [./src/hotspot/share/interpreter/linkResolver.cpp, line 773]
Event: 7.841 Thread 0x000001de27091800 Exception <a 'java/lang/NoSuchMethodError'{0x000000008af188b0}: 'java.lang.Object java.lang.invoke.DirectMethodHandle$Holder.invokeStaticInit(java.lang.Object, int)'> (0x000000008af188b0) thrown at [./src/hotspot/share/interpreter/linkResolver.cpp, line 773]
Event: 8.090 Thread 0x000001de27091800 Exception <a 'java/lang/NoSuchMethodError'{0x000000008aee4918}: 'long java.lang.invoke.DirectMethodHandle$Holder.invokeStatic(java.lang.Object)'> (0x000000008aee4918) thrown at [./src/hotspot/share/interpreter/linkResolver.cpp, line 773]
Event: 8.091 Thread 0x000001de27091800 Exception <a 'java/lang/NoSuchMethodError'{0x000000008aee7770}: 'long java.lang.invoke.DirectMethodHandle$Holder.invokeStaticInit(java.lang.Object)'> (0x000000008aee7770) thrown at [./src/hotspot/share/interpreter/linkResolver.cpp, line 773]
Event: 8.782 Thread 0x000001de27091800 Exception <a 'java/lang/NoSuchMethodError'{0x000000008d06b190}: 'int java.lang.invoke.DirectMethodHandle$Holder.invokeStaticInit(java.lang.Object, java.lang.Object, java.lang.Object)'> (0x000000008d06b190) thrown at [./src/hotspot/share/interpreter/linkResolver.cpp, line 773]
Event: 8.991 Thread 0x000001de27091800 Exception <a 'java/lang/NoSuchMethodError'{0x000000008d0e4fc0}: 'int java.lang.invoke.DirectMethodHandle$Holder.invokeStaticInit(java.lang.Object, java.lang.Object)'> (0x000000008d0e4fc0) thrown at [./src/hotspot/share/interpreter/linkResolver.cpp, line 773]
Event: 9.416 Thread 0x000001de27091800 Exception <a 'java/lang/NoSuchMethodError'{0x000000008cef7dd0}: 'void java.lang.invoke.DirectMethodHandle$Holder.invokeSpecial(java.lang.Object, java.lang.Object)'> (0x000000008cef7dd0) thrown at [./src/hotspot/share/interpreter/linkResolver.cpp, line 773]
Event: 9.992 Thread 0x000001de27091800 Exception <a 'java/lang/NoSuchMethodError'{0x000000008c677c70}: 'java.lang.Object java.lang.invoke.DirectMethodHandle$Holder.invokeStatic(java.lang.Object, java.lang.Object, java.lang.Object, java.lang.Object, java.lang.Object, java.lang.Object, java.lang.Object, java.lang.Object, java.lang.Object, java.lang.Object, java.lang.Object, java.lang.Object, java.lang.Object, java.lang.Object, java.lang.Object)'> (0x000000008c677c70) thrown at [./src/hotspot/share/interpreter/linkResolver.cpp, line 773]
Event: 9.994 Thread 0x000001de27091800 Exception <a 'java/lang/NoSuchMethodError'{0x000000008c685ee0}: 'java.lang.Object java.lang.invoke.DirectMethodHandle$Holder.invokeStatic(java.lang.Object, java.lang.Object, java.lang.Object, java.lang.Object, java.lang.Object, java.lang.Object, java.lang.Object, java.lang.Object, java.lang.Object, java.lang.Object, java.lang.Object, java.lang.Object, java.lang.Object, java.lang.Object, java.lang.Object, java.lang.Object)'> (0x000000008c685ee0) thrown at [./src/hotspot/share/interpreter/linkResolver.cpp, l
Event: 9.996 Thread 0x000001de27091800 Exception <a 'java/lang/NoSuchMethodError'{0x000000008c693df8}: 'java.lang.Object java.lang.invoke.DirectMethodHandle$Holder.invokeSpecial(java.lang.Object, java.lang.Object, int, int, java.lang.Object, java.lang.Object, java.lang.Object)'> (0x000000008c693df8) thrown at [./src/hotspot/share/interpreter/linkResolver.cpp, line 773]
Event: 9.996 Thread 0x000001de27091800 Exception <a 'java/lang/NoSuchMethodError'{0x000000008c697630}: 'java.lang.Object java.lang.invoke.DelegatingMethodHandle$Holder.reinvoke_L(java.lang.Object, int, int, java.lang.Object, java.lang.Object, java.lang.Object)'> (0x000000008c697630) thrown at [./src/hotspot/share/interpreter/linkResolver.cpp, line 773]
Event: 10.000 Thread 0x000001de27091800 Exception <a 'java/lang/NoSuchMethodError'{0x000000008c69b9b8}: 'java.lang.Object java.lang.invoke.DirectMethodHandle$Holder.invokeStatic(java.lang.Object, java.lang.Object, java.lang.Object, java.lang.Object, int)'> (0x000000008c69b9b8) thrown at [./src/hotspot/share/interpreter/linkResolver.cpp, line 773]
Event: 10.101 Thread 0x000001de27091800 Exception <a 'java/lang/NoSuchMethodError'{0x000000008c5bf5b0}: 'void java.lang.invoke.DirectMethodHandle$Holder.invokeStatic(java.lang.Object, java.lang.Object, java.lang.Object, java.lang.Object)'> (0x000000008c5bf5b0) thrown at [./src/hotspot/share/interpreter/linkResolver.cpp, line 773]
Event: 10.331 Thread 0x000001de27091800 Exception <a 'java/lang/NoSuchMethodError'{0x000000008c19f058}: 'void java.lang.invoke.DirectMethodHandle$Holder.invokeStaticInit(java.lang.Object, java.lang.Object)'> (0x000000008c19f058) thrown at [./src/hotspot/share/interpreter/linkResolver.cpp, line 773]
Event: 10.615 Thread 0x000001de27091800 Exception <a 'java/lang/NoSuchMethodError'{0x000000008bdbe410}: 'void java.lang.invoke.DirectMethodHandle$Holder.invokeVirtual(java.lang.Object, java.lang.Object)'> (0x000000008bdbe410) thrown at [./src/hotspot/share/interpreter/linkResolver.cpp, line 773]
Event: 10.653 Thread 0x000001de27091800 Exception <a 'java/lang/NoSuchMethodError'{0x000000008bc379c0}: 'int java.lang.invoke.DirectMethodHandle$Holder.invokeVirtual(java.lang.Object, java.lang.Object)'> (0x000000008bc379c0) thrown at [./src/hotspot/share/interpreter/linkResolver.cpp, line 773]
Event: 13.954 Thread 0x000001de27091800 Exception <a 'java/lang/NoSuchMethodError'{0x000000008cb746f8}: 'java.lang.Object java.lang.invoke.DirectMethodHandle$Holder.invokeVirtual(java.lang.Object, java.lang.Object, java.lang.Object)'> (0x000000008cb746f8) thrown at [./src/hotspot/share/interpreter/linkResolver.cpp, line 773]
Event: 16.486 Thread 0x000001de27091800 Exception <a 'java/lang/NoSuchMethodError'{0x000000008af07c20}: 'java.lang.Object java.lang.invoke.Invokers$Holder.linkToTargetMethod(java.lang.Object, int, java.lang.Object)'> (0x000000008af07c20) thrown at [./src/hotspot/share/interpreter/linkResolver.cpp, line 773]

Events (20 events):
Event: 17.008 loading class org/jetbrains/kotlin/com/intellij/util/containers/JBIterable$Stateful
Event: 17.008 loading class org/jetbrains/kotlin/com/intellij/util/containers/JBIterable$Stateful done
Event: 17.009 loading class org/jetbrains/kotlin/com/intellij/util/containers/SingletonIterator
Event: 17.009 loading class org/jetbrains/kotlin/com/intellij/util/containers/SingletonIterator done
Event: 17.010 loading class org/jetbrains/kotlin/com/intellij/util/containers/SingletonIteratorBase
Event: 17.010 loading class org/jetbrains/kotlin/com/intellij/util/containers/SingletonIteratorBase done
Event: 17.010 loading class org/jetbrains/kotlin/com/intellij/util/containers/JBIterable$2$1
Event: 17.010 loading class org/jetbrains/kotlin/com/intellij/util/containers/JBIterable$2$1 done
Event: 17.014 loading class org/jetbrains/kotlin/com/intellij/psi/stubs/StubList$2
Event: 17.014 loading class org/jetbrains/kotlin/com/intellij/psi/stubs/StubList$2 done
Event: 17.014 loading class gnu/trove/TIntIntHashMap
Event: 17.014 loading class gnu/trove/TIntIntHashMap done
Event: 17.015 loading class gnu/trove/TIntHash
Event: 17.015 loading class gnu/trove/TIntHash done
Event: 17.015 loading class gnu/trove/TPrimitiveHash
Event: 17.015 loading class gnu/trove/TPrimitiveHash done
Event: 17.016 Executing VM operation: Deoptimize
Event: 17.017 Executing VM operation: Deoptimize done
Event: 17.018 loading class gnu/trove/TIntIntProcedure
Event: 17.018 loading class gnu/trove/TIntIntProcedure done


Dynamic libraries:
0x00007ff6efbd0000 - 0x00007ff6efbdd000 	C:\Program Files\Microsoft\jdk-11.0.18.10-hotspot\bin\java.exe
0x00007ffc824f0000 - 0x00007ffc82704000 	C:\WINDOWS\SYSTEM32\ntdll.dll
0x00007ffc815f0000 - 0x00007ffc816b4000 	C:\WINDOWS\System32\KERNEL32.DLL
0x00007ffc7fc90000 - 0x00007ffc80034000 	C:\WINDOWS\System32\KERNELBASE.dll
0x00007ffc800c0000 - 0x00007ffc801d1000 	C:\WINDOWS\System32\ucrtbase.dll
0x00007ffc6a280000 - 0x00007ffc6a295000 	C:\Program Files\Microsoft\jdk-11.0.18.10-hotspot\bin\VCRUNTIME140.dll
0x00007ffc6a2a0000 - 0x00007ffc6a2b7000 	C:\Program Files\Microsoft\jdk-11.0.18.10-hotspot\bin\jli.dll
0x00007ffc5b300000 - 0x00007ffc5b58f000 	C:\WINDOWS\WinSxS\amd64_microsoft.windows.common-controls_6595b64144ccf1df_6.0.22621.2070_none_2713e6537381f706\COMCTL32.dll
0x00007ffc80c40000 - 0x00007ffc80ce7000 	C:\WINDOWS\System32\msvcrt.dll
0x00007ffc813a0000 - 0x00007ffc813c9000 	C:\WINDOWS\System32\GDI32.dll
0x00007ffc801e0000 - 0x00007ffc80206000 	C:\WINDOWS\System32\win32u.dll
0x00007ffc7fb70000 - 0x00007ffc7fc89000 	C:\WINDOWS\System32\gdi32full.dll
0x00007ffc80210000 - 0x00007ffc802aa000 	C:\WINDOWS\System32\msvcp_win.dll
0x00007ffc81180000 - 0x00007ffc8132a000 	C:\WINDOWS\System32\USER32.dll
0x00007ffc813d0000 - 0x00007ffc81401000 	C:\WINDOWS\System32\IMM32.DLL
0x00007ffc28aa0000 - 0x00007ffc28b3b000 	C:\Program Files\Microsoft\jdk-11.0.18.10-hotspot\bin\msvcp140.dll
0x00007ffc27f00000 - 0x00007ffc28a92000 	C:\Program Files\Microsoft\jdk-11.0.18.10-hotspot\bin\server\jvm.dll
0x00007ffc807c0000 - 0x00007ffc80870000 	C:\WINDOWS\System32\ADVAPI32.dll
0x00007ffc81540000 - 0x00007ffc815e6000 	C:\WINDOWS\System32\sechost.dll
0x00007ffc808d0000 - 0x00007ffc809e7000 	C:\WINDOWS\System32\RPCRT4.dll
0x00007ffc824a0000 - 0x00007ffc824a8000 	C:\WINDOWS\System32\PSAPI.DLL
0x00007ffc5ebe0000 - 0x00007ffc5ebe9000 	C:\WINDOWS\SYSTEM32\WSOCK32.dll
0x00007ffc822f0000 - 0x00007ffc82361000 	C:\WINDOWS\System32\WS2_32.dll
0x00007ffc741b0000 - 0x00007ffc741e4000 	C:\WINDOWS\SYSTEM32\WINMM.dll
0x00007ffc77620000 - 0x00007ffc7762a000 	C:\WINDOWS\SYSTEM32\VERSION.dll
0x00007ffc7e880000 - 0x00007ffc7e898000 	C:\WINDOWS\SYSTEM32\kernel.appcore.dll
0x00007ffc6a270000 - 0x00007ffc6a280000 	C:\Program Files\Microsoft\jdk-11.0.18.10-hotspot\bin\verify.dll
0x00007ffc7cd10000 - 0x00007ffc7cf3e000 	C:\WINDOWS\SYSTEM32\DBGHELP.DLL
0x00007ffc803b0000 - 0x00007ffc8073a000 	C:\WINDOWS\System32\combase.dll
0x00007ffc81f40000 - 0x00007ffc82017000 	C:\WINDOWS\System32\OLEAUT32.dll
0x00007ffc67d50000 - 0x00007ffc67d82000 	C:\WINDOWS\SYSTEM32\dbgcore.DLL
0x00007ffc80040000 - 0x00007ffc800ba000 	C:\WINDOWS\System32\bcryptPrimitives.dll
0x00007ffc54810000 - 0x00007ffc54838000 	C:\Program Files\Microsoft\jdk-11.0.18.10-hotspot\bin\java.dll
0x00007ffc68d50000 - 0x00007ffc68d5a000 	C:\Program Files\Microsoft\jdk-11.0.18.10-hotspot\bin\jimage.dll
0x00007ffc54700000 - 0x00007ffc54718000 	C:\Program Files\Microsoft\jdk-11.0.18.10-hotspot\bin\zip.dll
0x00007ffc81720000 - 0x00007ffc81f36000 	C:\WINDOWS\System32\SHELL32.dll
0x00007ffc7d850000 - 0x00007ffc7e13a000 	C:\WINDOWS\SYSTEM32\windows.storage.dll
0x00007ffc7d710000 - 0x00007ffc7d84e000 	C:\WINDOWS\SYSTEM32\wintypes.dll
0x00007ffc821e0000 - 0x00007ffc822d3000 	C:\WINDOWS\System32\SHCORE.dll
0x00007ffc80870000 - 0x00007ffc808ce000 	C:\WINDOWS\System32\shlwapi.dll
0x00007ffc7f800000 - 0x00007ffc7f826000 	C:\WINDOWS\SYSTEM32\profapi.dll
0x00007ffc27e90000 - 0x00007ffc27ea9000 	C:\Program Files\Microsoft\jdk-11.0.18.10-hotspot\bin\net.dll
0x00007ffc79850000 - 0x00007ffc79987000 	C:\WINDOWS\SYSTEM32\WINHTTP.dll
0x00007ffc7ed40000 - 0x00007ffc7eda9000 	C:\WINDOWS\system32\mswsock.dll
0x00007ffc27e70000 - 0x00007ffc27e83000 	C:\Program Files\Microsoft\jdk-11.0.18.10-hotspot\bin\nio.dll

dbghelp: loaded successfully - version: 4.0.5 - missing functions: none
symbol engine: initialized successfully - sym options: 0x614 - pdb path: .;C:\Program Files\Microsoft\jdk-11.0.18.10-hotspot\bin;C:\WINDOWS\SYSTEM32;C:\WINDOWS\WinSxS\amd64_microsoft.windows.common-controls_6595b64144ccf1df_6.0.22621.2070_none_2713e6537381f706;C:\Program Files\Microsoft\jdk-11.0.18.10-hotspot\bin\server

VM Arguments:
java_command: org.jetbrains.kotlin.cli.jvm.K2JVMCompiler @C:\Users\BUTA\Downloads\APPP-master\AwesomeProject\node_modules\react-native-webview\android\build\20230905_5512632715842431172.compiler.options
java_class_path (initial): C:\Users\BUTA\.gradle\caches\modules-2\files-2.1\org.jetbrains.kotlin\kotlin-compiler-embeddable\1.6.0\aa8da3bedc53c89219b84a0b40c7419431a13e76\kotlin-compiler-embeddable-1.6.0.jar;C:\Users\BUTA\.gradle\caches\modules-2\files-2.1\org.jetbrains.kotlin\kotlin-reflect\1.6.0\a215a7f914d5916dc5fd2d45cea16524e0220203\kotlin-reflect-1.6.0.jar;C:\Users\BUTA\.gradle\caches\modules-2\files-2.1\org.jetbrains.kotlin\kotlin-stdlib\1.6.0\a40b8b22529b733892edf4b73468ce598bb17f04\kotlin-stdlib-1.6.0.jar;C:\Users\BUTA\.gradle\caches\modules-2\files-2.1\org.jetbrains.kotlin\kotlin-script-runtime\1.6.0\55f72526ddcff6fc77d72cdf949c7e3d9bd95620\kotlin-script-runtime-1.6.0.jar;C:\Users\BUTA\.gradle\caches\modules-2\files-2.1\org.jetbrains.kotlin\kotlin-daemon-embeddable\1.6.0\d6242b37f4ce6b637d10847c7558446272ec8432\kotlin-daemon-embeddable-1.6.0.jar;C:\Users\BUTA\.gradle\caches\modules-2\files-2.1\org.jetbrains.intellij.deps\trove4j\1.0.20181211\216c2e14b070f334479d800987affe4054cd563f\trove4j-1.0.20181211.jar;C:\Users\BUTA\.gradle\caches\modules-2\files-2.1\net.java.dev.jna\jna\5.6.0\330f2244e9030119ab3030fc3fededc86713d9cc\jna-5.6.0.jar;C:\Users\BUTA\.gradle\caches\modules-2\files-2.1\org.jetbrains\annotations\13.0\919f0dfe192fb4e063e7dacadee7f8bb9a2672a9\annotations-13.0.jar;C:\Users\BUTA\.gradle\caches\modules-2\files-2.1\org.jetbrains.kotlin\kotlin-stdlib-common\1.6.0\7857e365f925cfa060f941c1357cda1f8790502c\kotlin-stdlib-common-1.6.0.jar
Launcher Type: SUN_STANDARD

[Global flags]
     intx CICompilerCount                          = 4                                         {product} {ergonomic}
     uint ConcGCThreads                            = 2                                         {product} {ergonomic}
     uint G1ConcRefinementThreads                  = 8                                         {product} {ergonomic}
   size_t G1HeapRegionSize                         = 1048576                                   {product} {ergonomic}
    uintx GCDrainStackTargetSize                   = 64                                        {product} {ergonomic}
   size_t InitialHeapSize                          = 130023424                                 {product} {ergonomic}
   size_t MarkStackSize                            = 4194304                                   {product} {ergonomic}
   size_t MaxHeapSize                              = 2057306112                                {product} {ergonomic}
   size_t MaxNewSize                               = 1234173952                                {product} {ergonomic}
   size_t MinHeapDeltaBytes                        = 1048576                                   {product} {ergonomic}
    uintx NonNMethodCodeHeapSize                   = 5836300                                {pd product} {ergonomic}
    uintx NonProfiledCodeHeapSize                  = 122910970                              {pd product} {ergonomic}
    uintx ProfiledCodeHeapSize                     = 122910970                              {pd product} {ergonomic}
    uintx ReservedCodeCacheSize                    = 251658240                              {pd product} {ergonomic}
     bool SegmentedCodeCache                       = true                                      {product} {ergonomic}
     bool UseCompressedClassPointers               = true                                 {lp64_product} {ergonomic}
     bool UseCompressedOops                        = true                                 {lp64_product} {ergonomic}
     bool UseG1GC                                  = true                                      {product} {ergonomic}
     bool UseLargePagesIndividualAllocation        = false                                  {pd product} {ergonomic}

Logging:
Log output configuration:
 #0: stdout all=warning uptime,level,tags
 #1: stderr all=off uptime,level,tags

Environment Variables:
JAVA_HOME=C:\Program Files\Microsoft\jdk-11.0.18.10-hotspot\
CLASSPATH=C:\Users\BUTA\Downloads\APPP-master\AwesomeProject\android\\gradle\wrapper\gradle-wrapper.jar
PATH=C:\Users\BUTA\Downloads\APPP-master\AwesomeProject\node_modules\.bin;C:\Users\BUTA\Downloads\APPP-master\AwesomeProject\node_modules\.bin;C:\Users\BUTA\Downloads\APPP-master\node_modules\.bin;C:\Users\BUTA\Downloads\node_modules\.bin;C:\Users\BUTA\node_modules\.bin;C:\Users\node_modules\.bin;C:\node_modules\.bin;C:\Program Files\nodejs\node_modules\npm\node_modules\@npmcli\run-script\lib\node-gyp-bin;C:\Program Files\Microsoft\jdk-11.0.18.10-hotspot\bin;C:\WINDOWS\system32;C:\WINDOWS;C:\WINDOWS\System32\Wbem;C:\WINDOWS\System32\WindowsPowerShell\v1.0\;C:\WINDOWS\System32\OpenSSH\;C:\ProgramData\chocolatey\bin;C:\Program Files\nodejs\;C:\Users\BUTA\AppData\Local\Android\Sdk;D:\programs\MySQL;C:\Program Files\Git\cmd;C:\Program Files\Microsoft SQL Server\150\Tools\Binn\;C:\Program Files\Microsoft SQL Server\Client SDK\ODBC\170\Tools\Binn\;C:\Program Files\dotnet\;C:\Program Files (x86)\Microsoft SQL Server\160\Tools\Binn\;C:\Program Files\Microsoft SQL Server\160\Tools\Binn\;C:\Program Files\Microsoft SQL Server\160\DTS\Binn\;C:\Program Files (x86)\Microsoft SQL Server\160\DTS\Binn\;C:\Program Files\Azure Data Studio\bin;C:\Users\BUTA\AppData\Local\Android\Sdk\platform-tools;C:\Users\BUTA\AppData\Local\Android\Sdk\tools;C:\Users\BUTA\AppData\Local\Microsoft\WindowsApps;C:\Users\BUTA\AppData\Roaming\npm;C:\Users\BUTA\AppData\Local\Programs\Microsoft VS Code\bin;
USERNAME=BUTA
LANG=en_US.UTF-8
OS=Windows_NT
PROCESSOR_IDENTIFIER=Intel64 Family 6 Model 140 Stepping 1, GenuineIntel
TMP=C:\Users\BUTA\AppData\Local\Temp
TEMP=C:\Users\BUTA\AppData\Local\Temp



---------------  S Y S T E M  ---------------

OS: Windows 11 , 64 bit Build 22621 (10.0.22621.2070)
OS uptime: 0 days 1:28 hours
Hyper-V role detected

CPU:total 8 (initial active 8) (4 cores per cpu, 2 threads per core) family 6 model 140 stepping 1 microcode 0xac, cmov, cx8, fxsr, mmx, sse, sse2, sse3, ssse3, sse4.1, sse4.2, popcnt, avx, avx2, aes, clmul, erms, 3dnowpref, lzcnt, ht, tsc, tscinvbit, bmi1, bmi2, adx, evex, sha, fma

Memory: 4k page, system-wide physical 7847M (452M free)
TotalPageFile size 18471M (AvailPageFile size 4M)
current process WorkingSet (physical memory assigned to process): 192M, peak: 193M
current process commit charge ("private bytes"): 278M, peak: 280M

vm_info: OpenJDK 64-Bit Server VM (11.0.18+10-LTS) for windows-amd64 JRE (11.0.18+10-LTS), built on Jan 18 2023 15:56:47 by "MicrosoftCorporation" with MS VC++ 15.9 (VS2017)

END.
