#
# There is insufficient memory for the Java Runtime Environment to continue.
# Native memory allocation (malloc) failed to allocate 32744 bytes for ChunkPool::allocate
# Possible reasons:
#   The system is out of physical RAM or swap space
#   The process is running with CompressedOops enabled, and the Java Heap may be blocking the growth of the native heap
# Possible solutions:
#   Reduce memory load on the system
#   Increase physical memory or swap space
#   Check if swap backing store is full
#   Decrease Java heap size (-Xmx/-Xms)
#   Decrease number of Java threads
#   Decrease Java thread stack sizes (-Xss)
#   Set larger code cache with -XX:ReservedCodeCacheSize=
#   JVM is running with Unscaled Compressed Oops mode in which the Java heap is
#     placed in the first 4GB address space. The Java Heap base address is the
#     maximum limit for the native heap growth. Please use -XX:HeapBaseMinAddress
#     to set the Java Heap base and to place the Java Heap above 4GB virtual address.
# This output file may be truncated or incomplete.
#
#  Out of Memory Error (./src/hotspot/share/memory/arena.cpp:81), pid=13864, tid=3036
#
# JRE version: OpenJDK Runtime Environment Microsoft-7208460 (11.0.18+10) (build 11.0.18+10-LTS)
# Java VM: OpenJDK 64-Bit Server VM Microsoft-7208460 (11.0.18+10-LTS, mixed mode, tiered, compressed oops, g1 gc, windows-amd64)
# No core dump will be written. Minidumps are not enabled by default on client versions of Windows
#

---------------  S U M M A R Y ------------

Command Line: org.jetbrains.kotlin.cli.jvm.K2JVMCompiler @C:\Users\BUTA\Downloads\APPP-master\AwesomeProject\node_modules\react-native-safe-area-context\android\build\20230905_6804775498301730908.compiler.options

Host: 11th Gen Intel(R) Core(TM) i5-1135G7 @ 2.40GHz, 8 cores, 7G,  Windows 11 , 64 bit Build 22621 (10.0.22621.2070)
Time: Tue Sep  5 12:43:06 2023 Azerbaijan Standard Time elapsed time: 0.667245 seconds (0d 0h 0m 0s)

---------------  T H R E A D  ---------------

Current thread (0x0000018ad1ae0800):  JavaThread "C2 CompilerThread0" daemon [_thread_in_native, id=3036, stack(0x0000000746800000,0x0000000746900000)]


Current CompileTask:
C2:    667  355       4       java.lang.AbstractStringBuilder::append (45 bytes)

Stack: [0x0000000746800000,0x0000000746900000]
Native frames: (J=compiled Java code, j=interpreted, Vv=VM code, C=native code)
V  [jvm.dll+0x62bf8a]
V  [jvm.dll+0x7b8fb9]
V  [jvm.dll+0x7ba6a8]
V  [jvm.dll+0x7bad83]
V  [jvm.dll+0x250248]
V  [jvm.dll+0xc286b]
V  [jvm.dll+0xc2bcc]
V  [jvm.dll+0x60a8cd]
V  [jvm.dll+0x8975c]
V  [jvm.dll+0x682b09]
V  [jvm.dll+0x680fb1]
V  [jvm.dll+0x19eb1f]
V  [jvm.dll+0x209495]
V  [jvm.dll+0x20850d]
V  [jvm.dll+0x18a4b1]
V  [jvm.dll+0x217eec]
V  [jvm.dll+0x21612b]
V  [jvm.dll+0x77bac0]
V  [jvm.dll+0x7749f4]
V  [jvm.dll+0x62adf5]
C  [ucrtbase.dll+0x29363]
C  [KERNEL32.DLL+0x126ad]
C  [ntdll.dll+0x5aa68]


---------------  P R O C E S S  ---------------

Threads class SMR info:
_java_thread_list=0x0000018ad1bf83d0, length=12, elements={
0x0000018ab23b0800, 0x0000018ad11cc800, 0x0000018ad11be800, 0x0000018ad11d7800,
0x0000018ad11d9800, 0x0000018ad11de000, 0x0000018ad1ae0800, 0x0000018ad1ae3800,
0x0000018ad1ae4800, 0x0000018ad1c9e800, 0x0000018ad1c8a000, 0x0000018ad1c98800
}

Java Threads: ( => current thread )
  0x0000018ab23b0800 JavaThread "main" [_thread_in_vm, id=13804, stack(0x0000000745c00000,0x0000000745d00000)]
  0x0000018ad11cc800 JavaThread "Reference Handler" daemon [_thread_blocked, id=672, stack(0x0000000746300000,0x0000000746400000)]
  0x0000018ad11be800 JavaThread "Finalizer" daemon [_thread_blocked, id=9380, stack(0x0000000746400000,0x0000000746500000)]
  0x0000018ad11d7800 JavaThread "Signal Dispatcher" daemon [_thread_blocked, id=8156, stack(0x0000000746500000,0x0000000746600000)]
  0x0000018ad11d9800 JavaThread "Attach Listener" daemon [_thread_blocked, id=15140, stack(0x0000000746600000,0x0000000746700000)]
  0x0000018ad11de000 JavaThread "Service Thread" daemon [_thread_blocked, id=10868, stack(0x0000000746700000,0x0000000746800000)]
=>0x0000018ad1ae0800 JavaThread "C2 CompilerThread0" daemon [_thread_in_native, id=3036, stack(0x0000000746800000,0x0000000746900000)]
  0x0000018ad1ae3800 JavaThread "C1 CompilerThread0" daemon [_thread_blocked, id=16104, stack(0x0000000746900000,0x0000000746a00000)]
  0x0000018ad1ae4800 JavaThread "Sweeper thread" daemon [_thread_blocked, id=7844, stack(0x0000000746a00000,0x0000000746b00000)]
  0x0000018ad1c9e800 JavaThread "Common-Cleaner" daemon [_thread_blocked, id=3612, stack(0x0000000746c00000,0x0000000746d00000)]
  0x0000018ad1c8a000 JavaThread "C2 CompilerThread1" daemon [_thread_blocked, id=9508, stack(0x0000000746d00000,0x0000000746e00000)]
  0x0000018ad1c98800 JavaThread "C2 CompilerThread2" daemon [_thread_blocked, id=16880, stack(0x0000000746e00000,0x0000000746f00000)]

Other Threads:
  0x0000018ad1196800 VMThread "VM Thread" [stack: 0x0000000746200000,0x0000000746300000] [id=5772]
  0x0000018ad1c89800 WatcherThread [stack: 0x0000000746b00000,0x0000000746c00000] [id=9652]
  0x0000018ab23c9000 GCTaskThread "GC Thread#0" [stack: 0x0000000745d00000,0x0000000745e00000] [id=3528]
  0x0000018ab23f8800 ConcurrentGCThread "G1 Main Marker" [stack: 0x0000000745e00000,0x0000000745f00000] [id=12944]
  0x0000018ab23fb000 ConcurrentGCThread "G1 Conc#0" [stack: 0x0000000745f00000,0x0000000746000000] [id=5048]
  0x0000018ad0ff0800 ConcurrentGCThread "G1 Refine#0" [stack: 0x0000000746000000,0x0000000746100000] [id=16676]
  0x0000018ab247e000 ConcurrentGCThread "G1 Young RemSet Sampling" [stack: 0x0000000746100000,0x0000000746200000] [id=14728]

Threads with active compile tasks:
C2 CompilerThread0      719  355       4       java.lang.AbstractStringBuilder::append (45 bytes)

VM state:not at safepoint (normal execution)

VM Mutex/Monitor currently owned by a thread: None

Heap address: 0x0000000085600000, size: 1962 MB, Compressed Oops mode: 32-bit
Narrow klass base: 0x0000000000000000, Narrow klass shift: 3
Compressed class space size: 1073741824 Address: 0x0000000100000000

Heap:
 garbage-first heap   total 126976K, used 13312K [0x0000000085600000, 0x0000000100000000)
  region size 1024K, 11 young (11264K), 0 survivors (0K)
 Metaspace       used 8371K, capacity 8431K, committed 8704K, reserved 1056768K
  class space    used 656K, capacity 660K, committed 768K, reserved 1048576K
Heap Regions: E=young(eden), S=young(survivor), O=old, HS=humongous(starts), HC=humongous(continues), CS=collection set, F=free, A=archive, TAMS=top-at-mark-start (previous, next)
|   0|0x0000000085600000, 0x0000000085700000, 0x0000000085700000|100%|HS|  |TAMS 0x0000000085600000, 0x0000000085600000| Complete 
|   1|0x0000000085700000, 0x0000000085800000, 0x0000000085800000|100%|HC|  |TAMS 0x0000000085700000, 0x0000000085700000| Complete 
|   2|0x0000000085800000, 0x0000000085900000, 0x0000000085900000|100%|HC|  |TAMS 0x0000000085800000, 0x0000000085800000| Complete 
|   3|0x0000000085900000, 0x0000000085a00000, 0x0000000085a00000|100%|HS|  |TAMS 0x0000000085900000, 0x0000000085900000| Complete 
|   4|0x0000000085a00000, 0x0000000085a00000, 0x0000000085b00000|  0%| F|  |TAMS 0x0000000085a00000, 0x0000000085a00000| Untracked 
|   5|0x0000000085b00000, 0x0000000085b00000, 0x0000000085c00000|  0%| F|  |TAMS 0x0000000085b00000, 0x0000000085b00000| Untracked 
|   6|0x0000000085c00000, 0x0000000085c00000, 0x0000000085d00000|  0%| F|  |TAMS 0x0000000085c00000, 0x0000000085c00000| Untracked 
|   7|0x0000000085d00000, 0x0000000085d00000, 0x0000000085e00000|  0%| F|  |TAMS 0x0000000085d00000, 0x0000000085d00000| Untracked 
|   8|0x0000000085e00000, 0x0000000085e00000, 0x0000000085f00000|  0%| F|  |TAMS 0x0000000085e00000, 0x0000000085e00000| Untracked 
|   9|0x0000000085f00000, 0x0000000085f00000, 0x0000000086000000|  0%| F|  |TAMS 0x0000000085f00000, 0x0000000085f00000| Untracked 
|  10|0x0000000086000000, 0x0000000086000000, 0x0000000086100000|  0%| F|  |TAMS 0x0000000086000000, 0x0000000086000000| Untracked 
|  11|0x0000000086100000, 0x0000000086100000, 0x0000000086200000|  0%| F|  |TAMS 0x0000000086100000, 0x0000000086100000| Untracked 
|  12|0x0000000086200000, 0x0000000086200000, 0x0000000086300000|  0%| F|  |TAMS 0x0000000086200000, 0x0000000086200000| Untracked 
|  13|0x0000000086300000, 0x0000000086300000, 0x0000000086400000|  0%| F|  |TAMS 0x0000000086300000, 0x0000000086300000| Untracked 
|  14|0x0000000086400000, 0x0000000086400000, 0x0000000086500000|  0%| F|  |TAMS 0x0000000086400000, 0x0000000086400000| Untracked 
|  15|0x0000000086500000, 0x0000000086500000, 0x0000000086600000|  0%| F|  |TAMS 0x0000000086500000, 0x0000000086500000| Untracked 
|  16|0x0000000086600000, 0x0000000086600000, 0x0000000086700000|  0%| F|  |TAMS 0x0000000086600000, 0x0000000086600000| Untracked 
|  17|0x0000000086700000, 0x0000000086700000, 0x0000000086800000|  0%| F|  |TAMS 0x0000000086700000, 0x0000000086700000| Untracked 
|  18|0x0000000086800000, 0x0000000086800000, 0x0000000086900000|  0%| F|  |TAMS 0x0000000086800000, 0x0000000086800000| Untracked 
|  19|0x0000000086900000, 0x0000000086900000, 0x0000000086a00000|  0%| F|  |TAMS 0x0000000086900000, 0x0000000086900000| Untracked 
|  20|0x0000000086a00000, 0x0000000086a00000, 0x0000000086b00000|  0%| F|  |TAMS 0x0000000086a00000, 0x0000000086a00000| Untracked 
|  21|0x0000000086b00000, 0x0000000086b00000, 0x0000000086c00000|  0%| F|  |TAMS 0x0000000086b00000, 0x0000000086b00000| Untracked 
|  22|0x0000000086c00000, 0x0000000086c00000, 0x0000000086d00000|  0%| F|  |TAMS 0x0000000086c00000, 0x0000000086c00000| Untracked 
|  23|0x0000000086d00000, 0x0000000086d00000, 0x0000000086e00000|  0%| F|  |TAMS 0x0000000086d00000, 0x0000000086d00000| Untracked 
|  24|0x0000000086e00000, 0x0000000086e00000, 0x0000000086f00000|  0%| F|  |TAMS 0x0000000086e00000, 0x0000000086e00000| Untracked 
|  25|0x0000000086f00000, 0x0000000086f00000, 0x0000000087000000|  0%| F|  |TAMS 0x0000000086f00000, 0x0000000086f00000| Untracked 
|  26|0x0000000087000000, 0x0000000087000000, 0x0000000087100000|  0%| F|  |TAMS 0x0000000087000000, 0x0000000087000000| Untracked 
|  27|0x0000000087100000, 0x0000000087100000, 0x0000000087200000|  0%| F|  |TAMS 0x0000000087100000, 0x0000000087100000| Untracked 
|  28|0x0000000087200000, 0x0000000087200000, 0x0000000087300000|  0%| F|  |TAMS 0x0000000087200000, 0x0000000087200000| Untracked 
|  29|0x0000000087300000, 0x0000000087300000, 0x0000000087400000|  0%| F|  |TAMS 0x0000000087300000, 0x0000000087300000| Untracked 
|  30|0x0000000087400000, 0x0000000087400000, 0x0000000087500000|  0%| F|  |TAMS 0x0000000087400000, 0x0000000087400000| Untracked 
|  31|0x0000000087500000, 0x0000000087500000, 0x0000000087600000|  0%| F|  |TAMS 0x0000000087500000, 0x0000000087500000| Untracked 
|  32|0x0000000087600000, 0x0000000087600000, 0x0000000087700000|  0%| F|  |TAMS 0x0000000087600000, 0x0000000087600000| Untracked 
|  33|0x0000000087700000, 0x0000000087700000, 0x0000000087800000|  0%| F|  |TAMS 0x0000000087700000, 0x0000000087700000| Untracked 
|  34|0x0000000087800000, 0x0000000087800000, 0x0000000087900000|  0%| F|  |TAMS 0x0000000087800000, 0x0000000087800000| Untracked 
|  35|0x0000000087900000, 0x0000000087900000, 0x0000000087a00000|  0%| F|  |TAMS 0x0000000087900000, 0x0000000087900000| Untracked 
|  36|0x0000000087a00000, 0x0000000087a00000, 0x0000000087b00000|  0%| F|  |TAMS 0x0000000087a00000, 0x0000000087a00000| Untracked 
|  37|0x0000000087b00000, 0x0000000087b00000, 0x0000000087c00000|  0%| F|  |TAMS 0x0000000087b00000, 0x0000000087b00000| Untracked 
|  38|0x0000000087c00000, 0x0000000087c00000, 0x0000000087d00000|  0%| F|  |TAMS 0x0000000087c00000, 0x0000000087c00000| Untracked 
|  39|0x0000000087d00000, 0x0000000087d00000, 0x0000000087e00000|  0%| F|  |TAMS 0x0000000087d00000, 0x0000000087d00000| Untracked 
|  40|0x0000000087e00000, 0x0000000087e00000, 0x0000000087f00000|  0%| F|  |TAMS 0x0000000087e00000, 0x0000000087e00000| Untracked 
|  41|0x0000000087f00000, 0x0000000087f00000, 0x0000000088000000|  0%| F|  |TAMS 0x0000000087f00000, 0x0000000087f00000| Untracked 
|  42|0x0000000088000000, 0x0000000088000000, 0x0000000088100000|  0%| F|  |TAMS 0x0000000088000000, 0x0000000088000000| Untracked 
|  43|0x0000000088100000, 0x0000000088100000, 0x0000000088200000|  0%| F|  |TAMS 0x0000000088100000, 0x0000000088100000| Untracked 
|  44|0x0000000088200000, 0x0000000088200000, 0x0000000088300000|  0%| F|  |TAMS 0x0000000088200000, 0x0000000088200000| Untracked 
|  45|0x0000000088300000, 0x0000000088300000, 0x0000000088400000|  0%| F|  |TAMS 0x0000000088300000, 0x0000000088300000| Untracked 
|  46|0x0000000088400000, 0x0000000088400000, 0x0000000088500000|  0%| F|  |TAMS 0x0000000088400000, 0x0000000088400000| Untracked 
|  47|0x0000000088500000, 0x0000000088500000, 0x0000000088600000|  0%| F|  |TAMS 0x0000000088500000, 0x0000000088500000| Untracked 
|  48|0x0000000088600000, 0x0000000088600000, 0x0000000088700000|  0%| F|  |TAMS 0x0000000088600000, 0x0000000088600000| Untracked 
|  49|0x0000000088700000, 0x0000000088700000, 0x0000000088800000|  0%| F|  |TAMS 0x0000000088700000, 0x0000000088700000| Untracked 
|  50|0x0000000088800000, 0x0000000088800000, 0x0000000088900000|  0%| F|  |TAMS 0x0000000088800000, 0x0000000088800000| Untracked 
|  51|0x0000000088900000, 0x0000000088900000, 0x0000000088a00000|  0%| F|  |TAMS 0x0000000088900000, 0x0000000088900000| Untracked 
|  52|0x0000000088a00000, 0x0000000088a00000, 0x0000000088b00000|  0%| F|  |TAMS 0x0000000088a00000, 0x0000000088a00000| Untracked 
|  53|0x0000000088b00000, 0x0000000088b00000, 0x0000000088c00000|  0%| F|  |TAMS 0x0000000088b00000, 0x0000000088b00000| Untracked 
|  54|0x0000000088c00000, 0x0000000088c00000, 0x0000000088d00000|  0%| F|  |TAMS 0x0000000088c00000, 0x0000000088c00000| Untracked 
|  55|0x0000000088d00000, 0x0000000088d00000, 0x0000000088e00000|  0%| F|  |TAMS 0x0000000088d00000, 0x0000000088d00000| Untracked 
|  56|0x0000000088e00000, 0x0000000088e00000, 0x0000000088f00000|  0%| F|  |TAMS 0x0000000088e00000, 0x0000000088e00000| Untracked 
|  57|0x0000000088f00000, 0x0000000088f00000, 0x0000000089000000|  0%| F|  |TAMS 0x0000000088f00000, 0x0000000088f00000| Untracked 
|  58|0x0000000089000000, 0x0000000089000000, 0x0000000089100000|  0%| F|  |TAMS 0x0000000089000000, 0x0000000089000000| Untracked 
|  59|0x0000000089100000, 0x0000000089100000, 0x0000000089200000|  0%| F|  |TAMS 0x0000000089100000, 0x0000000089100000| Untracked 
|  60|0x0000000089200000, 0x0000000089200000, 0x0000000089300000|  0%| F|  |TAMS 0x0000000089200000, 0x0000000089200000| Untracked 
|  61|0x0000000089300000, 0x0000000089300000, 0x0000000089400000|  0%| F|  |TAMS 0x0000000089300000, 0x0000000089300000| Untracked 
|  62|0x0000000089400000, 0x0000000089400000, 0x0000000089500000|  0%| F|  |TAMS 0x0000000089400000, 0x0000000089400000| Untracked 
|  63|0x0000000089500000, 0x0000000089500000, 0x0000000089600000|  0%| F|  |TAMS 0x0000000089500000, 0x0000000089500000| Untracked 
|  64|0x0000000089600000, 0x0000000089600000, 0x0000000089700000|  0%| F|  |TAMS 0x0000000089600000, 0x0000000089600000| Untracked 
|  65|0x0000000089700000, 0x0000000089700000, 0x0000000089800000|  0%| F|  |TAMS 0x0000000089700000, 0x0000000089700000| Untracked 
|  66|0x0000000089800000, 0x0000000089800000, 0x0000000089900000|  0%| F|  |TAMS 0x0000000089800000, 0x0000000089800000| Untracked 
|  67|0x0000000089900000, 0x0000000089900000, 0x0000000089a00000|  0%| F|  |TAMS 0x0000000089900000, 0x0000000089900000| Untracked 
|  68|0x0000000089a00000, 0x0000000089a00000, 0x0000000089b00000|  0%| F|  |TAMS 0x0000000089a00000, 0x0000000089a00000| Untracked 
|  69|0x0000000089b00000, 0x0000000089b00000, 0x0000000089c00000|  0%| F|  |TAMS 0x0000000089b00000, 0x0000000089b00000| Untracked 
|  70|0x0000000089c00000, 0x0000000089c00000, 0x0000000089d00000|  0%| F|  |TAMS 0x0000000089c00000, 0x0000000089c00000| Untracked 
|  71|0x0000000089d00000, 0x0000000089d00000, 0x0000000089e00000|  0%| F|  |TAMS 0x0000000089d00000, 0x0000000089d00000| Untracked 
|  72|0x0000000089e00000, 0x0000000089e00000, 0x0000000089f00000|  0%| F|  |TAMS 0x0000000089e00000, 0x0000000089e00000| Untracked 
|  73|0x0000000089f00000, 0x0000000089f00000, 0x000000008a000000|  0%| F|  |TAMS 0x0000000089f00000, 0x0000000089f00000| Untracked 
|  74|0x000000008a000000, 0x000000008a000000, 0x000000008a100000|  0%| F|  |TAMS 0x000000008a000000, 0x000000008a000000| Untracked 
|  75|0x000000008a100000, 0x000000008a100000, 0x000000008a200000|  0%| F|  |TAMS 0x000000008a100000, 0x000000008a100000| Untracked 
|  76|0x000000008a200000, 0x000000008a200000, 0x000000008a300000|  0%| F|  |TAMS 0x000000008a200000, 0x000000008a200000| Untracked 
|  77|0x000000008a300000, 0x000000008a300000, 0x000000008a400000|  0%| F|  |TAMS 0x000000008a300000, 0x000000008a300000| Untracked 
|  78|0x000000008a400000, 0x000000008a400000, 0x000000008a500000|  0%| F|  |TAMS 0x000000008a400000, 0x000000008a400000| Untracked 
|  79|0x000000008a500000, 0x000000008a500000, 0x000000008a600000|  0%| F|  |TAMS 0x000000008a500000, 0x000000008a500000| Untracked 
|  80|0x000000008a600000, 0x000000008a600000, 0x000000008a700000|  0%| F|  |TAMS 0x000000008a600000, 0x000000008a600000| Untracked 
|  81|0x000000008a700000, 0x000000008a700000, 0x000000008a800000|  0%| F|  |TAMS 0x000000008a700000, 0x000000008a700000| Untracked 
|  82|0x000000008a800000, 0x000000008a800000, 0x000000008a900000|  0%| F|  |TAMS 0x000000008a800000, 0x000000008a800000| Untracked 
|  83|0x000000008a900000, 0x000000008a900000, 0x000000008aa00000|  0%| F|  |TAMS 0x000000008a900000, 0x000000008a900000| Untracked 
|  84|0x000000008aa00000, 0x000000008aa00000, 0x000000008ab00000|  0%| F|  |TAMS 0x000000008aa00000, 0x000000008aa00000| Untracked 
|  85|0x000000008ab00000, 0x000000008ab00000, 0x000000008ac00000|  0%| F|  |TAMS 0x000000008ab00000, 0x000000008ab00000| Untracked 
|  86|0x000000008ac00000, 0x000000008ac00000, 0x000000008ad00000|  0%| F|  |TAMS 0x000000008ac00000, 0x000000008ac00000| Untracked 
|  87|0x000000008ad00000, 0x000000008ad00000, 0x000000008ae00000|  0%| F|  |TAMS 0x000000008ad00000, 0x000000008ad00000| Untracked 
|  88|0x000000008ae00000, 0x000000008ae00000, 0x000000008af00000|  0%| F|  |TAMS 0x000000008ae00000, 0x000000008ae00000| Untracked 
|  89|0x000000008af00000, 0x000000008af00000, 0x000000008b000000|  0%| F|  |TAMS 0x000000008af00000, 0x000000008af00000| Untracked 
|  90|0x000000008b000000, 0x000000008b000000, 0x000000008b100000|  0%| F|  |TAMS 0x000000008b000000, 0x000000008b000000| Untracked 
|  91|0x000000008b100000, 0x000000008b100000, 0x000000008b200000|  0%| F|  |TAMS 0x000000008b100000, 0x000000008b100000| Untracked 
|  92|0x000000008b200000, 0x000000008b200000, 0x000000008b300000|  0%| F|  |TAMS 0x000000008b200000, 0x000000008b200000| Untracked 
|  93|0x000000008b300000, 0x000000008b300000, 0x000000008b400000|  0%| F|  |TAMS 0x000000008b300000, 0x000000008b300000| Untracked 
|  94|0x000000008b400000, 0x000000008b400000, 0x000000008b500000|  0%| F|  |TAMS 0x000000008b400000, 0x000000008b400000| Untracked 
|  95|0x000000008b500000, 0x000000008b500000, 0x000000008b600000|  0%| F|  |TAMS 0x000000008b500000, 0x000000008b500000| Untracked 
|  96|0x000000008b600000, 0x000000008b600000, 0x000000008b700000|  0%| F|  |TAMS 0x000000008b600000, 0x000000008b600000| Untracked 
|  97|0x000000008b700000, 0x000000008b700000, 0x000000008b800000|  0%| F|  |TAMS 0x000000008b700000, 0x000000008b700000| Untracked 
|  98|0x000000008b800000, 0x000000008b800000, 0x000000008b900000|  0%| F|  |TAMS 0x000000008b800000, 0x000000008b800000| Untracked 
|  99|0x000000008b900000, 0x000000008b900000, 0x000000008ba00000|  0%| F|  |TAMS 0x000000008b900000, 0x000000008b900000| Untracked 
| 100|0x000000008ba00000, 0x000000008ba00000, 0x000000008bb00000|  0%| F|  |TAMS 0x000000008ba00000, 0x000000008ba00000| Untracked 
| 101|0x000000008bb00000, 0x000000008bb00000, 0x000000008bc00000|  0%| F|  |TAMS 0x000000008bb00000, 0x000000008bb00000| Untracked 
| 102|0x000000008bc00000, 0x000000008bc00000, 0x000000008bd00000|  0%| F|  |TAMS 0x000000008bc00000, 0x000000008bc00000| Untracked 
| 103|0x000000008bd00000, 0x000000008bd00000, 0x000000008be00000|  0%| F|  |TAMS 0x000000008bd00000, 0x000000008bd00000| Untracked 
| 104|0x000000008be00000, 0x000000008be00000, 0x000000008bf00000|  0%| F|  |TAMS 0x000000008be00000, 0x000000008be00000| Untracked 
| 105|0x000000008bf00000, 0x000000008bf00000, 0x000000008c000000|  0%| F|  |TAMS 0x000000008bf00000, 0x000000008bf00000| Untracked 
| 106|0x000000008c000000, 0x000000008c000000, 0x000000008c100000|  0%| F|  |TAMS 0x000000008c000000, 0x000000008c000000| Untracked 
| 107|0x000000008c100000, 0x000000008c100000, 0x000000008c200000|  0%| F|  |TAMS 0x000000008c100000, 0x000000008c100000| Untracked 
| 108|0x000000008c200000, 0x000000008c200000, 0x000000008c300000|  0%| F|  |TAMS 0x000000008c200000, 0x000000008c200000| Untracked 
| 109|0x000000008c300000, 0x000000008c300000, 0x000000008c400000|  0%| F|  |TAMS 0x000000008c300000, 0x000000008c300000| Untracked 
| 110|0x000000008c400000, 0x000000008c400000, 0x000000008c500000|  0%| F|  |TAMS 0x000000008c400000, 0x000000008c400000| Untracked 
| 111|0x000000008c500000, 0x000000008c500000, 0x000000008c600000|  0%| F|  |TAMS 0x000000008c500000, 0x000000008c500000| Untracked 
| 112|0x000000008c600000, 0x000000008c600000, 0x000000008c700000|  0%| F|  |TAMS 0x000000008c600000, 0x000000008c600000| Untracked 
| 113|0x000000008c700000, 0x000000008c77ee80, 0x000000008c800000| 49%| E|  |TAMS 0x000000008c700000, 0x000000008c700000| Complete 
| 114|0x000000008c800000, 0x000000008c900000, 0x000000008c900000|100%| E|CS|TAMS 0x000000008c800000, 0x000000008c800000| Complete 
| 115|0x000000008c900000, 0x000000008ca00000, 0x000000008ca00000|100%| E|CS|TAMS 0x000000008c900000, 0x000000008c900000| Complete 
| 116|0x000000008ca00000, 0x000000008cb00000, 0x000000008cb00000|100%| E|CS|TAMS 0x000000008ca00000, 0x000000008ca00000| Complete 
| 117|0x000000008cb00000, 0x000000008cc00000, 0x000000008cc00000|100%| E|  |TAMS 0x000000008cb00000, 0x000000008cb00000| Complete 
| 118|0x000000008cc00000, 0x000000008cd00000, 0x000000008cd00000|100%| E|CS|TAMS 0x000000008cc00000, 0x000000008cc00000| Complete 
| 119|0x000000008cd00000, 0x000000008ce00000, 0x000000008ce00000|100%| E|CS|TAMS 0x000000008cd00000, 0x000000008cd00000| Complete 
| 120|0x000000008ce00000, 0x000000008cf00000, 0x000000008cf00000|100%| E|CS|TAMS 0x000000008ce00000, 0x000000008ce00000| Complete 
| 121|0x000000008cf00000, 0x000000008d000000, 0x000000008d000000|100%| E|CS|TAMS 0x000000008cf00000, 0x000000008cf00000| Complete 
| 122|0x000000008d000000, 0x000000008d100000, 0x000000008d100000|100%| E|CS|TAMS 0x000000008d000000, 0x000000008d000000| Complete 
| 123|0x000000008d100000, 0x000000008d200000, 0x000000008d200000|100%| E|CS|TAMS 0x000000008d100000, 0x000000008d100000| Complete 

Card table byte_map: [0x0000018aca230000,0x0000018aca610000] _byte_map_base: 0x0000018ac9e05000

Marking Bits (Prev, Next): (CMBitMap*) 0x0000018ab23effc8, (CMBitMap*) 0x0000018ab23f0000
 Prev Bits: [0x0000018aca9f0000, 0x0000018acc898000)
 Next Bits: [0x0000018acc8a0000, 0x0000018ace748000)

Polling page: 0x0000018ab1b80000

Metaspace:

Usage:
  Non-class:      7.59 MB capacity,     7.53 MB (>99%) used,    51.70 KB ( <1%) free+waste,     4.38 KB ( <1%) overhead. 
      Class:    660.00 KB capacity,   656.19 KB (>99%) used,     2.50 KB ( <1%) free+waste,     1.31 KB ( <1%) overhead. 
       Both:      8.23 MB capacity,     8.17 MB (>99%) used,    54.20 KB ( <1%) free+waste,     5.69 KB ( <1%) overhead. 

Virtual space:
  Non-class space:        8.00 MB reserved,       7.75 MB ( 97%) committed 
      Class space:        1.00 GB reserved,     768.00 KB ( <1%) committed 
             Both:        1.01 GB reserved,       8.50 MB ( <1%) committed 

Chunk freelists:
   Non-Class:  37.00 KB
       Class:  12.00 KB
        Both:  49.00 KB

MaxMetaspaceSize: 17179869184.00 GB
CompressedClassSpaceSize: 1.00 GB
Initial GC threshold: 20.80 MB
Current GC threshold: 20.80 MB
CDS: off

CodeHeap 'non-profiled nmethods': size=120000Kb used=119Kb max_used=119Kb free=119880Kb
 bounds [0x0000018ac25f0000, 0x0000018ac2860000, 0x0000018ac9b20000]
CodeHeap 'profiled nmethods': size=120000Kb used=538Kb max_used=538Kb free=119461Kb
 bounds [0x0000018abb0c0000, 0x0000018abb330000, 0x0000018ac25f0000]
CodeHeap 'non-nmethods': size=5760Kb used=1123Kb max_used=1148Kb free=4636Kb
 bounds [0x0000018abab20000, 0x0000018abad90000, 0x0000018abb0c0000]
 total_blobs=714 nmethods=354 adapters=273
 compilation: enabled
              stopped_count=0, restarted_count=0
 full_count=0

Compilation events (20 events):
Event: 0.644 Thread 0x0000018ad1ae3800  345       3       java.util.ArrayDeque::addLast (51 bytes)
Event: 0.645 Thread 0x0000018ad1ae3800 nmethod 345 0x0000018abb139e90 code [0x0000018abb13a080, 0x0000018abb13a518]
Event: 0.645 Thread 0x0000018ad1ae3800  346       3       java.util.WeakHashMap::put (162 bytes)
Event: 0.646 Thread 0x0000018ad1c98800  348       4       java.util.zip.ZipFile$Source::getEntryPos (206 bytes)
Event: 0.649 Thread 0x0000018ad1ae3800 nmethod 346 0x0000018abb13a690 code [0x0000018abb13a920, 0x0000018abb13b818]
Event: 0.649 Thread 0x0000018ad1ae3800  347       3       java.util.WeakHashMap$Entry::<init> (24 bytes)
Event: 0.649 Thread 0x0000018ad1ae3800 nmethod 347 0x0000018abb13bd10 code [0x0000018abb13bee0, 0x0000018abb13c2d8]
Event: 0.649 Thread 0x0000018ad1ae3800  349       3       sun.net.www.ParseUtil::encodePath (41 bytes)
Event: 0.649 Thread 0x0000018ad1ae3800 nmethod 349 0x0000018abb13c410 code [0x0000018abb13c5e0, 0x0000018abb13c828]
Event: 0.650 Thread 0x0000018ad1ae3800  350   !   3       java.util.concurrent.ConcurrentHashMap::computeIfAbsent (576 bytes)
Event: 0.653 Thread 0x0000018ad1ae3800 nmethod 350 0x0000018abb13c910 code [0x0000018abb13cd80, 0x0000018abb13f9a8]
Event: 0.653 Thread 0x0000018ad1ae3800  351   !   3       java.util.zip.ZipFile::getInputStream (323 bytes)
Event: 0.655 Thread 0x0000018ad1ae3800 nmethod 351 0x0000018abb140b90 code [0x0000018abb140f00, 0x0000018abb142738]
Event: 0.655 Thread 0x0000018ad1ae3800  352       3       java.util.zip.ZipFile$ZipFileInputStream::<init> (96 bytes)
Event: 0.655 Thread 0x0000018ad1ae3800 nmethod 352 0x0000018abb143510 code [0x0000018abb143760, 0x0000018abb1441a8]
Event: 0.655 Thread 0x0000018ad1ae3800  353       3       java.util.jar.JarFile$1::apply (9 bytes)
Event: 0.655 Thread 0x0000018ad1ae3800 nmethod 353 0x0000018abb144610 code [0x0000018abb144800, 0x0000018abb144c88]
Event: 0.661 Thread 0x0000018ad1ae3800  354   !   3       java.util.jar.JarFile::checkForSpecialAttributes (163 bytes)
Event: 0.661 Thread 0x0000018ad1ae0800  355       4       java.lang.AbstractStringBuilder::append (45 bytes)
Event: 0.662 Thread 0x0000018ad1ae3800 nmethod 354 0x0000018abb144e10 code [0x0000018abb145140, 0x0000018abb1463f8]

GC Heap History (0 events):
No events

Deoptimization events (20 events):
Event: 0.240 Thread 0x0000018ab23b0800 DEOPT PACKING pc=0x0000018abb0d320e sp=0x0000000745cfa830
Event: 0.240 Thread 0x0000018ab23b0800 DEOPT UNPACKING pc=0x0000018abab69d0e sp=0x0000000745cf9cd0 mode 0
Event: 0.240 Thread 0x0000018ab23b0800 DEOPT PACKING pc=0x0000018abb0d320e sp=0x0000000745cfa830
Event: 0.240 Thread 0x0000018ab23b0800 DEOPT UNPACKING pc=0x0000018abab69d0e sp=0x0000000745cf9cd0 mode 0
Event: 0.240 Thread 0x0000018ab23b0800 DEOPT PACKING pc=0x0000018abb0d320e sp=0x0000000745cfa830
Event: 0.240 Thread 0x0000018ab23b0800 DEOPT UNPACKING pc=0x0000018abab69d0e sp=0x0000000745cf9cd0 mode 0
Event: 0.378 Thread 0x0000018ab23b0800 DEOPT PACKING pc=0x0000018abb0c029f sp=0x0000000745cfd820
Event: 0.378 Thread 0x0000018ab23b0800 DEOPT UNPACKING pc=0x0000018abab69d0e sp=0x0000000745cfcc98 mode 0
Event: 0.500 Thread 0x0000018ab23b0800 DEOPT PACKING pc=0x0000018abb0fa122 sp=0x0000000745cfd450
Event: 0.500 Thread 0x0000018ab23b0800 DEOPT UNPACKING pc=0x0000018abab69d0e sp=0x0000000745cfc8b8 mode 0
Event: 0.522 Thread 0x0000018ab23b0800 DEOPT PACKING pc=0x0000018abb0e1150 sp=0x0000000745cedcb0
Event: 0.522 Thread 0x0000018ab23b0800 DEOPT UNPACKING pc=0x0000018abab69d0e sp=0x0000000745ced138 mode 0
Event: 0.604 Thread 0x0000018ab23b0800 Uncommon trap: trap_request=0xffffff4d fr.pc=0x0000018ac2608cc0 relative=0x0000000000000300
Event: 0.604 Thread 0x0000018ab23b0800 Uncommon trap: reason=unstable_if action=reinterpret pc=0x0000018ac2608cc0 method=java.io.BufferedReader.read()I @ 19 c2
Event: 0.604 Thread 0x0000018ab23b0800 DEOPT PACKING pc=0x0000018ac2608cc0 sp=0x0000000745cfea30
Event: 0.604 Thread 0x0000018ab23b0800 DEOPT UNPACKING pc=0x0000018abab285af sp=0x0000000745cfe970 mode 2
Event: 0.606 Thread 0x0000018ab23b0800 Uncommon trap: trap_request=0xffffff4d fr.pc=0x0000018ac260a5e8 relative=0x00000000000002c8
Event: 0.606 Thread 0x0000018ab23b0800 Uncommon trap: reason=unstable_if action=reinterpret pc=0x0000018ac260a5e8 method=java.io.BufferedReader.read()I @ 19 c2
Event: 0.606 Thread 0x0000018ab23b0800 DEOPT PACKING pc=0x0000018ac260a5e8 sp=0x0000000745cfea30
Event: 0.606 Thread 0x0000018ab23b0800 DEOPT UNPACKING pc=0x0000018abab285af sp=0x0000000745cfe9e0 mode 2

Classes redefined (0 events):
No events

Internal exceptions (0 events):
No events

Events (20 events):
Event: 0.657 loading class kotlin/jvm/functions/Function20
Event: 0.657 loading class kotlin/jvm/functions/Function20 done
Event: 0.657 loading class kotlin/jvm/functions/Function21
Event: 0.657 loading class kotlin/jvm/functions/Function21 done
Event: 0.657 loading class kotlin/jvm/functions/Function22
Event: 0.657 loading class kotlin/jvm/functions/Function22 done
Event: 0.657 loading class kotlin/reflect/jvm/internal/impl/builtins/jvm/JavaToKotlinClassMap
Event: 0.657 loading class kotlin/reflect/jvm/internal/impl/builtins/jvm/JavaToKotlinClassMap done
Event: 0.659 loading class kotlin/reflect/jvm/internal/impl/builtins/functions/FunctionClassKind
Event: 0.659 loading class kotlin/reflect/jvm/internal/impl/builtins/functions/FunctionClassKind done
Event: 0.660 loading class kotlin/reflect/jvm/internal/impl/builtins/StandardNames
Event: 0.660 loading class kotlin/reflect/jvm/internal/impl/builtins/StandardNames done
Event: 0.661 loading class kotlin/collections/SetsKt
Event: 0.661 loading class kotlin/collections/SetsKt done
Event: 0.661 loading class kotlin/collections/SetsKt___SetsKt
Event: 0.661 loading class kotlin/collections/SetsKt___SetsKt done
Event: 0.661 loading class kotlin/collections/SetsKt__SetsKt
Event: 0.661 loading class kotlin/collections/SetsKt__SetsKt done
Event: 0.662 loading class kotlin/collections/SetsKt__SetsJVMKt
Event: 0.662 loading class kotlin/collections/SetsKt__SetsJVMKt done


Dynamic libraries:
0x00007ff6efbd0000 - 0x00007ff6efbdd000 	C:\Program Files\Microsoft\jdk-11.0.18.10-hotspot\bin\java.exe
0x00007ffc824f0000 - 0x00007ffc82704000 	C:\WINDOWS\SYSTEM32\ntdll.dll
0x00007ffc815f0000 - 0x00007ffc816b4000 	C:\WINDOWS\System32\KERNEL32.DLL
0x00007ffc7fc90000 - 0x00007ffc80034000 	C:\WINDOWS\System32\KERNELBASE.dll
0x00007ffc800c0000 - 0x00007ffc801d1000 	C:\WINDOWS\System32\ucrtbase.dll
0x00007ffc6a280000 - 0x00007ffc6a295000 	C:\Program Files\Microsoft\jdk-11.0.18.10-hotspot\bin\VCRUNTIME140.dll
0x00007ffc6a2a0000 - 0x00007ffc6a2b7000 	C:\Program Files\Microsoft\jdk-11.0.18.10-hotspot\bin\jli.dll
0x00007ffc81180000 - 0x00007ffc8132a000 	C:\WINDOWS\System32\USER32.dll
0x00007ffc801e0000 - 0x00007ffc80206000 	C:\WINDOWS\System32\win32u.dll
0x00007ffc813a0000 - 0x00007ffc813c9000 	C:\WINDOWS\System32\GDI32.dll
0x00007ffc7fb70000 - 0x00007ffc7fc89000 	C:\WINDOWS\System32\gdi32full.dll
0x00007ffc80210000 - 0x00007ffc802aa000 	C:\WINDOWS\System32\msvcp_win.dll
0x00007ffc5b300000 - 0x00007ffc5b58f000 	C:\WINDOWS\WinSxS\amd64_microsoft.windows.common-controls_6595b64144ccf1df_6.0.22621.2070_none_2713e6537381f706\COMCTL32.dll
0x00007ffc80c40000 - 0x00007ffc80ce7000 	C:\WINDOWS\System32\msvcrt.dll
0x00007ffc813d0000 - 0x00007ffc81401000 	C:\WINDOWS\System32\IMM32.DLL
0x00007ffc28aa0000 - 0x00007ffc28b3b000 	C:\Program Files\Microsoft\jdk-11.0.18.10-hotspot\bin\msvcp140.dll
0x00007ffc27f00000 - 0x00007ffc28a92000 	C:\Program Files\Microsoft\jdk-11.0.18.10-hotspot\bin\server\jvm.dll
0x00007ffc807c0000 - 0x00007ffc80870000 	C:\WINDOWS\System32\ADVAPI32.dll
0x00007ffc81540000 - 0x00007ffc815e6000 	C:\WINDOWS\System32\sechost.dll
0x00007ffc808d0000 - 0x00007ffc809e7000 	C:\WINDOWS\System32\RPCRT4.dll
0x00007ffc824a0000 - 0x00007ffc824a8000 	C:\WINDOWS\System32\PSAPI.DLL
0x00007ffc5ebe0000 - 0x00007ffc5ebe9000 	C:\WINDOWS\SYSTEM32\WSOCK32.dll
0x00007ffc822f0000 - 0x00007ffc82361000 	C:\WINDOWS\System32\WS2_32.dll
0x00007ffc741b0000 - 0x00007ffc741e4000 	C:\WINDOWS\SYSTEM32\WINMM.dll
0x00007ffc77620000 - 0x00007ffc7762a000 	C:\WINDOWS\SYSTEM32\VERSION.dll
0x00007ffc7e880000 - 0x00007ffc7e898000 	C:\WINDOWS\SYSTEM32\kernel.appcore.dll
0x00007ffc6a270000 - 0x00007ffc6a280000 	C:\Program Files\Microsoft\jdk-11.0.18.10-hotspot\bin\verify.dll
0x00007ffc7cd10000 - 0x00007ffc7cf3e000 	C:\WINDOWS\SYSTEM32\DBGHELP.DLL
0x00007ffc803b0000 - 0x00007ffc8073a000 	C:\WINDOWS\System32\combase.dll
0x00007ffc81f40000 - 0x00007ffc82017000 	C:\WINDOWS\System32\OLEAUT32.dll
0x00007ffc67d50000 - 0x00007ffc67d82000 	C:\WINDOWS\SYSTEM32\dbgcore.DLL
0x00007ffc80040000 - 0x00007ffc800ba000 	C:\WINDOWS\System32\bcryptPrimitives.dll
0x00007ffc54810000 - 0x00007ffc54838000 	C:\Program Files\Microsoft\jdk-11.0.18.10-hotspot\bin\java.dll
0x00007ffc68d50000 - 0x00007ffc68d5a000 	C:\Program Files\Microsoft\jdk-11.0.18.10-hotspot\bin\jimage.dll
0x00007ffc54700000 - 0x00007ffc54718000 	C:\Program Files\Microsoft\jdk-11.0.18.10-hotspot\bin\zip.dll
0x00007ffc81720000 - 0x00007ffc81f36000 	C:\WINDOWS\System32\SHELL32.dll
0x00007ffc7d850000 - 0x00007ffc7e13a000 	C:\WINDOWS\SYSTEM32\windows.storage.dll
0x00007ffc7d710000 - 0x00007ffc7d84e000 	C:\WINDOWS\SYSTEM32\wintypes.dll
0x00007ffc821e0000 - 0x00007ffc822d3000 	C:\WINDOWS\System32\SHCORE.dll
0x00007ffc80870000 - 0x00007ffc808ce000 	C:\WINDOWS\System32\shlwapi.dll
0x00007ffc7f800000 - 0x00007ffc7f826000 	C:\WINDOWS\SYSTEM32\profapi.dll
0x00007ffc27e90000 - 0x00007ffc27ea9000 	C:\Program Files\Microsoft\jdk-11.0.18.10-hotspot\bin\net.dll
0x00007ffc79850000 - 0x00007ffc79987000 	C:\WINDOWS\SYSTEM32\WINHTTP.dll
0x00007ffc7ed40000 - 0x00007ffc7eda9000 	C:\WINDOWS\system32\mswsock.dll
0x00007ffc27e70000 - 0x00007ffc27e83000 	C:\Program Files\Microsoft\jdk-11.0.18.10-hotspot\bin\nio.dll

dbghelp: loaded successfully - version: 4.0.5 - missing functions: none
symbol engine: initialized successfully - sym options: 0x614 - pdb path: .;C:\Program Files\Microsoft\jdk-11.0.18.10-hotspot\bin;C:\WINDOWS\SYSTEM32;C:\WINDOWS\WinSxS\amd64_microsoft.windows.common-controls_6595b64144ccf1df_6.0.22621.2070_none_2713e6537381f706;C:\Program Files\Microsoft\jdk-11.0.18.10-hotspot\bin\server

VM Arguments:
java_command: org.jetbrains.kotlin.cli.jvm.K2JVMCompiler @C:\Users\BUTA\Downloads\APPP-master\AwesomeProject\node_modules\react-native-safe-area-context\android\build\20230905_6804775498301730908.compiler.options
java_class_path (initial): C:\Users\BUTA\.gradle\caches\modules-2\files-2.1\org.jetbrains.kotlin\kotlin-compiler-embeddable\1.6.20\18f66cca4301c12893ebe4ef47d65c3d9d2bff9b\kotlin-compiler-embeddable-1.6.20.jar;C:\Users\BUTA\.gradle\caches\modules-2\files-2.1\org.jetbrains.kotlin\kotlin-reflect\1.6.20\669965154723f1a712e8677af0cc5470dfdab81c\kotlin-reflect-1.6.20.jar;C:\Users\BUTA\.gradle\caches\modules-2\files-2.1\org.jetbrains.kotlin\kotlin-stdlib\1.6.20\6cedc143badbb4f1c6b7f5a340b04edff1743208\kotlin-stdlib-1.6.20.jar;C:\Users\BUTA\.gradle\caches\modules-2\files-2.1\org.jetbrains.kotlin\kotlin-script-runtime\1.6.20\a115c367e0fd9c8909293b208689afca0c88a6f1\kotlin-script-runtime-1.6.20.jar;C:\Users\BUTA\.gradle\caches\modules-2\files-2.1\org.jetbrains.kotlin\kotlin-daemon-embeddable\1.6.20\d4cac343029f48f106c57f457384771165d7deb5\kotlin-daemon-embeddable-1.6.20.jar;C:\Users\BUTA\.gradle\caches\modules-2\files-2.1\org.jetbrains.intellij.deps\trove4j\1.0.20200330\3afb14d5f9ceb459d724e907a21145e8ff394f02\trove4j-1.0.20200330.jar;C:\Users\BUTA\.gradle\caches\modules-2\files-2.1\net.java.dev.jna\jna\5.6.0\330f2244e9030119ab3030fc3fededc86713d9cc\jna-5.6.0.jar;C:\Users\BUTA\.gradle\caches\modules-2\files-2.1\org.jetbrains.kotlin\kotlin-stdlib-common\1.6.20\27b4562b6713d70f458c6d7ea39aadacb8e6a92b\kotlin-stdlib-common-1.6.20.jar;C:\Users\BUTA\.gradle\caches\modules-2\files-2.1\org.jetbrains\annotations\13.0\919f0dfe192fb4e063e7dacadee7f8bb9a2672a9\annotations-13.0.jar
Launcher Type: SUN_STANDARD

[Global flags]
     intx CICompilerCount                          = 4                                         {product} {ergonomic}
     uint ConcGCThreads                            = 2                                         {product} {ergonomic}
     uint G1ConcRefinementThreads                  = 8                                         {product} {ergonomic}
   size_t G1HeapRegionSize                         = 1048576                                   {product} {ergonomic}
    uintx GCDrainStackTargetSize                   = 64                                        {product} {ergonomic}
   size_t InitialHeapSize                          = 130023424                                 {product} {ergonomic}
   size_t MarkStackSize                            = 4194304                                   {product} {ergonomic}
   size_t MaxHeapSize                              = 2057306112                                {product} {ergonomic}
   size_t MaxNewSize                               = 1234173952                                {product} {ergonomic}
   size_t MinHeapDeltaBytes                        = 1048576                                   {product} {ergonomic}
    uintx NonNMethodCodeHeapSize                   = 5836300                                {pd product} {ergonomic}
    uintx NonProfiledCodeHeapSize                  = 122910970                              {pd product} {ergonomic}
    uintx ProfiledCodeHeapSize                     = 122910970                              {pd product} {ergonomic}
    uintx ReservedCodeCacheSize                    = 251658240                              {pd product} {ergonomic}
     bool SegmentedCodeCache                       = true                                      {product} {ergonomic}
     bool UseCompressedClassPointers               = true                                 {lp64_product} {ergonomic}
     bool UseCompressedOops                        = true                                 {lp64_product} {ergonomic}
     bool UseG1GC                                  = true                                      {product} {ergonomic}
     bool UseLargePagesIndividualAllocation        = false                                  {pd product} {ergonomic}

Logging:
Log output configuration:
 #0: stdout all=warning uptime,level,tags
 #1: stderr all=off uptime,level,tags

Environment Variables:
JAVA_HOME=C:\Program Files\Microsoft\jdk-11.0.18.10-hotspot\
CLASSPATH=C:\Users\BUTA\Downloads\APPP-master\AwesomeProject\android\\gradle\wrapper\gradle-wrapper.jar
PATH=C:\Users\BUTA\Downloads\APPP-master\AwesomeProject\node_modules\.bin;C:\Users\BUTA\Downloads\APPP-master\AwesomeProject\node_modules\.bin;C:\Users\BUTA\Downloads\APPP-master\node_modules\.bin;C:\Users\BUTA\Downloads\node_modules\.bin;C:\Users\BUTA\node_modules\.bin;C:\Users\node_modules\.bin;C:\node_modules\.bin;C:\Program Files\nodejs\node_modules\npm\node_modules\@npmcli\run-script\lib\node-gyp-bin;C:\Program Files\Microsoft\jdk-11.0.18.10-hotspot\bin;C:\WINDOWS\system32;C:\WINDOWS;C:\WINDOWS\System32\Wbem;C:\WINDOWS\System32\WindowsPowerShell\v1.0\;C:\WINDOWS\System32\OpenSSH\;C:\ProgramData\chocolatey\bin;C:\Program Files\nodejs\;C:\Users\BUTA\AppData\Local\Android\Sdk;D:\programs\MySQL;C:\Program Files\Git\cmd;C:\Program Files\Microsoft SQL Server\150\Tools\Binn\;C:\Program Files\Microsoft SQL Server\Client SDK\ODBC\170\Tools\Binn\;C:\Program Files\dotnet\;C:\Program Files (x86)\Microsoft SQL Server\160\Tools\Binn\;C:\Program Files\Microsoft SQL Server\160\Tools\Binn\;C:\Program Files\Microsoft SQL Server\160\DTS\Binn\;C:\Program Files (x86)\Microsoft SQL Server\160\DTS\Binn\;C:\Program Files\Azure Data Studio\bin;C:\Users\BUTA\AppData\Local\Android\Sdk\platform-tools;C:\Users\BUTA\AppData\Local\Android\Sdk\tools;C:\Users\BUTA\AppData\Local\Microsoft\WindowsApps;C:\Users\BUTA\AppData\Roaming\npm;C:\Users\BUTA\AppData\Local\Programs\Microsoft VS Code\bin;
USERNAME=BUTA
LANG=en_US.UTF-8
OS=Windows_NT
PROCESSOR_IDENTIFIER=Intel64 Family 6 Model 140 Stepping 1, GenuineIntel
TMP=C:\Users\BUTA\AppData\Local\Temp
TEMP=C:\Users\BUTA\AppData\Local\Temp



---------------  S Y S T E M  ---------------

OS: Windows 11 , 64 bit Build 22621 (10.0.22621.2070)
OS uptime: 0 days 1:27 hours
Hyper-V role detected

CPU:total 8 (initial active 8) (4 cores per cpu, 2 threads per core) family 6 model 140 stepping 1 microcode 0xac, cmov, cx8, fxsr, mmx, sse, sse2, sse3, ssse3, sse4.1, sse4.2, popcnt, avx, avx2, aes, clmul, erms, 3dnowpref, lzcnt, ht, tsc, tscinvbit, bmi1, bmi2, adx, evex, sha, fma

Memory: 4k page, system-wide physical 7847M (917M free)
TotalPageFile size 18471M (AvailPageFile size 0M)
current process WorkingSet (physical memory assigned to process): 55M, peak: 55M
current process commit charge ("private bytes"): 208M, peak: 208M

vm_info: OpenJDK 64-Bit Server VM (11.0.18+10-LTS) for windows-amd64 JRE (11.0.18+10-LTS), built on Jan 18 2023 15:56:47 by "MicrosoftCorporation" with MS VC++ 15.9 (VS2017)

END.
